15:28:02.335 main Configuration.<init>() Configuration loaded from file: paxos.properties
15:28:02.899 main Configuration.loadProcessList() [p0] localhost, ports = (replica=2021, client=3001)
15:28:02.899 main Configuration.loadProcessList() [p1] localhost, ports = (replica=2022, client=3002)
15:28:02.899 main Configuration.loadProcessList() [p2] localhost, ports = (replica=2023, client=3003)
15:28:02.900 main Client.connectTo() Connecting to localhost:3001
15:28:02.992 main Client.initConnection() New client id: 3997797839694006
15:28:02.992 main Client.connectTo() Connected [p0]. Timeout: 3000
15:28:03.050 main Client.execute() Sending 3997797839694006:1
15:28:03.261 main Client.execute() Reply OK
15:28:03.295 main Client.execute() Sending 3997797839694006:2
15:28:03.363 main Client.execute() Reply OK
15:28:03.427 main Client.execute() Sending 3997797839694006:3
15:28:03.488 main Client.execute() Reply OK
15:28:03.534 main Client.execute() Sending 3997797839694006:4
15:28:03.583 main Client.execute() Reply OK
15:28:03.611 main Client.execute() Sending 3997797839694006:5
15:28:03.660 main Client.execute() Reply OK
15:28:03.668 main Client.execute() Sending 3997797839694006:6
15:28:03.722 main Client.execute() Reply OK
15:28:03.816 main Client.execute() Sending 3997797839694006:7
15:28:03.858 main Client.execute() Reply OK
15:28:03.939 main Client.execute() Sending 3997797839694006:8
15:28:03.975 main Client.execute() Reply OK
15:28:04.006 main Client.execute() Sending 3997797839694006:9
15:28:04.045 main Client.execute() Reply OK
15:28:04.143 main Client.execute() Sending 3997797839694006:10
15:28:04.228 main Client.execute() Reply OK
15:28:04.258 main Client.execute() Sending 3997797839694006:11
15:28:04.365 main Client.execute() Reply OK
15:28:04.447 main Client.execute() Sending 3997797839694006:12
15:28:04.525 main Client.execute() Reply OK
15:28:04.599 main Client.execute() Sending 3997797839694006:13
15:28:04.658 main Client.execute() Reply OK
15:28:04.694 main Client.execute() Sending 3997797839694006:14
15:28:04.749 main Client.execute() Reply OK
15:28:04.860 main Client.execute() Sending 3997797839694006:15
15:28:04.961 main Client.execute() Reply OK
15:28:05.043 main Client.execute() Sending 3997797839694006:16
15:28:05.106 main Client.execute() Reply OK
15:28:05.152 main Client.execute() Sending 3997797839694006:17
15:28:05.209 main Client.execute() Reply OK
15:28:05.280 main Client.execute() Sending 3997797839694006:18
15:28:05.328 main Client.execute() Reply OK
15:28:05.376 main Client.execute() Sending 3997797839694006:19
15:28:05.454 main Client.execute() Reply OK
15:28:05.533 main Client.execute() Sending 3997797839694006:20
15:28:05.606 main Client.execute() Reply OK
15:28:05.648 main Client.execute() Sending 3997797839694006:21
15:28:05.696 main Client.execute() Reply OK
15:28:05.775 main Client.execute() Sending 3997797839694006:22
15:28:05.840 main Client.execute() Reply OK
15:28:05.885 main Client.execute() Sending 3997797839694006:23
15:28:05.934 main Client.execute() Reply OK
15:28:06.019 main Client.execute() Sending 3997797839694006:24
15:28:06.063 main Client.execute() Reply OK
15:28:06.146 main Client.execute() Sending 3997797839694006:25
15:28:06.179 main Client.execute() Reply OK
15:28:06.179 main Client.execute() Sending 3997797839694006:26
15:28:06.229 main Client.execute() Reply OK
15:28:06.324 main Client.execute() Sending 3997797839694006:27
15:28:06.362 main Client.execute() Reply OK
15:28:06.420 main Client.execute() Sending 3997797839694006:28
15:28:06.462 main Client.execute() Reply OK
15:28:06.533 main Client.execute() Sending 3997797839694006:29
15:28:06.596 main Client.execute() Reply OK
15:28:06.695 main Client.execute() Sending 3997797839694006:30
15:28:06.735 main Client.execute() Reply OK
15:28:06.780 main Client.execute() Sending 3997797839694006:31
15:28:06.829 main Client.execute() Reply OK
15:28:06.907 main Client.execute() Sending 3997797839694006:32
15:28:06.932 main Client.execute() Reply OK
15:28:06.996 main Client.execute() Sending 3997797839694006:33
15:28:07.055 main Client.execute() Reply OK
15:28:07.132 main Client.execute() Sending 3997797839694006:34
15:28:07.208 main Client.execute() Reply OK
15:28:07.265 main Client.execute() Sending 3997797839694006:35
15:28:07.312 main Client.execute() Reply OK
15:28:07.354 main Client.execute() Sending 3997797839694006:36
15:28:07.396 main Client.execute() Reply OK
15:28:07.479 main Client.execute() Sending 3997797839694006:37
15:28:07.530 main Client.execute() Reply OK
15:28:07.573 main Client.execute() Sending 3997797839694006:38
15:28:07.626 main Client.execute() Reply OK
15:28:07.652 main Client.execute() Sending 3997797839694006:39
15:28:07.691 main Client.execute() Reply OK
15:28:07.764 main Client.execute() Sending 3997797839694006:40
15:28:07.802 main Client.execute() Reply OK
15:28:07.874 main Client.execute() Sending 3997797839694006:41
15:28:07.904 main Client.execute() Reply OK
15:28:07.910 main Client.execute() Sending 3997797839694006:42
15:28:07.972 main Client.execute() Reply OK
15:28:08.040 main Client.execute() Sending 3997797839694006:43
15:28:08.149 main Client.execute() Reply OK
15:28:08.201 main Client.execute() Sending 3997797839694006:44
15:28:08.280 main Client.execute() Reply OK
15:28:08.377 main Client.execute() Sending 3997797839694006:45
15:28:08.417 main Client.execute() Reply OK
15:28:08.515 main Client.execute() Sending 3997797839694006:46
15:28:08.587 main Client.execute() Reply OK
15:28:08.589 main Client.execute() Sending 3997797839694006:47
15:28:08.678 main Client.execute() Reply OK
15:28:08.749 main Client.execute() Sending 3997797839694006:48
15:28:08.786 main Client.execute() Reply OK
15:28:08.791 main Client.execute() Sending 3997797839694006:49
15:28:08.830 main Client.execute() Reply OK
15:28:08.838 main Client.execute() Sending 3997797839694006:50
15:28:08.890 main Client.execute() Reply OK
15:28:08.947 main Client.execute() Sending 3997797839694006:51
15:28:08.977 main Client.execute() Reply OK
15:28:09.027 main Client.execute() Sending 3997797839694006:52
15:28:09.059 main Client.execute() Reply OK
15:28:09.106 main Client.execute() Sending 3997797839694006:53
15:28:09.148 main Client.execute() Reply OK
15:28:09.171 main Client.execute() Sending 3997797839694006:54
15:28:09.197 main Client.execute() Reply OK
15:28:09.212 main Client.execute() Sending 3997797839694006:55
15:28:09.267 main Client.execute() Reply OK
15:28:09.350 main Client.execute() Sending 3997797839694006:56
15:28:09.401 main Client.execute() Reply OK
15:28:09.476 main Client.execute() Sending 3997797839694006:57
15:28:09.607 main Client.execute() Reply OK
15:28:09.614 main Client.execute() Sending 3997797839694006:58
15:28:09.678 main Client.execute() Reply OK
15:28:09.735 main Client.execute() Sending 3997797839694006:59
15:28:09.772 main Client.execute() Reply OK
15:28:09.774 main Client.execute() Sending 3997797839694006:60
15:28:09.833 main Client.execute() Reply OK
15:28:09.911 main Client.execute() Sending 3997797839694006:61
15:28:09.962 main Client.execute() Reply OK
15:28:09.982 main Client.execute() Sending 3997797839694006:62
15:28:10.017 main Client.execute() Reply OK
15:28:10.088 main Client.execute() Sending 3997797839694006:63
15:28:10.157 main Client.execute() Reply OK
15:28:10.189 main Client.execute() Sending 3997797839694006:64
15:28:10.229 main Client.execute() Reply OK
15:28:10.286 main Client.execute() Sending 3997797839694006:65
15:28:10.341 main Client.execute() Reply OK
15:28:10.392 main Client.execute() Sending 3997797839694006:66
15:28:10.430 main Client.execute() Reply OK
15:28:10.489 main Client.execute() Sending 3997797839694006:67
15:28:10.571 main Client.execute() Reply OK
15:28:10.603 main Client.execute() Sending 3997797839694006:68
15:28:10.632 main Client.execute() Reply OK
15:28:10.653 main Client.execute() Sending 3997797839694006:69
15:28:10.721 main Client.execute() Reply OK
15:28:10.744 main Client.execute() Sending 3997797839694006:70
15:28:10.782 main Client.execute() Reply OK
15:28:10.808 main Client.execute() Sending 3997797839694006:71
15:28:10.875 main Client.execute() Reply OK
15:28:10.933 main Client.execute() Sending 3997797839694006:72
15:28:10.977 main Client.execute() Reply OK
15:28:11.013 main Client.execute() Sending 3997797839694006:73
15:28:11.036 main Client.execute() Reply OK
15:28:11.124 main Client.execute() Sending 3997797839694006:74
15:28:11.167 main Client.execute() Reply OK
15:28:11.262 main Client.execute() Sending 3997797839694006:75
15:28:11.285 main Client.execute() Reply OK
15:28:11.351 main Client.execute() Sending 3997797839694006:76
15:28:11.389 main Client.execute() Reply OK
15:28:11.413 main Client.execute() Sending 3997797839694006:77
15:28:11.485 main Client.execute() Reply OK
15:28:11.515 main Client.execute() Sending 3997797839694006:78
15:28:11.562 main Client.execute() Reply OK
15:28:11.598 main Client.execute() Sending 3997797839694006:79
15:28:11.635 main Client.execute() Reply OK
15:28:11.638 main Client.execute() Sending 3997797839694006:80
15:28:11.691 main Client.execute() Reply OK
15:28:11.783 main Client.execute() Sending 3997797839694006:81
15:28:11.806 main Client.execute() Reply OK
15:28:11.905 main Client.execute() Sending 3997797839694006:82
15:28:11.947 main Client.execute() Reply OK
15:28:11.959 main Client.execute() Sending 3997797839694006:83
15:28:12.038 main Client.execute() Reply OK
15:28:12.133 main Client.execute() Sending 3997797839694006:84
15:28:12.191 main Client.execute() Reply OK
15:28:12.281 main Client.execute() Sending 3997797839694006:85
15:28:12.318 main Client.execute() Reply OK
15:28:12.321 main Client.execute() Sending 3997797839694006:86
15:28:12.359 main Client.execute() Reply OK
15:28:12.366 main Client.execute() Sending 3997797839694006:87
15:28:12.418 main Client.execute() Reply OK
15:28:12.517 main Client.execute() Sending 3997797839694006:88
15:28:12.550 main Client.execute() Reply OK
15:28:12.595 main Client.execute() Sending 3997797839694006:89
15:28:12.623 main Client.execute() Reply OK
15:28:12.669 main Client.execute() Sending 3997797839694006:90
15:28:12.711 main Client.execute() Reply OK
15:28:12.776 main Client.execute() Sending 3997797839694006:91
15:28:12.860 main Client.execute() Reply OK
15:28:12.864 main Client.execute() Sending 3997797839694006:92
15:28:12.911 main Client.execute() Reply OK
15:28:12.997 main Client.execute() Sending 3997797839694006:93
15:28:13.022 main Client.execute() Reply OK
15:28:13.051 main Client.execute() Sending 3997797839694006:94
15:28:13.101 main Client.execute() Reply OK
15:28:13.162 main Client.execute() Sending 3997797839694006:95
15:28:13.215 main Client.execute() Reply OK
15:28:13.243 main Client.execute() Sending 3997797839694006:96
15:28:13.298 main Client.execute() Reply OK
15:28:13.362 main Client.execute() Sending 3997797839694006:97
15:28:13.434 main Client.execute() Reply OK
15:28:13.475 main Client.execute() Sending 3997797839694006:98
15:28:13.546 main Client.execute() Reply OK
15:28:13.564 main Client.execute() Sending 3997797839694006:99
15:28:13.637 main Client.execute() Reply OK
15:28:13.717 main Client.execute() Sending 3997797839694006:100
15:28:13.789 main Client.execute() Reply OK
