15:28:02.521 main Configuration.<init>() Configuration loaded from file: paxos.properties
15:28:02.919 main Configuration.loadProcessList() [p0] localhost, ports = (replica=2021, client=3001)
15:28:02.919 main Configuration.loadProcessList() [p1] localhost, ports = (replica=2022, client=3002)
15:28:02.919 main Configuration.loadProcessList() [p2] localhost, ports = (replica=2023, client=3003)
15:28:02.920 main Client.connectTo() Connecting to localhost:3003
15:28:03.267 main Client.initConnection() New client id: 3997797834054011
15:28:03.268 main Client.connectTo() Connected [p2]. Timeout: 3000
15:28:03.301 main Client.execute() Sending 3997797834054011:1
15:28:03.401 main Client.execute() Reply OK
15:28:03.488 main Client.execute() Sending 3997797834054011:2
15:28:03.594 main Client.execute() Reply OK
15:28:03.646 main Client.execute() Sending 3997797834054011:3
15:28:03.761 main Client.execute() Reply OK
15:28:03.849 main Client.execute() Sending 3997797834054011:4
15:28:03.937 main Client.execute() Reply OK
15:28:03.969 main Client.execute() Sending 3997797834054011:5
15:28:04.053 main Client.execute() Reply OK
15:28:04.109 main Client.execute() Sending 3997797834054011:6
15:28:04.233 main Client.execute() Reply OK
15:28:04.360 main Client.execute() Sending 3997797834054011:7
15:28:04.450 main Client.execute() Reply OK
15:28:04.466 main Client.execute() Sending 3997797834054011:8
15:28:04.531 main Client.execute() Reply OK
15:28:04.558 main Client.execute() Sending 3997797834054011:9
15:28:04.680 main Client.execute() Reply OK
15:28:04.769 main Client.execute() Sending 3997797834054011:10
15:28:04.936 main Client.execute() Reply OK
15:28:04.952 main Client.execute() Sending 3997797834054011:11
15:28:05.042 main Client.execute() Reply OK
15:28:05.043 main Client.execute() Sending 3997797834054011:12
15:28:05.176 main Client.execute() Reply OK
15:28:05.227 main Client.execute() Sending 3997797834054011:13
15:28:05.335 main Client.execute() Reply OK
15:28:05.389 main Client.execute() Sending 3997797834054011:14
15:28:05.465 main Client.execute() Reply OK
15:28:05.495 main Client.execute() Sending 3997797834054011:15
15:28:05.578 main Client.execute() Reply OK
15:28:05.611 main Client.execute() Sending 3997797834054011:16
15:28:05.695 main Client.execute() Reply OK
15:28:05.722 main Client.execute() Sending 3997797834054011:17
15:28:05.790 main Client.execute() Reply OK
15:28:05.840 main Client.execute() Sending 3997797834054011:18
15:28:05.904 main Client.execute() Reply OK
15:28:05.906 main Client.execute() Sending 3997797834054011:19
15:28:06.016 main Client.execute() Reply OK
15:28:06.018 main Client.execute() Sending 3997797834054011:20
15:28:06.069 main Client.execute() Reply OK
15:28:06.116 main Client.execute() Sending 3997797834054011:21
15:28:06.205 main Client.execute() Reply OK
15:28:06.256 main Client.execute() Sending 3997797834054011:22
15:28:06.356 main Client.execute() Reply OK
15:28:06.453 main Client.execute() Sending 3997797834054011:23
15:28:06.540 main Client.execute() Reply OK
15:28:06.634 main Client.execute() Sending 3997797834054011:24
15:28:06.720 main Client.execute() Reply OK
15:28:06.780 main Client.execute() Sending 3997797834054011:25
15:28:06.888 main Client.execute() Reply OK
15:28:06.946 main Client.execute() Sending 3997797834054011:26
15:28:07.024 main Client.execute() Reply OK
15:28:07.050 main Client.execute() Sending 3997797834054011:27
15:28:07.139 main Client.execute() Reply OK
15:28:07.219 main Client.execute() Sending 3997797834054011:28
15:28:07.274 main Client.execute() Reply OK
15:28:07.343 main Client.execute() Sending 3997797834054011:29
15:28:07.387 main Client.execute() Reply OK
15:28:07.423 main Client.execute() Sending 3997797834054011:30
15:28:07.516 main Client.execute() Reply OK
15:28:07.528 main Client.execute() Sending 3997797834054011:31
15:28:07.568 main Client.execute() Reply OK
15:28:07.633 main Client.execute() Sending 3997797834054011:32
15:28:07.733 main Client.execute() Reply OK
15:28:07.779 main Client.execute() Sending 3997797834054011:33
15:28:07.893 main Client.execute() Reply OK
15:28:07.967 main Client.execute() Sending 3997797834054011:34
15:28:08.033 main Client.execute() Reply OK
15:28:08.091 main Client.execute() Sending 3997797834054011:35
15:28:08.186 main Client.execute() Reply OK
15:28:08.227 main Client.execute() Sending 3997797834054011:36
15:28:08.325 main Client.execute() Reply OK
15:28:08.396 main Client.execute() Sending 3997797834054011:37
15:28:08.477 main Client.execute() Reply OK
15:28:08.479 main Client.execute() Sending 3997797834054011:38
15:28:08.561 main Client.execute() Reply OK
15:28:08.589 main Client.execute() Sending 3997797834054011:39
15:28:08.711 main Client.execute() Reply OK
15:28:08.746 main Client.execute() Sending 3997797834054011:40
15:28:08.789 main Client.execute() Reply OK
15:28:08.882 main Client.execute() Sending 3997797834054011:41
15:28:08.965 main Client.execute() Reply OK
15:28:09.026 main Client.execute() Sending 3997797834054011:42
15:28:09.107 main Client.execute() Reply OK
15:28:09.140 main Client.execute() Sending 3997797834054011:43
15:28:09.199 main Client.execute() Reply OK
15:28:09.293 main Client.execute() Sending 3997797834054011:44
15:28:09.376 main Client.execute() Reply OK
15:28:09.393 main Client.execute() Sending 3997797834054011:45
15:28:09.498 main Client.execute() Reply OK
15:28:09.512 main Client.execute() Sending 3997797834054011:46
15:28:09.586 main Client.execute() Reply OK
15:28:09.617 main Client.execute() Sending 3997797834054011:47
15:28:09.778 main Client.execute() Reply OK
15:28:09.819 main Client.execute() Sending 3997797834054011:48
15:28:09.886 main Client.execute() Reply OK
15:28:09.970 main Client.execute() Sending 3997797834054011:49
15:28:10.044 main Client.execute() Reply OK
15:28:10.125 main Client.execute() Sending 3997797834054011:50
15:28:10.205 main Client.execute() Reply OK
15:28:10.260 main Client.execute() Sending 3997797834054011:51
15:28:10.343 main Client.execute() Reply OK
15:28:10.368 main Client.execute() Sending 3997797834054011:52
15:28:10.412 main Client.execute() Reply OK
15:28:10.511 main Client.execute() Sending 3997797834054011:53
15:28:10.563 main Client.execute() Reply OK
15:28:10.641 main Client.execute() Sending 3997797834054011:54
15:28:10.699 main Client.execute() Reply OK
15:28:10.703 main Client.execute() Sending 3997797834054011:55
15:28:10.762 main Client.execute() Reply OK
15:28:10.797 main Client.execute() Sending 3997797834054011:56
15:28:10.874 main Client.execute() Reply OK
15:28:10.939 main Client.execute() Sending 3997797834054011:57
15:28:11.023 main Client.execute() Reply OK
15:28:11.073 main Client.execute() Sending 3997797834054011:58
15:28:11.142 main Client.execute() Reply OK
15:28:11.223 main Client.execute() Sending 3997797834054011:59
15:28:11.285 main Client.execute() Reply OK
15:28:11.374 main Client.execute() Sending 3997797834054011:60
15:28:11.459 main Client.execute() Reply OK
15:28:11.471 main Client.execute() Sending 3997797834054011:61
15:28:11.542 main Client.execute() Reply OK
15:28:11.592 main Client.execute() Sending 3997797834054011:62
15:28:11.668 main Client.execute() Reply OK
15:28:11.764 main Client.execute() Sending 3997797834054011:63
15:28:11.839 main Client.execute() Reply OK
15:28:11.895 main Client.execute() Sending 3997797834054011:64
15:28:11.972 main Client.execute() Reply OK
15:28:12.023 main Client.execute() Sending 3997797834054011:65
15:28:12.125 main Client.execute() Reply OK
15:28:12.199 main Client.execute() Sending 3997797834054011:66
15:28:12.281 main Client.execute() Reply OK
15:28:12.311 main Client.execute() Sending 3997797834054011:67
15:28:12.396 main Client.execute() Reply OK
15:28:12.406 main Client.execute() Sending 3997797834054011:68
15:28:12.492 main Client.execute() Reply OK
15:28:12.512 main Client.execute() Sending 3997797834054011:69
15:28:12.583 main Client.execute() Reply OK
15:28:12.619 main Client.execute() Sending 3997797834054011:70
15:28:12.677 main Client.execute() Reply OK
15:28:12.702 main Client.execute() Sending 3997797834054011:71
15:28:12.779 main Client.execute() Reply OK
15:28:12.847 main Client.execute() Sending 3997797834054011:72
15:28:12.958 main Client.execute() Reply OK
15:28:13.055 main Client.execute() Sending 3997797834054011:73
15:28:13.100 main Client.execute() Reply OK
15:28:13.122 main Client.execute() Sending 3997797834054011:74
15:28:13.217 main Client.execute() Reply OK
15:28:13.303 main Client.execute() Sending 3997797834054011:75
15:28:13.372 main Client.execute() Reply OK
15:28:13.392 main Client.execute() Sending 3997797834054011:76
15:28:13.484 main Client.execute() Reply OK
15:28:13.554 main Client.execute() Sending 3997797834054011:77
15:28:13.645 main Client.execute() Reply OK
15:28:13.724 main Client.execute() Sending 3997797834054011:78
15:28:13.783 main Client.execute() Reply OK
15:28:13.833 main Client.execute() Sending 3997797834054011:79
15:28:13.942 main Client.execute() Reply OK
15:28:14.013 main Client.execute() Sending 3997797834054011:80
15:28:14.049 main Client.execute() Reply OK
15:28:14.062 main Client.execute() Sending 3997797834054011:81
15:28:14.089 main Client.execute() Reply OK
15:28:14.174 main Client.execute() Sending 3997797834054011:82
15:28:14.222 main Client.execute() Reply OK
15:28:14.258 main Client.execute() Sending 3997797834054011:83
15:28:14.297 main Client.execute() Reply OK
15:28:14.360 main Client.execute() Sending 3997797834054011:84
15:28:14.447 main Client.execute() Reply OK
15:28:14.535 main Client.execute() Sending 3997797834054011:85
15:28:14.648 main Client.execute() Reply OK
15:28:14.666 main Client.execute() Sending 3997797834054011:86
15:28:14.704 main Client.execute() Reply OK
15:28:14.781 main Client.execute() Sending 3997797834054011:87
15:28:14.821 main Client.execute() Reply OK
15:28:14.845 main Client.execute() Sending 3997797834054011:88
15:28:14.878 main Client.execute() Reply OK
15:28:14.900 main Client.execute() Sending 3997797834054011:89
15:28:14.988 main Client.execute() Reply OK
15:28:15.059 main Client.execute() Sending 3997797834054011:90
15:28:15.145 main Client.execute() Reply OK
15:28:15.220 main Client.execute() Sending 3997797834054011:91
15:28:15.262 main Client.execute() Reply OK
15:28:15.340 main Client.execute() Sending 3997797834054011:92
15:28:15.395 main Client.execute() Reply OK
15:28:15.444 main Client.execute() Sending 3997797834054011:93
15:28:15.498 main Client.execute() Reply OK
15:28:15.542 main Client.execute() Sending 3997797834054011:94
15:28:15.602 main Client.execute() Reply OK
15:28:15.650 main Client.execute() Sending 3997797834054011:95
15:28:15.745 main Client.execute() Reply OK
15:28:15.798 main Client.execute() Sending 3997797834054011:96
15:28:15.855 main Client.execute() Reply OK
15:28:15.947 main Client.execute() Sending 3997797834054011:97
15:28:16.000 main Client.execute() Reply OK
15:28:16.099 main Client.execute() Sending 3997797834054011:98
15:28:16.210 main Client.execute() Reply OK
15:28:16.269 main Client.execute() Sending 3997797834054011:99
15:28:16.354 main Client.execute() Reply OK
15:28:16.369 main Client.execute() Sending 3997797834054011:100
15:28:16.452 main Client.execute() Reply OK
