15:28:02.440 main Configuration.<init>() Configuration loaded from file: paxos.properties
15:28:02.911 main Configuration.loadProcessList() [p0] localhost, ports = (replica=2021, client=3001)
15:28:02.911 main Configuration.loadProcessList() [p1] localhost, ports = (replica=2022, client=3002)
15:28:02.911 main Configuration.loadProcessList() [p2] localhost, ports = (replica=2023, client=3003)
15:28:02.912 main Client.connectTo() Connecting to localhost:3002
15:28:03.227 main Client.initConnection() New client id: 3997797836772007
15:28:03.227 main Client.connectTo() Connected [p1]. Timeout: 3000
15:28:03.230 main Client.execute() Sending 3997797836772007:1
15:28:03.338 main Client.execute() Reply OK
15:28:03.376 main Client.execute() Sending 3997797836772007:2
15:28:03.463 main Client.execute() Reply OK
15:28:03.507 main Client.execute() Sending 3997797836772007:3
15:28:03.588 main Client.execute() Reply OK
15:28:03.667 main Client.execute() Sending 3997797836772007:4
15:28:03.747 main Client.execute() Reply OK
15:28:03.794 main Client.execute() Sending 3997797836772007:5
15:28:03.830 main Client.execute() Reply OK
15:28:03.914 main Client.execute() Sending 3997797836772007:6
15:28:04.011 main Client.execute() Reply OK
15:28:04.026 main Client.execute() Sending 3997797836772007:7
15:28:04.087 main Client.execute() Reply OK
15:28:04.090 main Client.execute() Sending 3997797836772007:8
15:28:04.147 main Client.execute() Reply OK
15:28:04.159 main Client.execute() Sending 3997797836772007:9
15:28:04.231 main Client.execute() Reply OK
15:28:04.361 main Client.execute() Sending 3997797836772007:10
15:28:04.463 main Client.execute() Reply OK
15:28:04.481 main Client.execute() Sending 3997797836772007:11
15:28:04.544 main Client.execute() Reply OK
15:28:04.598 main Client.execute() Sending 3997797836772007:12
15:28:04.652 main Client.execute() Reply OK
15:28:04.729 main Client.execute() Sending 3997797836772007:13
15:28:04.910 main Client.execute() Reply OK
15:28:05.009 main Client.execute() Sending 3997797836772007:14
15:28:05.106 main Client.execute() Reply OK
15:28:05.130 main Client.execute() Sending 3997797836772007:15
15:28:05.185 main Client.execute() Reply OK
15:28:05.210 main Client.execute() Sending 3997797836772007:16
15:28:05.288 main Client.execute() Reply OK
15:28:05.381 main Client.execute() Sending 3997797836772007:17
15:28:05.429 main Client.execute() Reply OK
15:28:05.505 main Client.execute() Sending 3997797836772007:18
15:28:05.588 main Client.execute() Reply OK
15:28:05.672 main Client.execute() Sending 3997797836772007:19
15:28:05.743 main Client.execute() Reply OK
15:28:05.786 main Client.execute() Sending 3997797836772007:20
15:28:05.863 main Client.execute() Reply OK
15:28:05.929 main Client.execute() Sending 3997797836772007:21
15:28:05.965 main Client.execute() Reply OK
15:28:06.060 main Client.execute() Sending 3997797836772007:22
15:28:06.126 main Client.execute() Reply OK
15:28:06.196 main Client.execute() Sending 3997797836772007:23
15:28:06.235 main Client.execute() Reply OK
15:28:06.334 main Client.execute() Sending 3997797836772007:24
15:28:06.401 main Client.execute() Reply OK
15:28:06.447 main Client.execute() Sending 3997797836772007:25
15:28:06.504 main Client.execute() Reply OK
15:28:06.561 main Client.execute() Sending 3997797836772007:26
15:28:06.599 main Client.execute() Reply OK
15:28:06.633 main Client.execute() Sending 3997797836772007:27
15:28:06.714 main Client.execute() Reply OK
15:28:06.754 main Client.execute() Sending 3997797836772007:28
15:28:06.831 main Client.execute() Reply OK
15:28:06.922 main Client.execute() Sending 3997797836772007:29
15:28:06.979 main Client.execute() Reply OK
15:28:07.060 main Client.execute() Sending 3997797836772007:30
15:28:07.141 main Client.execute() Reply OK
15:28:07.172 main Client.execute() Sending 3997797836772007:31
15:28:07.236 main Client.execute() Reply OK
15:28:07.331 main Client.execute() Sending 3997797836772007:32
15:28:07.411 main Client.execute() Reply OK
15:28:07.489 main Client.execute() Sending 3997797836772007:33
15:28:07.568 main Client.execute() Reply OK
15:28:07.650 main Client.execute() Sending 3997797836772007:34
15:28:07.678 main Client.execute() Reply OK
15:28:07.755 main Client.execute() Sending 3997797836772007:35
15:28:07.839 main Client.execute() Reply OK
15:28:07.878 main Client.execute() Sending 3997797836772007:36
15:28:07.904 main Client.execute() Reply OK
15:28:07.944 main Client.execute() Sending 3997797836772007:37
15:28:08.002 main Client.execute() Reply OK
15:28:08.007 main Client.execute() Sending 3997797836772007:38
15:28:08.141 main Client.execute() Reply OK
15:28:08.217 main Client.execute() Sending 3997797836772007:39
15:28:08.311 main Client.execute() Reply OK
15:28:08.314 main Client.execute() Sending 3997797836772007:40
15:28:08.366 main Client.execute() Reply OK
15:28:08.398 main Client.execute() Sending 3997797836772007:41
15:28:08.464 main Client.execute() Reply OK
15:28:08.563 main Client.execute() Sending 3997797836772007:42
15:28:08.609 main Client.execute() Reply OK
15:28:08.613 main Client.execute() Sending 3997797836772007:43
15:28:08.700 main Client.execute() Reply OK
15:28:08.730 main Client.execute() Sending 3997797836772007:44
15:28:08.754 main Client.execute() Reply OK
15:28:08.842 main Client.execute() Sending 3997797836772007:45
15:28:08.912 main Client.execute() Reply OK
15:28:08.953 main Client.execute() Sending 3997797836772007:46
15:28:08.982 main Client.execute() Reply OK
15:28:09.068 main Client.execute() Sending 3997797836772007:47
15:28:09.112 main Client.execute() Reply OK
15:28:09.134 main Client.execute() Sending 3997797836772007:48
15:28:09.195 main Client.execute() Reply OK
15:28:09.281 main Client.execute() Sending 3997797836772007:49
15:28:09.324 main Client.execute() Reply OK
15:28:09.397 main Client.execute() Sending 3997797836772007:50
15:28:09.474 main Client.execute() Reply OK
15:28:09.534 main Client.execute() Sending 3997797836772007:51
15:28:09.654 main Client.execute() Reply OK
15:28:09.692 main Client.execute() Sending 3997797836772007:52
15:28:09.779 main Client.execute() Reply OK
15:28:09.782 main Client.execute() Sending 3997797836772007:53
15:28:09.861 main Client.execute() Reply OK
15:28:09.929 main Client.execute() Sending 3997797836772007:54
15:28:09.986 main Client.execute() Reply OK
15:28:10.047 main Client.execute() Sending 3997797836772007:55
15:28:10.112 main Client.execute() Reply OK
15:28:10.183 main Client.execute() Sending 3997797836772007:56
15:28:10.224 main Client.execute() Reply OK
15:28:10.301 main Client.execute() Sending 3997797836772007:57
15:28:10.376 main Client.execute() Reply OK
15:28:10.463 main Client.execute() Sending 3997797836772007:58
15:28:10.523 main Client.execute() Reply OK
15:28:10.547 main Client.execute() Sending 3997797836772007:59
15:28:10.612 main Client.execute() Reply OK
15:28:10.670 main Client.execute() Sending 3997797836772007:60
15:28:10.693 main Client.execute() Reply OK
15:28:10.712 main Client.execute() Sending 3997797836772007:61
15:28:10.785 main Client.execute() Reply OK
15:28:10.861 main Client.execute() Sending 3997797836772007:62
15:28:10.914 main Client.execute() Reply OK
15:28:11.003 main Client.execute() Sending 3997797836772007:63
15:28:11.067 main Client.execute() Reply OK
15:28:11.090 main Client.execute() Sending 3997797836772007:64
15:28:11.163 main Client.execute() Reply OK
15:28:11.178 main Client.execute() Sending 3997797836772007:65
15:28:11.228 main Client.execute() Reply OK
15:28:11.285 main Client.execute() Sending 3997797836772007:66
15:28:11.335 main Client.execute() Reply OK
15:28:11.345 main Client.execute() Sending 3997797836772007:67
15:28:11.388 main Client.execute() Reply OK
15:28:11.400 main Client.execute() Sending 3997797836772007:68
15:28:11.458 main Client.execute() Reply OK
15:28:11.547 main Client.execute() Sending 3997797836772007:69
15:28:11.590 main Client.execute() Reply OK
15:28:11.620 main Client.execute() Sending 3997797836772007:70
15:28:11.670 main Client.execute() Reply OK
15:28:11.750 main Client.execute() Sending 3997797836772007:71
15:28:11.773 main Client.execute() Reply OK
15:28:11.784 main Client.execute() Sending 3997797836772007:72
15:28:11.842 main Client.execute() Reply OK
15:28:11.857 main Client.execute() Sending 3997797836772007:73
15:28:11.943 main Client.execute() Reply OK
15:28:12.022 main Client.execute() Sending 3997797836772007:74
15:28:12.086 main Client.execute() Reply OK
15:28:12.096 main Client.execute() Sending 3997797836772007:75
15:28:12.164 main Client.execute() Reply OK
15:28:12.217 main Client.execute() Sending 3997797836772007:76
15:28:12.278 main Client.execute() Reply OK
15:28:12.365 main Client.execute() Sending 3997797836772007:77
15:28:12.419 main Client.execute() Reply OK
15:28:12.500 main Client.execute() Sending 3997797836772007:78
15:28:12.529 main Client.execute() Reply OK
15:28:12.615 main Client.execute() Sending 3997797836772007:79
15:28:12.693 main Client.execute() Reply OK
15:28:12.783 main Client.execute() Sending 3997797836772007:80
15:28:12.842 main Client.execute() Reply OK
15:28:12.885 main Client.execute() Sending 3997797836772007:81
15:28:12.957 main Client.execute() Reply OK
15:28:13.033 main Client.execute() Sending 3997797836772007:82
15:28:13.099 main Client.execute() Reply OK
15:28:13.167 main Client.execute() Sending 3997797836772007:83
15:28:13.216 main Client.execute() Reply OK
15:28:13.279 main Client.execute() Sending 3997797836772007:84
15:28:13.338 main Client.execute() Reply OK
15:28:13.386 main Client.execute() Sending 3997797836772007:85
15:28:13.433 main Client.execute() Reply OK
15:28:13.509 main Client.execute() Sending 3997797836772007:86
15:28:13.582 main Client.execute() Reply OK
15:28:13.656 main Client.execute() Sending 3997797836772007:87
15:28:13.704 main Client.execute() Reply OK
15:28:13.746 main Client.execute() Sending 3997797836772007:88
15:28:13.818 main Client.execute() Reply OK
15:28:13.865 main Client.execute() Sending 3997797836772007:89
15:28:13.938 main Client.execute() Reply OK
15:28:14.023 main Client.execute() Sending 3997797836772007:90
15:28:14.058 main Client.execute() Reply OK
15:28:14.061 main Client.execute() Sending 3997797836772007:91
15:28:14.113 main Client.execute() Reply OK
15:28:14.211 main Client.execute() Sending 3997797836772007:92
15:28:14.244 main Client.execute() Reply OK
15:28:14.255 main Client.execute() Sending 3997797836772007:93
15:28:14.328 main Client.execute() Reply OK
15:28:14.403 main Client.execute() Sending 3997797836772007:94
15:28:14.472 main Client.execute() Reply OK
15:28:14.474 main Client.execute() Sending 3997797836772007:95
15:28:14.546 main Client.execute() Reply OK
15:28:14.596 main Client.execute() Sending 3997797836772007:96
15:28:14.669 main Client.execute() Reply OK
15:28:14.758 main Client.execute() Sending 3997797836772007:97
15:28:14.820 main Client.execute() Reply OK
15:28:14.868 main Client.execute() Sending 3997797836772007:98
15:28:14.941 main Client.execute() Reply OK
15:28:14.994 main Client.execute() Sending 3997797836772007:99
15:28:15.066 main Client.execute() Reply OK
15:28:15.069 main Client.execute() Sending 3997797836772007:100
15:28:15.141 main Client.execute() Reply OK
