15:28:02.327 main Configuration.<init>() Configuration loaded from file: paxos.properties
15:28:02.906 main Configuration.loadProcessList() [p0] localhost, ports = (replica=2021, client=3001)
15:28:02.909 main Configuration.loadProcessList() [p1] localhost, ports = (replica=2022, client=3002)
15:28:02.909 main Configuration.loadProcessList() [p2] localhost, ports = (replica=2023, client=3003)
15:28:02.910 main Client.connectTo() Connecting to localhost:3003
15:28:03.011 main Client.initConnection() New client id: 3997797834054005
15:28:03.011 main Client.connectTo() Connected [p2]. Timeout: 3000
15:28:03.014 main Client.execute() Sending 3997797834054005:1
15:28:03.259 main Client.execute() Reply OK
15:28:03.330 main Client.execute() Sending 3997797834054005:2
15:28:03.406 main Client.execute() Reply OK
15:28:03.418 main Client.execute() Sending 3997797834054005:3
15:28:03.534 main Client.execute() Reply OK
15:28:03.627 main Client.execute() Sending 3997797834054005:4
15:28:03.692 main Client.execute() Reply OK
15:28:03.770 main Client.execute() Sending 3997797834054005:5
15:28:03.863 main Client.execute() Reply OK
15:28:03.951 main Client.execute() Sending 3997797834054005:6
15:28:04.012 main Client.execute() Reply OK
15:28:04.090 main Client.execute() Sending 3997797834054005:7
15:28:04.151 main Client.execute() Reply OK
15:28:04.185 main Client.execute() Sending 3997797834054005:8
15:28:04.276 main Client.execute() Reply OK
15:28:04.360 main Client.execute() Sending 3997797834054005:9
15:28:04.488 main Client.execute() Reply OK
15:28:04.541 main Client.execute() Sending 3997797834054005:10
15:28:04.601 main Client.execute() Reply OK
15:28:04.621 main Client.execute() Sending 3997797834054005:11
15:28:04.720 main Client.execute() Reply OK
15:28:04.859 main Client.execute() Sending 3997797834054005:12
15:28:04.964 main Client.execute() Reply OK
15:28:05.063 main Client.execute() Sending 3997797834054005:13
15:28:05.210 main Client.execute() Reply OK
15:28:05.291 main Client.execute() Sending 3997797834054005:14
15:28:05.375 main Client.execute() Reply OK
15:28:05.428 main Client.execute() Sending 3997797834054005:15
15:28:05.517 main Client.execute() Reply OK
15:28:05.577 main Client.execute() Sending 3997797834054005:16
15:28:05.644 main Client.execute() Reply OK
15:28:05.661 main Client.execute() Sending 3997797834054005:17
15:28:05.790 main Client.execute() Reply OK
15:28:05.870 main Client.execute() Sending 3997797834054005:18
15:28:05.937 main Client.execute() Reply OK
15:28:05.951 main Client.execute() Sending 3997797834054005:19
15:28:06.054 main Client.execute() Reply OK
15:28:06.057 main Client.execute() Sending 3997797834054005:20
15:28:06.175 main Client.execute() Reply OK
15:28:06.225 main Client.execute() Sending 3997797834054005:21
15:28:06.257 main Client.execute() Reply OK
15:28:06.315 main Client.execute() Sending 3997797834054005:22
15:28:06.402 main Client.execute() Reply OK
15:28:06.446 main Client.execute() Sending 3997797834054005:23
15:28:06.498 main Client.execute() Reply OK
15:28:06.591 main Client.execute() Sending 3997797834054005:24
15:28:06.658 main Client.execute() Reply OK
15:28:06.696 main Client.execute() Sending 3997797834054005:25
15:28:06.781 main Client.execute() Reply OK
15:28:06.877 main Client.execute() Sending 3997797834054005:26
15:28:06.934 main Client.execute() Reply OK
15:28:07.033 main Client.execute() Sending 3997797834054005:27
15:28:07.092 main Client.execute() Reply OK
15:28:07.105 main Client.execute() Sending 3997797834054005:28
15:28:07.170 main Client.execute() Reply OK
15:28:07.234 main Client.execute() Sending 3997797834054005:29
15:28:07.316 main Client.execute() Reply OK
15:28:07.344 main Client.execute() Sending 3997797834054005:30
15:28:07.434 main Client.execute() Reply OK
15:28:07.529 main Client.execute() Sending 3997797834054005:31
15:28:07.599 main Client.execute() Reply OK
15:28:07.632 main Client.execute() Sending 3997797834054005:32
15:28:07.688 main Client.execute() Reply OK
15:28:07.712 main Client.execute() Sending 3997797834054005:33
15:28:07.791 main Client.execute() Reply OK
15:28:07.871 main Client.execute() Sending 3997797834054005:34
15:28:07.973 main Client.execute() Reply OK
15:28:08.045 main Client.execute() Sending 3997797834054005:35
15:28:08.141 main Client.execute() Reply OK
15:28:08.175 main Client.execute() Sending 3997797834054005:36
15:28:08.296 main Client.execute() Reply OK
15:28:08.301 main Client.execute() Sending 3997797834054005:37
15:28:08.366 main Client.execute() Reply OK
15:28:08.370 main Client.execute() Sending 3997797834054005:38
15:28:08.427 main Client.execute() Reply OK
15:28:08.496 main Client.execute() Sending 3997797834054005:39
15:28:08.610 main Client.execute() Reply OK
15:28:08.678 main Client.execute() Sending 3997797834054005:40
15:28:08.756 main Client.execute() Reply OK
15:28:08.812 main Client.execute() Sending 3997797834054005:41
15:28:08.893 main Client.execute() Reply OK
15:28:08.900 main Client.execute() Sending 3997797834054005:42
15:28:08.965 main Client.execute() Reply OK
15:28:08.987 main Client.execute() Sending 3997797834054005:43
15:28:09.058 main Client.execute() Reply OK
15:28:09.157 main Client.execute() Sending 3997797834054005:44
15:28:09.240 main Client.execute() Reply OK
15:28:09.332 main Client.execute() Sending 3997797834054005:45
15:28:09.376 main Client.execute() Reply OK
15:28:09.452 main Client.execute() Sending 3997797834054005:46
15:28:09.586 main Client.execute() Reply OK
15:28:09.589 main Client.execute() Sending 3997797834054005:47
15:28:09.745 main Client.execute() Reply OK
15:28:09.782 main Client.execute() Sending 3997797834054005:48
15:28:09.858 main Client.execute() Reply OK
15:28:09.864 main Client.execute() Sending 3997797834054005:49
15:28:09.971 main Client.execute() Reply OK
15:28:10.005 main Client.execute() Sending 3997797834054005:50
15:28:10.044 main Client.execute() Reply OK
15:28:10.069 main Client.execute() Sending 3997797834054005:51
15:28:10.156 main Client.execute() Reply OK
15:28:10.240 main Client.execute() Sending 3997797834054005:52
15:28:10.291 main Client.execute() Reply OK
15:28:10.390 main Client.execute() Sending 3997797834054005:53
15:28:10.469 main Client.execute() Reply OK
15:28:10.494 main Client.execute() Sending 3997797834054005:54
15:28:10.563 main Client.execute() Reply OK
15:28:10.592 main Client.execute() Sending 3997797834054005:55
15:28:10.673 main Client.execute() Reply OK
15:28:10.741 main Client.execute() Sending 3997797834054005:56
15:28:10.820 main Client.execute() Reply OK
15:28:10.883 main Client.execute() Sending 3997797834054005:57
15:28:10.962 main Client.execute() Reply OK
15:28:11.032 main Client.execute() Sending 3997797834054005:58
15:28:11.115 main Client.execute() Reply OK
15:28:11.205 main Client.execute() Sending 3997797834054005:59
15:28:11.284 main Client.execute() Reply OK
15:28:11.294 main Client.execute() Sending 3997797834054005:60
15:28:11.367 main Client.execute() Reply OK
15:28:11.417 main Client.execute() Sending 3997797834054005:61
15:28:11.494 main Client.execute() Reply OK
15:28:11.495 main Client.execute() Sending 3997797834054005:62
15:28:11.563 main Client.execute() Reply OK
15:28:11.583 main Client.execute() Sending 3997797834054005:63
15:28:11.623 main Client.execute() Reply OK
15:28:11.679 main Client.execute() Sending 3997797834054005:64
15:28:11.743 main Client.execute() Reply OK
15:28:11.806 main Client.execute() Sending 3997797834054005:65
15:28:11.916 main Client.execute() Reply OK
15:28:11.972 main Client.execute() Sending 3997797834054005:66
15:28:12.036 main Client.execute() Reply OK
15:28:12.131 main Client.execute() Sending 3997797834054005:67
15:28:12.196 main Client.execute() Reply OK
15:28:12.295 main Client.execute() Sending 3997797834054005:68
15:28:12.333 main Client.execute() Reply OK
15:28:12.405 main Client.execute() Sending 3997797834054005:69
15:28:12.438 main Client.execute() Reply OK
15:28:12.502 main Client.execute() Sending 3997797834054005:70
15:28:12.536 main Client.execute() Reply OK
15:28:12.582 main Client.execute() Sending 3997797834054005:71
15:28:12.677 main Client.execute() Reply OK
15:28:12.699 main Client.execute() Sending 3997797834054005:72
15:28:12.744 main Client.execute() Reply OK
15:28:12.778 main Client.execute() Sending 3997797834054005:73
15:28:12.860 main Client.execute() Reply OK
15:28:12.957 main Client.execute() Sending 3997797834054005:74
15:28:13.052 main Client.execute() Reply OK
15:28:13.058 main Client.execute() Sending 3997797834054005:75
15:28:13.144 main Client.execute() Reply OK
15:28:13.233 main Client.execute() Sending 3997797834054005:76
15:28:13.304 main Client.execute() Reply OK
15:28:13.329 main Client.execute() Sending 3997797834054005:77
15:28:13.422 main Client.execute() Reply OK
15:28:13.428 main Client.execute() Sending 3997797834054005:78
15:28:13.484 main Client.execute() Reply OK
15:28:13.492 main Client.execute() Sending 3997797834054005:79
15:28:13.585 main Client.execute() Reply OK
15:28:13.622 main Client.execute() Sending 3997797834054005:80
15:28:13.735 main Client.execute() Reply OK
15:28:13.782 main Client.execute() Sending 3997797834054005:81
15:28:13.875 main Client.execute() Reply OK
15:28:13.900 main Client.execute() Sending 3997797834054005:82
15:28:13.996 main Client.execute() Reply OK
15:28:14.001 main Client.execute() Sending 3997797834054005:83
15:28:14.048 main Client.execute() Reply OK
15:28:14.067 main Client.execute() Sending 3997797834054005:84
15:28:14.142 main Client.execute() Reply OK
15:28:14.177 main Client.execute() Sending 3997797834054005:85
15:28:14.269 main Client.execute() Reply OK
15:28:14.271 main Client.execute() Sending 3997797834054005:86
15:28:14.328 main Client.execute() Reply OK
15:28:14.350 main Client.execute() Sending 3997797834054005:87
15:28:14.402 main Client.execute() Reply OK
15:28:14.402 main Client.execute() Sending 3997797834054005:88
15:28:14.447 main Client.execute() Reply OK
15:28:14.488 main Client.execute() Sending 3997797834054005:89
15:28:14.598 main Client.execute() Reply OK
15:28:14.693 main Client.execute() Sending 3997797834054005:90
15:28:14.771 main Client.execute() Reply OK
15:28:14.790 main Client.execute() Sending 3997797834054005:91
15:28:14.878 main Client.execute() Reply OK
15:28:14.935 main Client.execute() Sending 3997797834054005:92
15:28:15.040 main Client.execute() Reply OK
15:28:15.121 main Client.execute() Sending 3997797834054005:93
15:28:15.166 main Client.execute() Reply OK
15:28:15.198 main Client.execute() Sending 3997797834054005:94
15:28:15.262 main Client.execute() Reply OK
15:28:15.342 main Client.execute() Sending 3997797834054005:95
15:28:15.395 main Client.execute() Reply OK
15:28:15.435 main Client.execute() Sending 3997797834054005:96
15:28:15.497 main Client.execute() Reply OK
15:28:15.559 main Client.execute() Sending 3997797834054005:97
15:28:15.645 main Client.execute() Reply OK
15:28:15.705 main Client.execute() Sending 3997797834054005:98
15:28:15.776 main Client.execute() Reply OK
15:28:15.822 main Client.execute() Sending 3997797834054005:99
15:28:15.896 main Client.execute() Reply OK
15:28:15.967 main Client.execute() Sending 3997797834054005:100
15:28:16.051 main Client.execute() Reply OK
