15:28:02.501 main Configuration.<init>() Configuration loaded from file: paxos.properties
15:28:02.987 main Configuration.loadProcessList() [p0] localhost, ports = (replica=2021, client=3001)
15:28:02.987 main Configuration.loadProcessList() [p1] localhost, ports = (replica=2022, client=3002)
15:28:02.987 main Configuration.loadProcessList() [p2] localhost, ports = (replica=2023, client=3003)
15:28:02.988 main Client.connectTo() Connecting to localhost:3003
15:28:03.011 main Client.initConnection() New client id: 3997797834054008
15:28:03.011 main Client.connectTo() Connected [p2]. Timeout: 3000
15:28:03.032 main Client.execute() Sending 3997797834054008:1
15:28:03.305 main Client.execute() Reply OK
15:28:03.373 main Client.execute() Sending 3997797834054008:2
15:28:03.483 main Client.execute() Reply OK
15:28:03.572 main Client.execute() Sending 3997797834054008:3
15:28:03.660 main Client.execute() Reply OK
15:28:03.708 main Client.execute() Sending 3997797834054008:4
15:28:03.811 main Client.execute() Reply OK
15:28:03.895 main Client.execute() Sending 3997797834054008:5
15:28:04.012 main Client.execute() Reply OK
15:28:04.106 main Client.execute() Sending 3997797834054008:6
15:28:04.202 main Client.execute() Reply OK
15:28:04.265 main Client.execute() Sending 3997797834054008:7
15:28:04.449 main Client.execute() Reply OK
15:28:04.490 main Client.execute() Sending 3997797834054008:8
15:28:04.593 main Client.execute() Reply OK
15:28:04.668 main Client.execute() Sending 3997797834054008:9
15:28:04.751 main Client.execute() Reply OK
15:28:04.772 main Client.execute() Sending 3997797834054008:10
15:28:04.947 main Client.execute() Reply OK
15:28:04.967 main Client.execute() Sending 3997797834054008:11
15:28:05.100 main Client.execute() Reply OK
15:28:05.135 main Client.execute() Sending 3997797834054008:12
15:28:05.250 main Client.execute() Reply OK
15:28:05.274 main Client.execute() Sending 3997797834054008:13
15:28:05.335 main Client.execute() Reply OK
15:28:05.353 main Client.execute() Sending 3997797834054008:14
15:28:05.443 main Client.execute() Reply OK
15:28:05.532 main Client.execute() Sending 3997797834054008:15
15:28:05.633 main Client.execute() Reply OK
15:28:05.725 main Client.execute() Sending 3997797834054008:16
15:28:05.812 main Client.execute() Reply OK
15:28:05.892 main Client.execute() Sending 3997797834054008:17
15:28:05.937 main Client.execute() Reply OK
15:28:06.031 main Client.execute() Sending 3997797834054008:18
15:28:06.100 main Client.execute() Reply OK
15:28:06.153 main Client.execute() Sending 3997797834054008:19
15:28:06.226 main Client.execute() Reply OK
15:28:06.231 main Client.execute() Sending 3997797834054008:20
15:28:06.288 main Client.execute() Reply OK
15:28:06.360 main Client.execute() Sending 3997797834054008:21
15:28:06.447 main Client.execute() Reply OK
15:28:06.485 main Client.execute() Sending 3997797834054008:22
15:28:06.594 main Client.execute() Reply OK
15:28:06.622 main Client.execute() Sending 3997797834054008:23
15:28:06.690 main Client.execute() Reply OK
15:28:06.762 main Client.execute() Sending 3997797834054008:24
15:28:06.833 main Client.execute() Reply OK
15:28:06.890 main Client.execute() Sending 3997797834054008:25
15:28:06.980 main Client.execute() Reply OK
15:28:06.982 main Client.execute() Sending 3997797834054008:26
15:28:07.081 main Client.execute() Reply OK
15:28:07.108 main Client.execute() Sending 3997797834054008:27
15:28:07.191 main Client.execute() Reply OK
15:28:07.262 main Client.execute() Sending 3997797834054008:28
15:28:07.356 main Client.execute() Reply OK
15:28:07.390 main Client.execute() Sending 3997797834054008:29
15:28:07.475 main Client.execute() Reply OK
15:28:07.537 main Client.execute() Sending 3997797834054008:30
15:28:07.630 main Client.execute() Reply OK
15:28:07.668 main Client.execute() Sending 3997797834054008:31
15:28:07.757 main Client.execute() Reply OK
15:28:07.845 main Client.execute() Sending 3997797834054008:32
15:28:07.893 main Client.execute() Reply OK
15:28:07.988 main Client.execute() Sending 3997797834054008:33
15:28:08.141 main Client.execute() Reply OK
15:28:08.164 main Client.execute() Sending 3997797834054008:34
15:28:08.227 main Client.execute() Reply OK
15:28:08.327 main Client.execute() Sending 3997797834054008:35
15:28:08.397 main Client.execute() Reply OK
15:28:08.446 main Client.execute() Sending 3997797834054008:36
15:28:08.507 main Client.execute() Reply OK
15:28:08.561 main Client.execute() Sending 3997797834054008:37
15:28:08.610 main Client.execute() Reply OK
15:28:08.644 main Client.execute() Sending 3997797834054008:38
15:28:08.712 main Client.execute() Reply OK
15:28:08.755 main Client.execute() Sending 3997797834054008:39
15:28:08.835 main Client.execute() Reply OK
15:28:08.903 main Client.execute() Sending 3997797834054008:40
15:28:08.998 main Client.execute() Reply OK
15:28:09.084 main Client.execute() Sending 3997797834054008:41
15:28:09.169 main Client.execute() Reply OK
15:28:09.251 main Client.execute() Sending 3997797834054008:42
15:28:09.325 main Client.execute() Reply OK
15:28:09.343 main Client.execute() Sending 3997797834054008:43
15:28:09.453 main Client.execute() Reply OK
15:28:09.511 main Client.execute() Sending 3997797834054008:44
15:28:09.657 main Client.execute() Reply OK
15:28:09.705 main Client.execute() Sending 3997797834054008:45
15:28:09.804 main Client.execute() Reply OK
15:28:09.837 main Client.execute() Sending 3997797834054008:46
15:28:09.907 main Client.execute() Reply OK
15:28:09.951 main Client.execute() Sending 3997797834054008:47
15:28:09.991 main Client.execute() Reply OK
15:28:10.012 main Client.execute() Sending 3997797834054008:48
15:28:10.100 main Client.execute() Reply OK
15:28:10.121 main Client.execute() Sending 3997797834054008:49
15:28:10.156 main Client.execute() Reply OK
15:28:10.194 main Client.execute() Sending 3997797834054008:50
15:28:10.291 main Client.execute() Reply OK
15:28:10.310 main Client.execute() Sending 3997797834054008:51
15:28:10.390 main Client.execute() Reply OK
15:28:10.426 main Client.execute() Sending 3997797834054008:52
15:28:10.522 main Client.execute() Reply OK
15:28:10.532 main Client.execute() Sending 3997797834054008:53
15:28:10.613 main Client.execute() Reply OK
15:28:10.677 main Client.execute() Sending 3997797834054008:54
15:28:10.724 main Client.execute() Reply OK
15:28:10.793 main Client.execute() Sending 3997797834054008:55
15:28:10.819 main Client.execute() Reply OK
15:28:10.869 main Client.execute() Sending 3997797834054008:56
15:28:10.905 main Client.execute() Reply OK
15:28:10.929 main Client.execute() Sending 3997797834054008:57
15:28:10.963 main Client.execute() Reply OK
15:28:11.030 main Client.execute() Sending 3997797834054008:58
15:28:11.065 main Client.execute() Reply OK
15:28:11.119 main Client.execute() Sending 3997797834054008:59
15:28:11.194 main Client.execute() Reply OK
15:28:11.243 main Client.execute() Sending 3997797834054008:60
15:28:11.336 main Client.execute() Reply OK
15:28:11.413 main Client.execute() Sending 3997797834054008:61
15:28:11.459 main Client.execute() Reply OK
15:28:11.531 main Client.execute() Sending 3997797834054008:62
15:28:11.623 main Client.execute() Reply OK
15:28:11.711 main Client.execute() Sending 3997797834054008:63
15:28:11.807 main Client.execute() Reply OK
15:28:11.871 main Client.execute() Sending 3997797834054008:64
15:28:11.941 main Client.execute() Reply OK
15:28:11.996 main Client.execute() Sending 3997797834054008:65
15:28:12.071 main Client.execute() Reply OK
15:28:12.164 main Client.execute() Sending 3997797834054008:66
15:28:12.230 main Client.execute() Reply OK
15:28:12.297 main Client.execute() Sending 3997797834054008:67
15:28:12.344 main Client.execute() Reply OK
15:28:12.439 main Client.execute() Sending 3997797834054008:68
15:28:12.536 main Client.execute() Reply OK
15:28:12.621 main Client.execute() Sending 3997797834054008:69
15:28:12.713 main Client.execute() Reply OK
15:28:12.759 main Client.execute() Sending 3997797834054008:70
15:28:12.832 main Client.execute() Reply OK
15:28:12.898 main Client.execute() Sending 3997797834054008:71
15:28:12.989 main Client.execute() Reply OK
15:28:13.004 main Client.execute() Sending 3997797834054008:72
15:28:13.100 main Client.execute() Reply OK
15:28:13.175 main Client.execute() Sending 3997797834054008:73
15:28:13.269 main Client.execute() Reply OK
15:28:13.271 main Client.execute() Sending 3997797834054008:74
15:28:13.341 main Client.execute() Reply OK
15:28:13.429 main Client.execute() Sending 3997797834054008:75
15:28:13.525 main Client.execute() Reply OK
15:28:13.608 main Client.execute() Sending 3997797834054008:76
15:28:13.676 main Client.execute() Reply OK
15:28:13.761 main Client.execute() Sending 3997797834054008:77
15:28:13.815 main Client.execute() Reply OK
15:28:13.883 main Client.execute() Sending 3997797834054008:78
15:28:13.942 main Client.execute() Reply OK
15:28:14.015 main Client.execute() Sending 3997797834054008:79
15:28:14.089 main Client.execute() Reply OK
15:28:14.109 main Client.execute() Sending 3997797834054008:80
15:28:14.201 main Client.execute() Reply OK
15:28:14.273 main Client.execute() Sending 3997797834054008:81
15:28:14.349 main Client.execute() Reply OK
15:28:14.415 main Client.execute() Sending 3997797834054008:82
15:28:14.499 main Client.execute() Reply OK
15:28:14.528 main Client.execute() Sending 3997797834054008:83
15:28:14.599 main Client.execute() Reply OK
15:28:14.668 main Client.execute() Sending 3997797834054008:84
15:28:14.725 main Client.execute() Reply OK
15:28:14.759 main Client.execute() Sending 3997797834054008:85
15:28:14.821 main Client.execute() Reply OK
15:28:14.857 main Client.execute() Sending 3997797834054008:86
15:28:14.931 main Client.execute() Reply OK
15:28:14.999 main Client.execute() Sending 3997797834054008:87
15:28:15.111 main Client.execute() Reply OK
15:28:15.134 main Client.execute() Sending 3997797834054008:88
15:28:15.210 main Client.execute() Reply OK
15:28:15.230 main Client.execute() Sending 3997797834054008:89
15:28:15.313 main Client.execute() Reply OK
15:28:15.354 main Client.execute() Sending 3997797834054008:90
15:28:15.444 main Client.execute() Reply OK
15:28:15.466 main Client.execute() Sending 3997797834054008:91
15:28:15.554 main Client.execute() Reply OK
15:28:15.623 main Client.execute() Sending 3997797834054008:92
15:28:15.703 main Client.execute() Reply OK
15:28:15.733 main Client.execute() Sending 3997797834054008:93
15:28:15.820 main Client.execute() Reply OK
15:28:15.901 main Client.execute() Sending 3997797834054008:94
15:28:15.970 main Client.execute() Reply OK
15:28:16.052 main Client.execute() Sending 3997797834054008:95
15:28:16.120 main Client.execute() Reply OK
15:28:16.198 main Client.execute() Sending 3997797834054008:96
15:28:16.273 main Client.execute() Reply OK
15:28:16.358 main Client.execute() Sending 3997797834054008:97
15:28:16.400 main Client.execute() Reply OK
15:28:16.464 main Client.execute() Sending 3997797834054008:98
15:28:16.561 main Client.execute() Reply OK
15:28:16.598 main Client.execute() Sending 3997797834054008:99
15:28:16.670 main Client.execute() Reply OK
15:28:16.767 main Client.execute() Sending 3997797834054008:100
15:28:16.859 main Client.execute() Reply OK
