15:28:02.406 main Configuration.<init>() Configuration loaded from file: paxos.properties
15:28:02.900 main Configuration.loadProcessList() [p0] localhost, ports = (replica=2021, client=3001)
15:28:02.900 main Configuration.loadProcessList() [p1] localhost, ports = (replica=2022, client=3002)
15:28:02.900 main Configuration.loadProcessList() [p2] localhost, ports = (replica=2023, client=3003)
15:28:02.901 main Client.connectTo() Connecting to localhost:3001
15:28:03.056 main Client.initConnection() New client id: 3997797839694009
15:28:03.056 main Client.connectTo() Connected [p0]. Timeout: 3000
15:28:03.254 main Client.execute() Sending 3997797839694009:1
15:28:03.320 main Client.execute() Reply OK
15:28:03.361 main Client.execute() Sending 3997797839694009:2
15:28:03.439 main Client.execute() Reply OK
15:28:03.441 main Client.execute() Sending 3997797839694009:3
15:28:03.548 main Client.execute() Reply OK
15:28:03.570 main Client.execute() Sending 3997797839694009:4
15:28:03.613 main Client.execute() Reply OK
15:28:03.624 main Client.execute() Sending 3997797839694009:5
15:28:03.693 main Client.execute() Reply OK
15:28:03.785 main Client.execute() Sending 3997797839694009:6
15:28:03.846 main Client.execute() Reply OK
15:28:03.940 main Client.execute() Sending 3997797839694009:7
15:28:03.984 main Client.execute() Reply OK
15:28:04.054 main Client.execute() Sending 3997797839694009:8
15:28:04.118 main Client.execute() Reply OK
15:28:04.142 main Client.execute() Sending 3997797839694009:9
15:28:04.202 main Client.execute() Reply OK
15:28:04.251 main Client.execute() Sending 3997797839694009:10
15:28:04.277 main Client.execute() Reply OK
15:28:04.361 main Client.execute() Sending 3997797839694009:11
15:28:04.451 main Client.execute() Reply OK
15:28:04.528 main Client.execute() Sending 3997797839694009:12
15:28:04.600 main Client.execute() Reply OK
15:28:04.657 main Client.execute() Sending 3997797839694009:13
15:28:04.716 main Client.execute() Reply OK
15:28:04.877 main Client.execute() Sending 3997797839694009:14
15:28:04.961 main Client.execute() Reply OK
15:28:05.010 main Client.execute() Sending 3997797839694009:15
15:28:05.106 main Client.execute() Reply OK
15:28:05.158 main Client.execute() Sending 3997797839694009:16
15:28:05.210 main Client.execute() Reply OK
15:28:05.307 main Client.execute() Sending 3997797839694009:17
15:28:05.360 main Client.execute() Reply OK
15:28:05.443 main Client.execute() Sending 3997797839694009:18
15:28:05.487 main Client.execute() Reply OK
15:28:05.514 main Client.execute() Sending 3997797839694009:19
15:28:05.566 main Client.execute() Reply OK
15:28:05.615 main Client.execute() Sending 3997797839694009:20
15:28:05.670 main Client.execute() Reply OK
15:28:05.707 main Client.execute() Sending 3997797839694009:21
15:28:05.779 main Client.execute() Reply OK
15:28:05.860 main Client.execute() Sending 3997797839694009:22
15:28:05.907 main Client.execute() Reply OK
15:28:05.985 main Client.execute() Sending 3997797839694009:23
15:28:06.031 main Client.execute() Reply OK
15:28:06.038 main Client.execute() Sending 3997797839694009:24
15:28:06.061 main Client.execute() Reply OK
15:28:06.067 main Client.execute() Sending 3997797839694009:25
15:28:06.121 main Client.execute() Reply OK
15:28:06.208 main Client.execute() Sending 3997797839694009:26
15:28:06.283 main Client.execute() Reply OK
15:28:06.337 main Client.execute() Sending 3997797839694009:27
15:28:06.398 main Client.execute() Reply OK
15:28:06.414 main Client.execute() Sending 3997797839694009:28
15:28:06.433 main Client.execute() Reply OK
15:28:06.436 main Client.execute() Sending 3997797839694009:29
15:28:06.463 main Client.execute() Reply OK
15:28:06.477 main Client.execute() Sending 3997797839694009:30
15:28:06.535 main Client.execute() Reply OK
15:28:06.615 main Client.execute() Sending 3997797839694009:31
15:28:06.651 main Client.execute() Reply OK
15:28:06.689 main Client.execute() Sending 3997797839694009:32
15:28:06.715 main Client.execute() Reply OK
15:28:06.764 main Client.execute() Sending 3997797839694009:33
15:28:06.801 main Client.execute() Reply OK
15:28:06.890 main Client.execute() Sending 3997797839694009:34
15:28:06.930 main Client.execute() Reply OK
15:28:06.963 main Client.execute() Sending 3997797839694009:35
15:28:07.018 main Client.execute() Reply OK
15:28:07.109 main Client.execute() Sending 3997797839694009:36
15:28:07.163 main Client.execute() Reply OK
15:28:07.190 main Client.execute() Sending 3997797839694009:37
15:28:07.236 main Client.execute() Reply OK
15:28:07.300 main Client.execute() Sending 3997797839694009:38
15:28:07.396 main Client.execute() Reply OK
15:28:07.462 main Client.execute() Sending 3997797839694009:39
15:28:07.485 main Client.execute() Reply OK
15:28:07.507 main Client.execute() Sending 3997797839694009:40
15:28:07.541 main Client.execute() Reply OK
15:28:07.605 main Client.execute() Sending 3997797839694009:41
15:28:07.681 main Client.execute() Reply OK
15:28:07.756 main Client.execute() Sending 3997797839694009:42
15:28:07.778 main Client.execute() Reply OK
15:28:07.780 main Client.execute() Sending 3997797839694009:43
15:28:07.838 main Client.execute() Reply OK
15:28:07.880 main Client.execute() Sending 3997797839694009:44
15:28:07.932 main Client.execute() Reply OK
15:28:07.947 main Client.execute() Sending 3997797839694009:45
15:28:07.982 main Client.execute() Reply OK
15:28:08.015 main Client.execute() Sending 3997797839694009:46
15:28:08.139 main Client.execute() Reply OK
15:28:08.230 main Client.execute() Sending 3997797839694009:47
15:28:08.311 main Client.execute() Reply OK
15:28:08.372 main Client.execute() Sending 3997797839694009:48
15:28:08.398 main Client.execute() Reply OK
15:28:08.402 main Client.execute() Sending 3997797839694009:49
15:28:08.447 main Client.execute() Reply OK
15:28:08.449 main Client.execute() Sending 3997797839694009:50
15:28:08.506 main Client.execute() Reply OK
15:28:08.585 main Client.execute() Sending 3997797839694009:51
15:28:08.613 main Client.execute() Reply OK
15:28:08.659 main Client.execute() Sending 3997797839694009:52
15:28:08.708 main Client.execute() Reply OK
15:28:08.740 main Client.execute() Sending 3997797839694009:53
15:28:08.774 main Client.execute() Reply OK
15:28:08.871 main Client.execute() Sending 3997797839694009:54
15:28:08.912 main Client.execute() Reply OK
15:28:08.953 main Client.execute() Sending 3997797839694009:55
15:28:09.028 main Client.execute() Reply OK
15:28:09.047 main Client.execute() Sending 3997797839694009:56
15:28:09.109 main Client.execute() Reply OK
15:28:09.147 main Client.execute() Sending 3997797839694009:57
15:28:09.172 main Client.execute() Reply OK
15:28:09.178 main Client.execute() Sending 3997797839694009:58
15:28:09.224 main Client.execute() Reply OK
15:28:09.316 main Client.execute() Sending 3997797839694009:59
15:28:09.372 main Client.execute() Reply OK
15:28:09.465 main Client.execute() Sending 3997797839694009:60
15:28:09.517 main Client.execute() Reply OK
15:28:09.653 main Client.execute() Sending 3997797839694009:61
15:28:09.747 main Client.execute() Reply OK
15:28:09.748 main Client.execute() Sending 3997797839694009:62
15:28:09.799 main Client.execute() Reply OK
15:28:09.877 main Client.execute() Sending 3997797839694009:63
15:28:09.933 main Client.execute() Reply OK
15:28:10.025 main Client.execute() Sending 3997797839694009:64
15:28:10.065 main Client.execute() Reply OK
15:28:10.076 main Client.execute() Sending 3997797839694009:65
15:28:10.109 main Client.execute() Reply OK
15:28:10.206 main Client.execute() Sending 3997797839694009:66
15:28:10.241 main Client.execute() Reply OK
15:28:10.323 main Client.execute() Sending 3997797839694009:67
15:28:10.341 main Client.execute() Reply OK
15:28:10.370 main Client.execute() Sending 3997797839694009:68
15:28:10.389 main Client.execute() Reply OK
15:28:10.419 main Client.execute() Sending 3997797839694009:69
15:28:10.469 main Client.execute() Reply OK
15:28:10.547 main Client.execute() Sending 3997797839694009:70
15:28:10.582 main Client.execute() Reply OK
15:28:10.610 main Client.execute() Sending 3997797839694009:71
15:28:10.654 main Client.execute() Reply OK
15:28:10.705 main Client.execute() Sending 3997797839694009:72
15:28:10.732 main Client.execute() Reply OK
15:28:10.737 main Client.execute() Sending 3997797839694009:73
15:28:10.766 main Client.execute() Reply OK
15:28:10.804 main Client.execute() Sending 3997797839694009:74
15:28:10.831 main Client.execute() Reply OK
15:28:10.864 main Client.execute() Sending 3997797839694009:75
15:28:10.907 main Client.execute() Reply OK
15:28:10.951 main Client.execute() Sending 3997797839694009:76
15:28:10.990 main Client.execute() Reply OK
15:28:11.039 main Client.execute() Sending 3997797839694009:77
15:28:11.108 main Client.execute() Reply OK
15:28:11.146 main Client.execute() Sending 3997797839694009:78
15:28:11.187 main Client.execute() Reply OK
15:28:11.229 main Client.execute() Sending 3997797839694009:79
15:28:11.286 main Client.execute() Reply OK
15:28:11.377 main Client.execute() Sending 3997797839694009:80
15:28:11.401 main Client.execute() Reply OK
15:28:11.495 main Client.execute() Sending 3997797839694009:81
15:28:11.537 main Client.execute() Reply OK
15:28:11.612 main Client.execute() Sending 3997797839694009:82
15:28:11.636 main Client.execute() Reply OK
15:28:11.690 main Client.execute() Sending 3997797839694009:83
15:28:11.720 main Client.execute() Reply OK
15:28:11.762 main Client.execute() Sending 3997797839694009:84
15:28:11.806 main Client.execute() Reply OK
15:28:11.841 main Client.execute() Sending 3997797839694009:85
15:28:11.915 main Client.execute() Reply OK
15:28:11.920 main Client.execute() Sending 3997797839694009:86
15:28:11.970 main Client.execute() Reply OK
15:28:12.056 main Client.execute() Sending 3997797839694009:87
15:28:12.144 main Client.execute() Reply OK
15:28:12.206 main Client.execute() Sending 3997797839694009:88
15:28:12.275 main Client.execute() Reply OK
15:28:12.293 main Client.execute() Sending 3997797839694009:89
15:28:12.319 main Client.execute() Reply OK
15:28:12.415 main Client.execute() Sending 3997797839694009:90
15:28:12.485 main Client.execute() Reply OK
15:28:12.529 main Client.execute() Sending 3997797839694009:91
15:28:12.586 main Client.execute() Reply OK
15:28:12.654 main Client.execute() Sending 3997797839694009:92
15:28:12.672 main Client.execute() Reply OK
15:28:12.689 main Client.execute() Sending 3997797839694009:93
15:28:12.711 main Client.execute() Reply OK
15:28:12.721 main Client.execute() Sending 3997797839694009:94
15:28:12.788 main Client.execute() Reply OK
15:28:12.848 main Client.execute() Sending 3997797839694009:95
15:28:12.885 main Client.execute() Reply OK
15:28:12.934 main Client.execute() Sending 3997797839694009:96
15:28:12.984 main Client.execute() Reply OK
15:28:13.005 main Client.execute() Sending 3997797839694009:97
15:28:13.073 main Client.execute() Reply OK
15:28:13.136 main Client.execute() Sending 3997797839694009:98
15:28:13.174 main Client.execute() Reply OK
15:28:13.272 main Client.execute() Sending 3997797839694009:99
15:28:13.338 main Client.execute() Reply OK
15:28:13.345 main Client.execute() Sending 3997797839694009:100
15:28:13.373 main Client.execute() Reply OK
