15:28:02.422 main Configuration.<init>() Configuration loaded from file: paxos.properties
15:28:02.907 main Configuration.loadProcessList() [p0] localhost, ports = (replica=2021, client=3001)
15:28:02.907 main Configuration.loadProcessList() [p1] localhost, ports = (replica=2022, client=3002)
15:28:02.907 main Configuration.loadProcessList() [p2] localhost, ports = (replica=2023, client=3003)
15:28:02.908 main Client.connectTo() Connecting to localhost:3001
15:28:03.235 main Client.initConnection() New client id: 3997797839694003
15:28:03.235 main Client.connectTo() Connected [p0]. Timeout: 3000
15:28:03.249 main Client.execute() Sending 3997797839694003:1
15:28:03.300 main Client.execute() Reply OK
15:28:03.329 main Client.execute() Sending 3997797839694003:2
15:28:03.384 main Client.execute() Reply OK
15:28:03.487 main Client.execute() Sending 3997797839694003:3
15:28:03.570 main Client.execute() Reply OK
15:28:03.581 main Client.execute() Sending 3997797839694003:4
15:28:03.616 main Client.execute() Reply OK
15:28:03.698 main Client.execute() Sending 3997797839694003:5
15:28:03.778 main Client.execute() Reply OK
15:28:03.834 main Client.execute() Sending 3997797839694003:6
15:28:03.859 main Client.execute() Reply OK
15:28:03.885 main Client.execute() Sending 3997797839694003:7
15:28:03.973 main Client.execute() Reply OK
15:28:04.024 main Client.execute() Sending 3997797839694003:8
15:28:04.087 main Client.execute() Reply OK
15:28:04.106 main Client.execute() Sending 3997797839694003:9
15:28:04.192 main Client.execute() Reply OK
15:28:04.265 main Client.execute() Sending 3997797839694003:10
15:28:04.414 main Client.execute() Reply OK
15:28:04.431 main Client.execute() Sending 3997797839694003:11
15:28:04.483 main Client.execute() Reply OK
15:28:04.562 main Client.execute() Sending 3997797839694003:12
15:28:04.653 main Client.execute() Reply OK
15:28:04.727 main Client.execute() Sending 3997797839694003:13
15:28:04.960 main Client.execute() Reply OK
15:28:05.045 main Client.execute() Sending 3997797839694003:14
15:28:05.144 main Client.execute() Reply OK
15:28:05.164 main Client.execute() Sending 3997797839694003:15
15:28:05.229 main Client.execute() Reply OK
15:28:05.304 main Client.execute() Sending 3997797839694003:16
15:28:05.339 main Client.execute() Reply OK
15:28:05.375 main Client.execute() Sending 3997797839694003:17
15:28:05.408 main Client.execute() Reply OK
15:28:05.438 main Client.execute() Sending 3997797839694003:18
15:28:05.465 main Client.execute() Reply OK
15:28:05.496 main Client.execute() Sending 3997797839694003:19
15:28:05.545 main Client.execute() Reply OK
15:28:05.595 main Client.execute() Sending 3997797839694003:20
15:28:05.647 main Client.execute() Reply OK
15:28:05.694 main Client.execute() Sending 3997797839694003:21
15:28:05.739 main Client.execute() Reply OK
15:28:05.819 main Client.execute() Sending 3997797839694003:22
15:28:05.860 main Client.execute() Reply OK
15:28:05.938 main Client.execute() Sending 3997797839694003:23
15:28:06.010 main Client.execute() Reply OK
15:28:06.047 main Client.execute() Sending 3997797839694003:24
15:28:06.090 main Client.execute() Reply OK
15:28:06.110 main Client.execute() Sending 3997797839694003:25
15:28:06.179 main Client.execute() Reply OK
15:28:06.200 main Client.execute() Sending 3997797839694003:26
15:28:06.240 main Client.execute() Reply OK
15:28:06.293 main Client.execute() Sending 3997797839694003:27
15:28:06.349 main Client.execute() Reply OK
15:28:06.374 main Client.execute() Sending 3997797839694003:28
15:28:06.409 main Client.execute() Reply OK
15:28:06.434 main Client.execute() Sending 3997797839694003:29
15:28:06.462 main Client.execute() Reply OK
15:28:06.516 main Client.execute() Sending 3997797839694003:30
15:28:06.575 main Client.execute() Reply OK
15:28:06.628 main Client.execute() Sending 3997797839694003:31
15:28:06.691 main Client.execute() Reply OK
15:28:06.755 main Client.execute() Sending 3997797839694003:32
15:28:06.777 main Client.execute() Reply OK
15:28:06.817 main Client.execute() Sending 3997797839694003:33
15:28:06.891 main Client.execute() Reply OK
15:28:06.917 main Client.execute() Sending 3997797839694003:34
15:28:06.978 main Client.execute() Reply OK
15:28:07.024 main Client.execute() Sending 3997797839694003:35
15:28:07.076 main Client.execute() Reply OK
15:28:07.129 main Client.execute() Sending 3997797839694003:36
15:28:07.163 main Client.execute() Reply OK
15:28:07.207 main Client.execute() Sending 3997797839694003:37
15:28:07.232 main Client.execute() Reply OK
15:28:07.283 main Client.execute() Sending 3997797839694003:38
15:28:07.339 main Client.execute() Reply OK
15:28:07.357 main Client.execute() Sending 3997797839694003:39
15:28:07.396 main Client.execute() Reply OK
15:28:07.411 main Client.execute() Sending 3997797839694003:40
15:28:07.485 main Client.execute() Reply OK
15:28:07.538 main Client.execute() Sending 3997797839694003:41
15:28:07.596 main Client.execute() Reply OK
15:28:07.670 main Client.execute() Sending 3997797839694003:42
15:28:07.750 main Client.execute() Reply OK
15:28:07.811 main Client.execute() Sending 3997797839694003:43
15:28:07.839 main Client.execute() Reply OK
15:28:07.869 main Client.execute() Sending 3997797839694003:44
15:28:07.892 main Client.execute() Reply OK
15:28:07.940 main Client.execute() Sending 3997797839694003:45
15:28:07.972 main Client.execute() Reply OK
15:28:08.003 main Client.execute() Sending 3997797839694003:46
15:28:08.038 main Client.execute() Reply OK
15:28:08.093 main Client.execute() Sending 3997797839694003:47
15:28:08.179 main Client.execute() Reply OK
15:28:08.243 main Client.execute() Sending 3997797839694003:48
15:28:08.311 main Client.execute() Reply OK
15:28:08.372 main Client.execute() Sending 3997797839694003:49
15:28:08.398 main Client.execute() Reply OK
15:28:08.485 main Client.execute() Sending 3997797839694003:50
15:28:08.562 main Client.execute() Reply OK
15:28:08.623 main Client.execute() Sending 3997797839694003:51
15:28:08.709 main Client.execute() Reply OK
15:28:08.808 main Client.execute() Sending 3997797839694003:52
15:28:08.861 main Client.execute() Reply OK
15:28:08.945 main Client.execute() Sending 3997797839694003:53
15:28:08.967 main Client.execute() Reply OK
15:28:09.039 main Client.execute() Sending 3997797839694003:54
15:28:09.071 main Client.execute() Reply OK
15:28:09.093 main Client.execute() Sending 3997797839694003:55
15:28:09.135 main Client.execute() Reply OK
15:28:09.153 main Client.execute() Sending 3997797839694003:56
15:28:09.191 main Client.execute() Reply OK
15:28:09.246 main Client.execute() Sending 3997797839694003:57
15:28:09.293 main Client.execute() Reply OK
15:28:09.377 main Client.execute() Sending 3997797839694003:58
15:28:09.448 main Client.execute() Reply OK
15:28:09.544 main Client.execute() Sending 3997797839694003:59
15:28:09.629 main Client.execute() Reply OK
15:28:09.734 main Client.execute() Sending 3997797839694003:60
15:28:09.772 main Client.execute() Reply OK
15:28:09.853 main Client.execute() Sending 3997797839694003:61
15:28:09.899 main Client.execute() Reply OK
15:28:09.960 main Client.execute() Sending 3997797839694003:62
15:28:09.994 main Client.execute() Reply OK
15:28:10.053 main Client.execute() Sending 3997797839694003:63
15:28:10.099 main Client.execute() Reply OK
15:28:10.185 main Client.execute() Sending 3997797839694003:64
15:28:10.202 main Client.execute() Reply OK
15:28:10.218 main Client.execute() Sending 3997797839694003:65
15:28:10.288 main Client.execute() Reply OK
15:28:10.327 main Client.execute() Sending 3997797839694003:66
15:28:10.389 main Client.execute() Reply OK
15:28:10.404 main Client.execute() Sending 3997797839694003:67
15:28:10.442 main Client.execute() Reply OK
15:28:10.481 main Client.execute() Sending 3997797839694003:68
15:28:10.511 main Client.execute() Reply OK
15:28:10.595 main Client.execute() Sending 3997797839694003:69
15:28:10.632 main Client.execute() Reply OK
15:28:10.710 main Client.execute() Sending 3997797839694003:70
15:28:10.755 main Client.execute() Reply OK
15:28:10.770 main Client.execute() Sending 3997797839694003:71
15:28:10.819 main Client.execute() Reply OK
15:28:10.885 main Client.execute() Sending 3997797839694003:72
15:28:10.917 main Client.execute() Reply OK
15:28:10.966 main Client.execute() Sending 3997797839694003:73
15:28:11.024 main Client.execute() Reply OK
15:28:11.036 main Client.execute() Sending 3997797839694003:74
15:28:11.066 main Client.execute() Reply OK
15:28:11.114 main Client.execute() Sending 3997797839694003:75
15:28:11.136 main Client.execute() Reply OK
15:28:11.169 main Client.execute() Sending 3997797839694003:76
15:28:11.187 main Client.execute() Reply OK
15:28:11.267 main Client.execute() Sending 3997797839694003:77
15:28:11.336 main Client.execute() Reply OK
15:28:11.340 main Client.execute() Sending 3997797839694003:78
15:28:11.365 main Client.execute() Reply OK
15:28:11.388 main Client.execute() Sending 3997797839694003:79
15:28:11.435 main Client.execute() Reply OK
15:28:11.471 main Client.execute() Sending 3997797839694003:80
15:28:11.507 main Client.execute() Reply OK
15:28:11.579 main Client.execute() Sending 3997797839694003:81
15:28:11.624 main Client.execute() Reply OK
15:28:11.632 main Client.execute() Sending 3997797839694003:82
15:28:11.660 main Client.execute() Reply OK
15:28:11.673 main Client.execute() Sending 3997797839694003:83
15:28:11.710 main Client.execute() Reply OK
15:28:11.751 main Client.execute() Sending 3997797839694003:84
15:28:11.785 main Client.execute() Reply OK
15:28:11.840 main Client.execute() Sending 3997797839694003:85
15:28:11.863 main Client.execute() Reply OK
15:28:11.947 main Client.execute() Sending 3997797839694003:86
15:28:11.971 main Client.execute() Reply OK
15:28:12.034 main Client.execute() Sending 3997797839694003:87
15:28:12.102 main Client.execute() Reply OK
15:28:12.170 main Client.execute() Sending 3997797839694003:88
15:28:12.228 main Client.execute() Reply OK
15:28:12.297 main Client.execute() Sending 3997797839694003:89
15:28:12.346 main Client.execute() Reply OK
15:28:12.397 main Client.execute() Sending 3997797839694003:90
15:28:12.439 main Client.execute() Reply OK
15:28:12.463 main Client.execute() Sending 3997797839694003:91
15:28:12.485 main Client.execute() Reply OK
15:28:12.490 main Client.execute() Sending 3997797839694003:92
15:28:12.528 main Client.execute() Reply OK
15:28:12.565 main Client.execute() Sending 3997797839694003:93
15:28:12.611 main Client.execute() Reply OK
15:28:12.655 main Client.execute() Sending 3997797839694003:94
15:28:12.691 main Client.execute() Reply OK
15:28:12.770 main Client.execute() Sending 3997797839694003:95
15:28:12.813 main Client.execute() Reply OK
15:28:12.890 main Client.execute() Sending 3997797839694003:96
15:28:12.955 main Client.execute() Reply OK
15:28:12.963 main Client.execute() Sending 3997797839694003:97
15:28:13.022 main Client.execute() Reply OK
15:28:13.080 main Client.execute() Sending 3997797839694003:98
15:28:13.138 main Client.execute() Reply OK
15:28:13.224 main Client.execute() Sending 3997797839694003:99
15:28:13.273 main Client.execute() Reply OK
15:28:13.350 main Client.execute() Sending 3997797839694003:100
15:28:13.396 main Client.execute() Reply OK
