15:28:02.594 main Configuration.<init>() Configuration loaded from file: paxos.properties
15:28:02.926 main Configuration.loadProcessList() [p0] localhost, ports = (replica=2021, client=3001)
15:28:02.926 main Configuration.loadProcessList() [p1] localhost, ports = (replica=2022, client=3002)
15:28:02.926 main Configuration.loadProcessList() [p2] localhost, ports = (replica=2023, client=3003)
15:28:02.927 main Client.connectTo() Connecting to localhost:3002
15:28:03.267 main Client.initConnection() New client id: 3997797836772010
15:28:03.267 main Client.connectTo() Connected [p1]. Timeout: 3000
15:28:03.270 main Client.execute() Sending 3997797836772010:1
15:28:03.365 main Client.execute() Reply OK
15:28:03.440 main Client.execute() Sending 3997797836772010:2
15:28:03.535 main Client.execute() Reply OK
15:28:03.597 main Client.execute() Sending 3997797836772010:3
15:28:03.695 main Client.execute() Reply OK
15:28:03.746 main Client.execute() Sending 3997797836772010:4
15:28:03.830 main Client.execute() Reply OK
15:28:03.863 main Client.execute() Sending 3997797836772010:5
15:28:03.967 main Client.execute() Reply OK
15:28:04.054 main Client.execute() Sending 3997797836772010:6
15:28:04.117 main Client.execute() Reply OK
15:28:04.144 main Client.execute() Sending 3997797836772010:7
15:28:04.210 main Client.execute() Reply OK
15:28:04.276 main Client.execute() Sending 3997797836772010:8
15:28:04.416 main Client.execute() Reply OK
15:28:04.516 main Client.execute() Sending 3997797836772010:9
15:28:04.576 main Client.execute() Reply OK
15:28:04.600 main Client.execute() Sending 3997797836772010:10
15:28:04.692 main Client.execute() Reply OK
15:28:04.739 main Client.execute() Sending 3997797836772010:11
15:28:04.935 main Client.execute() Reply OK
15:28:05.009 main Client.execute() Sending 3997797836772010:12
15:28:05.095 main Client.execute() Reply OK
15:28:05.152 main Client.execute() Sending 3997797836772010:13
15:28:05.243 main Client.execute() Reply OK
15:28:05.323 main Client.execute() Sending 3997797836772010:14
15:28:05.374 main Client.execute() Reply OK
15:28:05.408 main Client.execute() Sending 3997797836772010:15
15:28:05.430 main Client.execute() Reply OK
15:28:05.486 main Client.execute() Sending 3997797836772010:16
15:28:05.527 main Client.execute() Reply OK
15:28:05.587 main Client.execute() Sending 3997797836772010:17
15:28:05.631 main Client.execute() Reply OK
15:28:05.709 main Client.execute() Sending 3997797836772010:18
15:28:05.786 main Client.execute() Reply OK
15:28:05.862 main Client.execute() Sending 3997797836772010:19
15:28:05.930 main Client.execute() Reply OK
15:28:05.997 main Client.execute() Sending 3997797836772010:20
15:28:06.077 main Client.execute() Reply OK
15:28:06.175 main Client.execute() Sending 3997797836772010:21
15:28:06.225 main Client.execute() Reply OK
15:28:06.233 main Client.execute() Sending 3997797836772010:22
15:28:06.306 main Client.execute() Reply OK
15:28:06.390 main Client.execute() Sending 3997797836772010:23
15:28:06.469 main Client.execute() Reply OK
15:28:06.473 main Client.execute() Sending 3997797836772010:24
15:28:06.535 main Client.execute() Reply OK
15:28:06.562 main Client.execute() Sending 3997797836772010:25
15:28:06.599 main Client.execute() Reply OK
15:28:06.692 main Client.execute() Sending 3997797836772010:26
15:28:06.758 main Client.execute() Reply OK
15:28:06.819 main Client.execute() Sending 3997797836772010:27
15:28:06.841 main Client.execute() Reply OK
15:28:06.881 main Client.execute() Sending 3997797836772010:28
15:28:06.956 main Client.execute() Reply OK
15:28:06.977 main Client.execute() Sending 3997797836772010:29
15:28:07.052 main Client.execute() Reply OK
15:28:07.141 main Client.execute() Sending 3997797836772010:30
15:28:07.193 main Client.execute() Reply OK
15:28:07.209 main Client.execute() Sending 3997797836772010:31
15:28:07.266 main Client.execute() Reply OK
15:28:07.283 main Client.execute() Sending 3997797836772010:32
15:28:07.365 main Client.execute() Reply OK
15:28:07.429 main Client.execute() Sending 3997797836772010:33
15:28:07.512 main Client.execute() Reply OK
15:28:07.574 main Client.execute() Sending 3997797836772010:34
15:28:07.647 main Client.execute() Reply OK
15:28:07.714 main Client.execute() Sending 3997797836772010:35
15:28:07.780 main Client.execute() Reply OK
15:28:07.816 main Client.execute() Sending 3997797836772010:36
15:28:07.891 main Client.execute() Reply OK
15:28:07.955 main Client.execute() Sending 3997797836772010:37
15:28:08.028 main Client.execute() Reply OK
15:28:08.108 main Client.execute() Sending 3997797836772010:38
15:28:08.188 main Client.execute() Reply OK
15:28:08.236 main Client.execute() Sending 3997797836772010:39
15:28:08.338 main Client.execute() Reply OK
15:28:08.344 main Client.execute() Sending 3997797836772010:40
15:28:08.420 main Client.execute() Reply OK
15:28:08.507 main Client.execute() Sending 3997797836772010:41
15:28:08.562 main Client.execute() Reply OK
15:28:08.588 main Client.execute() Sending 3997797836772010:42
15:28:08.637 main Client.execute() Reply OK
15:28:08.676 main Client.execute() Sending 3997797836772010:43
15:28:08.709 main Client.execute() Reply OK
15:28:08.732 main Client.execute() Sending 3997797836772010:44
15:28:08.810 main Client.execute() Reply OK
15:28:08.891 main Client.execute() Sending 3997797836772010:45
15:28:08.972 main Client.execute() Reply OK
15:28:09.031 main Client.execute() Sending 3997797836772010:46
15:28:09.069 main Client.execute() Reply OK
15:28:09.090 main Client.execute() Sending 3997797836772010:47
15:28:09.135 main Client.execute() Reply OK
15:28:09.173 main Client.execute() Sending 3997797836772010:48
15:28:09.241 main Client.execute() Reply OK
15:28:09.271 main Client.execute() Sending 3997797836772010:49
15:28:09.292 main Client.execute() Reply OK
15:28:09.303 main Client.execute() Sending 3997797836772010:50
15:28:09.375 main Client.execute() Reply OK
15:28:09.442 main Client.execute() Sending 3997797836772010:51
15:28:09.556 main Client.execute() Reply OK
15:28:09.580 main Client.execute() Sending 3997797836772010:52
15:28:09.677 main Client.execute() Reply OK
15:28:09.740 main Client.execute() Sending 3997797836772010:53
15:28:09.810 main Client.execute() Reply OK
15:28:09.861 main Client.execute() Sending 3997797836772010:54
15:28:09.927 main Client.execute() Reply OK
15:28:09.973 main Client.execute() Sending 3997797836772010:55
15:28:09.997 main Client.execute() Reply OK
15:28:10.016 main Client.execute() Sending 3997797836772010:56
15:28:10.068 main Client.execute() Reply OK
15:28:10.093 main Client.execute() Sending 3997797836772010:57
15:28:10.136 main Client.execute() Reply OK
15:28:10.175 main Client.execute() Sending 3997797836772010:58
15:28:10.203 main Client.execute() Reply OK
15:28:10.237 main Client.execute() Sending 3997797836772010:59
15:28:10.312 main Client.execute() Reply OK
15:28:10.411 main Client.execute() Sending 3997797836772010:60
15:28:10.467 main Client.execute() Reply OK
15:28:10.488 main Client.execute() Sending 3997797836772010:61
15:28:10.523 main Client.execute() Reply OK
15:28:10.590 main Client.execute() Sending 3997797836772010:62
15:28:10.653 main Client.execute() Reply OK
15:28:10.682 main Client.execute() Sending 3997797836772010:63
15:28:10.723 main Client.execute() Reply OK
15:28:10.807 main Client.execute() Sending 3997797836772010:64
15:28:10.859 main Client.execute() Reply OK
15:28:10.890 main Client.execute() Sending 3997797836772010:65
15:28:10.955 main Client.execute() Reply OK
15:28:10.977 main Client.execute() Sending 3997797836772010:66
15:28:11.025 main Client.execute() Reply OK
15:28:11.055 main Client.execute() Sending 3997797836772010:67
15:28:11.111 main Client.execute() Reply OK
15:28:11.210 main Client.execute() Sending 3997797836772010:68
15:28:11.250 main Client.execute() Reply OK
15:28:11.257 main Client.execute() Sending 3997797836772010:69
15:28:11.307 main Client.execute() Reply OK
15:28:11.366 main Client.execute() Sending 3997797836772010:70
15:28:11.422 main Client.execute() Reply OK
15:28:11.434 main Client.execute() Sending 3997797836772010:71
15:28:11.469 main Client.execute() Reply OK
15:28:11.481 main Client.execute() Sending 3997797836772010:72
15:28:11.558 main Client.execute() Reply OK
15:28:11.568 main Client.execute() Sending 3997797836772010:73
15:28:11.620 main Client.execute() Reply OK
15:28:11.648 main Client.execute() Sending 3997797836772010:74
15:28:11.692 main Client.execute() Reply OK
15:28:11.781 main Client.execute() Sending 3997797836772010:75
15:28:11.800 main Client.execute() Reply OK
15:28:11.843 main Client.execute() Sending 3997797836772010:76
15:28:11.878 main Client.execute() Reply OK
15:28:11.940 main Client.execute() Sending 3997797836772010:77
15:28:12.014 main Client.execute() Reply OK
15:28:12.038 main Client.execute() Sending 3997797836772010:78
15:28:12.097 main Client.execute() Reply OK
15:28:12.187 main Client.execute() Sending 3997797836772010:79
15:28:12.239 main Client.execute() Reply OK
15:28:12.324 main Client.execute() Sending 3997797836772010:80
15:28:12.397 main Client.execute() Reply OK
15:28:12.429 main Client.execute() Sending 3997797836772010:81
15:28:12.500 main Client.execute() Reply OK
15:28:12.508 main Client.execute() Sending 3997797836772010:82
15:28:12.549 main Client.execute() Reply OK
15:28:12.589 main Client.execute() Sending 3997797836772010:83
15:28:12.648 main Client.execute() Reply OK
15:28:12.727 main Client.execute() Sending 3997797836772010:84
15:28:12.805 main Client.execute() Reply OK
15:28:12.807 main Client.execute() Sending 3997797836772010:85
15:28:12.842 main Client.execute() Reply OK
15:28:12.875 main Client.execute() Sending 3997797836772010:86
15:28:12.906 main Client.execute() Reply OK
15:28:13.002 main Client.execute() Sending 3997797836772010:87
15:28:13.055 main Client.execute() Reply OK
15:28:13.153 main Client.execute() Sending 3997797836772010:88
15:28:13.189 main Client.execute() Reply OK
15:28:13.262 main Client.execute() Sending 3997797836772010:89
15:28:13.301 main Client.execute() Reply OK
15:28:13.367 main Client.execute() Sending 3997797836772010:90
15:28:13.412 main Client.execute() Reply OK
15:28:13.482 main Client.execute() Sending 3997797836772010:91
15:28:13.520 main Client.execute() Reply OK
15:28:13.591 main Client.execute() Sending 3997797836772010:92
15:28:13.623 main Client.execute() Reply OK
15:28:13.672 main Client.execute() Sending 3997797836772010:93
15:28:13.734 main Client.execute() Reply OK
15:28:13.742 main Client.execute() Sending 3997797836772010:94
15:28:13.767 main Client.execute() Reply OK
15:28:13.861 main Client.execute() Sending 3997797836772010:95
15:28:13.886 main Client.execute() Reply OK
15:28:13.978 main Client.execute() Sending 3997797836772010:96
15:28:14.026 main Client.execute() Reply OK
15:28:14.036 main Client.execute() Sending 3997797836772010:97
15:28:14.093 main Client.execute() Reply OK
15:28:14.146 main Client.execute() Sending 3997797836772010:98
15:28:14.222 main Client.execute() Reply OK
15:28:14.247 main Client.execute() Sending 3997797836772010:99
15:28:14.267 main Client.execute() Reply OK
15:28:14.339 main Client.execute() Sending 3997797836772010:100
15:28:14.416 main Client.execute() Reply OK
