15:28:02.542 main Configuration.<init>() Configuration loaded from file: paxos.properties
15:28:02.994 main Configuration.loadProcessList() [p0] localhost, ports = (replica=2021, client=3001)
15:28:02.994 main Configuration.loadProcessList() [p1] localhost, ports = (replica=2022, client=3002)
15:28:02.995 main Configuration.loadProcessList() [p2] localhost, ports = (replica=2023, client=3003)
15:28:02.995 main Client.connectTo() Connecting to localhost:3001
15:28:03.066 main Client.initConnection() New client id: 3997797839694012
15:28:03.066 main Client.connectTo() Connected [p0]. Timeout: 3000
15:28:03.069 main Client.execute() Sending 3997797839694012:1
15:28:03.267 main Client.execute() Reply OK
15:28:03.280 main Client.execute() Sending 3997797839694012:2
15:28:03.332 main Client.execute() Reply OK
15:28:03.420 main Client.execute() Sending 3997797839694012:3
15:28:03.465 main Client.execute() Reply OK
15:28:03.534 main Client.execute() Sending 3997797839694012:4
15:28:03.570 main Client.execute() Reply OK
15:28:03.582 main Client.execute() Sending 3997797839694012:5
15:28:03.638 main Client.execute() Reply OK
15:28:03.659 main Client.execute() Sending 3997797839694012:6
15:28:03.693 main Client.execute() Reply OK
15:28:03.741 main Client.execute() Sending 3997797839694012:7
15:28:03.808 main Client.execute() Reply OK
15:28:03.835 main Client.execute() Sending 3997797839694012:8
15:28:03.919 main Client.execute() Reply OK
15:28:03.942 main Client.execute() Sending 3997797839694012:9
15:28:04.012 main Client.execute() Reply OK
15:28:04.096 main Client.execute() Sending 3997797839694012:10
15:28:04.143 main Client.execute() Reply OK
15:28:04.243 main Client.execute() Sending 3997797839694012:11
15:28:04.277 main Client.execute() Reply OK
15:28:04.361 main Client.execute() Sending 3997797839694012:12
15:28:04.420 main Client.execute() Reply OK
15:28:04.503 main Client.execute() Sending 3997797839694012:13
15:28:04.550 main Client.execute() Reply OK
15:28:04.609 main Client.execute() Sending 3997797839694012:14
15:28:04.689 main Client.execute() Reply OK
15:28:04.722 main Client.execute() Sending 3997797839694012:15
15:28:04.749 main Client.execute() Reply OK
15:28:04.878 main Client.execute() Sending 3997797839694012:16
15:28:04.971 main Client.execute() Reply OK
15:28:05.071 main Client.execute() Sending 3997797839694012:17
15:28:05.186 main Client.execute() Reply OK
15:28:05.217 main Client.execute() Sending 3997797839694012:18
15:28:05.283 main Client.execute() Reply OK
15:28:05.327 main Client.execute() Sending 3997797839694012:19
15:28:05.408 main Client.execute() Reply OK
15:28:05.465 main Client.execute() Sending 3997797839694012:20
15:28:05.525 main Client.execute() Reply OK
15:28:05.574 main Client.execute() Sending 3997797839694012:21
15:28:05.626 main Client.execute() Reply OK
15:28:05.674 main Client.execute() Sending 3997797839694012:22
15:28:05.719 main Client.execute() Reply OK
15:28:05.765 main Client.execute() Sending 3997797839694012:23
15:28:05.811 main Client.execute() Reply OK
15:28:05.836 main Client.execute() Sending 3997797839694012:24
15:28:05.882 main Client.execute() Reply OK
15:28:05.922 main Client.execute() Sending 3997797839694012:25
15:28:05.970 main Client.execute() Reply OK
15:28:05.998 main Client.execute() Sending 3997797839694012:26
15:28:06.049 main Client.execute() Reply OK
15:28:06.091 main Client.execute() Sending 3997797839694012:27
15:28:06.142 main Client.execute() Reply OK
15:28:06.147 main Client.execute() Sending 3997797839694012:28
15:28:06.202 main Client.execute() Reply OK
15:28:06.271 main Client.execute() Sending 3997797839694012:29
15:28:06.316 main Client.execute() Reply OK
15:28:06.386 main Client.execute() Sending 3997797839694012:30
15:28:06.435 main Client.execute() Reply OK
15:28:06.449 main Client.execute() Sending 3997797839694012:31
15:28:06.499 main Client.execute() Reply OK
15:28:06.564 main Client.execute() Sending 3997797839694012:32
15:28:06.639 main Client.execute() Reply OK
15:28:06.703 main Client.execute() Sending 3997797839694012:33
15:28:06.777 main Client.execute() Reply OK
15:28:06.806 main Client.execute() Sending 3997797839694012:34
15:28:06.829 main Client.execute() Reply OK
15:28:06.907 main Client.execute() Sending 3997797839694012:35
15:28:06.932 main Client.execute() Reply OK
15:28:06.956 main Client.execute() Sending 3997797839694012:36
15:28:06.978 main Client.execute() Reply OK
15:28:07.044 main Client.execute() Sending 3997797839694012:37
15:28:07.121 main Client.execute() Reply OK
15:28:07.208 main Client.execute() Sending 3997797839694012:38
15:28:07.284 main Client.execute() Reply OK
15:28:07.361 main Client.execute() Sending 3997797839694012:39
15:28:07.433 main Client.execute() Reply OK
15:28:07.469 main Client.execute() Sending 3997797839694012:40
15:28:07.507 main Client.execute() Reply OK
15:28:07.518 main Client.execute() Sending 3997797839694012:41
15:28:07.563 main Client.execute() Reply OK
15:28:07.658 main Client.execute() Sending 3997797839694012:42
15:28:07.712 main Client.execute() Reply OK
15:28:07.729 main Client.execute() Sending 3997797839694012:43
15:28:07.778 main Client.execute() Reply OK
15:28:07.816 main Client.execute() Sending 3997797839694012:44
15:28:07.892 main Client.execute() Reply OK
15:28:07.953 main Client.execute() Sending 3997797839694012:45
15:28:08.027 main Client.execute() Reply OK
15:28:08.048 main Client.execute() Sending 3997797839694012:46
15:28:08.149 main Client.execute() Reply OK
15:28:08.196 main Client.execute() Sending 3997797839694012:47
15:28:08.223 main Client.execute() Reply OK
15:28:08.253 main Client.execute() Sending 3997797839694012:48
15:28:08.339 main Client.execute() Reply OK
15:28:08.414 main Client.execute() Sending 3997797839694012:49
15:28:08.470 main Client.execute() Reply OK
15:28:08.555 main Client.execute() Sending 3997797839694012:50
15:28:08.612 main Client.execute() Reply OK
15:28:08.676 main Client.execute() Sending 3997797839694012:51
15:28:08.750 main Client.execute() Reply OK
15:28:08.762 main Client.execute() Sending 3997797839694012:52
15:28:08.805 main Client.execute() Reply OK
15:28:08.889 main Client.execute() Sending 3997797839694012:53
15:28:08.966 main Client.execute() Reply OK
15:28:09.016 main Client.execute() Sending 3997797839694012:54
15:28:09.059 main Client.execute() Reply OK
15:28:09.085 main Client.execute() Sending 3997797839694012:55
15:28:09.109 main Client.execute() Reply OK
15:28:09.124 main Client.execute() Sending 3997797839694012:56
15:28:09.171 main Client.execute() Reply OK
15:28:09.195 main Client.execute() Sending 3997797839694012:57
15:28:09.236 main Client.execute() Reply OK
15:28:09.272 main Client.execute() Sending 3997797839694012:58
15:28:09.339 main Client.execute() Reply OK
15:28:09.436 main Client.execute() Sending 3997797839694012:59
15:28:09.506 main Client.execute() Reply OK
15:28:09.532 main Client.execute() Sending 3997797839694012:60
15:28:09.608 main Client.execute() Reply OK
15:28:09.656 main Client.execute() Sending 3997797839694012:61
15:28:09.678 main Client.execute() Reply OK
15:28:09.699 main Client.execute() Sending 3997797839694012:62
15:28:09.772 main Client.execute() Reply OK
15:28:09.806 main Client.execute() Sending 3997797839694012:63
15:28:09.876 main Client.execute() Reply OK
15:28:09.945 main Client.execute() Sending 3997797839694012:64
15:28:09.984 main Client.execute() Reply OK
15:28:09.996 main Client.execute() Sending 3997797839694012:65
15:28:10.038 main Client.execute() Reply OK
15:28:10.136 main Client.execute() Sending 3997797839694012:66
15:28:10.203 main Client.execute() Reply OK
15:28:10.273 main Client.execute() Sending 3997797839694012:67
15:28:10.308 main Client.execute() Reply OK
15:28:10.376 main Client.execute() Sending 3997797839694012:68
15:28:10.415 main Client.execute() Reply OK
15:28:10.447 main Client.execute() Sending 3997797839694012:69
15:28:10.511 main Client.execute() Reply OK
15:28:10.559 main Client.execute() Sending 3997797839694012:70
15:28:10.611 main Client.execute() Reply OK
15:28:10.633 main Client.execute() Sending 3997797839694012:71
15:28:10.674 main Client.execute() Reply OK
15:28:10.702 main Client.execute() Sending 3997797839694012:72
15:28:10.722 main Client.execute() Reply OK
15:28:10.732 main Client.execute() Sending 3997797839694012:73
15:28:10.755 main Client.execute() Reply OK
15:28:10.797 main Client.execute() Sending 3997797839694012:74
15:28:10.820 main Client.execute() Reply OK
15:28:10.853 main Client.execute() Sending 3997797839694012:75
15:28:10.875 main Client.execute() Reply OK
15:28:10.896 main Client.execute() Sending 3997797839694012:76
15:28:10.952 main Client.execute() Reply OK
15:28:11.013 main Client.execute() Sending 3997797839694012:77
15:28:11.066 main Client.execute() Reply OK
15:28:11.095 main Client.execute() Sending 3997797839694012:78
15:28:11.136 main Client.execute() Reply OK
15:28:11.174 main Client.execute() Sending 3997797839694012:79
15:28:11.251 main Client.execute() Reply OK
15:28:11.344 main Client.execute() Sending 3997797839694012:80
15:28:11.366 main Client.execute() Reply OK
15:28:11.372 main Client.execute() Sending 3997797839694012:81
15:28:11.400 main Client.execute() Reply OK
15:28:11.469 main Client.execute() Sending 3997797839694012:82
15:28:11.486 main Client.execute() Reply OK
15:28:11.540 main Client.execute() Sending 3997797839694012:83
15:28:11.600 main Client.execute() Reply OK
15:28:11.624 main Client.execute() Sending 3997797839694012:84
15:28:11.660 main Client.execute() Reply OK
15:28:11.698 main Client.execute() Sending 3997797839694012:85
15:28:11.773 main Client.execute() Reply OK
15:28:11.783 main Client.execute() Sending 3997797839694012:86
15:28:11.863 main Client.execute() Reply OK
15:28:11.914 main Client.execute() Sending 3997797839694012:87
15:28:11.950 main Client.execute() Reply OK
15:28:11.955 main Client.execute() Sending 3997797839694012:88
15:28:11.981 main Client.execute() Reply OK
15:28:12.013 main Client.execute() Sending 3997797839694012:89
15:28:12.071 main Client.execute() Reply OK
15:28:12.169 main Client.execute() Sending 3997797839694012:90
15:28:12.191 main Client.execute() Reply OK
15:28:12.263 main Client.execute() Sending 3997797839694012:91
15:28:12.308 main Client.execute() Reply OK
15:28:12.334 main Client.execute() Sending 3997797839694012:92
15:28:12.399 main Client.execute() Reply OK
15:28:12.464 main Client.execute() Sending 3997797839694012:93
15:28:12.502 main Client.execute() Reply OK
15:28:12.600 main Client.execute() Sending 3997797839694012:94
15:28:12.672 main Client.execute() Reply OK
15:28:12.690 main Client.execute() Sending 3997797839694012:95
15:28:12.742 main Client.execute() Reply OK
15:28:12.760 main Client.execute() Sending 3997797839694012:96
15:28:12.799 main Client.execute() Reply OK
15:28:12.885 main Client.execute() Sending 3997797839694012:97
15:28:12.911 main Client.execute() Reply OK
15:28:13.000 main Client.execute() Sending 3997797839694012:98
15:28:13.022 main Client.execute() Reply OK
15:28:13.118 main Client.execute() Sending 3997797839694012:99
15:28:13.159 main Client.execute() Reply OK
15:28:13.204 main Client.execute() Sending 3997797839694012:100
15:28:13.244 main Client.execute() Reply OK
