15:28:02.410 main Configuration.<init>() Configuration loaded from file: paxos.properties
15:28:02.907 main Configuration.loadProcessList() [p0] localhost, ports = (replica=2021, client=3001)
15:28:02.907 main Configuration.loadProcessList() [p1] localhost, ports = (replica=2022, client=3002)
15:28:02.907 main Configuration.loadProcessList() [p2] localhost, ports = (replica=2023, client=3003)
15:28:02.908 main Client.connectTo() Connecting to localhost:3002
15:28:03.002 main Client.initConnection() New client id: 3997797836772004
15:28:03.003 main Client.connectTo() Connected [p1]. Timeout: 3000
15:28:03.027 main Client.execute() Sending 3997797836772004:1
15:28:03.264 main Client.execute() Reply OK
15:28:03.347 main Client.execute() Sending 3997797836772004:2
15:28:03.409 main Client.execute() Reply OK
15:28:03.474 main Client.execute() Sending 3997797836772004:3
15:28:03.567 main Client.execute() Reply OK
15:28:03.655 main Client.execute() Sending 3997797836772004:4
15:28:03.705 main Client.execute() Reply OK
15:28:03.715 main Client.execute() Sending 3997797836772004:5
15:28:03.778 main Client.execute() Reply OK
15:28:03.795 main Client.execute() Sending 3997797836772004:6
15:28:03.896 main Client.execute() Reply OK
15:28:03.908 main Client.execute() Sending 3997797836772004:7
15:28:03.968 main Client.execute() Reply OK
15:28:03.989 main Client.execute() Sending 3997797836772004:8
15:28:04.056 main Client.execute() Reply OK
15:28:04.116 main Client.execute() Sending 3997797836772004:9
15:28:04.190 main Client.execute() Reply OK
15:28:04.259 main Client.execute() Sending 3997797836772004:10
15:28:04.366 main Client.execute() Reply OK
15:28:04.450 main Client.execute() Sending 3997797836772004:11
15:28:04.502 main Client.execute() Reply OK
15:28:04.543 main Client.execute() Sending 3997797836772004:12
15:28:04.652 main Client.execute() Reply OK
15:28:04.681 main Client.execute() Sending 3997797836772004:13
15:28:04.765 main Client.execute() Reply OK
15:28:04.878 main Client.execute() Sending 3997797836772004:14
15:28:05.016 main Client.execute() Reply OK
15:28:05.047 main Client.execute() Sending 3997797836772004:15
15:28:05.185 main Client.execute() Reply OK
15:28:05.266 main Client.execute() Sending 3997797836772004:16
15:28:05.346 main Client.execute() Reply OK
15:28:05.353 main Client.execute() Sending 3997797836772004:17
15:28:05.402 main Client.execute() Reply OK
15:28:05.418 main Client.execute() Sending 3997797836772004:18
15:28:05.498 main Client.execute() Reply OK
15:28:05.596 main Client.execute() Sending 3997797836772004:19
15:28:05.672 main Client.execute() Reply OK
15:28:05.763 main Client.execute() Sending 3997797836772004:20
15:28:05.807 main Client.execute() Reply OK
15:28:05.844 main Client.execute() Sending 3997797836772004:21
15:28:05.884 main Client.execute() Reply OK
15:28:05.943 main Client.execute() Sending 3997797836772004:22
15:28:06.010 main Client.execute() Reply OK
15:28:06.091 main Client.execute() Sending 3997797836772004:23
15:28:06.176 main Client.execute() Reply OK
15:28:06.213 main Client.execute() Sending 3997797836772004:24
15:28:06.255 main Client.execute() Reply OK
15:28:06.275 main Client.execute() Sending 3997797836772004:25
15:28:06.346 main Client.execute() Reply OK
15:28:06.445 main Client.execute() Sending 3997797836772004:26
15:28:06.469 main Client.execute() Reply OK
15:28:06.567 main Client.execute() Sending 3997797836772004:27
15:28:06.635 main Client.execute() Reply OK
15:28:06.734 main Client.execute() Sending 3997797836772004:28
15:28:06.778 main Client.execute() Reply OK
15:28:06.820 main Client.execute() Sending 3997797836772004:29
15:28:06.892 main Client.execute() Reply OK
15:28:06.962 main Client.execute() Sending 3997797836772004:30
15:28:07.000 main Client.execute() Reply OK
15:28:07.038 main Client.execute() Sending 3997797836772004:31
15:28:07.082 main Client.execute() Reply OK
15:28:07.130 main Client.execute() Sending 3997797836772004:32
15:28:07.162 main Client.execute() Reply OK
15:28:07.163 main Client.execute() Sending 3997797836772004:33
15:28:07.193 main Client.execute() Reply OK
15:28:07.205 main Client.execute() Sending 3997797836772004:34
15:28:07.236 main Client.execute() Reply OK
15:28:07.244 main Client.execute() Sending 3997797836772004:35
15:28:07.317 main Client.execute() Reply OK
15:28:07.410 main Client.execute() Sending 3997797836772004:36
15:28:07.488 main Client.execute() Reply OK
15:28:07.535 main Client.execute() Sending 3997797836772004:37
15:28:07.596 main Client.execute() Reply OK
15:28:07.654 main Client.execute() Sending 3997797836772004:38
15:28:07.726 main Client.execute() Reply OK
15:28:07.811 main Client.execute() Sending 3997797836772004:39
15:28:07.839 main Client.execute() Reply OK
15:28:07.889 main Client.execute() Sending 3997797836772004:40
15:28:07.969 main Client.execute() Reply OK
15:28:08.074 main Client.execute() Sending 3997797836772004:41
15:28:08.140 main Client.execute() Reply OK
15:28:08.176 main Client.execute() Sending 3997797836772004:42
15:28:08.252 main Client.execute() Reply OK
15:28:08.337 main Client.execute() Sending 3997797836772004:43
15:28:08.365 main Client.execute() Reply OK
15:28:08.442 main Client.execute() Sending 3997797836772004:44
15:28:08.504 main Client.execute() Reply OK
15:28:08.516 main Client.execute() Sending 3997797836772004:45
15:28:08.585 main Client.execute() Reply OK
15:28:08.609 main Client.execute() Sending 3997797836772004:46
15:28:08.638 main Client.execute() Reply OK
15:28:08.687 main Client.execute() Sending 3997797836772004:47
15:28:08.753 main Client.execute() Reply OK
15:28:08.788 main Client.execute() Sending 3997797836772004:48
15:28:08.865 main Client.execute() Reply OK
15:28:08.961 main Client.execute() Sending 3997797836772004:49
15:28:09.023 main Client.execute() Reply OK
15:28:09.055 main Client.execute() Sending 3997797836772004:50
15:28:09.091 main Client.execute() Reply OK
15:28:09.113 main Client.execute() Sending 3997797836772004:51
15:28:09.156 main Client.execute() Reply OK
15:28:09.219 main Client.execute() Sending 3997797836772004:52
15:28:09.292 main Client.execute() Reply OK
15:28:09.385 main Client.execute() Sending 3997797836772004:53
15:28:09.419 main Client.execute() Reply OK
15:28:09.505 main Client.execute() Sending 3997797836772004:54
15:28:09.606 main Client.execute() Reply OK
15:28:09.691 main Client.execute() Sending 3997797836772004:55
15:28:09.737 main Client.execute() Reply OK
15:28:09.765 main Client.execute() Sending 3997797836772004:56
15:28:09.811 main Client.execute() Reply OK
15:28:09.860 main Client.execute() Sending 3997797836772004:57
15:28:09.883 main Client.execute() Reply OK
15:28:09.975 main Client.execute() Sending 3997797836772004:58
15:28:10.048 main Client.execute() Reply OK
15:28:10.111 main Client.execute() Sending 3997797836772004:59
15:28:10.183 main Client.execute() Reply OK
15:28:10.200 main Client.execute() Sending 3997797836772004:60
15:28:10.259 main Client.execute() Reply OK
15:28:10.355 main Client.execute() Sending 3997797836772004:61
15:28:10.435 main Client.execute() Reply OK
15:28:10.449 main Client.execute() Sending 3997797836772004:62
15:28:10.487 main Client.execute() Reply OK
15:28:10.491 main Client.execute() Sending 3997797836772004:63
15:28:10.559 main Client.execute() Reply OK
15:28:10.641 main Client.execute() Sending 3997797836772004:64
15:28:10.693 main Client.execute() Reply OK
15:28:10.711 main Client.execute() Sending 3997797836772004:65
15:28:10.735 main Client.execute() Reply OK
15:28:10.796 main Client.execute() Sending 3997797836772004:66
15:28:10.818 main Client.execute() Reply OK
15:28:10.837 main Client.execute() Sending 3997797836772004:67
15:28:10.874 main Client.execute() Reply OK
15:28:10.971 main Client.execute() Sending 3997797836772004:68
15:28:10.991 main Client.execute() Reply OK
15:28:11.044 main Client.execute() Sending 3997797836772004:69
15:28:11.088 main Client.execute() Reply OK
15:28:11.166 main Client.execute() Sending 3997797836772004:70
15:28:11.190 main Client.execute() Reply OK
15:28:11.227 main Client.execute() Sending 3997797836772004:71
15:28:11.284 main Client.execute() Reply OK
15:28:11.313 main Client.execute() Sending 3997797836772004:72
15:28:11.367 main Client.execute() Reply OK
15:28:11.399 main Client.execute() Sending 3997797836772004:73
15:28:11.422 main Client.execute() Reply OK
15:28:11.447 main Client.execute() Sending 3997797836772004:74
15:28:11.504 main Client.execute() Reply OK
15:28:11.567 main Client.execute() Sending 3997797836772004:75
15:28:11.590 main Client.execute() Reply OK
15:28:11.596 main Client.execute() Sending 3997797836772004:76
15:28:11.643 main Client.execute() Reply OK
15:28:11.671 main Client.execute() Sending 3997797836772004:77
15:28:11.743 main Client.execute() Reply OK
15:28:11.751 main Client.execute() Sending 3997797836772004:78
15:28:11.800 main Client.execute() Reply OK
15:28:11.820 main Client.execute() Sending 3997797836772004:79
15:28:11.856 main Client.execute() Reply OK
15:28:11.904 main Client.execute() Sending 3997797836772004:80
15:28:11.974 main Client.execute() Reply OK
15:28:12.073 main Client.execute() Sending 3997797836772004:81
15:28:12.118 main Client.execute() Reply OK
15:28:12.142 main Client.execute() Sending 3997797836772004:82
15:28:12.210 main Client.execute() Reply OK
15:28:12.256 main Client.execute() Sending 3997797836772004:83
15:28:12.335 main Client.execute() Reply OK
15:28:12.398 main Client.execute() Sending 3997797836772004:84
15:28:12.451 main Client.execute() Reply OK
15:28:12.538 main Client.execute() Sending 3997797836772004:85
15:28:12.610 main Client.execute() Reply OK
15:28:12.671 main Client.execute() Sending 3997797836772004:86
15:28:12.749 main Client.execute() Reply OK
15:28:12.805 main Client.execute() Sending 3997797836772004:87
15:28:12.886 main Client.execute() Reply OK
15:28:12.976 main Client.execute() Sending 3997797836772004:88
15:28:13.025 main Client.execute() Reply OK
15:28:13.111 main Client.execute() Sending 3997797836772004:89
15:28:13.178 main Client.execute() Reply OK
15:28:13.195 main Client.execute() Sending 3997797836772004:90
15:28:13.269 main Client.execute() Reply OK
15:28:13.317 main Client.execute() Sending 3997797836772004:91
15:28:13.393 main Client.execute() Reply OK
15:28:13.420 main Client.execute() Sending 3997797836772004:92
15:28:13.483 main Client.execute() Reply OK
15:28:13.496 main Client.execute() Sending 3997797836772004:93
15:28:13.531 main Client.execute() Reply OK
15:28:13.601 main Client.execute() Sending 3997797836772004:94
15:28:13.683 main Client.execute() Reply OK
15:28:13.744 main Client.execute() Sending 3997797836772004:95
15:28:13.767 main Client.execute() Reply OK
15:28:13.823 main Client.execute() Sending 3997797836772004:96
15:28:13.886 main Client.execute() Reply OK
15:28:13.948 main Client.execute() Sending 3997797836772004:97
15:28:13.999 main Client.execute() Reply OK
15:28:14.007 main Client.execute() Sending 3997797836772004:98
15:28:14.048 main Client.execute() Reply OK
15:28:14.092 main Client.execute() Sending 3997797836772004:99
15:28:14.168 main Client.execute() Reply OK
15:28:14.221 main Client.execute() Sending 3997797836772004:100
15:28:14.267 main Client.execute() Reply OK
