13:47:10.258 main Configuration.<init>() Configuration loaded from file: paxos.properties
13:47:10.299 main Configuration.loadProcessList() [p0] localhost, ports = (replica=2021, client=3001)
13:47:10.299 main Configuration.loadProcessList() [p1] localhost, ports = (replica=2022, client=3002)
13:47:10.299 main Configuration.loadProcessList() [p2] localhost, ports = (replica=2023, client=3003)
13:47:10.300 main Client.connectTo() Connecting to localhost:3002
13:47:10.321 main Client.initConnection() New client id: 3997779680460004
13:47:10.322 main Client.connectTo() Connected [p1]. Timeout: 3000
13:47:12.930 main Client.execute() Sending 3997779680460004:1
13:47:13.036 main Client.execute() Reply OK
13:47:13.136 main Client.execute() Sending 3997779680460004:2
13:47:13.209 main Client.execute() Reply OK
13:47:13.310 main Client.execute() Sending 3997779680460004:3
13:47:13.382 main Client.execute() Reply OK
13:47:13.482 main Client.execute() Sending 3997779680460004:4
13:47:13.556 main Client.execute() Reply OK
13:47:13.656 main Client.execute() Sending 3997779680460004:5
13:47:13.729 main Client.execute() Reply OK
13:47:13.829 main Client.execute() Sending 3997779680460004:6
13:47:13.903 main Client.execute() Reply OK
13:47:14.003 main Client.execute() Sending 3997779680460004:7
13:47:14.076 main Client.execute() Reply OK
13:47:14.176 main Client.execute() Sending 3997779680460004:8
13:47:14.251 main Client.execute() Reply OK
13:47:14.351 main Client.execute() Sending 3997779680460004:9
13:47:14.423 main Client.execute() Reply OK
13:47:14.524 main Client.execute() Sending 3997779680460004:10
13:47:14.598 main Client.execute() Reply OK
13:47:14.698 main Client.execute() Sending 3997779680460004:11
13:47:14.771 main Client.execute() Reply OK
13:47:14.872 main Client.execute() Sending 3997779680460004:12
13:47:14.946 main Client.execute() Reply OK
13:47:15.047 main Client.execute() Sending 3997779680460004:13
13:47:15.119 main Client.execute() Reply OK
13:47:15.219 main Client.execute() Sending 3997779680460004:14
13:47:15.304 main Client.execute() Reply OK
13:47:15.404 main Client.execute() Sending 3997779680460004:15
13:47:15.476 main Client.execute() Reply OK
13:47:15.577 main Client.execute() Sending 3997779680460004:16
13:47:15.660 main Client.execute() Reply OK
13:47:15.760 main Client.execute() Sending 3997779680460004:17
13:47:15.836 main Client.execute() Reply OK
13:47:15.937 main Client.execute() Sending 3997779680460004:18
13:47:16.009 main Client.execute() Reply OK
13:47:16.109 main Client.execute() Sending 3997779680460004:19
13:47:16.192 main Client.execute() Reply OK
13:47:16.293 main Client.execute() Sending 3997779680460004:20
13:47:16.365 main Client.execute() Reply OK
13:47:16.466 main Client.execute() Sending 3997779680460004:21
13:47:16.537 main Client.execute() Reply OK
13:47:16.638 main Client.execute() Sending 3997779680460004:22
13:47:16.722 main Client.execute() Reply OK
13:47:16.822 main Client.execute() Sending 3997779680460004:23
13:47:16.896 main Client.execute() Reply OK
13:47:16.996 main Client.execute() Sending 3997779680460004:24
13:47:17.070 main Client.execute() Reply OK
13:47:17.170 main Client.execute() Sending 3997779680460004:25
13:47:17.245 main Client.execute() Reply OK
13:47:17.345 main Client.execute() Sending 3997779680460004:26
13:47:17.418 main Client.execute() Reply OK
13:47:17.518 main Client.execute() Sending 3997779680460004:27
13:47:17.591 main Client.execute() Reply OK
13:47:17.691 main Client.execute() Sending 3997779680460004:28
13:47:17.764 main Client.execute() Reply OK
13:47:17.865 main Client.execute() Sending 3997779680460004:29
13:47:17.940 main Client.execute() Reply OK
13:47:18.040 main Client.execute() Sending 3997779680460004:30
13:47:18.112 main Client.execute() Reply OK
13:47:18.213 main Client.execute() Sending 3997779680460004:31
13:47:18.286 main Client.execute() Reply OK
13:47:18.386 main Client.execute() Sending 3997779680460004:32
13:47:18.459 main Client.execute() Reply OK
13:47:18.559 main Client.execute() Sending 3997779680460004:33
13:47:18.632 main Client.execute() Reply OK
13:47:18.733 main Client.execute() Sending 3997779680460004:34
13:47:18.805 main Client.execute() Reply OK
13:47:18.905 main Client.execute() Sending 3997779680460004:35
13:47:18.988 main Client.execute() Reply OK
13:47:19.088 main Client.execute() Sending 3997779680460004:36
13:47:19.161 main Client.execute() Reply OK
13:47:19.262 main Client.execute() Sending 3997779680460004:37
13:47:19.345 main Client.execute() Reply OK
13:47:19.445 main Client.execute() Sending 3997779680460004:38
13:47:19.518 main Client.execute() Reply OK
13:47:19.619 main Client.execute() Sending 3997779680460004:39
13:47:19.691 main Client.execute() Reply OK
13:47:19.792 main Client.execute() Sending 3997779680460004:40
13:47:19.865 main Client.execute() Reply OK
13:47:19.966 main Client.execute() Sending 3997779680460004:41
13:47:20.048 main Client.execute() Reply OK
13:47:20.148 main Client.execute() Sending 3997779680460004:42
13:47:20.221 main Client.execute() Reply OK
13:47:20.322 main Client.execute() Sending 3997779680460004:43
13:47:20.394 main Client.execute() Reply OK
13:47:20.494 main Client.execute() Sending 3997779680460004:44
13:47:20.579 main Client.execute() Reply OK
13:47:20.679 main Client.execute() Sending 3997779680460004:45
13:47:20.752 main Client.execute() Reply OK
13:47:20.852 main Client.execute() Sending 3997779680460004:46
13:47:20.925 main Client.execute() Reply OK
13:47:21.025 main Client.execute() Sending 3997779680460004:47
13:47:21.099 main Client.execute() Reply OK
13:47:21.200 main Client.execute() Sending 3997779680460004:48
13:47:21.282 main Client.execute() Reply OK
13:47:21.383 main Client.execute() Sending 3997779680460004:49
13:47:21.455 main Client.execute() Reply OK
13:47:21.556 main Client.execute() Sending 3997779680460004:50
13:47:21.640 main Client.execute() Reply OK
13:47:21.740 main Client.execute() Sending 3997779680460004:51
13:47:21.812 main Client.execute() Reply OK
13:47:21.913 main Client.execute() Sending 3997779680460004:52
13:47:21.986 main Client.execute() Reply OK
13:47:22.086 main Client.execute() Sending 3997779680460004:53
13:47:22.160 main Client.execute() Reply OK
13:47:22.260 main Client.execute() Sending 3997779680460004:54
13:47:22.333 main Client.execute() Reply OK
13:47:22.433 main Client.execute() Sending 3997779680460004:55
13:47:22.505 main Client.execute() Reply OK
13:47:22.605 main Client.execute() Sending 3997779680460004:56
13:47:22.765 main Client.execute() Reply OK
13:47:22.865 main Client.execute() Sending 3997779680460004:57
13:47:22.938 main Client.execute() Reply OK
13:47:23.038 main Client.execute() Sending 3997779680460004:58
13:47:23.110 main Client.execute() Reply OK
13:47:23.211 main Client.execute() Sending 3997779680460004:59
13:47:23.283 main Client.execute() Reply OK
13:47:23.383 main Client.execute() Sending 3997779680460004:60
13:47:23.458 main Client.execute() Reply OK
13:47:23.558 main Client.execute() Sending 3997779680460004:61
13:47:23.631 main Client.execute() Reply OK
13:47:23.731 main Client.execute() Sending 3997779680460004:62
13:47:23.804 main Client.execute() Reply OK
13:47:23.904 main Client.execute() Sending 3997779680460004:63
13:47:23.977 main Client.execute() Reply OK
13:47:24.077 main Client.execute() Sending 3997779680460004:64
13:47:24.231 main Client.execute() Reply OK
13:47:24.331 main Client.execute() Sending 3997779680460004:65
13:47:24.403 main Client.execute() Reply OK
13:47:24.503 main Client.execute() Sending 3997779680460004:66
13:47:24.575 main Client.execute() Reply OK
13:47:24.676 main Client.execute() Sending 3997779680460004:67
13:47:24.749 main Client.execute() Reply OK
13:47:24.849 main Client.execute() Sending 3997779680460004:68
13:47:24.921 main Client.execute() Reply OK
13:47:25.022 main Client.execute() Sending 3997779680460004:69
13:47:25.094 main Client.execute() Reply OK
13:47:25.194 main Client.execute() Sending 3997779680460004:70
13:47:25.267 main Client.execute() Reply OK
13:47:25.367 main Client.execute() Sending 3997779680460004:71
13:47:25.455 main Client.execute() Reply OK
13:47:25.556 main Client.execute() Sending 3997779680460004:72
13:47:25.629 main Client.execute() Reply OK
13:47:25.729 main Client.execute() Sending 3997779680460004:73
13:47:25.803 main Client.execute() Reply OK
13:47:25.903 main Client.execute() Sending 3997779680460004:74
13:47:25.976 main Client.execute() Reply OK
13:47:26.076 main Client.execute() Sending 3997779680460004:75
13:47:26.148 main Client.execute() Reply OK
13:47:26.249 main Client.execute() Sending 3997779680460004:76
13:47:26.321 main Client.execute() Reply OK
13:47:26.422 main Client.execute() Sending 3997779680460004:77
13:47:26.494 main Client.execute() Reply OK
13:47:26.595 main Client.execute() Sending 3997779680460004:78
13:47:26.668 main Client.execute() Reply OK
13:47:26.768 main Client.execute() Sending 3997779680460004:79
13:47:26.851 main Client.execute() Reply OK
13:47:26.951 main Client.execute() Sending 3997779680460004:80
13:47:27.023 main Client.execute() Reply OK
13:47:27.124 main Client.execute() Sending 3997779680460004:81
13:47:27.196 main Client.execute() Reply OK
13:47:27.297 main Client.execute() Sending 3997779680460004:82
13:47:27.369 main Client.execute() Reply OK
13:47:27.469 main Client.execute() Sending 3997779680460004:83
13:47:27.541 main Client.execute() Reply OK
13:47:27.642 main Client.execute() Sending 3997779680460004:84
13:47:27.715 main Client.execute() Reply OK
13:47:27.815 main Client.execute() Sending 3997779680460004:85
13:47:27.888 main Client.execute() Reply OK
13:47:27.988 main Client.execute() Sending 3997779680460004:86
13:47:28.061 main Client.execute() Reply OK
13:47:28.161 main Client.execute() Sending 3997779680460004:87
13:47:28.234 main Client.execute() Reply OK
13:47:28.335 main Client.execute() Sending 3997779680460004:88
13:47:28.407 main Client.execute() Reply OK
13:47:28.507 main Client.execute() Sending 3997779680460004:89
13:47:28.580 main Client.execute() Reply OK
13:47:28.680 main Client.execute() Sending 3997779680460004:90
13:47:28.753 main Client.execute() Reply OK
13:47:28.853 main Client.execute() Sending 3997779680460004:91
13:47:28.925 main Client.execute() Reply OK
13:47:29.026 main Client.execute() Sending 3997779680460004:92
13:47:29.098 main Client.execute() Reply OK
13:47:29.198 main Client.execute() Sending 3997779680460004:93
13:47:29.271 main Client.execute() Reply OK
13:47:29.371 main Client.execute() Sending 3997779680460004:94
13:47:29.444 main Client.execute() Reply OK
13:47:29.544 main Client.execute() Sending 3997779680460004:95
13:47:29.617 main Client.execute() Reply OK
13:47:29.717 main Client.execute() Sending 3997779680460004:96
13:47:29.789 main Client.execute() Reply OK
13:47:29.890 main Client.execute() Sending 3997779680460004:97
13:47:29.962 main Client.execute() Reply OK
13:47:30.063 main Client.execute() Sending 3997779680460004:98
13:47:30.136 main Client.execute() Reply OK
13:47:30.236 main Client.execute() Sending 3997779680460004:99
13:47:30.309 main Client.execute() Reply OK
13:47:30.409 main Client.execute() Sending 3997779680460004:100
13:47:30.482 main Client.execute() Reply OK
