10:54:46.775 main Configuration.<init>() Configuration loaded from file: paxos.properties
10:54:46.819 main Configuration.loadProcessList() [p0] localhost, ports = (replica=2021, client=3001)
10:54:46.819 main Configuration.loadProcessList() [p1] localhost, ports = (replica=2022, client=3002)
10:54:46.819 main Configuration.loadProcessList() [p2] localhost, ports = (replica=2023, client=3003)
10:54:46.834 main Configuration.getBooleanProperty() Property not found: MayShareSnapshots. Using default value: true
10:54:46.835 main ProcessDescriptor.<init>() Processes:
  [p0] localhost, ports = (replica=2021, client=3001)
  [p1] localhost, ports = (replica=2022, client=3002)
  [p2] localhost, ports = (replica=2023, client=3003)
Properties:
  BatchSize=65507
  BenchmarkRunClient=false
  BenchmarkRunReplica=false
  ClientIDGenerator=TimeBased
  CrashModel=FullStableStorage
  FDSendTimeout=500
  FDSuspectTimeout=1000
  FirstSnapshotEstimateBytes=1024
  LogPath=jpaxosLogs
  MaxBatchDelay=10
  MaxUDPPacketSize=65507
  MinLogSizeForRatioCheckBytes=10240
  MinimumInstancesForSnapshotRatioSample=50
  Network=TCP
  PeriodicCatchupMilisecs=2000
  RetransmitTimeoutMilisecs=1000
  SnapshotAskRatio=1.0
  SnapshotForceRatio=2.0
  TcpReconnectMilisecs=1000
  WindowSize=2
  process.0=localhost:2021:3001
  process.1=localhost:2022:3002
  process.2=localhost:2023:3003
  replica.ClientBatchAckTimeout=50
  replica.ForwardClientRequests=true
  replica.ForwardMaxBatchDelay=50
  replica.ForwardMaxBatchSize=1450
  replica.SelectorThreads=-1
  test.LeaderPromoter.Interval=10000
10:54:46.835 main ProcessDescriptor.<init>() Configuration: WindowSize=2, BatchSize=65507, MaxBatchDelay=10, MaxUDPPacketSize=65507, Network=TCP, MayShareSnapshots=true, BenchmarkRunReplica=false, ClientIDGenerator=TimeBased
10:54:46.836 main ProcessDescriptor.<init>() Failure Detection: FDSendTimeout=500, FDSuspectTimeout=1000
10:54:46.836 main ProcessDescriptor.<init>() Crash model: FullStableStorage, LogPath: jpaxosLogs
10:54:46.836 main ProcessDescriptor.<init>() FirstSnapshotEstimateBytes=1024, MinLogSizeForRatioCheckBytes=10240, SnapshotAskRatio=1.0, SnapshotForceRatio=2.0, MinimumInstancesForSnapshotRatioSample=50
10:54:46.836 main ProcessDescriptor.<init>() RetransmitTimeoutMilisecs=1000, PeriodicCatchupMilisecs=2000, TcpReconnectMilisecs=1000
10:54:46.838 main Replica.start() Recovery phase started.
10:54:46.839 main FullSSRecovery.createStorage() Reading log from: jpaxosLogs/1
10:54:46.854 main Paxos.<init>() No snapshot support
10:54:46.862 main UdpNetwork.<init>() Opening port: 2022
10:54:46.868 main TcpNetwork.<init>() Opening port: 2022
10:54:46.872 main Paxos.<init>() Network: lsr.paxos.network.TcpNetwork
10:54:46.884 main QueueMonitor.registerQueue() Registering: pendingProposals, class java.util.ArrayDeque
10:54:46.889 main QueueMonitor.registerQueue() Registering: BatcherQueue, class java.util.concurrent.ArrayBlockingQueue
10:54:46.900 main QueueMonitor.registerQueue() Registering: Replica-0-Forward, class java.util.HashMap$Values
10:54:46.900 main QueueMonitor.registerQueue() Registering: Replica-1-Forward, class java.util.HashMap$Values
10:54:46.900 main QueueMonitor.registerQueue() Registering: Replica-2-Forward, class java.util.HashMap$Values
10:54:46.901 main ClientBatchManager.<init>() replica.ClientBatchAckTimeout = 50
10:54:46.901 main QueueMonitor.registerQueue() Registering: ReqManExec, class java.util.HashMap$EntrySet
10:54:46.902 CliBatchAckTrigger ClientBatchManager$AckTrigger.run() Sleeping: 50. lastAckedVector: [0, 0, 0] at time 1332582886901
10:54:46.903 main ClientRequestBatcher.<init>() replica.ForwardMaxBatchDelay=50
10:54:46.903 main ClientRequestBatcher.<init>() replica.ForwardMaxBatchSize=1450
10:54:46.903 main QueueMonitor.registerQueue() Registering: CReqBatcher, class java.util.concurrent.ArrayBlockingQueue
10:54:46.903 main QueueMonitor.registerQueue() Registering: pendingCReqs, class java.util.concurrent.ConcurrentHashMap$Values
10:54:46.905 main NioClientManager.computeNSelectors() Number of selector threads computed dynamically. Processors: 2, selectors: 1
10:54:46.905 main NioClientManager.<init>() replica.SelectorThreads=1
10:54:46.916 main Replica$InnerRecoveryListener.recoveryFinished() Recovery phase finished. Starting paxos protocol.
10:54:46.916 ClientIO-0 SelectorThread.run() Selector started.
10:54:46.916 main Paxos.startPaxos() startPaxos
10:54:46.917 UdpReader UdpNetwork$SocketReader.run() UdpReader thread started. Waiting for UDP messages
10:54:46.919 main TcpConnection.<init>() Creating connection: [p0] localhost, ports = (replica=2021, client=3001) - false
10:54:46.920 ReplicaIORcv-0 TcpConnection$ReceiverThread.run() Waiting for tcp connection to 0
10:54:46.920 main TcpConnection.<init>() Creating connection: [p2] localhost, ports = (replica=2023, client=3003) - true
10:54:46.920 ReplicaIOSnd-0 QueueMonitor.registerQueue() Registering: ReplicaIOSnd-0, class java.util.concurrent.ArrayBlockingQueue
10:54:46.921 ReplicaIOSnd-0 TcpConnection$Sender.run() Sender thread started.
10:54:46.921 ReplicaIORcv-2 TcpConnection$ReceiverThread.run() Waiting for tcp connection to 2
10:54:46.921 ReplicaIOSnd-2 QueueMonitor.registerQueue() Registering: ReplicaIOSnd-2, class java.util.concurrent.ArrayBlockingQueue
10:54:46.922 ReplicaIOSnd-2 TcpConnection$Sender.run() Sender thread started.
10:54:46.922 TcpNetwork TcpNetwork.run() TcpNetwork thread started
10:54:46.922 ReplicaIORcv-2 TcpConnection.connect() RcvdBuffer: 262140, SendBuffer: 131070
10:54:46.922 ReplicaIORcv-2 TcpConnection.connect() Connecting to: [p2] localhost, ports = (replica=2023, client=3003)
10:54:46.923 Batcher ActiveBatcher.run() ActiveBatcher starting
10:54:46.923 Retransmitter-1 ActiveRetransmitter.run() ActiveRetransmitter starting
10:54:46.924 FailureDetector ActiveFailureDetector.run() Starting failure detector
10:54:46.924 FailureDetector ActiveFailureDetector.run() Suspecting leader (0) in 1000ms
10:54:46.924 main Paxos.suspect() Suspecting 0 on view 0
10:54:46.926 Protocol Paxos$1.run() startProposer() handler
10:54:46.927 Protocol FullSSDiscWriter.changeViewNumber() View stream sync'd
10:54:46.928 Protocol TcpConnection.send() Dropping message, not connected. To: 0. 0
10:54:46.929 Protocol Paxos$MessageHandlerImpl.onMessageReceived() Msg rcv: Prepare(v:1, firstUncommitted: 0)
10:54:46.929 ReplicaIORcv-2 TcpConnection$ReceiverThread.run() Tcp connected 2
10:54:46.930 Protocol ActiveRetransmitter$InnerRetransmittedMessage.retransmit() Resending in: 2998
10:54:46.930 Protocol ProposerImpl.prepareNextView() Preparing view: 1
10:54:46.931 FailureDetector ActiveFailureDetector.run() Sending next Alive in 500ms
10:54:46.931 Protocol Acceptor.onPrepare() Prepare(v:1, firstUncommitted: 0) From 1
10:54:46.931 Protocol Acceptor.onPrepare() Sending PrepareOK(v:1, values: [])
10:54:46.931 Protocol Paxos$MessageHandlerImpl.onMessageReceived() Msg rcv: PrepareOK(v:1, values: [])
10:54:46.934 Protocol ProposerImpl.onPrepareOK() Received from 1: PrepareOK(v:1, values: [])
10:54:46.937 UdpReader UdpNetwork$SocketReader.run() Received from 1:ALIVE (v:1, logsize: 0)
10:54:46.937 UdpReader Paxos$MessageHandlerImpl.onMessageReceived() Msg rcv: ALIVE (v:1, logsize: 0)
10:54:46.953 CliBatchAckTrigger ClientBatchManager$AckTrigger.run() Sleeping: 50. lastAckedVector: [0, 0, 0] at time 1332582886901
10:54:46.997 UdpReader UdpNetwork$SocketReader.run() Received from 2:ALIVE (v:2, logsize: 0)
10:54:46.997 UdpReader Paxos$MessageHandlerImpl.onMessageReceived() Msg rcv: ALIVE (v:2, logsize: 0)
10:54:46.998 Protocol Paxos.advanceView() Advancing to view 2, Leader=2
10:54:47.003 CliBatchAckTrigger ClientBatchManager$AckTrigger.run() Sleeping: 50. lastAckedVector: [0, 0, 0] at time 1332582886901
10:54:47.010 Protocol FullSSDiscWriter.changeViewNumber() View stream sync'd
10:54:47.010 FailureDetector ActiveFailureDetector.run() Suspecting leader (2) in 1000ms
10:54:47.053 CliBatchAckTrigger ClientBatchManager$AckTrigger.run() Sleeping: 50. lastAckedVector: [0, 0, 0] at time 1332582886901
10:54:47.104 CliBatchAckTrigger ClientBatchManager$AckTrigger.run() Sleeping: 50. lastAckedVector: [0, 0, 0] at time 1332582886901
10:54:47.154 CliBatchAckTrigger ClientBatchManager$AckTrigger.run() Sleeping: 50. lastAckedVector: [0, 0, 0] at time 1332582886901
10:54:47.205 CliBatchAckTrigger ClientBatchManager$AckTrigger.run() Sleeping: 50. lastAckedVector: [0, 0, 0] at time 1332582886901
10:54:47.255 CliBatchAckTrigger ClientBatchManager$AckTrigger.run() Sleeping: 50. lastAckedVector: [0, 0, 0] at time 1332582886901
10:54:47.306 CliBatchAckTrigger ClientBatchManager$AckTrigger.run() Sleeping: 50. lastAckedVector: [0, 0, 0] at time 1332582886901
10:54:47.356 CliBatchAckTrigger ClientBatchManager$AckTrigger.run() Sleeping: 50. lastAckedVector: [0, 0, 0] at time 1332582886901
10:54:47.407 CliBatchAckTrigger ClientBatchManager$AckTrigger.run() Sleeping: 50. lastAckedVector: [0, 0, 0] at time 1332582886901
10:54:47.457 CliBatchAckTrigger ClientBatchManager$AckTrigger.run() Sleeping: 50. lastAckedVector: [0, 0, 0] at time 1332582886901
10:54:47.498 UdpReader UdpNetwork$SocketReader.run() Received from 2:ALIVE (v:2, logsize: 0)
10:54:47.498 UdpReader Paxos$MessageHandlerImpl.onMessageReceived() Msg rcv: ALIVE (v:2, logsize: 0)
10:54:47.508 CliBatchAckTrigger ClientBatchManager$AckTrigger.run() Sleeping: 50. lastAckedVector: [0, 0, 0] at time 1332582886901
10:54:47.558 CliBatchAckTrigger ClientBatchManager$AckTrigger.run() Sleeping: 50. lastAckedVector: [0, 0, 0] at time 1332582886901
10:54:47.608 CliBatchAckTrigger ClientBatchManager$AckTrigger.run() Sleeping: 50. lastAckedVector: [0, 0, 0] at time 1332582886901
10:54:47.659 CliBatchAckTrigger ClientBatchManager$AckTrigger.run() Sleeping: 50. lastAckedVector: [0, 0, 0] at time 1332582886901
10:54:47.710 CliBatchAckTrigger ClientBatchManager$AckTrigger.run() Sleeping: 50. lastAckedVector: [0, 0, 0] at time 1332582886901
10:54:47.765 CliBatchAckTrigger ClientBatchManager$AckTrigger.run() Sleeping: 50. lastAckedVector: [0, 0, 0] at time 1332582886901
10:54:47.815 CliBatchAckTrigger ClientBatchManager$AckTrigger.run() Sleeping: 50. lastAckedVector: [0, 0, 0] at time 1332582886901
10:54:47.865 CliBatchAckTrigger ClientBatchManager$AckTrigger.run() Sleeping: 50. lastAckedVector: [0, 0, 0] at time 1332582886901
10:54:47.914 TcpNetwork TcpNetwork.initializeConnection() Received connection from /127.0.0.1:50444
10:54:47.914 TcpNetwork TcpNetwork.initializeConnection() Passive. RcvdBuffer: 538956, SendBuffer: 146988
10:54:47.914 ReplicaIORcv-0 TcpConnection$ReceiverThread.run() Tcp connected 0
10:54:47.916 CliBatchAckTrigger ClientBatchManager$AckTrigger.run() Sleeping: 50. lastAckedVector: [0, 0, 0] at time 1332582886901
10:54:47.966 CliBatchAckTrigger ClientBatchManager$AckTrigger.run() Sleeping: 50. lastAckedVector: [0, 0, 0] at time 1332582886901
10:54:47.998 UdpReader UdpNetwork$SocketReader.run() Received from 2:ALIVE (v:2, logsize: 0)
10:54:47.998 UdpReader Paxos$MessageHandlerImpl.onMessageReceived() Msg rcv: ALIVE (v:2, logsize: 0)
10:54:48.011 FailureDetector ActiveFailureDetector.run() Suspecting leader (2) in 988ms
10:54:48.017 CliBatchAckTrigger ClientBatchManager$AckTrigger.run() Sleeping: 50. lastAckedVector: [0, 0, 0] at time 1332582886901
10:54:48.067 CliBatchAckTrigger ClientBatchManager$AckTrigger.run() Sleeping: 50. lastAckedVector: [0, 0, 0] at time 1332582886901
10:54:48.117 CliBatchAckTrigger ClientBatchManager$AckTrigger.run() Sleeping: 50. lastAckedVector: [0, 0, 0] at time 1332582886901
10:54:48.168 CliBatchAckTrigger ClientBatchManager$AckTrigger.run() Sleeping: 50. lastAckedVector: [0, 0, 0] at time 1332582886901
10:54:48.218 CliBatchAckTrigger ClientBatchManager$AckTrigger.run() Sleeping: 50. lastAckedVector: [0, 0, 0] at time 1332582886901
10:54:48.269 CliBatchAckTrigger ClientBatchManager$AckTrigger.run() Sleeping: 50. lastAckedVector: [0, 0, 0] at time 1332582886901
10:54:48.319 CliBatchAckTrigger ClientBatchManager$AckTrigger.run() Sleeping: 50. lastAckedVector: [0, 0, 0] at time 1332582886901
10:54:48.370 CliBatchAckTrigger ClientBatchManager$AckTrigger.run() Sleeping: 50. lastAckedVector: [0, 0, 0] at time 1332582886901
10:54:48.420 CliBatchAckTrigger ClientBatchManager$AckTrigger.run() Sleeping: 50. lastAckedVector: [0, 0, 0] at time 1332582886901
10:54:48.471 CliBatchAckTrigger ClientBatchManager$AckTrigger.run() Sleeping: 50. lastAckedVector: [0, 0, 0] at time 1332582886901
10:54:48.499 UdpReader UdpNetwork$SocketReader.run() Received from 2:ALIVE (v:2, logsize: 0)
10:54:48.499 UdpReader Paxos$MessageHandlerImpl.onMessageReceived() Msg rcv: ALIVE (v:2, logsize: 0)
10:54:48.521 CliBatchAckTrigger ClientBatchManager$AckTrigger.run() Sleeping: 50. lastAckedVector: [0, 0, 0] at time 1332582886901
10:54:48.571 CliBatchAckTrigger ClientBatchManager$AckTrigger.run() Sleeping: 50. lastAckedVector: [0, 0, 0] at time 1332582886901
10:54:48.622 CliBatchAckTrigger ClientBatchManager$AckTrigger.run() Sleeping: 50. lastAckedVector: [0, 0, 0] at time 1332582886901
10:54:48.675 CliBatchAckTrigger ClientBatchManager$AckTrigger.run() Sleeping: 50. lastAckedVector: [0, 0, 0] at time 1332582886901
10:54:48.736 CliBatchAckTrigger ClientBatchManager$AckTrigger.run() Sleeping: 50. lastAckedVector: [0, 0, 0] at time 1332582886901
10:54:48.786 CliBatchAckTrigger ClientBatchManager$AckTrigger.run() Sleeping: 50. lastAckedVector: [0, 0, 0] at time 1332582886901
10:54:48.850 CliBatchAckTrigger ClientBatchManager$AckTrigger.run() Sleeping: 50. lastAckedVector: [0, 0, 0] at time 1332582886901
10:54:48.868 ClientIO-0 NioClientProxy.<init>() New client connection: Socket[addr=/127.0.0.1,port=50448,localport=3002]
10:54:48.869 ClientIO-0 NioClientManager.handleAccept() Connection from /127.0.0.1
10:54:48.900 CliBatchAckTrigger ClientBatchManager$AckTrigger.run() Sleeping: 50. lastAckedVector: [0, 0, 0] at time 1332582886901
10:54:48.951 CliBatchAckTrigger ClientBatchManager$AckTrigger.run() Sleeping: 50. lastAckedVector: [0, 0, 0] at time 1332582886901
10:54:48.995 ReplicaIORcv-2 TcpConnection$ReceiverThread.run() Received [2] Prepare(v:2, firstUncommitted: 0) size: 17
10:54:48.995 ReplicaIORcv-2 Paxos$MessageHandlerImpl.onMessageReceived() Msg rcv: Prepare(v:2, firstUncommitted: 0)
10:54:48.995 Protocol Acceptor.onPrepare() Prepare(v:2, firstUncommitted: 0) From 2
10:54:48.995 Protocol Acceptor.onPrepare() Sending PrepareOK(v:2, values: [])
10:54:48.999 FailureDetector ActiveFailureDetector.run() Suspecting leader (2) in 996ms
10:54:49.001 CliBatchAckTrigger ClientBatchManager$AckTrigger.run() Sleeping: 50. lastAckedVector: [0, 0, 0] at time 1332582886901
10:54:49.051 CliBatchAckTrigger ClientBatchManager$AckTrigger.run() Sleeping: 50. lastAckedVector: [0, 0, 0] at time 1332582886901
10:54:49.102 CliBatchAckTrigger ClientBatchManager$AckTrigger.run() Sleeping: 50. lastAckedVector: [0, 0, 0] at time 1332582886901
10:54:49.152 CliBatchAckTrigger ClientBatchManager$AckTrigger.run() Sleeping: 50. lastAckedVector: [0, 0, 0] at time 1332582886901
10:54:49.203 CliBatchAckTrigger ClientBatchManager$AckTrigger.run() Sleeping: 50. lastAckedVector: [0, 0, 0] at time 1332582886901
10:54:49.253 CliBatchAckTrigger ClientBatchManager$AckTrigger.run() Sleeping: 50. lastAckedVector: [0, 0, 0] at time 1332582886901
10:54:49.304 CliBatchAckTrigger ClientBatchManager$AckTrigger.run() Sleeping: 50. lastAckedVector: [0, 0, 0] at time 1332582886901
10:54:49.354 CliBatchAckTrigger ClientBatchManager$AckTrigger.run() Sleeping: 50. lastAckedVector: [0, 0, 0] at time 1332582886901
10:54:49.405 CliBatchAckTrigger ClientBatchManager$AckTrigger.run() Sleeping: 50. lastAckedVector: [0, 0, 0] at time 1332582886901
10:54:49.455 CliBatchAckTrigger ClientBatchManager$AckTrigger.run() Sleeping: 50. lastAckedVector: [0, 0, 0] at time 1332582886901
10:54:49.494 UdpReader UdpNetwork$SocketReader.run() Received from 2:ALIVE (v:2, logsize: 0)
10:54:49.494 UdpReader Paxos$MessageHandlerImpl.onMessageReceived() Msg rcv: ALIVE (v:2, logsize: 0)
10:54:49.506 CliBatchAckTrigger ClientBatchManager$AckTrigger.run() Sleeping: 50. lastAckedVector: [0, 0, 0] at time 1332582886901
10:54:49.556 CliBatchAckTrigger ClientBatchManager$AckTrigger.run() Sleeping: 50. lastAckedVector: [0, 0, 0] at time 1332582886901
10:54:49.607 CliBatchAckTrigger ClientBatchManager$AckTrigger.run() Sleeping: 50. lastAckedVector: [0, 0, 0] at time 1332582886901
10:54:49.657 CliBatchAckTrigger ClientBatchManager$AckTrigger.run() Sleeping: 50. lastAckedVector: [0, 0, 0] at time 1332582886901
10:54:49.708 CliBatchAckTrigger ClientBatchManager$AckTrigger.run() Sleeping: 50. lastAckedVector: [0, 0, 0] at time 1332582886901
10:54:49.758 CliBatchAckTrigger ClientBatchManager$AckTrigger.run() Sleeping: 50. lastAckedVector: [0, 0, 0] at time 1332582886901
10:54:49.809 CliBatchAckTrigger ClientBatchManager$AckTrigger.run() Sleeping: 50. lastAckedVector: [0, 0, 0] at time 1332582886901
10:54:49.859 CliBatchAckTrigger ClientBatchManager$AckTrigger.run() Sleeping: 50. lastAckedVector: [0, 0, 0] at time 1332582886901
10:54:49.910 CliBatchAckTrigger ClientBatchManager$AckTrigger.run() Sleeping: 50. lastAckedVector: [0, 0, 0] at time 1332582886901
10:54:49.960 CliBatchAckTrigger ClientBatchManager$AckTrigger.run() Sleeping: 50. lastAckedVector: [0, 0, 0] at time 1332582886901
10:54:49.995 UdpReader UdpNetwork$SocketReader.run() Received from 2:ALIVE (v:2, logsize: 0)
10:54:49.995 UdpReader Paxos$MessageHandlerImpl.onMessageReceived() Msg rcv: ALIVE (v:2, logsize: 0)
10:54:49.995 FailureDetector ActiveFailureDetector.run() Suspecting leader (2) in 499ms
10:54:50.011 CliBatchAckTrigger ClientBatchManager$AckTrigger.run() Sleeping: 50. lastAckedVector: [0, 0, 0] at time 1332582886901
10:54:50.061 CliBatchAckTrigger ClientBatchManager$AckTrigger.run() Sleeping: 50. lastAckedVector: [0, 0, 0] at time 1332582886901
10:54:50.112 CliBatchAckTrigger ClientBatchManager$AckTrigger.run() Sleeping: 50. lastAckedVector: [0, 0, 0] at time 1332582886901
10:54:50.162 CliBatchAckTrigger ClientBatchManager$AckTrigger.run() Sleeping: 50. lastAckedVector: [0, 0, 0] at time 1332582886901
10:54:50.213 CliBatchAckTrigger ClientBatchManager$AckTrigger.run() Sleeping: 50. lastAckedVector: [0, 0, 0] at time 1332582886901
10:54:50.263 CliBatchAckTrigger ClientBatchManager$AckTrigger.run() Sleeping: 50. lastAckedVector: [0, 0, 0] at time 1332582886901
10:54:50.314 CliBatchAckTrigger ClientBatchManager$AckTrigger.run() Sleeping: 50. lastAckedVector: [0, 0, 0] at time 1332582886901
10:54:50.364 CliBatchAckTrigger ClientBatchManager$AckTrigger.run() Sleeping: 50. lastAckedVector: [0, 0, 0] at time 1332582886901
10:54:50.415 CliBatchAckTrigger ClientBatchManager$AckTrigger.run() Sleeping: 50. lastAckedVector: [0, 0, 0] at time 1332582886901
10:54:50.465 CliBatchAckTrigger ClientBatchManager$AckTrigger.run() Sleeping: 50. lastAckedVector: [0, 0, 0] at time 1332582886901
10:54:50.495 FailureDetector ActiveFailureDetector.run() Suspecting leader (2) in 500ms
10:54:50.495 UdpReader UdpNetwork$SocketReader.run() Received from 2:ALIVE (v:2, logsize: 0)
10:54:50.495 UdpReader Paxos$MessageHandlerImpl.onMessageReceived() Msg rcv: ALIVE (v:2, logsize: 0)
10:54:50.513 ClientIO-0 ClientRequestManager.onClientRequest() Received: id=3997748660682004:1
10:54:50.515 CliBatchAckTrigger ClientBatchManager$AckTrigger.run() Sleeping: 50. lastAckedVector: [0, 0, 0] at time 1332582886901
10:54:50.564 CliReqBatcher ClientRequestBatcher.run() Timeout expired.
10:54:50.565 CliBatchManager ClientBatchManager.sendNextBatch() Forwarding batch: ForwardClientBatch(rid:1:1, [id=3997748660682004:1], [0, 0, 0])
10:54:50.565 CliBatchAckTrigger ClientBatchManager$AckTrigger.run() Sleeping: 50. lastAckedVector: [0, 0, 0] at time 1332582886901
10:54:50.567 CliBatchManager ClientBatchStore.setRequestInfo() Initializing: 1:1
10:54:50.567 CliBatchManager ClientBatchStore.markReceived() New SN. Replica 1, previous:0, new: 1, All: [0, 1, 0]
10:54:50.567 CliBatchManager ClientBatchManager.onForwardClientBatch() Received request: rid:1:1, State:NotProposed, Acks: [010], stable:false
10:54:50.594 ReplicaIORcv-2 TcpConnection$ReceiverThread.run() Received [2] Propose(v:2, i:0) size: 33
10:54:50.594 ReplicaIORcv-2 Paxos$MessageHandlerImpl.onMessageReceived() Msg rcv: Propose(v:2, i:0)
10:54:50.595 Protocol Acceptor.onPropose() onPropose. View:instance: 2:0
10:54:50.596 Protocol FullSSDiscWriter.changeInstanceView() Log stream sync'd (change instance view)
10:54:50.597 Protocol Paxos.decide() Decided 0, Log Size: 1
10:54:50.598 CliBatchManager ClientBatchManager.innerOnBatchOrdered() Instance: 0: [rid=1:1]
10:54:50.598 CliBatchManager ClientBatchManager.innerOnBatchOrdered() Decided: rid:1:1, State:Decided, Acks: [010], stable:true
10:54:50.598 CliBatchManager ClientBatchManager.executeRequests() decidedWaitingExecution.size: 1
10:54:50.599 CliBatchManager ClientBatchManager.executeRequests() Executing instance: 0
10:54:50.599 CliBatchManager ClientBatchManager.executeRequests() Executing batch: 1:1
10:54:50.600 CliBatchManager ClientBatchManager.executeRequests() Cannot continue execution. Next instance not decided: 1
10:54:50.600 CliBatchManager ClientBatchStore.pruneLogs() Prunning logs. rcvdUB: [0, 0, 0] [0, 1, 0] [0, 0, 0] 
10:54:50.600 CliBatchManager ClientBatchStore.pruneLogs() Lower: [1, 1, 1], firstNotProposed: [1, 1, 1], upper: [1, 2, 1]
10:54:50.600 CliBatchManager ClientBatchStore.pruneLogs() Stopped prunning at 1:rid:1:1, State:Executed, Acks: [010], stable:true, batches waiting: 1
10:54:50.600 CliBatchManager ClientBatchStore.pruneLogs() Lower: [1, 1, 1], firstNotProposed: [1, 1, 1], upper: [1, 2, 1]
10:54:50.601 ReplicaIORcv-0 TcpConnection$ReceiverThread.run() Received [0] Accept(v:2, i:0) size: 17
10:54:50.601 ReplicaIORcv-0 Paxos$MessageHandlerImpl.onMessageReceived() Msg rcv: Accept(v:2, i:0)
10:54:50.601 Replica Replica.innerExecuteClientBatch() Executing batch rid:1:1, State:Executed, Acks: [010], stable:true, instance number 0
10:54:50.602 Protocol Learner.onAccept() Ignoring Accept. Instance already decided: 0
10:54:50.602 Replica EchoService.execute() <Service> Executed request no.0
10:54:50.605 Replica ClientRequestManager.onRequestExecuted() Enqueueing reply 3997748660682004:1
10:54:50.606 Replica Replica.innerInstanceExecuted() Instance finished: 0
10:54:50.609 ReplicaIORcv-2 TcpConnection$ReceiverThread.run() Received [2] AckForwardClientBatch([0, 1, 0]) size: 25
10:54:50.610 CliBatchManager ClientBatchManager.onAckForwardClientBatch() Received ack from 2: [0, 1, 0]
10:54:50.612 ClientIO-0 ClientRequestManager$1.run() Sending reply. 3997748660682004:1
10:54:50.616 CliBatchAckTrigger ClientBatchManager$AckTrigger.run() Sleeping: 50. lastAckedVector: [0, 0, 0] at time 1332582890566
10:54:50.617 ReplicaIORcv-0 TcpConnection$ReceiverThread.run() Received [0] AckForwardClientBatch([0, 1, 0]) size: 25
10:54:50.618 CliBatchManager ClientBatchManager.onAckForwardClientBatch() Received ack from 0: [0, 1, 0]
10:54:50.626 ClientIO-0 ClientRequestManager.onClientRequest() Received: id=3997748660682004:2
10:54:50.666 CliBatchAckTrigger ClientBatchManager$AckTrigger.run() Sleeping: 50. lastAckedVector: [0, 0, 0] at time 1332582890566
10:54:50.676 CliReqBatcher ClientRequestBatcher.run() Timeout expired.
10:54:50.677 CliBatchManager ClientBatchManager.sendNextBatch() Forwarding batch: ForwardClientBatch(rid:1:2, [id=3997748660682004:2], [0, 1, 0])
10:54:50.678 CliBatchManager ClientBatchStore.setRequestInfo() Initializing: 1:2
10:54:50.678 CliBatchManager ClientBatchStore.markReceived() New SN. Replica 1, previous:1, new: 2, All: [0, 2, 0]
10:54:50.678 CliBatchManager ClientBatchManager.onForwardClientBatch() Received request: rid:1:2, State:NotProposed, Acks: [010], stable:false
10:54:50.692 ReplicaIORcv-2 TcpConnection$ReceiverThread.run() Received [2] Propose(v:2, i:1) size: 33
10:54:50.692 ReplicaIORcv-2 Paxos$MessageHandlerImpl.onMessageReceived() Msg rcv: Propose(v:2, i:1)
10:54:50.692 Protocol Acceptor.onPropose() onPropose. View:instance: 2:1
10:54:50.692 Protocol FullSSDiscWriter.changeInstanceView() Log stream sync'd (change instance view)
10:54:50.693 Protocol Paxos.decide() Decided 1, Log Size: 2
10:54:50.693 CliBatchManager ClientBatchManager.innerOnBatchOrdered() Instance: 1: [rid=1:2]
10:54:50.693 CliBatchManager ClientBatchManager.innerOnBatchOrdered() Decided: rid:1:2, State:Decided, Acks: [010], stable:true
10:54:50.693 CliBatchManager ClientBatchManager.executeRequests() decidedWaitingExecution.size: 1
10:54:50.693 ReplicaIORcv-0 TcpConnection$ReceiverThread.run() Received [0] Accept(v:2, i:1) size: 17
10:54:50.693 ReplicaIORcv-0 Paxos$MessageHandlerImpl.onMessageReceived() Msg rcv: Accept(v:2, i:1)
10:54:50.693 CliBatchManager ClientBatchManager.executeRequests() Executing instance: 1
10:54:50.694 CliBatchManager ClientBatchManager.executeRequests() Executing batch: 1:2
10:54:50.695 CliBatchManager ClientBatchManager.executeRequests() Cannot continue execution. Next instance not decided: 2
10:54:50.695 CliBatchManager ClientBatchStore.pruneLogs() Prunning logs. rcvdUB: [0, 1, 0] [0, 2, 0] [0, 1, 0] 
10:54:50.695 CliBatchManager ClientBatchStore.pruneLogs() Lower: [1, 1, 1], firstNotProposed: [1, 1, 1], upper: [1, 3, 1]
10:54:50.695 CliBatchManager ClientBatchStore.pruneLogs() Stopped prunning at 2:rid:1:2, State:Executed, Acks: [010], stable:true, batches waiting: 1
10:54:50.695 CliBatchManager ClientBatchStore.pruneLogs() Lower: [1, 2, 1], firstNotProposed: [1, 1, 1], upper: [1, 3, 1]
10:54:50.695 Protocol Learner.onAccept() Ignoring Accept. Instance already decided: 1
10:54:50.696 Replica Replica.innerExecuteClientBatch() Executing batch rid:1:2, State:Executed, Acks: [010], stable:true, instance number 1
10:54:50.696 Replica EchoService.execute() <Service> Executed request no.1
10:54:50.696 Replica ClientRequestManager.onRequestExecuted() Enqueueing reply 3997748660682004:2
10:54:50.696 Replica Replica.innerInstanceExecuted() Instance finished: 1
10:54:50.697 ClientIO-0 ClientRequestManager$1.run() Sending reply. 3997748660682004:2
10:54:50.706 ReplicaIORcv-2 TcpConnection$ReceiverThread.run() Received [2] AckForwardClientBatch([0, 2, 0]) size: 25
10:54:50.706 CliBatchManager ClientBatchManager.onAckForwardClientBatch() Received ack from 2: [0, 2, 0]
10:54:50.709 ClientIO-0 ClientRequestManager.onClientRequest() Received: id=3997748660682004:3
10:54:50.717 CliBatchAckTrigger ClientBatchManager$AckTrigger.run() Sleeping: 50. lastAckedVector: [0, 1, 0] at time 1332582890678
10:54:50.718 ReplicaIORcv-0 TcpConnection$ReceiverThread.run() Received [0] AckForwardClientBatch([0, 2, 0]) size: 25
10:54:50.718 CliBatchManager ClientBatchManager.onAckForwardClientBatch() Received ack from 0: [0, 2, 0]
10:54:50.759 CliReqBatcher ClientRequestBatcher.run() Timeout expired.
10:54:50.760 CliBatchManager ClientBatchManager.sendNextBatch() Forwarding batch: ForwardClientBatch(rid:1:3, [id=3997748660682004:3], [0, 2, 0])
10:54:50.760 CliBatchManager ClientBatchStore.setRequestInfo() Initializing: 1:3
10:54:50.760 CliBatchManager ClientBatchStore.markReceived() New SN. Replica 1, previous:2, new: 3, All: [0, 3, 0]
10:54:50.760 CliBatchManager ClientBatchManager.onForwardClientBatch() Received request: rid:1:3, State:NotProposed, Acks: [010], stable:false
10:54:50.767 CliBatchAckTrigger ClientBatchManager$AckTrigger.run() Sleeping: 50. lastAckedVector: [0, 2, 0] at time 1332582890760
10:54:50.769 ReplicaIORcv-0 TcpConnection$ReceiverThread.run() Received [0] AckForwardClientBatch([0, 3, 0]) size: 25
10:54:50.769 CliBatchManager ClientBatchManager.onAckForwardClientBatch() Received ack from 0: [0, 3, 0]
10:54:50.774 ReplicaIORcv-2 TcpConnection$ReceiverThread.run() Received [2] Propose(v:2, i:2) size: 33
10:54:50.774 ReplicaIORcv-2 Paxos$MessageHandlerImpl.onMessageReceived() Msg rcv: Propose(v:2, i:2)
10:54:50.774 Protocol Acceptor.onPropose() onPropose. View:instance: 2:2
10:54:50.774 Protocol FullSSDiscWriter.changeInstanceView() Log stream sync'd (change instance view)
10:54:50.775 Protocol Paxos.decide() Decided 2, Log Size: 3
10:54:50.775 CliBatchManager ClientBatchManager.innerOnBatchOrdered() Instance: 2: [rid=1:3]
10:54:50.775 CliBatchManager ClientBatchManager.innerOnBatchOrdered() Decided: rid:1:3, State:Decided, Acks: [110], stable:true
10:54:50.775 CliBatchManager ClientBatchManager.executeRequests() decidedWaitingExecution.size: 1
10:54:50.775 CliBatchManager ClientBatchManager.executeRequests() Executing instance: 2
10:54:50.775 CliBatchManager ClientBatchManager.executeRequests() Executing batch: 1:3
10:54:50.776 CliBatchManager ClientBatchManager.executeRequests() Cannot continue execution. Next instance not decided: 3
10:54:50.776 CliBatchManager ClientBatchStore.pruneLogs() Prunning logs. rcvdUB: [0, 3, 0] [0, 3, 0] [0, 2, 0] 
10:54:50.776 CliBatchManager ClientBatchStore.pruneLogs() Lower: [1, 2, 1], firstNotProposed: [1, 1, 1], upper: [1, 4, 1]
10:54:50.776 CliBatchManager ClientBatchStore.pruneLogs() Stopped prunning at 3:rid:1:3, State:Executed, Acks: [110], stable:true, batches waiting: 1
10:54:50.776 CliBatchManager ClientBatchStore.pruneLogs() Lower: [1, 3, 1], firstNotProposed: [1, 1, 1], upper: [1, 4, 1]
10:54:50.776 ReplicaIORcv-0 TcpConnection$ReceiverThread.run() Received [0] Accept(v:2, i:2) size: 17
10:54:50.777 ReplicaIORcv-0 Paxos$MessageHandlerImpl.onMessageReceived() Msg rcv: Accept(v:2, i:2)
10:54:50.777 Replica Replica.innerExecuteClientBatch() Executing batch rid:1:3, State:Executed, Acks: [110], stable:true, instance number 2
10:54:50.777 Replica EchoService.execute() <Service> Executed request no.2
10:54:50.777 Replica ClientRequestManager.onRequestExecuted() Enqueueing reply 3997748660682004:3
10:54:50.777 Replica Replica.innerInstanceExecuted() Instance finished: 2
10:54:50.778 Protocol Learner.onAccept() Ignoring Accept. Instance already decided: 2
10:54:50.780 ClientIO-0 ClientRequestManager$1.run() Sending reply. 3997748660682004:3
10:54:50.791 ClientIO-0 ClientRequestManager.onClientRequest() Received: id=3997748660682004:4
10:54:50.806 ReplicaIORcv-2 TcpConnection$ReceiverThread.run() Received [2] AckForwardClientBatch([0, 3, 0]) size: 25
10:54:50.807 CliBatchManager ClientBatchManager.onAckForwardClientBatch() Received ack from 2: [0, 3, 0]
10:54:50.818 CliBatchAckTrigger ClientBatchManager$AckTrigger.run() Sleeping: 50. lastAckedVector: [0, 2, 0] at time 1332582890760
10:54:50.842 CliReqBatcher ClientRequestBatcher.run() Timeout expired.
10:54:50.842 CliBatchManager ClientBatchManager.sendNextBatch() Forwarding batch: ForwardClientBatch(rid:1:4, [id=3997748660682004:4], [0, 3, 0])
10:54:50.843 CliBatchManager ClientBatchStore.setRequestInfo() Initializing: 1:4
10:54:50.843 CliBatchManager ClientBatchStore.markReceived() New SN. Replica 1, previous:3, new: 4, All: [0, 4, 0]
10:54:50.843 CliBatchManager ClientBatchManager.onForwardClientBatch() Received request: rid:1:4, State:NotProposed, Acks: [010], stable:false
10:54:50.856 ReplicaIORcv-2 TcpConnection$ReceiverThread.run() Received [2] Propose(v:2, i:3) size: 33
10:54:50.857 ReplicaIORcv-2 Paxos$MessageHandlerImpl.onMessageReceived() Msg rcv: Propose(v:2, i:3)
10:54:50.857 ReplicaIORcv-2 TcpConnection$ReceiverThread.run() Received [2] AckForwardClientBatch([0, 4, 0]) size: 25
10:54:50.857 Protocol Acceptor.onPropose() onPropose. View:instance: 2:3
10:54:50.857 CliBatchManager ClientBatchManager.onAckForwardClientBatch() Received ack from 2: [0, 4, 0]
10:54:50.858 Protocol FullSSDiscWriter.changeInstanceView() Log stream sync'd (change instance view)
10:54:50.858 Protocol Paxos.decide() Decided 3, Log Size: 4
10:54:50.858 ReplicaIORcv-0 TcpConnection$ReceiverThread.run() Received [0] Accept(v:2, i:3) size: 17
10:54:50.858 ReplicaIORcv-0 Paxos$MessageHandlerImpl.onMessageReceived() Msg rcv: Accept(v:2, i:3)
10:54:50.858 CliBatchManager ClientBatchManager.innerOnBatchOrdered() Instance: 3: [rid=1:4]
10:54:50.858 CliBatchManager ClientBatchManager.innerOnBatchOrdered() Decided: rid:1:4, State:Decided, Acks: [011], stable:true
10:54:50.858 CliBatchManager ClientBatchManager.executeRequests() decidedWaitingExecution.size: 1
10:54:50.859 CliBatchManager ClientBatchManager.executeRequests() Executing instance: 3
10:54:50.859 CliBatchManager ClientBatchManager.executeRequests() Executing batch: 1:4
10:54:50.859 CliBatchManager ClientBatchManager.executeRequests() Cannot continue execution. Next instance not decided: 4
10:54:50.859 CliBatchManager ClientBatchStore.pruneLogs() Prunning logs. rcvdUB: [0, 3, 0] [0, 4, 0] [0, 4, 0] 
10:54:50.859 CliBatchManager ClientBatchStore.pruneLogs() Lower: [1, 3, 1], firstNotProposed: [1, 1, 1], upper: [1, 5, 1]
10:54:50.859 CliBatchManager ClientBatchStore.pruneLogs() Stopped prunning at 4:rid:1:4, State:Executed, Acks: [011], stable:true, batches waiting: 1
10:54:50.859 CliBatchManager ClientBatchStore.pruneLogs() Lower: [1, 4, 1], firstNotProposed: [1, 1, 1], upper: [1, 5, 1]
10:54:50.860 Protocol Learner.onAccept() Ignoring Accept. Instance already decided: 3
10:54:50.860 Replica Replica.innerExecuteClientBatch() Executing batch rid:1:4, State:Executed, Acks: [011], stable:true, instance number 3
10:54:50.860 Replica EchoService.execute() <Service> Executed request no.3
10:54:50.860 Replica ClientRequestManager.onRequestExecuted() Enqueueing reply 3997748660682004:4
10:54:50.860 Replica Replica.innerInstanceExecuted() Instance finished: 3
10:54:50.863 ClientIO-0 ClientRequestManager$1.run() Sending reply. 3997748660682004:4
10:54:50.868 CliBatchAckTrigger ClientBatchManager$AckTrigger.run() Sleeping: 50. lastAckedVector: [0, 3, 0] at time 1332582890843
10:54:50.869 ReplicaIORcv-0 TcpConnection$ReceiverThread.run() Received [0] AckForwardClientBatch([0, 4, 0]) size: 25
10:54:50.870 CliBatchManager ClientBatchManager.onAckForwardClientBatch() Received ack from 0: [0, 4, 0]
10:54:50.874 ClientIO-0 ClientRequestManager.onClientRequest() Received: id=3997748660682004:5
10:54:50.918 CliBatchAckTrigger ClientBatchManager$AckTrigger.run() Sleeping: 50. lastAckedVector: [0, 3, 0] at time 1332582890843
10:54:50.925 CliReqBatcher ClientRequestBatcher.run() Timeout expired.
10:54:50.925 CliBatchManager ClientBatchManager.sendNextBatch() Forwarding batch: ForwardClientBatch(rid:1:5, [id=3997748660682004:5], [0, 4, 0])
10:54:50.925 CliBatchManager ClientBatchStore.setRequestInfo() Initializing: 1:5
10:54:50.926 CliBatchManager ClientBatchStore.markReceived() New SN. Replica 1, previous:4, new: 5, All: [0, 5, 0]
10:54:50.926 CliBatchManager ClientBatchManager.onForwardClientBatch() Received request: rid:1:5, State:NotProposed, Acks: [010], stable:false
10:54:50.940 ReplicaIORcv-2 TcpConnection$ReceiverThread.run() Received [2] Propose(v:2, i:4) size: 33
10:54:50.940 ReplicaIORcv-2 Paxos$MessageHandlerImpl.onMessageReceived() Msg rcv: Propose(v:2, i:4)
10:54:50.940 Protocol Acceptor.onPropose() onPropose. View:instance: 2:4
10:54:50.940 Protocol FullSSDiscWriter.changeInstanceView() Log stream sync'd (change instance view)
10:54:50.941 Protocol Paxos.decide() Decided 4, Log Size: 5
10:54:50.941 CliBatchManager ClientBatchManager.innerOnBatchOrdered() Instance: 4: [rid=1:5]
10:54:50.941 CliBatchManager ClientBatchManager.innerOnBatchOrdered() Decided: rid:1:5, State:Decided, Acks: [010], stable:true
10:54:50.941 CliBatchManager ClientBatchManager.executeRequests() decidedWaitingExecution.size: 1
10:54:50.941 CliBatchManager ClientBatchManager.executeRequests() Executing instance: 4
10:54:50.941 CliBatchManager ClientBatchManager.executeRequests() Executing batch: 1:5
10:54:50.942 CliBatchManager ClientBatchManager.executeRequests() Cannot continue execution. Next instance not decided: 5
10:54:50.942 CliBatchManager ClientBatchStore.pruneLogs() Prunning logs. rcvdUB: [0, 4, 0] [0, 5, 0] [0, 4, 0] 
10:54:50.942 CliBatchManager ClientBatchStore.pruneLogs() Lower: [1, 4, 1], firstNotProposed: [1, 1, 1], upper: [1, 6, 1]
10:54:50.942 CliBatchManager ClientBatchStore.pruneLogs() Stopped prunning at 5:rid:1:5, State:Executed, Acks: [010], stable:true, batches waiting: 1
10:54:50.942 CliBatchManager ClientBatchStore.pruneLogs() Lower: [1, 5, 1], firstNotProposed: [1, 1, 1], upper: [1, 6, 1]
10:54:50.942 ReplicaIORcv-0 TcpConnection$ReceiverThread.run() Received [0] Accept(v:2, i:4) size: 17
10:54:50.942 ReplicaIORcv-0 Paxos$MessageHandlerImpl.onMessageReceived() Msg rcv: Accept(v:2, i:4)
10:54:50.943 Replica Replica.innerExecuteClientBatch() Executing batch rid:1:5, State:Executed, Acks: [010], stable:true, instance number 4
10:54:50.943 Replica EchoService.execute() <Service> Executed request no.4
10:54:50.943 Replica ClientRequestManager.onRequestExecuted() Enqueueing reply 3997748660682004:5
10:54:50.944 Replica Replica.innerInstanceExecuted() Instance finished: 4
10:54:50.944 Protocol Learner.onAccept() Ignoring Accept. Instance already decided: 4
10:54:50.945 ClientIO-0 ClientRequestManager$1.run() Sending reply. 3997748660682004:5
10:54:50.957 ClientIO-0 ClientRequestManager.onClientRequest() Received: id=3997748660682004:6
10:54:50.957 ReplicaIORcv-2 TcpConnection$ReceiverThread.run() Received [2] AckForwardClientBatch([0, 5, 0]) size: 25
10:54:50.958 CliBatchManager ClientBatchManager.onAckForwardClientBatch() Received ack from 2: [0, 5, 0]
10:54:50.969 CliBatchAckTrigger ClientBatchManager$AckTrigger.run() Sleeping: 50. lastAckedVector: [0, 4, 0] at time 1332582890925
10:54:50.970 ReplicaIORcv-0 TcpConnection$ReceiverThread.run() Received [0] AckForwardClientBatch([0, 5, 0]) size: 25
10:54:50.971 CliBatchManager ClientBatchManager.onAckForwardClientBatch() Received ack from 0: [0, 5, 0]
10:54:50.995 FailureDetector ActiveFailureDetector.run() Suspecting leader (2) in 963ms
10:54:51.007 CliReqBatcher ClientRequestBatcher.run() Timeout expired.
10:54:51.008 CliBatchManager ClientBatchManager.sendNextBatch() Forwarding batch: ForwardClientBatch(rid:1:6, [id=3997748660682004:6], [0, 5, 0])
10:54:51.008 CliBatchManager ClientBatchStore.setRequestInfo() Initializing: 1:6
10:54:51.008 CliBatchManager ClientBatchStore.markReceived() New SN. Replica 1, previous:5, new: 6, All: [0, 6, 0]
10:54:51.008 CliBatchManager ClientBatchManager.onForwardClientBatch() Received request: rid:1:6, State:NotProposed, Acks: [010], stable:false
10:54:51.019 CliBatchAckTrigger ClientBatchManager$AckTrigger.run() Sleeping: 50. lastAckedVector: [0, 5, 0] at time 1332582891008
10:54:51.021 ReplicaIORcv-0 TcpConnection$ReceiverThread.run() Received [0] AckForwardClientBatch([0, 6, 0]) size: 25
10:54:51.022 CliBatchManager ClientBatchManager.onAckForwardClientBatch() Received ack from 0: [0, 6, 0]
10:54:51.023 ReplicaIORcv-2 TcpConnection$ReceiverThread.run() Received [2] Propose(v:2, i:5) size: 33
10:54:51.023 ReplicaIORcv-2 Paxos$MessageHandlerImpl.onMessageReceived() Msg rcv: Propose(v:2, i:5)
10:54:51.023 Protocol Acceptor.onPropose() onPropose. View:instance: 2:5
10:54:51.023 Protocol FullSSDiscWriter.changeInstanceView() Log stream sync'd (change instance view)
10:54:51.023 Protocol Paxos.decide() Decided 5, Log Size: 6
10:54:51.024 CliBatchManager ClientBatchManager.innerOnBatchOrdered() Instance: 5: [rid=1:6]
10:54:51.024 CliBatchManager ClientBatchManager.innerOnBatchOrdered() Decided: rid:1:6, State:Decided, Acks: [110], stable:true
10:54:51.024 CliBatchManager ClientBatchManager.executeRequests() decidedWaitingExecution.size: 1
10:54:51.024 CliBatchManager ClientBatchManager.executeRequests() Executing instance: 5
10:54:51.024 CliBatchManager ClientBatchManager.executeRequests() Executing batch: 1:6
10:54:51.024 CliBatchManager ClientBatchManager.executeRequests() Cannot continue execution. Next instance not decided: 6
10:54:51.025 CliBatchManager ClientBatchStore.pruneLogs() Prunning logs. rcvdUB: [0, 6, 0] [0, 6, 0] [0, 5, 0] 
10:54:51.025 CliBatchManager ClientBatchStore.pruneLogs() Lower: [1, 5, 1], firstNotProposed: [1, 1, 1], upper: [1, 7, 1]
10:54:51.025 CliBatchManager ClientBatchStore.pruneLogs() Stopped prunning at 6:rid:1:6, State:Executed, Acks: [110], stable:true, batches waiting: 1
10:54:51.025 CliBatchManager ClientBatchStore.pruneLogs() Lower: [1, 6, 1], firstNotProposed: [1, 1, 1], upper: [1, 7, 1]
10:54:51.025 ReplicaIORcv-0 TcpConnection$ReceiverThread.run() Received [0] Accept(v:2, i:5) size: 17
10:54:51.026 ReplicaIORcv-0 Paxos$MessageHandlerImpl.onMessageReceived() Msg rcv: Accept(v:2, i:5)
10:54:51.026 Replica Replica.innerExecuteClientBatch() Executing batch rid:1:6, State:Executed, Acks: [110], stable:true, instance number 5
10:54:51.027 Replica EchoService.execute() <Service> Executed request no.5
10:54:51.027 Replica ClientRequestManager.onRequestExecuted() Enqueueing reply 3997748660682004:6
10:54:51.027 Replica Replica.innerInstanceExecuted() Instance finished: 5
10:54:51.027 Protocol Learner.onAccept() Ignoring Accept. Instance already decided: 5
10:54:51.028 ClientIO-0 ClientRequestManager$1.run() Sending reply. 3997748660682004:6
10:54:51.040 ClientIO-0 ClientRequestManager.onClientRequest() Received: id=3997748660682004:7
10:54:51.058 ReplicaIORcv-2 TcpConnection$ReceiverThread.run() Received [2] AckForwardClientBatch([0, 6, 0]) size: 25
10:54:51.059 CliBatchManager ClientBatchManager.onAckForwardClientBatch() Received ack from 2: [0, 6, 0]
10:54:51.070 CliBatchAckTrigger ClientBatchManager$AckTrigger.run() Sleeping: 50. lastAckedVector: [0, 5, 0] at time 1332582891008
10:54:51.090 CliReqBatcher ClientRequestBatcher.run() Timeout expired.
10:54:51.091 CliBatchManager ClientBatchManager.sendNextBatch() Forwarding batch: ForwardClientBatch(rid:1:7, [id=3997748660682004:7], [0, 6, 0])
10:54:51.091 CliBatchManager ClientBatchStore.setRequestInfo() Initializing: 1:7
10:54:51.091 CliBatchManager ClientBatchStore.markReceived() New SN. Replica 1, previous:6, new: 7, All: [0, 7, 0]
10:54:51.091 CliBatchManager ClientBatchManager.onForwardClientBatch() Received request: rid:1:7, State:NotProposed, Acks: [010], stable:false
10:54:51.105 ReplicaIORcv-2 TcpConnection$ReceiverThread.run() Received [2] Propose(v:2, i:6) size: 33
10:54:51.105 ReplicaIORcv-2 Paxos$MessageHandlerImpl.onMessageReceived() Msg rcv: Propose(v:2, i:6)
10:54:51.105 Protocol Acceptor.onPropose() onPropose. View:instance: 2:6
10:54:51.106 Protocol FullSSDiscWriter.changeInstanceView() Log stream sync'd (change instance view)
10:54:51.106 Protocol Paxos.decide() Decided 6, Log Size: 7
10:54:51.107 CliBatchManager ClientBatchManager.innerOnBatchOrdered() Instance: 6: [rid=1:7]
10:54:51.108 CliBatchManager ClientBatchManager.innerOnBatchOrdered() Decided: rid:1:7, State:Decided, Acks: [010], stable:true
10:54:51.108 CliBatchManager ClientBatchManager.executeRequests() decidedWaitingExecution.size: 1
10:54:51.108 CliBatchManager ClientBatchManager.executeRequests() Executing instance: 6
10:54:51.108 CliBatchManager ClientBatchManager.executeRequests() Executing batch: 1:7
10:54:51.108 CliBatchManager ClientBatchManager.executeRequests() Cannot continue execution. Next instance not decided: 7
10:54:51.108 CliBatchManager ClientBatchStore.pruneLogs() Prunning logs. rcvdUB: [0, 6, 0] [0, 7, 0] [0, 6, 0] 
10:54:51.108 CliBatchManager ClientBatchStore.pruneLogs() Lower: [1, 6, 1], firstNotProposed: [1, 1, 1], upper: [1, 8, 1]
10:54:51.109 CliBatchManager ClientBatchStore.pruneLogs() Stopped prunning at 7:rid:1:7, State:Executed, Acks: [010], stable:true, batches waiting: 1
10:54:51.109 CliBatchManager ClientBatchStore.pruneLogs() Lower: [1, 7, 1], firstNotProposed: [1, 1, 1], upper: [1, 8, 1]
10:54:51.109 Replica Replica.innerExecuteClientBatch() Executing batch rid:1:7, State:Executed, Acks: [010], stable:true, instance number 6
10:54:51.109 Replica EchoService.execute() <Service> Executed request no.6
10:54:51.110 Replica ClientRequestManager.onRequestExecuted() Enqueueing reply 3997748660682004:7
10:54:51.110 Replica Replica.innerInstanceExecuted() Instance finished: 6
10:54:51.110 ReplicaIORcv-0 TcpConnection$ReceiverThread.run() Received [0] Accept(v:2, i:6) size: 17
10:54:51.110 ReplicaIORcv-0 Paxos$MessageHandlerImpl.onMessageReceived() Msg rcv: Accept(v:2, i:6)
10:54:51.112 Protocol Learner.onAccept() Ignoring Accept. Instance already decided: 6
10:54:51.112 ClientIO-0 ClientRequestManager$1.run() Sending reply. 3997748660682004:7
10:54:51.114 ReplicaIORcv-2 TcpConnection$ReceiverThread.run() Received [2] AckForwardClientBatch([0, 7, 0]) size: 25
10:54:51.115 CliBatchManager ClientBatchManager.onAckForwardClientBatch() Received ack from 2: [0, 7, 0]
10:54:51.120 CliBatchAckTrigger ClientBatchManager$AckTrigger.run() Sleeping: 50. lastAckedVector: [0, 6, 0] at time 1332582891091
10:54:51.122 ReplicaIORcv-0 TcpConnection$ReceiverThread.run() Received [0] AckForwardClientBatch([0, 7, 0]) size: 25
10:54:51.122 CliBatchManager ClientBatchManager.onAckForwardClientBatch() Received ack from 0: [0, 7, 0]
10:54:51.124 ClientIO-0 ClientRequestManager.onClientRequest() Received: id=3997748660682004:8
10:54:51.171 CliBatchAckTrigger ClientBatchManager$AckTrigger.run() Sleeping: 50. lastAckedVector: [0, 6, 0] at time 1332582891091
10:54:51.174 CliReqBatcher ClientRequestBatcher.run() Timeout expired.
10:54:51.175 CliBatchManager ClientBatchManager.sendNextBatch() Forwarding batch: ForwardClientBatch(rid:1:8, [id=3997748660682004:8], [0, 7, 0])
10:54:51.175 CliBatchManager ClientBatchStore.setRequestInfo() Initializing: 1:8
10:54:51.175 CliBatchManager ClientBatchStore.markReceived() New SN. Replica 1, previous:7, new: 8, All: [0, 8, 0]
10:54:51.176 CliBatchManager ClientBatchManager.onForwardClientBatch() Received request: rid:1:8, State:NotProposed, Acks: [010], stable:false
10:54:51.190 ReplicaIORcv-2 TcpConnection$ReceiverThread.run() Received [2] Propose(v:2, i:7) size: 33
10:54:51.190 ReplicaIORcv-2 Paxos$MessageHandlerImpl.onMessageReceived() Msg rcv: Propose(v:2, i:7)
10:54:51.190 Protocol Acceptor.onPropose() onPropose. View:instance: 2:7
10:54:51.191 Protocol FullSSDiscWriter.changeInstanceView() Log stream sync'd (change instance view)
10:54:51.191 Protocol Paxos.decide() Decided 7, Log Size: 8
10:54:51.191 CliBatchManager ClientBatchManager.innerOnBatchOrdered() Instance: 7: [rid=1:8]
10:54:51.192 CliBatchManager ClientBatchManager.innerOnBatchOrdered() Decided: rid:1:8, State:Decided, Acks: [010], stable:true
10:54:51.192 CliBatchManager ClientBatchManager.executeRequests() decidedWaitingExecution.size: 1
10:54:51.192 CliBatchManager ClientBatchManager.executeRequests() Executing instance: 7
10:54:51.192 CliBatchManager ClientBatchManager.executeRequests() Executing batch: 1:8
10:54:51.192 CliBatchManager ClientBatchManager.executeRequests() Cannot continue execution. Next instance not decided: 8
10:54:51.192 CliBatchManager ClientBatchStore.pruneLogs() Prunning logs. rcvdUB: [0, 7, 0] [0, 8, 0] [0, 7, 0] 
10:54:51.192 CliBatchManager ClientBatchStore.pruneLogs() Lower: [1, 7, 1], firstNotProposed: [1, 1, 1], upper: [1, 9, 1]
10:54:51.193 CliBatchManager ClientBatchStore.pruneLogs() Stopped prunning at 8:rid:1:8, State:Executed, Acks: [010], stable:true, batches waiting: 1
10:54:51.193 CliBatchManager ClientBatchStore.pruneLogs() Lower: [1, 8, 1], firstNotProposed: [1, 1, 1], upper: [1, 9, 1]
10:54:51.193 Replica Replica.innerExecuteClientBatch() Executing batch rid:1:8, State:Executed, Acks: [010], stable:true, instance number 7
10:54:51.193 Replica EchoService.execute() <Service> Executed request no.7
10:54:51.193 Replica ClientRequestManager.onRequestExecuted() Enqueueing reply 3997748660682004:8
10:54:51.193 Replica Replica.innerInstanceExecuted() Instance finished: 7
10:54:51.194 ReplicaIORcv-0 TcpConnection$ReceiverThread.run() Received [0] Accept(v:2, i:7) size: 17
10:54:51.194 ReplicaIORcv-0 Paxos$MessageHandlerImpl.onMessageReceived() Msg rcv: Accept(v:2, i:7)
10:54:51.195 Protocol Learner.onAccept() Ignoring Accept. Instance already decided: 7
10:54:51.197 ClientIO-0 ClientRequestManager$1.run() Sending reply. 3997748660682004:8
10:54:51.208 ClientIO-0 ClientRequestManager.onClientRequest() Received: id=3997748660682004:9
10:54:51.210 ReplicaIORcv-2 TcpConnection$ReceiverThread.run() Received [2] AckForwardClientBatch([0, 8, 0]) size: 25
10:54:51.211 CliBatchManager ClientBatchManager.onAckForwardClientBatch() Received ack from 2: [0, 8, 0]
10:54:51.221 CliBatchAckTrigger ClientBatchManager$AckTrigger.run() Sleeping: 50. lastAckedVector: [0, 7, 0] at time 1332582891175
10:54:51.223 ReplicaIORcv-0 TcpConnection$ReceiverThread.run() Received [0] AckForwardClientBatch([0, 8, 0]) size: 25
10:54:51.223 CliBatchManager ClientBatchManager.onAckForwardClientBatch() Received ack from 0: [0, 8, 0]
10:54:51.259 CliReqBatcher ClientRequestBatcher.run() Timeout expired.
10:54:51.259 CliBatchManager ClientBatchManager.sendNextBatch() Forwarding batch: ForwardClientBatch(rid:1:9, [id=3997748660682004:9], [0, 8, 0])
10:54:51.260 CliBatchManager ClientBatchStore.setRequestInfo() Initializing: 1:9
10:54:51.260 CliBatchManager ClientBatchStore.markReceived() New SN. Replica 1, previous:8, new: 9, All: [0, 9, 0]
10:54:51.260 CliBatchManager ClientBatchManager.onForwardClientBatch() Received request: rid:1:9, State:NotProposed, Acks: [010], stable:false
10:54:51.272 CliBatchAckTrigger ClientBatchManager$AckTrigger.run() Sleeping: 50. lastAckedVector: [0, 8, 0] at time 1332582891260
10:54:51.274 ReplicaIORcv-0 TcpConnection$ReceiverThread.run() Received [0] AckForwardClientBatch([0, 9, 0]) size: 25
10:54:51.274 ReplicaIORcv-2 TcpConnection$ReceiverThread.run() Received [2] Propose(v:2, i:8) size: 33
10:54:51.274 ReplicaIORcv-2 Paxos$MessageHandlerImpl.onMessageReceived() Msg rcv: Propose(v:2, i:8)
10:54:51.274 CliBatchManager ClientBatchManager.onAckForwardClientBatch() Received ack from 0: [0, 9, 0]
10:54:51.274 Protocol Acceptor.onPropose() onPropose. View:instance: 2:8
10:54:51.275 ReplicaIORcv-0 TcpConnection$ReceiverThread.run() Received [0] Accept(v:2, i:8) size: 17
10:54:51.275 ReplicaIORcv-0 Paxos$MessageHandlerImpl.onMessageReceived() Msg rcv: Accept(v:2, i:8)
10:54:51.275 Protocol FullSSDiscWriter.changeInstanceView() Log stream sync'd (change instance view)
10:54:51.275 Protocol Paxos.decide() Decided 8, Log Size: 9
10:54:51.276 Protocol Learner.onAccept() Ignoring Accept. Instance already decided: 8
10:54:51.277 CliBatchManager ClientBatchManager.innerOnBatchOrdered() Instance: 8: [rid=1:9]
10:54:51.277 CliBatchManager ClientBatchManager.innerOnBatchOrdered() Decided: rid:1:9, State:Decided, Acks: [110], stable:true
10:54:51.277 CliBatchManager ClientBatchManager.executeRequests() decidedWaitingExecution.size: 1
10:54:51.277 CliBatchManager ClientBatchManager.executeRequests() Executing instance: 8
10:54:51.277 CliBatchManager ClientBatchManager.executeRequests() Executing batch: 1:9
10:54:51.277 CliBatchManager ClientBatchManager.executeRequests() Cannot continue execution. Next instance not decided: 9
10:54:51.277 CliBatchManager ClientBatchStore.pruneLogs() Prunning logs. rcvdUB: [0, 9, 0] [0, 9, 0] [0, 8, 0] 
10:54:51.278 CliBatchManager ClientBatchStore.pruneLogs() Lower: [1, 8, 1], firstNotProposed: [1, 1, 1], upper: [1, 10, 1]
10:54:51.278 Replica Replica.innerExecuteClientBatch() Executing batch rid:1:9, State:Executed, Acks: [110], stable:true, instance number 8
10:54:51.278 Replica EchoService.execute() <Service> Executed request no.8
10:54:51.278 Replica ClientRequestManager.onRequestExecuted() Enqueueing reply 3997748660682004:9
10:54:51.278 Replica Replica.innerInstanceExecuted() Instance finished: 8
10:54:51.278 CliBatchManager ClientBatchStore.pruneLogs() Stopped prunning at 9:rid:1:9, State:Executed, Acks: [110], stable:true, batches waiting: 1
10:54:51.280 CliBatchManager ClientBatchStore.pruneLogs() Lower: [1, 9, 1], firstNotProposed: [1, 1, 1], upper: [1, 10, 1]
10:54:51.280 ClientIO-0 ClientRequestManager$1.run() Sending reply. 3997748660682004:9
10:54:51.292 ClientIO-0 ClientRequestManager.onClientRequest() Received: id=3997748660682004:10
10:54:51.312 ReplicaIORcv-2 TcpConnection$ReceiverThread.run() Received [2] AckForwardClientBatch([0, 9, 0]) size: 25
10:54:51.312 CliBatchManager ClientBatchManager.onAckForwardClientBatch() Received ack from 2: [0, 9, 0]
10:54:51.323 CliBatchAckTrigger ClientBatchManager$AckTrigger.run() Sleeping: 50. lastAckedVector: [0, 8, 0] at time 1332582891260
10:54:51.342 CliReqBatcher ClientRequestBatcher.run() Timeout expired.
10:54:51.343 CliBatchManager ClientBatchManager.sendNextBatch() Forwarding batch: ForwardClientBatch(rid:1:10, [id=3997748660682004:10], [0, 9, 0])
10:54:51.343 CliBatchManager ClientBatchStore.setRequestInfo() Initializing: 1:10
10:54:51.343 CliBatchManager ClientBatchStore.markReceived() New SN. Replica 1, previous:9, new: 10, All: [0, 10, 0]
10:54:51.343 CliBatchManager ClientBatchManager.onForwardClientBatch() Received request: rid:1:10, State:NotProposed, Acks: [010], stable:false
10:54:51.357 ReplicaIORcv-2 TcpConnection$ReceiverThread.run() Received [2] Propose(v:2, i:9) size: 33
10:54:51.358 ReplicaIORcv-2 Paxos$MessageHandlerImpl.onMessageReceived() Msg rcv: Propose(v:2, i:9)
10:54:51.358 Protocol Acceptor.onPropose() onPropose. View:instance: 2:9
10:54:51.358 Protocol FullSSDiscWriter.changeInstanceView() Log stream sync'd (change instance view)
10:54:51.358 Protocol Paxos.decide() Decided 9, Log Size: 10
10:54:51.359 CliBatchManager ClientBatchManager.innerOnBatchOrdered() Instance: 9: [rid=1:10]
10:54:51.359 CliBatchManager ClientBatchManager.innerOnBatchOrdered() Decided: rid:1:10, State:Decided, Acks: [010], stable:true
10:54:51.360 CliBatchManager ClientBatchManager.executeRequests() decidedWaitingExecution.size: 1
10:54:51.360 CliBatchManager ClientBatchManager.executeRequests() Executing instance: 9
10:54:51.360 CliBatchManager ClientBatchManager.executeRequests() Executing batch: 1:10
10:54:51.360 CliBatchManager ClientBatchManager.executeRequests() Cannot continue execution. Next instance not decided: 10
10:54:51.360 CliBatchManager ClientBatchStore.pruneLogs() Prunning logs. rcvdUB: [0, 9, 0] [0, 10, 0] [0, 9, 0] 
10:54:51.360 CliBatchManager ClientBatchStore.pruneLogs() Lower: [1, 9, 1], firstNotProposed: [1, 1, 1], upper: [1, 11, 1]
10:54:51.360 CliBatchManager ClientBatchStore.pruneLogs() Stopped prunning at 10:rid:1:10, State:Executed, Acks: [010], stable:true, batches waiting: 1
10:54:51.360 CliBatchManager ClientBatchStore.pruneLogs() Lower: [1, 10, 1], firstNotProposed: [1, 1, 1], upper: [1, 11, 1]
10:54:51.360 ReplicaIORcv-0 TcpConnection$ReceiverThread.run() Received [0] Accept(v:2, i:9) size: 17
10:54:51.361 ReplicaIORcv-0 Paxos$MessageHandlerImpl.onMessageReceived() Msg rcv: Accept(v:2, i:9)
10:54:51.361 Replica Replica.innerExecuteClientBatch() Executing batch rid:1:10, State:Executed, Acks: [010], stable:true, instance number 9
10:54:51.361 Replica EchoService.execute() <Service> Executed request no.9
10:54:51.361 Replica ClientRequestManager.onRequestExecuted() Enqueueing reply 3997748660682004:10
10:54:51.361 Replica Replica.innerInstanceExecuted() Instance finished: 9
10:54:51.362 Protocol Learner.onAccept() Ignoring Accept. Instance already decided: 9
10:54:51.363 ClientIO-0 ClientRequestManager$1.run() Sending reply. 3997748660682004:10
10:54:51.365 ReplicaIORcv-2 TcpConnection$ReceiverThread.run() Received [2] AckForwardClientBatch([0, 10, 0]) size: 25
10:54:51.365 CliBatchManager ClientBatchManager.onAckForwardClientBatch() Received ack from 2: [0, 10, 0]
10:54:51.373 CliBatchAckTrigger ClientBatchManager$AckTrigger.run() Sleeping: 50. lastAckedVector: [0, 9, 0] at time 1332582891343
10:54:51.374 ReplicaIORcv-0 TcpConnection$ReceiverThread.run() Received [0] AckForwardClientBatch([0, 10, 0]) size: 25
10:54:51.375 CliBatchManager ClientBatchManager.onAckForwardClientBatch() Received ack from 0: [0, 10, 0]
10:54:51.424 CliBatchAckTrigger ClientBatchManager$AckTrigger.run() Sleeping: 50. lastAckedVector: [0, 9, 0] at time 1332582891343
10:54:51.474 CliBatchAckTrigger ClientBatchManager$AckTrigger.run() Sleeping: 50. lastAckedVector: [0, 9, 0] at time 1332582891343
10:54:51.524 CliBatchAckTrigger ClientBatchManager$AckTrigger.run() Sleeping: 50. lastAckedVector: [0, 9, 0] at time 1332582891343
10:54:51.575 CliBatchAckTrigger ClientBatchManager$AckTrigger.run() Sleeping: 50. lastAckedVector: [0, 9, 0] at time 1332582891343
10:54:51.625 CliBatchAckTrigger ClientBatchManager$AckTrigger.run() Sleeping: 50. lastAckedVector: [0, 9, 0] at time 1332582891343
10:54:51.676 CliBatchAckTrigger ClientBatchManager$AckTrigger.run() Sleeping: 50. lastAckedVector: [0, 9, 0] at time 1332582891343
10:54:51.726 CliBatchAckTrigger ClientBatchManager$AckTrigger.run() Sleeping: 50. lastAckedVector: [0, 9, 0] at time 1332582891343
10:54:51.777 CliBatchAckTrigger ClientBatchManager$AckTrigger.run() Sleeping: 50. lastAckedVector: [0, 9, 0] at time 1332582891343
10:54:51.827 CliBatchAckTrigger ClientBatchManager$AckTrigger.run() Sleeping: 50. lastAckedVector: [0, 9, 0] at time 1332582891343
10:54:51.865 UdpReader UdpNetwork$SocketReader.run() Received from 2:ALIVE (v:2, logsize: 10)
10:54:51.867 UdpReader Paxos$MessageHandlerImpl.onMessageReceived() Msg rcv: ALIVE (v:2, logsize: 10)
10:54:51.878 CliBatchAckTrigger ClientBatchManager$AckTrigger.run() Sleeping: 50. lastAckedVector: [0, 9, 0] at time 1332582891343
10:54:51.928 CliBatchAckTrigger ClientBatchManager$AckTrigger.run() Sleeping: 50. lastAckedVector: [0, 9, 0] at time 1332582891343
10:54:51.958 FailureDetector ActiveFailureDetector.run() Suspecting leader (2) in 909ms
10:54:51.979 CliBatchAckTrigger ClientBatchManager$AckTrigger.run() Sleeping: 50. lastAckedVector: [0, 9, 0] at time 1332582891343
10:54:52.029 CliBatchAckTrigger ClientBatchManager$AckTrigger.run() Sleeping: 50. lastAckedVector: [0, 9, 0] at time 1332582891343
10:54:52.080 CliBatchAckTrigger ClientBatchManager$AckTrigger.run() Sleeping: 50. lastAckedVector: [0, 9, 0] at time 1332582891343
10:54:52.130 CliBatchAckTrigger ClientBatchManager$AckTrigger.run() Sleeping: 50. lastAckedVector: [0, 9, 0] at time 1332582891343
10:54:52.181 CliBatchAckTrigger ClientBatchManager$AckTrigger.run() Sleeping: 50. lastAckedVector: [0, 9, 0] at time 1332582891343
10:54:52.231 CliBatchAckTrigger ClientBatchManager$AckTrigger.run() Sleeping: 50. lastAckedVector: [0, 9, 0] at time 1332582891343
10:54:52.281 CliBatchAckTrigger ClientBatchManager$AckTrigger.run() Sleeping: 50. lastAckedVector: [0, 9, 0] at time 1332582891343
10:54:52.332 CliBatchAckTrigger ClientBatchManager$AckTrigger.run() Sleeping: 50. lastAckedVector: [0, 9, 0] at time 1332582891343
10:54:52.367 UdpReader UdpNetwork$SocketReader.run() Received from 2:ALIVE (v:2, logsize: 10)
10:54:52.367 UdpReader Paxos$MessageHandlerImpl.onMessageReceived() Msg rcv: ALIVE (v:2, logsize: 10)
10:54:52.382 CliBatchAckTrigger ClientBatchManager$AckTrigger.run() Sleeping: 50. lastAckedVector: [0, 9, 0] at time 1332582891343
10:54:52.433 CliBatchAckTrigger ClientBatchManager$AckTrigger.run() Sleeping: 50. lastAckedVector: [0, 9, 0] at time 1332582891343
10:54:52.483 CliBatchAckTrigger ClientBatchManager$AckTrigger.run() Sleeping: 50. lastAckedVector: [0, 9, 0] at time 1332582891343
10:54:52.534 CliBatchAckTrigger ClientBatchManager$AckTrigger.run() Sleeping: 50. lastAckedVector: [0, 9, 0] at time 1332582891343
10:54:52.584 CliBatchAckTrigger ClientBatchManager$AckTrigger.run() Sleeping: 50. lastAckedVector: [0, 9, 0] at time 1332582891343
10:54:52.634 CliBatchAckTrigger ClientBatchManager$AckTrigger.run() Sleeping: 50. lastAckedVector: [0, 9, 0] at time 1332582891343
10:54:52.685 CliBatchAckTrigger ClientBatchManager$AckTrigger.run() Sleeping: 50. lastAckedVector: [0, 9, 0] at time 1332582891343
10:54:52.735 CliBatchAckTrigger ClientBatchManager$AckTrigger.run() Sleeping: 50. lastAckedVector: [0, 9, 0] at time 1332582891343
10:54:52.786 CliBatchAckTrigger ClientBatchManager$AckTrigger.run() Sleeping: 50. lastAckedVector: [0, 9, 0] at time 1332582891343
10:54:52.836 CliBatchAckTrigger ClientBatchManager$AckTrigger.run() Sleeping: 50. lastAckedVector: [0, 9, 0] at time 1332582891343
10:54:52.868 FailureDetector ActiveFailureDetector.run() Suspecting leader (2) in 500ms
10:54:52.869 UdpReader UdpNetwork$SocketReader.run() Received from 2:ALIVE (v:2, logsize: 10)
10:54:52.870 UdpReader Paxos$MessageHandlerImpl.onMessageReceived() Msg rcv: ALIVE (v:2, logsize: 10)
10:54:52.887 CliBatchAckTrigger ClientBatchManager$AckTrigger.run() Sleeping: 50. lastAckedVector: [0, 9, 0] at time 1332582891343
10:54:52.937 CliBatchAckTrigger ClientBatchManager$AckTrigger.run() Sleeping: 50. lastAckedVector: [0, 9, 0] at time 1332582891343
10:54:52.988 CliBatchAckTrigger ClientBatchManager$AckTrigger.run() Sleeping: 50. lastAckedVector: [0, 9, 0] at time 1332582891343
10:54:53.038 CliBatchAckTrigger ClientBatchManager$AckTrigger.run() Sleeping: 50. lastAckedVector: [0, 9, 0] at time 1332582891343
10:54:53.088 CliBatchAckTrigger ClientBatchManager$AckTrigger.run() Sleeping: 50. lastAckedVector: [0, 9, 0] at time 1332582891343
10:54:53.140 CliBatchAckTrigger ClientBatchManager$AckTrigger.run() Sleeping: 50. lastAckedVector: [0, 9, 0] at time 1332582891343
10:54:53.190 CliBatchAckTrigger ClientBatchManager$AckTrigger.run() Sleeping: 50. lastAckedVector: [0, 9, 0] at time 1332582891343
10:54:53.240 CliBatchAckTrigger ClientBatchManager$AckTrigger.run() Sleeping: 50. lastAckedVector: [0, 9, 0] at time 1332582891343
10:54:53.291 CliBatchAckTrigger ClientBatchManager$AckTrigger.run() Sleeping: 50. lastAckedVector: [0, 9, 0] at time 1332582891343
10:54:53.341 CliBatchAckTrigger ClientBatchManager$AckTrigger.run() Sleeping: 50. lastAckedVector: [0, 9, 0] at time 1332582891343
10:54:53.369 FailureDetector ActiveFailureDetector.run() Suspecting leader (2) in 502ms
10:54:53.370 UdpReader UdpNetwork$SocketReader.run() Received from 2:ALIVE (v:2, logsize: 10)
10:54:53.370 UdpReader Paxos$MessageHandlerImpl.onMessageReceived() Msg rcv: ALIVE (v:2, logsize: 10)
10:54:53.392 CliBatchAckTrigger ClientBatchManager$AckTrigger.run() Sleeping: 50. lastAckedVector: [0, 9, 0] at time 1332582891343
10:54:53.442 CliBatchAckTrigger ClientBatchManager$AckTrigger.run() Sleeping: 50. lastAckedVector: [0, 9, 0] at time 1332582891343
10:54:53.493 CliBatchAckTrigger ClientBatchManager$AckTrigger.run() Sleeping: 50. lastAckedVector: [0, 9, 0] at time 1332582891343
10:54:53.543 CliBatchAckTrigger ClientBatchManager$AckTrigger.run() Sleeping: 50. lastAckedVector: [0, 9, 0] at time 1332582891343
10:54:53.595 CliBatchAckTrigger ClientBatchManager$AckTrigger.run() Sleeping: 50. lastAckedVector: [0, 9, 0] at time 1332582891343
10:54:53.645 CliBatchAckTrigger ClientBatchManager$AckTrigger.run() Sleeping: 50. lastAckedVector: [0, 9, 0] at time 1332582891343
10:54:53.695 CliBatchAckTrigger ClientBatchManager$AckTrigger.run() Sleeping: 50. lastAckedVector: [0, 9, 0] at time 1332582891343
10:54:53.746 CliBatchAckTrigger ClientBatchManager$AckTrigger.run() Sleeping: 50. lastAckedVector: [0, 9, 0] at time 1332582891343
10:54:53.796 CliBatchAckTrigger ClientBatchManager$AckTrigger.run() Sleeping: 50. lastAckedVector: [0, 9, 0] at time 1332582891343
10:54:53.847 CliBatchAckTrigger ClientBatchManager$AckTrigger.run() Sleeping: 50. lastAckedVector: [0, 9, 0] at time 1332582891343
10:54:53.870 UdpReader UdpNetwork$SocketReader.run() Received from 2:ALIVE (v:2, logsize: 10)
10:54:53.870 UdpReader Paxos$MessageHandlerImpl.onMessageReceived() Msg rcv: ALIVE (v:2, logsize: 10)
10:54:53.871 FailureDetector ActiveFailureDetector.run() Suspecting leader (2) in 999ms
10:54:53.897 CliBatchAckTrigger ClientBatchManager$AckTrigger.run() Sleeping: 50. lastAckedVector: [0, 9, 0] at time 1332582891343
10:54:53.948 CliBatchAckTrigger ClientBatchManager$AckTrigger.run() Sleeping: 50. lastAckedVector: [0, 9, 0] at time 1332582891343
10:54:53.998 CliBatchAckTrigger ClientBatchManager$AckTrigger.run() Sleeping: 50. lastAckedVector: [0, 9, 0] at time 1332582891343
10:54:54.049 CliBatchAckTrigger ClientBatchManager$AckTrigger.run() Sleeping: 50. lastAckedVector: [0, 9, 0] at time 1332582891343
10:54:54.099 CliBatchAckTrigger ClientBatchManager$AckTrigger.run() Sleeping: 50. lastAckedVector: [0, 9, 0] at time 1332582891343
10:54:54.122 ReplicaIORcv-0 TcpConnection$ReceiverThread.run() Error reading message
java.io.EOFException
	at java.io.DataInputStream.readUnsignedByte(DataInputStream.java:273)
	at lsr.paxos.messages.MessageFactory.create(MessageFactory.java:40)
	at lsr.paxos.network.TcpConnection$ReceiverThread.run(TcpConnection.java:138)
	at java.lang.Thread.run(Thread.java:680)
10:54:54.123 ReplicaIORcv-0 TcpConnection.close() Closing socket ...
10:54:54.123 ReplicaIORcv-0 TcpConnection.close() Socket closed.
10:54:54.123 ReplicaIORcv-0 TcpConnection$ReceiverThread.run() Waiting for tcp connection to 0
10:54:54.149 CliBatchAckTrigger ClientBatchManager$AckTrigger.run() Sleeping: 50. lastAckedVector: [0, 9, 0] at time 1332582891343
10:54:54.200 CliBatchAckTrigger ClientBatchManager$AckTrigger.run() Sleeping: 50. lastAckedVector: [0, 9, 0] at time 1332582891343
10:54:54.250 CliBatchAckTrigger ClientBatchManager$AckTrigger.run() Sleeping: 50. lastAckedVector: [0, 9, 0] at time 1332582891343
10:54:54.301 CliBatchAckTrigger ClientBatchManager$AckTrigger.run() Sleeping: 50. lastAckedVector: [0, 9, 0] at time 1332582891343
10:54:54.351 CliBatchAckTrigger ClientBatchManager$AckTrigger.run() Sleeping: 50. lastAckedVector: [0, 9, 0] at time 1332582891343
10:54:54.370 UdpReader UdpNetwork$SocketReader.run() Received from 2:ALIVE (v:2, logsize: 10)
10:54:54.370 UdpReader Paxos$MessageHandlerImpl.onMessageReceived() Msg rcv: ALIVE (v:2, logsize: 10)
10:54:54.402 CliBatchAckTrigger ClientBatchManager$AckTrigger.run() Sleeping: 50. lastAckedVector: [0, 9, 0] at time 1332582891343
10:54:54.452 CliBatchAckTrigger ClientBatchManager$AckTrigger.run() Sleeping: 50. lastAckedVector: [0, 9, 0] at time 1332582891343
10:54:54.503 CliBatchAckTrigger ClientBatchManager$AckTrigger.run() Sleeping: 50. lastAckedVector: [0, 9, 0] at time 1332582891343
10:54:54.553 CliBatchAckTrigger ClientBatchManager$AckTrigger.run() Sleeping: 50. lastAckedVector: [0, 9, 0] at time 1332582891343
