16:26:17.866 main Configuration.<init>() Configuration loaded from file: paxos.properties
16:26:20.069 main Configuration.loadProcessList() [p0] localhost, ports = (replica=2021, client=3001)
16:26:20.069 main Configuration.loadProcessList() [p1] localhost, ports = (replica=2022, client=3002)
16:26:20.069 main Configuration.loadProcessList() [p2] localhost, ports = (replica=2023, client=3003)
16:26:20.070 main Client.connectTo() Connecting to localhost:3003
16:26:21.238 main Client.initConnection() New client id: 3997808310270014
16:26:21.238 main Client.connectTo() Connected [p2]. Timeout: 3000
16:26:21.270 main Client.execute() Sending 3997808310270014:1
16:26:21.795 main Client.execute() Reply OK
16:26:21.851 main Client.execute() Sending 3997808310270014:2
16:26:22.261 main Client.execute() Reply OK
16:26:22.324 main Client.execute() Sending 3997808310270014:3
16:26:22.931 main Client.execute() Reply OK
16:26:23.015 main Client.execute() Sending 3997808310270014:4
16:26:23.219 main Client.execute() Reply OK
16:26:23.313 main Client.execute() Sending 3997808310270014:5
16:26:23.606 main Client.execute() Reply OK
16:26:23.661 main Client.execute() Sending 3997808310270014:6
16:26:23.964 main Client.execute() Reply OK
16:26:24.063 main Client.execute() Sending 3997808310270014:7
16:26:24.425 main Client.execute() Reply OK
16:26:24.455 main Client.execute() Sending 3997808310270014:8
16:26:24.748 main Client.execute() Reply OK
16:26:24.788 main Client.execute() Sending 3997808310270014:9
16:26:25.135 main Client.execute() Reply OK
16:26:25.167 main Client.execute() Sending 3997808310270014:10
16:26:25.383 main Client.execute() Reply OK
16:26:25.470 main Client.execute() Sending 3997808310270014:11
16:26:25.612 main Client.execute() Reply OK
16:26:25.623 main Client.execute() Sending 3997808310270014:12
16:26:25.892 main Client.execute() Reply OK
16:26:25.956 main Client.execute() Sending 3997808310270014:13
16:26:26.149 main Client.execute() Reply OK
16:26:26.163 main Client.execute() Sending 3997808310270014:14
16:26:26.333 main Client.execute() Reply OK
16:26:26.356 main Client.execute() Sending 3997808310270014:15
16:26:26.513 main Client.execute() Reply OK
16:26:26.569 main Client.execute() Sending 3997808310270014:16
16:26:26.666 main Client.execute() Reply OK
16:26:26.716 main Client.execute() Sending 3997808310270014:17
16:26:26.867 main Client.execute() Reply OK
16:26:26.881 main Client.execute() Sending 3997808310270014:18
16:26:26.987 main Client.execute() Reply OK
16:26:27.077 main Client.execute() Sending 3997808310270014:19
16:26:27.202 main Client.execute() Reply OK
16:26:27.251 main Client.execute() Sending 3997808310270014:20
16:26:27.378 main Client.execute() Reply OK
16:26:27.415 main Client.execute() Sending 3997808310270014:21
16:26:27.502 main Client.execute() Reply OK
16:26:27.556 main Client.execute() Sending 3997808310270014:22
16:26:27.674 main Client.execute() Reply OK
16:26:27.770 main Client.execute() Sending 3997808310270014:23
16:26:27.874 main Client.execute() Reply OK
16:26:27.953 main Client.execute() Sending 3997808310270014:24
16:26:28.101 main Client.execute() Reply OK
16:26:28.126 main Client.execute() Sending 3997808310270014:25
16:26:28.275 main Client.execute() Reply OK
16:26:28.291 main Client.execute() Sending 3997808310270014:26
16:26:28.477 main Client.execute() Reply OK
16:26:28.504 main Client.execute() Sending 3997808310270014:27
16:26:28.640 main Client.execute() Reply OK
16:26:28.672 main Client.execute() Sending 3997808310270014:28
16:26:28.881 main Client.execute() Reply OK
16:26:28.921 main Client.execute() Sending 3997808310270014:29
16:26:29.094 main Client.execute() Reply OK
16:26:29.114 main Client.execute() Sending 3997808310270014:30
16:26:29.223 main Client.execute() Reply OK
16:26:29.230 main Client.execute() Sending 3997808310270014:31
16:26:29.324 main Client.execute() Reply OK
16:26:29.350 main Client.execute() Sending 3997808310270014:32
16:26:29.518 main Client.execute() Reply OK
16:26:29.549 main Client.execute() Sending 3997808310270014:33
16:26:29.721 main Client.execute() Reply OK
16:26:29.816 main Client.execute() Sending 3997808310270014:34
16:26:29.975 main Client.execute() Reply OK
16:26:30.029 main Client.execute() Sending 3997808310270014:35
16:26:30.669 main Client.execute() Reply OK
16:26:30.678 main Client.execute() Sending 3997808310270014:36
16:26:30.825 main Client.execute() Reply OK
16:26:30.849 main Client.execute() Sending 3997808310270014:37
16:26:31.081 main Client.execute() Reply OK
16:26:31.169 main Client.execute() Sending 3997808310270014:38
16:26:31.278 main Client.execute() Reply OK
16:26:31.356 main Client.execute() Sending 3997808310270014:39
16:26:31.496 main Client.execute() Reply OK
16:26:31.593 main Client.execute() Sending 3997808310270014:40
16:26:31.713 main Client.execute() Reply OK
16:26:31.805 main Client.execute() Sending 3997808310270014:41
16:26:31.996 main Client.execute() Reply OK
16:26:32.071 main Client.execute() Sending 3997808310270014:42
16:26:32.168 main Client.execute() Reply OK
16:26:32.226 main Client.execute() Sending 3997808310270014:43
16:26:32.338 main Client.execute() Reply OK
16:26:32.340 main Client.execute() Sending 3997808310270014:44
16:26:32.457 main Client.execute() Reply OK
16:26:32.522 main Client.execute() Sending 3997808310270014:45
16:26:32.656 main Client.execute() Reply OK
16:26:32.659 main Client.execute() Sending 3997808310270014:46
16:26:32.722 main Client.execute() Reply OK
16:26:32.761 main Client.execute() Sending 3997808310270014:47
16:26:32.874 main Client.execute() Reply OK
16:26:32.961 main Client.execute() Sending 3997808310270014:48
16:26:33.146 main Client.execute() Reply OK
16:26:33.241 main Client.execute() Sending 3997808310270014:49
16:26:33.344 main Client.execute() Reply OK
16:26:33.413 main Client.execute() Sending 3997808310270014:50
16:26:33.461 main Client.execute() Reply OK
16:26:33.467 main Client.execute() Sending 3997808310270014:51
16:26:33.567 main Client.execute() Reply OK
16:26:33.633 main Client.execute() Sending 3997808310270014:52
16:26:33.729 main Client.execute() Reply OK
16:26:33.801 main Client.execute() Sending 3997808310270014:53
16:26:33.876 main Client.execute() Reply OK
16:26:33.934 main Client.execute() Sending 3997808310270014:54
16:26:33.999 main Client.execute() Reply OK
16:26:34.037 main Client.execute() Sending 3997808310270014:55
16:26:34.130 main Client.execute() Reply OK
16:26:34.144 main Client.execute() Sending 3997808310270014:56
16:26:34.254 main Client.execute() Reply OK
16:26:34.362 main Client.execute() Sending 3997808310270014:57
16:26:34.479 main Client.execute() Reply OK
16:26:34.559 main Client.execute() Sending 3997808310270014:58
16:26:34.719 main Client.execute() Reply OK
16:26:34.799 main Client.execute() Sending 3997808310270014:59
16:26:34.946 main Client.execute() Reply OK
16:26:35.037 main Client.execute() Sending 3997808310270014:60
16:26:35.234 main Client.execute() Reply OK
16:26:35.288 main Client.execute() Sending 3997808310270014:61
16:26:35.534 main Client.execute() Reply OK
16:26:35.545 main Client.execute() Sending 3997808310270014:62
16:26:35.720 main Client.execute() Reply OK
16:26:35.792 main Client.execute() Sending 3997808310270014:63
16:26:36.047 main Client.execute() Reply OK
16:26:36.077 main Client.execute() Sending 3997808310270014:64
16:26:36.282 main Client.execute() Reply OK
16:26:36.343 main Client.execute() Sending 3997808310270014:65
16:26:36.490 main Client.execute() Reply OK
16:26:36.565 main Client.execute() Sending 3997808310270014:66
16:26:36.689 main Client.execute() Reply OK
16:26:36.699 main Client.execute() Sending 3997808310270014:67
16:26:36.762 main Client.execute() Reply OK
16:26:36.783 main Client.execute() Sending 3997808310270014:68
16:26:37.016 main Client.execute() Reply OK
16:26:37.063 main Client.execute() Sending 3997808310270014:69
16:26:37.231 main Client.execute() Reply OK
16:26:37.301 main Client.execute() Sending 3997808310270014:70
16:26:37.366 main Client.execute() Reply OK
16:26:37.424 main Client.execute() Sending 3997808310270014:71
16:26:37.646 main Client.execute() Reply OK
16:26:37.718 main Client.execute() Sending 3997808310270014:72
16:26:37.794 main Client.execute() Reply OK
16:26:37.855 main Client.execute() Sending 3997808310270014:73
16:26:37.901 main Client.execute() Reply OK
16:26:37.960 main Client.execute() Sending 3997808310270014:74
16:26:38.077 main Client.execute() Reply OK
16:26:38.098 main Client.execute() Sending 3997808310270014:75
16:26:38.172 main Client.execute() Reply OK
16:26:38.266 main Client.execute() Sending 3997808310270014:76
16:26:38.295 main Client.execute() Reply OK
16:26:38.359 main Client.execute() Sending 3997808310270014:77
16:26:38.404 main Client.execute() Reply OK
16:26:38.468 main Client.execute() Sending 3997808310270014:78
16:26:38.526 main Client.execute() Reply OK
16:26:38.555 main Client.execute() Sending 3997808310270014:79
16:26:38.606 main Client.execute() Reply OK
16:26:38.639 main Client.execute() Sending 3997808310270014:80
16:26:38.711 main Client.execute() Reply OK
16:26:38.777 main Client.execute() Sending 3997808310270014:81
16:26:38.852 main Client.execute() Reply OK
16:26:38.950 main Client.execute() Sending 3997808310270014:82
16:26:39.001 main Client.execute() Reply OK
16:26:39.030 main Client.execute() Sending 3997808310270014:83
16:26:39.082 main Client.execute() Reply OK
16:26:39.160 main Client.execute() Sending 3997808310270014:84
16:26:39.212 main Client.execute() Reply OK
16:26:39.244 main Client.execute() Sending 3997808310270014:85
16:26:39.337 main Client.execute() Reply OK
16:26:39.435 main Client.execute() Sending 3997808310270014:86
16:26:39.495 main Client.execute() Reply OK
16:26:39.582 main Client.execute() Sending 3997808310270014:87
16:26:39.645 main Client.execute() Reply OK
16:26:39.723 main Client.execute() Sending 3997808310270014:88
16:26:39.802 main Client.execute() Reply OK
16:26:39.885 main Client.execute() Sending 3997808310270014:89
16:26:39.946 main Client.execute() Reply OK
16:26:40.005 main Client.execute() Sending 3997808310270014:90
16:26:40.059 main Client.execute() Reply OK
16:26:40.131 main Client.execute() Sending 3997808310270014:91
16:26:40.199 main Client.execute() Reply OK
16:26:40.243 main Client.execute() Sending 3997808310270014:92
16:26:40.306 main Client.execute() Reply OK
16:26:40.394 main Client.execute() Sending 3997808310270014:93
16:26:40.449 main Client.execute() Reply OK
16:26:40.495 main Client.execute() Sending 3997808310270014:94
16:26:40.552 main Client.execute() Reply OK
16:26:40.651 main Client.execute() Sending 3997808310270014:95
16:26:40.700 main Client.execute() Reply OK
16:26:40.732 main Client.execute() Sending 3997808310270014:96
16:26:40.807 main Client.execute() Reply OK
16:26:40.829 main Client.execute() Sending 3997808310270014:97
16:26:40.902 main Client.execute() Reply OK
16:26:40.927 main Client.execute() Sending 3997808310270014:98
16:26:40.952 main Client.execute() Reply OK
16:26:40.995 main Client.execute() Sending 3997808310270014:99
16:26:41.109 main Client.execute() Reply OK
16:26:41.118 main Client.execute() Sending 3997808310270014:100
16:26:41.200 main Client.execute() Reply OK
