16:26:19.744 main Configuration.<init>() Configuration loaded from file: paxos.properties
16:26:21.186 main Configuration.loadProcessList() [p0] localhost, ports = (replica=2021, client=3001)
16:26:21.187 main Configuration.loadProcessList() [p1] localhost, ports = (replica=2022, client=3002)
16:26:21.187 main Configuration.loadProcessList() [p2] localhost, ports = (replica=2023, client=3003)
16:26:21.187 main Client.connectTo() Connecting to localhost:3002
16:26:21.551 main Client.initConnection() New client id: 3997808307426031
16:26:21.551 main Client.connectTo() Connected [p1]. Timeout: 3000
16:26:21.558 main Client.execute() Sending 3997808307426031:1
16:26:21.872 main Client.execute() Reply OK
16:26:21.922 main Client.execute() Sending 3997808307426031:2
16:26:22.147 main Client.execute() Reply OK
16:26:22.234 main Client.execute() Sending 3997808307426031:3
16:26:22.635 main Client.execute() Reply OK
16:26:22.639 main Client.execute() Sending 3997808307426031:4
16:26:22.947 main Client.execute() Reply OK
16:26:22.977 main Client.execute() Sending 3997808307426031:5
16:26:23.072 main Client.execute() Reply OK
16:26:23.116 main Client.execute() Sending 3997808307426031:6
16:26:23.242 main Client.execute() Reply OK
16:26:23.326 main Client.execute() Sending 3997808307426031:7
16:26:23.453 main Client.execute() Reply OK
16:26:23.545 main Client.execute() Sending 3997808307426031:8
16:26:23.658 main Client.execute() Reply OK
16:26:23.663 main Client.execute() Sending 3997808307426031:9
16:26:23.811 main Client.execute() Reply OK
16:26:23.825 main Client.execute() Sending 3997808307426031:10
16:26:23.913 main Client.execute() Reply OK
16:26:23.970 main Client.execute() Sending 3997808307426031:11
16:26:24.084 main Client.execute() Reply OK
16:26:24.165 main Client.execute() Sending 3997808307426031:12
16:26:24.316 main Client.execute() Reply OK
16:26:24.351 main Client.execute() Sending 3997808307426031:13
16:26:24.489 main Client.execute() Reply OK
16:26:24.579 main Client.execute() Sending 3997808307426031:14
16:26:24.793 main Client.execute() Reply OK
16:26:24.851 main Client.execute() Sending 3997808307426031:15
16:26:25.043 main Client.execute() Reply OK
16:26:25.095 main Client.execute() Sending 3997808307426031:16
16:26:25.267 main Client.execute() Reply OK
16:26:25.294 main Client.execute() Sending 3997808307426031:17
16:26:25.415 main Client.execute() Reply OK
16:26:25.433 main Client.execute() Sending 3997808307426031:18
16:26:25.583 main Client.execute() Reply OK
16:26:25.667 main Client.execute() Sending 3997808307426031:19
16:26:25.894 main Client.execute() Reply OK
16:26:25.939 main Client.execute() Sending 3997808307426031:20
16:26:26.046 main Client.execute() Reply OK
16:26:26.055 main Client.execute() Sending 3997808307426031:21
16:26:26.171 main Client.execute() Reply OK
16:26:26.250 main Client.execute() Sending 3997808307426031:22
16:26:26.320 main Client.execute() Reply OK
16:26:26.375 main Client.execute() Sending 3997808307426031:23
16:26:26.454 main Client.execute() Reply OK
16:26:26.547 main Client.execute() Sending 3997808307426031:24
16:26:26.623 main Client.execute() Reply OK
16:26:26.709 main Client.execute() Sending 3997808307426031:25
16:26:26.782 main Client.execute() Reply OK
16:26:26.834 main Client.execute() Sending 3997808307426031:26
16:26:26.880 main Client.execute() Reply OK
16:26:26.921 main Client.execute() Sending 3997808307426031:27
16:26:26.990 main Client.execute() Reply OK
16:26:27.035 main Client.execute() Sending 3997808307426031:28
16:26:27.106 main Client.execute() Reply OK
16:26:27.187 main Client.execute() Sending 3997808307426031:29
16:26:27.234 main Client.execute() Reply OK
16:26:27.240 main Client.execute() Sending 3997808307426031:30
16:26:27.304 main Client.execute() Reply OK
16:26:27.402 main Client.execute() Sending 3997808307426031:31
16:26:27.505 main Client.execute() Reply OK
16:26:27.575 main Client.execute() Sending 3997808307426031:32
16:26:27.666 main Client.execute() Reply OK
16:26:27.726 main Client.execute() Sending 3997808307426031:33
16:26:27.819 main Client.execute() Reply OK
16:26:27.892 main Client.execute() Sending 3997808307426031:34
16:26:27.965 main Client.execute() Reply OK
16:26:27.990 main Client.execute() Sending 3997808307426031:35
16:26:28.084 main Client.execute() Reply OK
16:26:28.132 main Client.execute() Sending 3997808307426031:36
16:26:28.237 main Client.execute() Reply OK
16:26:28.331 main Client.execute() Sending 3997808307426031:37
16:26:28.416 main Client.execute() Reply OK
16:26:28.483 main Client.execute() Sending 3997808307426031:38
16:26:28.545 main Client.execute() Reply OK
16:26:28.637 main Client.execute() Sending 3997808307426031:39
16:26:28.700 main Client.execute() Reply OK
16:26:28.701 main Client.execute() Sending 3997808307426031:40
16:26:28.794 main Client.execute() Reply OK
16:26:28.882 main Client.execute() Sending 3997808307426031:41
16:26:28.985 main Client.execute() Reply OK
16:26:29.003 main Client.execute() Sending 3997808307426031:42
16:26:29.069 main Client.execute() Reply OK
16:26:29.089 main Client.execute() Sending 3997808307426031:43
16:26:29.156 main Client.execute() Reply OK
16:26:29.171 main Client.execute() Sending 3997808307426031:44
16:26:29.265 main Client.execute() Reply OK
16:26:29.364 main Client.execute() Sending 3997808307426031:45
16:26:29.443 main Client.execute() Reply OK
16:26:29.530 main Client.execute() Sending 3997808307426031:46
16:26:29.613 main Client.execute() Reply OK
16:26:29.674 main Client.execute() Sending 3997808307426031:47
16:26:29.731 main Client.execute() Reply OK
16:26:29.811 main Client.execute() Sending 3997808307426031:48
16:26:29.881 main Client.execute() Reply OK
16:26:29.886 main Client.execute() Sending 3997808307426031:49
16:26:30.005 main Client.execute() Reply OK
16:26:30.034 main Client.execute() Sending 3997808307426031:50
16:26:30.130 main Client.execute() Reply OK
16:26:30.178 main Client.execute() Sending 3997808307426031:51
16:26:30.642 main Client.execute() Reply OK
16:26:30.644 main Client.execute() Sending 3997808307426031:52
16:26:30.711 main Client.execute() Reply OK
16:26:30.788 main Client.execute() Sending 3997808307426031:53
16:26:30.894 main Client.execute() Reply OK
16:26:30.983 main Client.execute() Sending 3997808307426031:54
16:26:31.077 main Client.execute() Reply OK
16:26:31.140 main Client.execute() Sending 3997808307426031:55
16:26:31.215 main Client.execute() Reply OK
16:26:31.279 main Client.execute() Sending 3997808307426031:56
16:26:31.344 main Client.execute() Reply OK
16:26:31.359 main Client.execute() Sending 3997808307426031:57
16:26:31.467 main Client.execute() Reply OK
16:26:31.542 main Client.execute() Sending 3997808307426031:58
16:26:31.614 main Client.execute() Reply OK
16:26:31.631 main Client.execute() Sending 3997808307426031:59
16:26:31.770 main Client.execute() Reply OK
16:26:31.808 main Client.execute() Sending 3997808307426031:60
16:26:31.897 main Client.execute() Reply OK
16:26:31.948 main Client.execute() Sending 3997808307426031:61
16:26:32.038 main Client.execute() Reply OK
16:26:32.082 main Client.execute() Sending 3997808307426031:62
16:26:32.183 main Client.execute() Reply OK
16:26:32.188 main Client.execute() Sending 3997808307426031:63
16:26:32.256 main Client.execute() Reply OK
16:26:32.319 main Client.execute() Sending 3997808307426031:64
16:26:32.396 main Client.execute() Reply OK
16:26:32.463 main Client.execute() Sending 3997808307426031:65
16:26:32.521 main Client.execute() Reply OK
16:26:32.599 main Client.execute() Sending 3997808307426031:66
16:26:32.683 main Client.execute() Reply OK
16:26:32.773 main Client.execute() Sending 3997808307426031:67
16:26:32.855 main Client.execute() Reply OK
16:26:32.933 main Client.execute() Sending 3997808307426031:68
16:26:32.996 main Client.execute() Reply OK
16:26:33.095 main Client.execute() Sending 3997808307426031:69
16:26:33.167 main Client.execute() Reply OK
16:26:33.253 main Client.execute() Sending 3997808307426031:70
16:26:33.346 main Client.execute() Reply OK
16:26:33.362 main Client.execute() Sending 3997808307426031:71
16:26:33.442 main Client.execute() Reply OK
16:26:33.473 main Client.execute() Sending 3997808307426031:72
16:26:33.588 main Client.execute() Reply OK
16:26:33.641 main Client.execute() Sending 3997808307426031:73
16:26:33.710 main Client.execute() Reply OK
16:26:33.724 main Client.execute() Sending 3997808307426031:74
16:26:33.792 main Client.execute() Reply OK
16:26:33.870 main Client.execute() Sending 3997808307426031:75
16:26:33.951 main Client.execute() Reply OK
16:26:34.026 main Client.execute() Sending 3997808307426031:76
16:26:34.071 main Client.execute() Reply OK
16:26:34.073 main Client.execute() Sending 3997808307426031:77
16:26:34.116 main Client.execute() Reply OK
16:26:34.163 main Client.execute() Sending 3997808307426031:78
16:26:34.244 main Client.execute() Reply OK
16:26:34.342 main Client.execute() Sending 3997808307426031:79
16:26:34.428 main Client.execute() Reply OK
16:26:34.499 main Client.execute() Sending 3997808307426031:80
16:26:34.544 main Client.execute() Reply OK
16:26:34.546 main Client.execute() Sending 3997808307426031:81
16:26:34.644 main Client.execute() Reply OK
16:26:34.705 main Client.execute() Sending 3997808307426031:82
16:26:34.765 main Client.execute() Reply OK
16:26:34.857 main Client.execute() Sending 3997808307426031:83
16:26:34.919 main Client.execute() Reply OK
16:26:34.940 main Client.execute() Sending 3997808307426031:84
16:26:35.051 main Client.execute() Reply OK
16:26:35.136 main Client.execute() Sending 3997808307426031:85
16:26:35.231 main Client.execute() Reply OK
16:26:35.289 main Client.execute() Sending 3997808307426031:86
16:26:35.369 main Client.execute() Reply OK
16:26:35.418 main Client.execute() Sending 3997808307426031:87
16:26:35.639 main Client.execute() Reply OK
16:26:35.726 main Client.execute() Sending 3997808307426031:88
16:26:35.801 main Client.execute() Reply OK
16:26:35.820 main Client.execute() Sending 3997808307426031:89
16:26:35.899 main Client.execute() Reply OK
16:26:35.997 main Client.execute() Sending 3997808307426031:90
16:26:36.113 main Client.execute() Reply OK
16:26:36.163 main Client.execute() Sending 3997808307426031:91
16:26:36.240 main Client.execute() Reply OK
16:26:36.325 main Client.execute() Sending 3997808307426031:92
16:26:36.422 main Client.execute() Reply OK
16:26:36.475 main Client.execute() Sending 3997808307426031:93
16:26:36.529 main Client.execute() Reply OK
16:26:36.617 main Client.execute() Sending 3997808307426031:94
16:26:36.683 main Client.execute() Reply OK
16:26:36.747 main Client.execute() Sending 3997808307426031:95
16:26:36.939 main Client.execute() Reply OK
16:26:36.966 main Client.execute() Sending 3997808307426031:96
16:26:37.080 main Client.execute() Reply OK
16:26:37.130 main Client.execute() Sending 3997808307426031:97
16:26:37.246 main Client.execute() Reply OK
16:26:37.276 main Client.execute() Sending 3997808307426031:98
16:26:37.350 main Client.execute() Reply OK
16:26:37.367 main Client.execute() Sending 3997808307426031:99
16:26:37.428 main Client.execute() Reply OK
16:26:37.469 main Client.execute() Sending 3997808307426031:100
16:26:37.594 main Client.execute() Reply OK
