16:26:17.450 main Configuration.<init>() Configuration loaded from file: paxos.properties
16:26:19.722 main Configuration.loadProcessList() [p0] localhost, ports = (replica=2021, client=3001)
16:26:19.722 main Configuration.loadProcessList() [p1] localhost, ports = (replica=2022, client=3002)
16:26:19.723 main Configuration.loadProcessList() [p2] localhost, ports = (replica=2023, client=3003)
16:26:19.723 main Client.connectTo() Connecting to localhost:3001
16:26:20.468 main Client.initConnection() New client id: 3997808304960006
16:26:20.468 main Client.connectTo() Connected [p0]. Timeout: 3000
16:26:20.700 main Client.execute() Sending 3997808304960006:1
16:26:21.027 main Client.execute() Reply OK
16:26:21.029 main Client.execute() Sending 3997808304960006:2
16:26:21.508 main Client.execute() Reply OK
16:26:21.515 main Client.execute() Sending 3997808304960006:3
16:26:21.853 main Client.execute() Reply OK
16:26:21.902 main Client.execute() Sending 3997808304960006:4
16:26:22.142 main Client.execute() Reply OK
16:26:22.160 main Client.execute() Sending 3997808304960006:5
16:26:22.435 main Client.execute() Reply OK
16:26:22.505 main Client.execute() Sending 3997808304960006:6
16:26:22.880 main Client.execute() Reply OK
16:26:22.900 main Client.execute() Sending 3997808304960006:7
16:26:23.065 main Client.execute() Reply OK
16:26:23.132 main Client.execute() Sending 3997808304960006:8
16:26:23.266 main Client.execute() Reply OK
16:26:23.275 main Client.execute() Sending 3997808304960006:9
16:26:23.411 main Client.execute() Reply OK
16:26:23.446 main Client.execute() Sending 3997808304960006:10
16:26:23.598 main Client.execute() Reply OK
16:26:23.649 main Client.execute() Sending 3997808304960006:11
16:26:23.774 main Client.execute() Reply OK
16:26:23.822 main Client.execute() Sending 3997808304960006:12
16:26:23.958 main Client.execute() Reply OK
16:26:24.028 main Client.execute() Sending 3997808304960006:13
16:26:24.180 main Client.execute() Reply OK
16:26:24.266 main Client.execute() Sending 3997808304960006:14
16:26:24.359 main Client.execute() Reply OK
16:26:24.440 main Client.execute() Sending 3997808304960006:15
16:26:24.610 main Client.execute() Reply OK
16:26:24.611 main Client.execute() Sending 3997808304960006:16
16:26:24.761 main Client.execute() Reply OK
16:26:24.778 main Client.execute() Sending 3997808304960006:17
16:26:24.911 main Client.execute() Reply OK
16:26:24.997 main Client.execute() Sending 3997808304960006:18
16:26:25.193 main Client.execute() Reply OK
16:26:25.197 main Client.execute() Sending 3997808304960006:19
16:26:25.293 main Client.execute() Reply OK
16:26:25.296 main Client.execute() Sending 3997808304960006:20
16:26:25.409 main Client.execute() Reply OK
16:26:25.482 main Client.execute() Sending 3997808304960006:21
16:26:25.594 main Client.execute() Reply OK
16:26:25.620 main Client.execute() Sending 3997808304960006:22
16:26:25.867 main Client.execute() Reply OK
16:26:25.945 main Client.execute() Sending 3997808304960006:23
16:26:26.021 main Client.execute() Reply OK
16:26:26.058 main Client.execute() Sending 3997808304960006:24
16:26:26.127 main Client.execute() Reply OK
16:26:26.136 main Client.execute() Sending 3997808304960006:25
16:26:26.247 main Client.execute() Reply OK
16:26:26.297 main Client.execute() Sending 3997808304960006:26
16:26:26.396 main Client.execute() Reply OK
16:26:26.472 main Client.execute() Sending 3997808304960006:27
16:26:26.567 main Client.execute() Reply OK
16:26:26.657 main Client.execute() Sending 3997808304960006:28
16:26:26.729 main Client.execute() Reply OK
16:26:26.752 main Client.execute() Sending 3997808304960006:29
16:26:26.855 main Client.execute() Reply OK
16:26:26.865 main Client.execute() Sending 3997808304960006:30
16:26:26.956 main Client.execute() Reply OK
16:26:27.018 main Client.execute() Sending 3997808304960006:31
16:26:27.071 main Client.execute() Reply OK
16:26:27.123 main Client.execute() Sending 3997808304960006:32
16:26:27.215 main Client.execute() Reply OK
16:26:27.217 main Client.execute() Sending 3997808304960006:33
16:26:27.320 main Client.execute() Reply OK
16:26:27.406 main Client.execute() Sending 3997808304960006:34
16:26:27.487 main Client.execute() Reply OK
16:26:27.528 main Client.execute() Sending 3997808304960006:35
16:26:27.620 main Client.execute() Reply OK
16:26:27.644 main Client.execute() Sending 3997808304960006:36
16:26:27.741 main Client.execute() Reply OK
16:26:27.775 main Client.execute() Sending 3997808304960006:37
16:26:27.872 main Client.execute() Reply OK
16:26:27.879 main Client.execute() Sending 3997808304960006:38
16:26:27.946 main Client.execute() Reply OK
16:26:27.948 main Client.execute() Sending 3997808304960006:39
16:26:28.031 main Client.execute() Reply OK
16:26:28.059 main Client.execute() Sending 3997808304960006:40
16:26:28.125 main Client.execute() Reply OK
16:26:28.200 main Client.execute() Sending 3997808304960006:41
16:26:28.284 main Client.execute() Reply OK
16:26:28.290 main Client.execute() Sending 3997808304960006:42
16:26:28.347 main Client.execute() Reply OK
16:26:28.430 main Client.execute() Sending 3997808304960006:43
16:26:28.525 main Client.execute() Reply OK
16:26:28.529 main Client.execute() Sending 3997808304960006:44
16:26:28.596 main Client.execute() Reply OK
16:26:28.676 main Client.execute() Sending 3997808304960006:45
16:26:28.782 main Client.execute() Reply OK
16:26:28.842 main Client.execute() Sending 3997808304960006:46
16:26:28.928 main Client.execute() Reply OK
16:26:28.933 main Client.execute() Sending 3997808304960006:47
16:26:28.997 main Client.execute() Reply OK
16:26:29.052 main Client.execute() Sending 3997808304960006:48
16:26:29.178 main Client.execute() Reply OK
16:26:29.202 main Client.execute() Sending 3997808304960006:49
16:26:29.294 main Client.execute() Reply OK
16:26:29.382 main Client.execute() Sending 3997808304960006:50
16:26:29.511 main Client.execute() Reply OK
16:26:29.512 main Client.execute() Sending 3997808304960006:51
16:26:29.620 main Client.execute() Reply OK
16:26:29.687 main Client.execute() Sending 3997808304960006:52
16:26:29.780 main Client.execute() Reply OK
16:26:29.822 main Client.execute() Sending 3997808304960006:53
16:26:29.905 main Client.execute() Reply OK
16:26:29.939 main Client.execute() Sending 3997808304960006:54
16:26:29.995 main Client.execute() Reply OK
16:26:30.044 main Client.execute() Sending 3997808304960006:55
16:26:30.603 main Client.execute() Reply OK
16:26:30.665 main Client.execute() Sending 3997808304960006:56
16:26:30.732 main Client.execute() Reply OK
16:26:30.809 main Client.execute() Sending 3997808304960006:57
16:26:30.920 main Client.execute() Reply OK
16:26:30.947 main Client.execute() Sending 3997808304960006:58
16:26:31.097 main Client.execute() Reply OK
16:26:31.108 main Client.execute() Sending 3997808304960006:59
16:26:31.195 main Client.execute() Reply OK
16:26:31.240 main Client.execute() Sending 3997808304960006:60
16:26:31.309 main Client.execute() Reply OK
16:26:31.325 main Client.execute() Sending 3997808304960006:61
16:26:31.408 main Client.execute() Reply OK
16:26:31.470 main Client.execute() Sending 3997808304960006:62
16:26:31.558 main Client.execute() Reply OK
16:26:31.564 main Client.execute() Sending 3997808304960006:63
16:26:31.653 main Client.execute() Reply OK
16:26:31.655 main Client.execute() Sending 3997808304960006:64
16:26:31.746 main Client.execute() Reply OK
16:26:31.809 main Client.execute() Sending 3997808304960006:65
16:26:31.934 main Client.execute() Reply OK
16:26:31.956 main Client.execute() Sending 3997808304960006:66
16:26:32.039 main Client.execute() Reply OK
16:26:32.062 main Client.execute() Sending 3997808304960006:67
16:26:32.156 main Client.execute() Reply OK
16:26:32.173 main Client.execute() Sending 3997808304960006:68
16:26:32.270 main Client.execute() Reply OK
16:26:32.308 main Client.execute() Sending 3997808304960006:69
16:26:32.409 main Client.execute() Reply OK
16:26:32.472 main Client.execute() Sending 3997808304960006:70
16:26:32.565 main Client.execute() Reply OK
16:26:32.618 main Client.execute() Sending 3997808304960006:71
16:26:32.684 main Client.execute() Reply OK
16:26:32.701 main Client.execute() Sending 3997808304960006:72
16:26:32.800 main Client.execute() Reply OK
16:26:32.801 main Client.execute() Sending 3997808304960006:73
16:26:32.851 main Client.execute() Reply OK
16:26:32.905 main Client.execute() Sending 3997808304960006:74
16:26:32.972 main Client.execute() Reply OK
16:26:33.036 main Client.execute() Sending 3997808304960006:75
16:26:33.176 main Client.execute() Reply OK
16:26:33.261 main Client.execute() Sending 3997808304960006:76
16:26:33.325 main Client.execute() Reply OK
16:26:33.383 main Client.execute() Sending 3997808304960006:77
16:26:33.459 main Client.execute() Reply OK
16:26:33.545 main Client.execute() Sending 3997808304960006:78
16:26:33.603 main Client.execute() Reply OK
16:26:33.663 main Client.execute() Sending 3997808304960006:79
16:26:33.761 main Client.execute() Reply OK
16:26:33.806 main Client.execute() Sending 3997808304960006:80
16:26:33.876 main Client.execute() Reply OK
16:26:33.959 main Client.execute() Sending 3997808304960006:81
16:26:33.998 main Client.execute() Reply OK
16:26:34.039 main Client.execute() Sending 3997808304960006:82
16:26:34.142 main Client.execute() Reply OK
16:26:34.200 main Client.execute() Sending 3997808304960006:83
16:26:34.277 main Client.execute() Reply OK
16:26:34.358 main Client.execute() Sending 3997808304960006:84
16:26:34.453 main Client.execute() Reply OK
16:26:34.526 main Client.execute() Sending 3997808304960006:85
16:26:34.649 main Client.execute() Reply OK
16:26:34.676 main Client.execute() Sending 3997808304960006:86
16:26:34.722 main Client.execute() Reply OK
16:26:34.760 main Client.execute() Sending 3997808304960006:87
16:26:34.875 main Client.execute() Reply OK
16:26:34.954 main Client.execute() Sending 3997808304960006:88
16:26:35.082 main Client.execute() Reply OK
16:26:35.119 main Client.execute() Sending 3997808304960006:89
16:26:35.227 main Client.execute() Reply OK
16:26:35.315 main Client.execute() Sending 3997808304960006:90
16:26:35.389 main Client.execute() Reply OK
16:26:35.464 main Client.execute() Sending 3997808304960006:91
16:26:35.645 main Client.execute() Reply OK
16:26:35.743 main Client.execute() Sending 3997808304960006:92
16:26:35.863 main Client.execute() Reply OK
16:26:35.902 main Client.execute() Sending 3997808304960006:93
16:26:36.079 main Client.execute() Reply OK
16:26:36.125 main Client.execute() Sending 3997808304960006:94
16:26:36.248 main Client.execute() Reply OK
16:26:36.287 main Client.execute() Sending 3997808304960006:95
16:26:36.360 main Client.execute() Reply OK
16:26:36.361 main Client.execute() Sending 3997808304960006:96
16:26:36.499 main Client.execute() Reply OK
16:26:36.572 main Client.execute() Sending 3997808304960006:97
16:26:36.644 main Client.execute() Reply OK
16:26:36.710 main Client.execute() Sending 3997808304960006:98
16:26:36.786 main Client.execute() Reply OK
16:26:36.875 main Client.execute() Sending 3997808304960006:99
16:26:36.973 main Client.execute() Reply OK
16:26:37.050 main Client.execute() Sending 3997808304960006:100
16:26:37.145 main Client.execute() Reply OK
