16:26:18.795 main Configuration.<init>() Configuration loaded from file: paxos.properties
16:26:20.547 main Configuration.loadProcessList() [p0] localhost, ports = (replica=2021, client=3001)
16:26:20.547 main Configuration.loadProcessList() [p1] localhost, ports = (replica=2022, client=3002)
16:26:20.547 main Configuration.loadProcessList() [p2] localhost, ports = (replica=2023, client=3003)
16:26:20.548 main Client.connectTo() Connecting to localhost:3003
16:26:21.404 main Client.initConnection() New client id: 3997808310270020
16:26:21.404 main Client.connectTo() Connected [p2]. Timeout: 3000
16:26:21.418 main Client.execute() Sending 3997808310270020:1
16:26:21.992 main Client.execute() Reply OK
16:26:22.032 main Client.execute() Sending 3997808310270020:2
16:26:22.489 main Client.execute() Reply OK
16:26:22.561 main Client.execute() Sending 3997808310270020:3
16:26:22.962 main Client.execute() Reply OK
16:26:22.977 main Client.execute() Sending 3997808310270020:4
16:26:23.107 main Client.execute() Reply OK
16:26:23.203 main Client.execute() Sending 3997808310270020:5
16:26:23.526 main Client.execute() Reply OK
16:26:23.587 main Client.execute() Sending 3997808310270020:6
16:26:23.868 main Client.execute() Reply OK
16:26:23.920 main Client.execute() Sending 3997808310270020:7
16:26:24.218 main Client.execute() Reply OK
16:26:24.317 main Client.execute() Sending 3997808310270020:8
16:26:24.619 main Client.execute() Reply OK
16:26:24.642 main Client.execute() Sending 3997808310270020:9
16:26:24.831 main Client.execute() Reply OK
16:26:24.909 main Client.execute() Sending 3997808310270020:10
16:26:25.241 main Client.execute() Reply OK
16:26:25.320 main Client.execute() Sending 3997808310270020:11
16:26:25.521 main Client.execute() Reply OK
16:26:25.621 main Client.execute() Sending 3997808310270020:12
16:26:25.868 main Client.execute() Reply OK
16:26:25.908 main Client.execute() Sending 3997808310270020:13
16:26:26.060 main Client.execute() Reply OK
16:26:26.076 main Client.execute() Sending 3997808310270020:14
16:26:26.246 main Client.execute() Reply OK
16:26:26.278 main Client.execute() Sending 3997808310270020:15
16:26:26.389 main Client.execute() Reply OK
16:26:26.424 main Client.execute() Sending 3997808310270020:16
16:26:26.517 main Client.execute() Reply OK
16:26:26.536 main Client.execute() Sending 3997808310270020:17
16:26:26.611 main Client.execute() Reply OK
16:26:26.621 main Client.execute() Sending 3997808310270020:18
16:26:26.696 main Client.execute() Reply OK
16:26:26.703 main Client.execute() Sending 3997808310270020:19
16:26:26.839 main Client.execute() Reply OK
16:26:26.849 main Client.execute() Sending 3997808310270020:20
16:26:26.985 main Client.execute() Reply OK
16:26:27.060 main Client.execute() Sending 3997808310270020:21
16:26:27.170 main Client.execute() Reply OK
16:26:27.245 main Client.execute() Sending 3997808310270020:22
16:26:27.377 main Client.execute() Reply OK
16:26:27.402 main Client.execute() Sending 3997808310270020:23
16:26:27.500 main Client.execute() Reply OK
16:26:27.571 main Client.execute() Sending 3997808310270020:24
16:26:27.678 main Client.execute() Reply OK
16:26:27.736 main Client.execute() Sending 3997808310270020:25
16:26:27.839 main Client.execute() Reply OK
16:26:27.936 main Client.execute() Sending 3997808310270020:26
16:26:28.087 main Client.execute() Reply OK
16:26:28.105 main Client.execute() Sending 3997808310270020:27
16:26:28.252 main Client.execute() Reply OK
16:26:28.262 main Client.execute() Sending 3997808310270020:28
16:26:28.420 main Client.execute() Reply OK
16:26:28.453 main Client.execute() Sending 3997808310270020:29
16:26:28.577 main Client.execute() Reply OK
16:26:28.632 main Client.execute() Sending 3997808310270020:30
16:26:28.789 main Client.execute() Reply OK
16:26:28.858 main Client.execute() Sending 3997808310270020:31
16:26:29.012 main Client.execute() Reply OK
16:26:29.035 main Client.execute() Sending 3997808310270020:32
16:26:29.155 main Client.execute() Reply OK
16:26:29.201 main Client.execute() Sending 3997808310270020:33
16:26:29.323 main Client.execute() Reply OK
16:26:29.414 main Client.execute() Sending 3997808310270020:34
16:26:29.571 main Client.execute() Reply OK
16:26:29.573 main Client.execute() Sending 3997808310270020:35
16:26:29.722 main Client.execute() Reply OK
16:26:29.812 main Client.execute() Sending 3997808310270020:36
16:26:29.951 main Client.execute() Reply OK
16:26:30.043 main Client.execute() Sending 3997808310270020:37
16:26:30.670 main Client.execute() Reply OK
16:26:30.755 main Client.execute() Sending 3997808310270020:38
16:26:30.902 main Client.execute() Reply OK
16:26:30.909 main Client.execute() Sending 3997808310270020:39
16:26:31.144 main Client.execute() Reply OK
16:26:31.200 main Client.execute() Sending 3997808310270020:40
16:26:31.289 main Client.execute() Reply OK
16:26:31.312 main Client.execute() Sending 3997808310270020:41
16:26:31.432 main Client.execute() Reply OK
16:26:31.452 main Client.execute() Sending 3997808310270020:42
16:26:31.584 main Client.execute() Reply OK
16:26:31.647 main Client.execute() Sending 3997808310270020:43
16:26:31.825 main Client.execute() Reply OK
16:26:31.907 main Client.execute() Sending 3997808310270020:44
16:26:32.022 main Client.execute() Reply OK
16:26:32.118 main Client.execute() Sending 3997808310270020:45
16:26:32.215 main Client.execute() Reply OK
16:26:32.282 main Client.execute() Sending 3997808310270020:46
16:26:32.408 main Client.execute() Reply OK
16:26:32.460 main Client.execute() Sending 3997808310270020:47
16:26:32.590 main Client.execute() Reply OK
16:26:32.639 main Client.execute() Sending 3997808310270020:48
16:26:32.718 main Client.execute() Reply OK
16:26:32.758 main Client.execute() Sending 3997808310270020:49
16:26:32.874 main Client.execute() Reply OK
16:26:32.936 main Client.execute() Sending 3997808310270020:50
16:26:33.146 main Client.execute() Reply OK
16:26:33.210 main Client.execute() Sending 3997808310270020:51
16:26:33.287 main Client.execute() Reply OK
16:26:33.301 main Client.execute() Sending 3997808310270020:52
16:26:33.436 main Client.execute() Reply OK
16:26:33.497 main Client.execute() Sending 3997808310270020:53
16:26:33.639 main Client.execute() Reply OK
16:26:33.718 main Client.execute() Sending 3997808310270020:54
16:26:33.828 main Client.execute() Reply OK
16:26:33.886 main Client.execute() Sending 3997808310270020:55
16:26:33.965 main Client.execute() Reply OK
16:26:34.045 main Client.execute() Sending 3997808310270020:56
16:26:34.148 main Client.execute() Reply OK
16:26:34.155 main Client.execute() Sending 3997808310270020:57
16:26:34.255 main Client.execute() Reply OK
16:26:34.285 main Client.execute() Sending 3997808310270020:58
16:26:34.394 main Client.execute() Reply OK
16:26:34.463 main Client.execute() Sending 3997808310270020:59
16:26:34.654 main Client.execute() Reply OK
16:26:34.740 main Client.execute() Sending 3997808310270020:60
16:26:34.887 main Client.execute() Reply OK
16:26:34.922 main Client.execute() Sending 3997808310270020:61
16:26:35.165 main Client.execute() Reply OK
16:26:35.193 main Client.execute() Sending 3997808310270020:62
16:26:35.379 main Client.execute() Reply OK
16:26:35.417 main Client.execute() Sending 3997808310270020:63
16:26:35.715 main Client.execute() Reply OK
16:26:35.742 main Client.execute() Sending 3997808310270020:64
16:26:35.896 main Client.execute() Reply OK
16:26:35.952 main Client.execute() Sending 3997808310270020:65
16:26:36.215 main Client.execute() Reply OK
16:26:36.260 main Client.execute() Sending 3997808310270020:66
16:26:36.441 main Client.execute() Reply OK
16:26:36.523 main Client.execute() Sending 3997808310270020:67
16:26:36.647 main Client.execute() Reply OK
16:26:36.740 main Client.execute() Sending 3997808310270020:68
16:26:37.014 main Client.execute() Reply OK
16:26:37.085 main Client.execute() Sending 3997808310270020:69
16:26:37.232 main Client.execute() Reply OK
16:26:37.277 main Client.execute() Sending 3997808310270020:70
16:26:37.314 main Client.execute() Reply OK
16:26:37.407 main Client.execute() Sending 3997808310270020:71
16:26:37.588 main Client.execute() Reply OK
16:26:37.616 main Client.execute() Sending 3997808310270020:72
16:26:37.749 main Client.execute() Reply OK
16:26:37.812 main Client.execute() Sending 3997808310270020:73
16:26:37.900 main Client.execute() Reply OK
16:26:37.962 main Client.execute() Sending 3997808310270020:74
16:26:38.089 main Client.execute() Reply OK
16:26:38.157 main Client.execute() Sending 3997808310270020:75
16:26:38.218 main Client.execute() Reply OK
16:26:38.250 main Client.execute() Sending 3997808310270020:76
16:26:38.294 main Client.execute() Reply OK
16:26:38.338 main Client.execute() Sending 3997808310270020:77
16:26:38.403 main Client.execute() Reply OK
16:26:38.474 main Client.execute() Sending 3997808310270020:78
16:26:38.528 main Client.execute() Reply OK
16:26:38.620 main Client.execute() Sending 3997808310270020:79
16:26:38.663 main Client.execute() Reply OK
16:26:38.715 main Client.execute() Sending 3997808310270020:80
16:26:38.771 main Client.execute() Reply OK
16:26:38.816 main Client.execute() Sending 3997808310270020:81
16:26:38.870 main Client.execute() Reply OK
16:26:38.917 main Client.execute() Sending 3997808310270020:82
16:26:38.988 main Client.execute() Reply OK
16:26:39.070 main Client.execute() Sending 3997808310270020:83
16:26:39.137 main Client.execute() Reply OK
16:26:39.228 main Client.execute() Sending 3997808310270020:84
16:26:39.260 main Client.execute() Reply OK
16:26:39.293 main Client.execute() Sending 3997808310270020:85
16:26:39.340 main Client.execute() Reply OK
16:26:39.349 main Client.execute() Sending 3997808310270020:86
16:26:39.389 main Client.execute() Reply OK
16:26:39.398 main Client.execute() Sending 3997808310270020:87
16:26:39.497 main Client.execute() Reply OK
16:26:39.548 main Client.execute() Sending 3997808310270020:88
16:26:39.612 main Client.execute() Reply OK
16:26:39.671 main Client.execute() Sending 3997808310270020:89
16:26:39.743 main Client.execute() Reply OK
16:26:39.758 main Client.execute() Sending 3997808310270020:90
16:26:39.849 main Client.execute() Reply OK
16:26:39.941 main Client.execute() Sending 3997808310270020:91
16:26:39.997 main Client.execute() Reply OK
16:26:40.028 main Client.execute() Sending 3997808310270020:92
16:26:40.097 main Client.execute() Reply OK
16:26:40.147 main Client.execute() Sending 3997808310270020:93
16:26:40.199 main Client.execute() Reply OK
16:26:40.224 main Client.execute() Sending 3997808310270020:94
16:26:40.296 main Client.execute() Reply OK
16:26:40.355 main Client.execute() Sending 3997808310270020:95
16:26:40.408 main Client.execute() Reply OK
16:26:40.441 main Client.execute() Sending 3997808310270020:96
16:26:40.508 main Client.execute() Reply OK
16:26:40.597 main Client.execute() Sending 3997808310270020:97
16:26:40.650 main Client.execute() Reply OK
16:26:40.714 main Client.execute() Sending 3997808310270020:98
16:26:40.754 main Client.execute() Reply OK
16:26:40.815 main Client.execute() Sending 3997808310270020:99
16:26:40.852 main Client.execute() Reply OK
16:26:40.931 main Client.execute() Sending 3997808310270020:100
16:26:41.016 main Client.execute() Reply OK
