16:26:18.721 main Configuration.<init>() Configuration loaded from file: paxos.properties
16:26:20.207 main Configuration.loadProcessList() [p0] localhost, ports = (replica=2021, client=3001)
16:26:20.574 main Configuration.loadProcessList() [p1] localhost, ports = (replica=2022, client=3002)
16:26:20.574 main Configuration.loadProcessList() [p2] localhost, ports = (replica=2023, client=3003)
16:26:20.579 main Client.connectTo() Connecting to localhost:3003
16:26:21.293 main Client.initConnection() New client id: 3997808310270017
16:26:21.293 main Client.connectTo() Connected [p2]. Timeout: 3000
16:26:21.309 main Client.execute() Sending 3997808310270017:1
16:26:21.799 main Client.execute() Reply OK
16:26:21.812 main Client.execute() Sending 3997808310270017:2
16:26:22.258 main Client.execute() Reply OK
16:26:22.311 main Client.execute() Sending 3997808310270017:3
16:26:22.893 main Client.execute() Reply OK
16:26:22.983 main Client.execute() Sending 3997808310270017:4
16:26:23.219 main Client.execute() Reply OK
16:26:23.255 main Client.execute() Sending 3997808310270017:5
16:26:23.557 main Client.execute() Reply OK
16:26:23.639 main Client.execute() Sending 3997808310270017:6
16:26:23.869 main Client.execute() Reply OK
16:26:23.947 main Client.execute() Sending 3997808310270017:7
16:26:24.296 main Client.execute() Reply OK
16:26:24.354 main Client.execute() Sending 3997808310270017:8
16:26:24.621 main Client.execute() Reply OK
16:26:24.681 main Client.execute() Sending 3997808310270017:9
16:26:24.910 main Client.execute() Reply OK
16:26:24.999 main Client.execute() Sending 3997808310270017:10
16:26:25.248 main Client.execute() Reply OK
16:26:25.296 main Client.execute() Sending 3997808310270017:11
16:26:25.516 main Client.execute() Reply OK
16:26:25.520 main Client.execute() Sending 3997808310270017:12
16:26:25.836 main Client.execute() Reply OK
16:26:25.856 main Client.execute() Sending 3997808310270017:13
16:26:26.053 main Client.execute() Reply OK
16:26:26.107 main Client.execute() Sending 3997808310270017:14
16:26:26.274 main Client.execute() Reply OK
16:26:26.325 main Client.execute() Sending 3997808310270017:15
16:26:26.469 main Client.execute() Reply OK
16:26:26.549 main Client.execute() Sending 3997808310270017:16
16:26:26.611 main Client.execute() Reply OK
16:26:26.621 main Client.execute() Sending 3997808310270017:17
16:26:26.696 main Client.execute() Reply OK
16:26:26.745 main Client.execute() Sending 3997808310270017:18
16:26:26.875 main Client.execute() Reply OK
16:26:26.914 main Client.execute() Sending 3997808310270017:19
16:26:27.078 main Client.execute() Reply OK
16:26:27.140 main Client.execute() Sending 3997808310270017:20
16:26:27.281 main Client.execute() Reply OK
16:26:27.337 main Client.execute() Sending 3997808310270017:21
16:26:27.474 main Client.execute() Reply OK
16:26:27.478 main Client.execute() Sending 3997808310270017:22
16:26:27.543 main Client.execute() Reply OK
16:26:27.617 main Client.execute() Sending 3997808310270017:23
16:26:27.798 main Client.execute() Reply OK
16:26:27.832 main Client.execute() Sending 3997808310270017:24
16:26:27.979 main Client.execute() Reply OK
16:26:28.008 main Client.execute() Sending 3997808310270017:25
16:26:28.154 main Client.execute() Reply OK
16:26:28.216 main Client.execute() Sending 3997808310270017:26
16:26:28.394 main Client.execute() Reply OK
16:26:28.428 main Client.execute() Sending 3997808310270017:27
16:26:28.571 main Client.execute() Reply OK
16:26:28.587 main Client.execute() Sending 3997808310270017:28
16:26:28.715 main Client.execute() Reply OK
16:26:28.728 main Client.execute() Sending 3997808310270017:29
16:26:28.911 main Client.execute() Reply OK
16:26:28.919 main Client.execute() Sending 3997808310270017:30
16:26:29.037 main Client.execute() Reply OK
16:26:29.081 main Client.execute() Sending 3997808310270017:31
16:26:29.175 main Client.execute() Reply OK
16:26:29.248 main Client.execute() Sending 3997808310270017:32
16:26:29.325 main Client.execute() Reply OK
16:26:29.344 main Client.execute() Sending 3997808310270017:33
16:26:29.392 main Client.execute() Reply OK
16:26:29.481 main Client.execute() Sending 3997808310270017:34
16:26:29.710 main Client.execute() Reply OK
16:26:29.744 main Client.execute() Sending 3997808310270017:35
16:26:29.836 main Client.execute() Reply OK
16:26:29.896 main Client.execute() Sending 3997808310270017:36
16:26:30.066 main Client.execute() Reply OK
16:26:30.164 main Client.execute() Sending 3997808310270017:37
16:26:30.750 main Client.execute() Reply OK
16:26:30.794 main Client.execute() Sending 3997808310270017:38
16:26:31.016 main Client.execute() Reply OK
16:26:31.035 main Client.execute() Sending 3997808310270017:39
16:26:31.165 main Client.execute() Reply OK
16:26:31.264 main Client.execute() Sending 3997808310270017:40
16:26:31.421 main Client.execute() Reply OK
16:26:31.499 main Client.execute() Sending 3997808310270017:41
16:26:31.644 main Client.execute() Reply OK
16:26:31.697 main Client.execute() Sending 3997808310270017:42
16:26:31.871 main Client.execute() Reply OK
16:26:31.883 main Client.execute() Sending 3997808310270017:43
16:26:31.995 main Client.execute() Reply OK
16:26:32.013 main Client.execute() Sending 3997808310270017:44
16:26:32.132 main Client.execute() Reply OK
16:26:32.221 main Client.execute() Sending 3997808310270017:45
16:26:32.337 main Client.execute() Reply OK
16:26:32.339 main Client.execute() Sending 3997808310270017:46
16:26:32.451 main Client.execute() Reply OK
16:26:32.549 main Client.execute() Sending 3997808310270017:47
16:26:32.657 main Client.execute() Reply OK
16:26:32.740 main Client.execute() Sending 3997808310270017:48
16:26:32.853 main Client.execute() Reply OK
16:26:32.900 main Client.execute() Sending 3997808310270017:49
16:26:33.109 main Client.execute() Reply OK
16:26:33.127 main Client.execute() Sending 3997808310270017:50
16:26:33.243 main Client.execute() Reply OK
16:26:33.273 main Client.execute() Sending 3997808310270017:51
16:26:33.369 main Client.execute() Reply OK
16:26:33.439 main Client.execute() Sending 3997808310270017:52
16:26:33.499 main Client.execute() Reply OK
16:26:33.545 main Client.execute() Sending 3997808310270017:53
16:26:33.697 main Client.execute() Reply OK
16:26:33.727 main Client.execute() Sending 3997808310270017:54
16:26:33.828 main Client.execute() Reply OK
16:26:33.860 main Client.execute() Sending 3997808310270017:55
16:26:33.965 main Client.execute() Reply OK
16:26:34.042 main Client.execute() Sending 3997808310270017:56
16:26:34.131 main Client.execute() Reply OK
16:26:34.165 main Client.execute() Sending 3997808310270017:57
16:26:34.276 main Client.execute() Reply OK
16:26:34.370 main Client.execute() Sending 3997808310270017:58
16:26:34.588 main Client.execute() Reply OK
16:26:34.623 main Client.execute() Sending 3997808310270017:59
16:26:34.720 main Client.execute() Reply OK
16:26:34.793 main Client.execute() Sending 3997808310270017:60
16:26:34.890 main Client.execute() Reply OK
16:26:34.963 main Client.execute() Sending 3997808310270017:61
16:26:35.166 main Client.execute() Reply OK
16:26:35.233 main Client.execute() Sending 3997808310270017:62
16:26:35.380 main Client.execute() Reply OK
16:26:35.466 main Client.execute() Sending 3997808310270017:63
16:26:35.716 main Client.execute() Reply OK
16:26:35.776 main Client.execute() Sending 3997808310270017:64
16:26:35.942 main Client.execute() Reply OK
16:26:35.973 main Client.execute() Sending 3997808310270017:65
16:26:36.216 main Client.execute() Reply OK
16:26:36.288 main Client.execute() Sending 3997808310270017:66
16:26:36.444 main Client.execute() Reply OK
16:26:36.456 main Client.execute() Sending 3997808310270017:67
16:26:36.588 main Client.execute() Reply OK
16:26:36.600 main Client.execute() Sending 3997808310270017:68
16:26:36.690 main Client.execute() Reply OK
16:26:36.729 main Client.execute() Sending 3997808310270017:69
16:26:36.989 main Client.execute() Reply OK
16:26:37.003 main Client.execute() Sending 3997808310270017:70
16:26:37.229 main Client.execute() Reply OK
16:26:37.293 main Client.execute() Sending 3997808310270017:71
16:26:37.346 main Client.execute() Reply OK
16:26:37.365 main Client.execute() Sending 3997808310270017:72
16:26:37.451 main Client.execute() Reply OK
16:26:37.478 main Client.execute() Sending 3997808310270017:73
16:26:37.663 main Client.execute() Reply OK
16:26:37.749 main Client.execute() Sending 3997808310270017:74
16:26:37.795 main Client.execute() Reply OK
16:26:37.801 main Client.execute() Sending 3997808310270017:75
16:26:37.840 main Client.execute() Reply OK
16:26:37.917 main Client.execute() Sending 3997808310270017:76
16:26:37.999 main Client.execute() Reply OK
16:26:38.010 main Client.execute() Sending 3997808310270017:77
16:26:38.119 main Client.execute() Reply OK
16:26:38.152 main Client.execute() Sending 3997808310270017:78
16:26:38.217 main Client.execute() Reply OK
16:26:38.235 main Client.execute() Sending 3997808310270017:79
16:26:38.270 main Client.execute() Reply OK
16:26:38.283 main Client.execute() Sending 3997808310270017:80
16:26:38.318 main Client.execute() Reply OK
16:26:38.380 main Client.execute() Sending 3997808310270017:81
16:26:38.427 main Client.execute() Reply OK
16:26:38.476 main Client.execute() Sending 3997808310270017:82
16:26:38.527 main Client.execute() Reply OK
16:26:38.619 main Client.execute() Sending 3997808310270017:83
16:26:38.664 main Client.execute() Reply OK
16:26:38.768 main Client.execute() Sending 3997808310270017:84
16:26:38.842 main Client.execute() Reply OK
16:26:38.895 main Client.execute() Sending 3997808310270017:85
16:26:38.974 main Client.execute() Reply OK
16:26:39.044 main Client.execute() Sending 3997808310270017:86
16:26:39.102 main Client.execute() Reply OK
16:26:39.124 main Client.execute() Sending 3997808310270017:87
16:26:39.175 main Client.execute() Reply OK
16:26:39.233 main Client.execute() Sending 3997808310270017:88
16:26:39.317 main Client.execute() Reply OK
16:26:39.366 main Client.execute() Sending 3997808310270017:89
16:26:39.458 main Client.execute() Reply OK
16:26:39.528 main Client.execute() Sending 3997808310270017:90
16:26:39.606 main Client.execute() Reply OK
16:26:39.687 main Client.execute() Sending 3997808310270017:91
16:26:39.744 main Client.execute() Reply OK
16:26:39.834 main Client.execute() Sending 3997808310270017:92
16:26:39.897 main Client.execute() Reply OK
16:26:39.993 main Client.execute() Sending 3997808310270017:93
16:26:40.048 main Client.execute() Reply OK
16:26:40.098 main Client.execute() Sending 3997808310270017:94
16:26:40.150 main Client.execute() Reply OK
16:26:40.159 main Client.execute() Sending 3997808310270017:95
16:26:40.200 main Client.execute() Reply OK
16:26:40.275 main Client.execute() Sending 3997808310270017:96
16:26:40.351 main Client.execute() Reply OK
16:26:40.447 main Client.execute() Sending 3997808310270017:97
16:26:40.551 main Client.execute() Reply OK
16:26:40.597 main Client.execute() Sending 3997808310270017:98
16:26:40.649 main Client.execute() Reply OK
16:26:40.672 main Client.execute() Sending 3997808310270017:99
16:26:40.701 main Client.execute() Reply OK
16:26:40.779 main Client.execute() Sending 3997808310270017:100
16:26:40.807 main Client.execute() Reply OK
