16:26:19.346 main Configuration.<init>() Configuration loaded from file: paxos.properties
16:26:21.091 main Configuration.loadProcessList() [p0] localhost, ports = (replica=2021, client=3001)
16:26:21.092 main Configuration.loadProcessList() [p1] localhost, ports = (replica=2022, client=3002)
16:26:21.092 main Configuration.loadProcessList() [p2] localhost, ports = (replica=2023, client=3003)
16:26:21.093 main Client.connectTo() Connecting to localhost:3001
16:26:21.445 main Client.initConnection() New client id: 3997808304960042
16:26:21.445 main Client.connectTo() Connected [p0]. Timeout: 3000
16:26:21.459 main Client.execute() Sending 3997808304960042:1
16:26:21.853 main Client.execute() Reply OK
16:26:21.875 main Client.execute() Sending 3997808304960042:2
16:26:22.079 main Client.execute() Reply OK
16:26:22.165 main Client.execute() Sending 3997808304960042:3
16:26:22.435 main Client.execute() Reply OK
16:26:22.503 main Client.execute() Sending 3997808304960042:4
16:26:22.870 main Client.execute() Reply OK
16:26:22.934 main Client.execute() Sending 3997808304960042:5
16:26:23.067 main Client.execute() Reply OK
16:26:23.096 main Client.execute() Sending 3997808304960042:6
16:26:23.184 main Client.execute() Reply OK
16:26:23.233 main Client.execute() Sending 3997808304960042:7
16:26:23.388 main Client.execute() Reply OK
16:26:23.425 main Client.execute() Sending 3997808304960042:8
16:26:23.573 main Client.execute() Reply OK
16:26:23.611 main Client.execute() Sending 3997808304960042:9
16:26:23.767 main Client.execute() Reply OK
16:26:23.773 main Client.execute() Sending 3997808304960042:10
16:26:23.905 main Client.execute() Reply OK
16:26:23.906 main Client.execute() Sending 3997808304960042:11
16:26:24.077 main Client.execute() Reply OK
16:26:24.078 main Client.execute() Sending 3997808304960042:12
16:26:24.252 main Client.execute() Reply OK
16:26:24.336 main Client.execute() Sending 3997808304960042:13
16:26:24.472 main Client.execute() Reply OK
16:26:24.475 main Client.execute() Sending 3997808304960042:14
16:26:24.652 main Client.execute() Reply OK
16:26:24.701 main Client.execute() Sending 3997808304960042:15
16:26:24.802 main Client.execute() Reply OK
16:26:24.857 main Client.execute() Sending 3997808304960042:16
16:26:25.063 main Client.execute() Reply OK
16:26:25.130 main Client.execute() Sending 3997808304960042:17
16:26:25.270 main Client.execute() Reply OK
16:26:25.343 main Client.execute() Sending 3997808304960042:18
16:26:25.434 main Client.execute() Reply OK
16:26:25.457 main Client.execute() Sending 3997808304960042:19
16:26:25.579 main Client.execute() Reply OK
16:26:25.624 main Client.execute() Sending 3997808304960042:20
16:26:25.870 main Client.execute() Reply OK
16:26:25.967 main Client.execute() Sending 3997808304960042:21
16:26:26.066 main Client.execute() Reply OK
16:26:26.151 main Client.execute() Sending 3997808304960042:22
16:26:26.248 main Client.execute() Reply OK
16:26:26.333 main Client.execute() Sending 3997808304960042:23
16:26:26.400 main Client.execute() Reply OK
16:26:26.503 main Client.execute() Sending 3997808304960042:24
16:26:26.620 main Client.execute() Reply OK
16:26:26.718 main Client.execute() Sending 3997808304960042:25
16:26:26.848 main Client.execute() Reply OK
16:26:26.897 main Client.execute() Sending 3997808304960042:26
16:26:27.016 main Client.execute() Reply OK
16:26:27.072 main Client.execute() Sending 3997808304960042:27
16:26:27.134 main Client.execute() Reply OK
16:26:27.139 main Client.execute() Sending 3997808304960042:28
16:26:27.217 main Client.execute() Reply OK
16:26:27.258 main Client.execute() Sending 3997808304960042:29
16:26:27.354 main Client.execute() Reply OK
16:26:27.427 main Client.execute() Sending 3997808304960042:30
16:26:27.490 main Client.execute() Reply OK
16:26:27.552 main Client.execute() Sending 3997808304960042:31
16:26:27.622 main Client.execute() Reply OK
16:26:27.697 main Client.execute() Sending 3997808304960042:32
16:26:27.800 main Client.execute() Reply OK
16:26:27.837 main Client.execute() Sending 3997808304960042:33
16:26:27.944 main Client.execute() Reply OK
16:26:28.034 main Client.execute() Sending 3997808304960042:34
16:26:28.102 main Client.execute() Reply OK
16:26:28.102 main Client.execute() Sending 3997808304960042:35
16:26:28.164 main Client.execute() Reply OK
16:26:28.168 main Client.execute() Sending 3997808304960042:36
16:26:28.231 main Client.execute() Reply OK
16:26:28.256 main Client.execute() Sending 3997808304960042:37
16:26:28.329 main Client.execute() Reply OK
16:26:28.371 main Client.execute() Sending 3997808304960042:38
16:26:28.463 main Client.execute() Reply OK
16:26:28.526 main Client.execute() Sending 3997808304960042:39
16:26:28.582 main Client.execute() Reply OK
16:26:28.607 main Client.execute() Sending 3997808304960042:40
16:26:28.684 main Client.execute() Reply OK
16:26:28.696 main Client.execute() Sending 3997808304960042:41
16:26:28.819 main Client.execute() Reply OK
16:26:28.914 main Client.execute() Sending 3997808304960042:42
16:26:28.976 main Client.execute() Reply OK
16:26:29.008 main Client.execute() Sending 3997808304960042:43
16:26:29.081 main Client.execute() Reply OK
16:26:29.119 main Client.execute() Sending 3997808304960042:44
16:26:29.215 main Client.execute() Reply OK
16:26:29.299 main Client.execute() Sending 3997808304960042:45
16:26:29.450 main Client.execute() Reply OK
16:26:29.451 main Client.execute() Sending 3997808304960042:46
16:26:29.540 main Client.execute() Reply OK
16:26:29.561 main Client.execute() Sending 3997808304960042:47
16:26:29.676 main Client.execute() Reply OK
16:26:29.707 main Client.execute() Sending 3997808304960042:48
16:26:29.793 main Client.execute() Reply OK
16:26:29.806 main Client.execute() Sending 3997808304960042:49
16:26:29.900 main Client.execute() Reply OK
16:26:29.903 main Client.execute() Sending 3997808304960042:50
16:26:29.981 main Client.execute() Reply OK
16:26:29.999 main Client.execute() Sending 3997808304960042:51
16:26:30.059 main Client.execute() Reply OK
16:26:30.118 main Client.execute() Sending 3997808304960042:52
16:26:30.651 main Client.execute() Reply OK
16:26:30.667 main Client.execute() Sending 3997808304960042:53
16:26:30.730 main Client.execute() Reply OK
16:26:30.826 main Client.execute() Sending 3997808304960042:54
16:26:30.920 main Client.execute() Reply OK
16:26:30.987 main Client.execute() Sending 3997808304960042:55
16:26:31.097 main Client.execute() Reply OK
16:26:31.144 main Client.execute() Sending 3997808304960042:56
16:26:31.245 main Client.execute() Reply OK
16:26:31.249 main Client.execute() Sending 3997808304960042:57
16:26:31.331 main Client.execute() Reply OK
16:26:31.397 main Client.execute() Sending 3997808304960042:58
16:26:31.490 main Client.execute() Reply OK
16:26:31.512 main Client.execute() Sending 3997808304960042:59
16:26:31.575 main Client.execute() Reply OK
16:26:31.613 main Client.execute() Sending 3997808304960042:60
16:26:31.683 main Client.execute() Reply OK
16:26:31.754 main Client.execute() Sending 3997808304960042:61
16:26:31.889 main Client.execute() Reply OK
16:26:31.936 main Client.execute() Sending 3997808304960042:62
16:26:32.021 main Client.execute() Reply OK
16:26:32.037 main Client.execute() Sending 3997808304960042:63
16:26:32.133 main Client.execute() Reply OK
16:26:32.210 main Client.execute() Sending 3997808304960042:64
16:26:32.272 main Client.execute() Reply OK
16:26:32.284 main Client.execute() Sending 3997808304960042:65
16:26:32.362 main Client.execute() Reply OK
16:26:32.364 main Client.execute() Sending 3997808304960042:66
16:26:32.511 main Client.execute() Reply OK
16:26:32.588 main Client.execute() Sending 3997808304960042:67
16:26:32.665 main Client.execute() Reply OK
16:26:32.718 main Client.execute() Sending 3997808304960042:68
16:26:32.841 main Client.execute() Reply OK
16:26:32.932 main Client.execute() Sending 3997808304960042:69
16:26:33.043 main Client.execute() Reply OK
16:26:33.101 main Client.execute() Sending 3997808304960042:70
16:26:33.195 main Client.execute() Reply OK
16:26:33.198 main Client.execute() Sending 3997808304960042:71
16:26:33.264 main Client.execute() Reply OK
16:26:33.308 main Client.execute() Sending 3997808304960042:72
16:26:33.419 main Client.execute() Reply OK
16:26:33.440 main Client.execute() Sending 3997808304960042:73
16:26:33.535 main Client.execute() Reply OK
16:26:33.584 main Client.execute() Sending 3997808304960042:74
16:26:33.679 main Client.execute() Reply OK
16:26:33.721 main Client.execute() Sending 3997808304960042:75
16:26:33.809 main Client.execute() Reply OK
16:26:33.882 main Client.execute() Sending 3997808304960042:76
16:26:33.946 main Client.execute() Reply OK
16:26:34.009 main Client.execute() Sending 3997808304960042:77
16:26:34.099 main Client.execute() Reply OK
16:26:34.178 main Client.execute() Sending 3997808304960042:78
16:26:34.237 main Client.execute() Reply OK
16:26:34.254 main Client.execute() Sending 3997808304960042:79
16:26:34.328 main Client.execute() Reply OK
16:26:34.333 main Client.execute() Sending 3997808304960042:80
16:26:34.450 main Client.execute() Reply OK
16:26:34.523 main Client.execute() Sending 3997808304960042:81
16:26:34.648 main Client.execute() Reply OK
16:26:34.735 main Client.execute() Sending 3997808304960042:82
16:26:34.782 main Client.execute() Reply OK
16:26:34.830 main Client.execute() Sending 3997808304960042:83
16:26:34.937 main Client.execute() Reply OK
16:26:34.957 main Client.execute() Sending 3997808304960042:84
16:26:35.083 main Client.execute() Reply OK
16:26:35.162 main Client.execute() Sending 3997808304960042:85
16:26:35.282 main Client.execute() Reply OK
16:26:35.364 main Client.execute() Sending 3997808304960042:86
16:26:35.522 main Client.execute() Reply OK
16:26:35.541 main Client.execute() Sending 3997808304960042:87
16:26:35.653 main Client.execute() Reply OK
16:26:35.729 main Client.execute() Sending 3997808304960042:88
16:26:35.837 main Client.execute() Reply OK
16:26:35.893 main Client.execute() Sending 3997808304960042:89
16:26:36.078 main Client.execute() Reply OK
16:26:36.156 main Client.execute() Sending 3997808304960042:90
16:26:36.250 main Client.execute() Reply OK
16:26:36.322 main Client.execute() Sending 3997808304960042:91
16:26:36.418 main Client.execute() Reply OK
16:26:36.498 main Client.execute() Sending 3997808304960042:92
16:26:36.627 main Client.execute() Reply OK
16:26:36.719 main Client.execute() Sending 3997808304960042:93
16:26:36.933 main Client.execute() Reply OK
16:26:37.018 main Client.execute() Sending 3997808304960042:94
16:26:37.121 main Client.execute() Reply OK
16:26:37.124 main Client.execute() Sending 3997808304960042:95
16:26:37.226 main Client.execute() Reply OK
16:26:37.268 main Client.execute() Sending 3997808304960042:96
16:26:37.317 main Client.execute() Reply OK
16:26:37.345 main Client.execute() Sending 3997808304960042:97
16:26:37.399 main Client.execute() Reply OK
16:26:37.430 main Client.execute() Sending 3997808304960042:98
16:26:37.548 main Client.execute() Reply OK
16:26:37.616 main Client.execute() Sending 3997808304960042:99
16:26:37.737 main Client.execute() Reply OK
16:26:37.796 main Client.execute() Sending 3997808304960042:100
16:26:37.848 main Client.execute() Reply OK
