16:26:19.477 main Configuration.<init>() Configuration loaded from file: paxos.properties
16:26:21.105 main Configuration.loadProcessList() [p0] localhost, ports = (replica=2021, client=3001)
16:26:21.105 main Configuration.loadProcessList() [p1] localhost, ports = (replica=2022, client=3002)
16:26:21.105 main Configuration.loadProcessList() [p2] localhost, ports = (replica=2023, client=3003)
16:26:21.106 main Client.connectTo() Connecting to localhost:3003
16:26:21.533 main Client.initConnection() New client id: 3997808310270038
16:26:21.534 main Client.connectTo() Connected [p2]. Timeout: 3000
16:26:21.543 main Client.execute() Sending 3997808310270038:1
16:26:22.012 main Client.execute() Reply OK
16:26:22.089 main Client.execute() Sending 3997808310270038:2
16:26:22.502 main Client.execute() Reply OK
16:26:22.561 main Client.execute() Sending 3997808310270038:3
16:26:22.962 main Client.execute() Reply OK
16:26:23.014 main Client.execute() Sending 3997808310270038:4
16:26:23.301 main Client.execute() Reply OK
16:26:23.308 main Client.execute() Sending 3997808310270038:5
16:26:23.606 main Client.execute() Reply OK
16:26:23.670 main Client.execute() Sending 3997808310270038:6
16:26:23.986 main Client.execute() Reply OK
16:26:24.037 main Client.execute() Sending 3997808310270038:7
16:26:24.405 main Client.execute() Reply OK
16:26:24.439 main Client.execute() Sending 3997808310270038:8
16:26:24.747 main Client.execute() Reply OK
16:26:24.772 main Client.execute() Sending 3997808310270038:9
16:26:25.123 main Client.execute() Reply OK
16:26:25.137 main Client.execute() Sending 3997808310270038:10
16:26:25.356 main Client.execute() Reply OK
16:26:25.380 main Client.execute() Sending 3997808310270038:11
16:26:25.560 main Client.execute() Reply OK
16:26:25.634 main Client.execute() Sending 3997808310270038:12
16:26:25.890 main Client.execute() Reply OK
16:26:25.939 main Client.execute() Sending 3997808310270038:13
16:26:26.138 main Client.execute() Reply OK
16:26:26.211 main Client.execute() Sending 3997808310270038:14
16:26:26.335 main Client.execute() Reply OK
16:26:26.402 main Client.execute() Sending 3997808310270038:15
16:26:26.517 main Client.execute() Reply OK
16:26:26.552 main Client.execute() Sending 3997808310270038:16
16:26:26.612 main Client.execute() Reply OK
16:26:26.689 main Client.execute() Sending 3997808310270038:17
16:26:26.837 main Client.execute() Reply OK
16:26:26.895 main Client.execute() Sending 3997808310270038:18
16:26:27.019 main Client.execute() Reply OK
16:26:27.105 main Client.execute() Sending 3997808310270038:19
16:26:27.270 main Client.execute() Reply OK
16:26:27.294 main Client.execute() Sending 3997808310270038:20
16:26:27.451 main Client.execute() Reply OK
16:26:27.484 main Client.execute() Sending 3997808310270038:21
16:26:27.558 main Client.execute() Reply OK
16:26:27.646 main Client.execute() Sending 3997808310270038:22
16:26:27.810 main Client.execute() Reply OK
16:26:27.811 main Client.execute() Sending 3997808310270038:23
16:26:27.978 main Client.execute() Reply OK
16:26:27.989 main Client.execute() Sending 3997808310270038:24
16:26:28.101 main Client.execute() Reply OK
16:26:28.111 main Client.execute() Sending 3997808310270038:25
16:26:28.254 main Client.execute() Reply OK
16:26:28.324 main Client.execute() Sending 3997808310270038:26
16:26:28.520 main Client.execute() Reply OK
16:26:28.571 main Client.execute() Sending 3997808310270038:27
16:26:28.679 main Client.execute() Reply OK
16:26:28.695 main Client.execute() Sending 3997808310270038:28
16:26:28.881 main Client.execute() Reply OK
16:26:28.967 main Client.execute() Sending 3997808310270038:29
16:26:29.118 main Client.execute() Reply OK
16:26:29.180 main Client.execute() Sending 3997808310270038:30
16:26:29.244 main Client.execute() Reply OK
16:26:29.287 main Client.execute() Sending 3997808310270038:31
16:26:29.368 main Client.execute() Reply OK
16:26:29.410 main Client.execute() Sending 3997808310270038:32
16:26:29.550 main Client.execute() Reply OK
16:26:29.570 main Client.execute() Sending 3997808310270038:33
16:26:29.722 main Client.execute() Reply OK
16:26:29.813 main Client.execute() Sending 3997808310270038:34
16:26:29.974 main Client.execute() Reply OK
16:26:30.073 main Client.execute() Sending 3997808310270038:35
16:26:30.670 main Client.execute() Reply OK
16:26:30.746 main Client.execute() Sending 3997808310270038:36
16:26:30.902 main Client.execute() Reply OK
16:26:30.905 main Client.execute() Sending 3997808310270038:37
16:26:31.142 main Client.execute() Reply OK
16:26:31.151 main Client.execute() Sending 3997808310270038:38
16:26:31.225 main Client.execute() Reply OK
16:26:31.305 main Client.execute() Sending 3997808310270038:39
16:26:31.421 main Client.execute() Reply OK
16:26:31.469 main Client.execute() Sending 3997808310270038:40
16:26:31.607 main Client.execute() Reply OK
16:26:31.665 main Client.execute() Sending 3997808310270038:41
16:26:31.826 main Client.execute() Reply OK
16:26:31.924 main Client.execute() Sending 3997808310270038:42
16:26:32.029 main Client.execute() Reply OK
16:26:32.059 main Client.execute() Sending 3997808310270038:43
16:26:32.168 main Client.execute() Reply OK
16:26:32.227 main Client.execute() Sending 3997808310270038:44
16:26:32.407 main Client.execute() Reply OK
16:26:32.449 main Client.execute() Sending 3997808310270038:45
16:26:32.550 main Client.execute() Reply OK
16:26:32.554 main Client.execute() Sending 3997808310270038:46
16:26:32.691 main Client.execute() Reply OK
16:26:32.713 main Client.execute() Sending 3997808310270038:47
16:26:32.846 main Client.execute() Reply OK
16:26:32.873 main Client.execute() Sending 3997808310270038:48
16:26:32.951 main Client.execute() Reply OK
16:26:33.041 main Client.execute() Sending 3997808310270038:49
16:26:33.174 main Client.execute() Reply OK
16:26:33.238 main Client.execute() Sending 3997808310270038:50
16:26:33.344 main Client.execute() Reply OK
16:26:33.384 main Client.execute() Sending 3997808310270038:51
16:26:33.444 main Client.execute() Reply OK
16:26:33.514 main Client.execute() Sending 3997808310270038:52
16:26:33.641 main Client.execute() Reply OK
16:26:33.710 main Client.execute() Sending 3997808310270038:53
16:26:33.825 main Client.execute() Reply OK
16:26:33.831 main Client.execute() Sending 3997808310270038:54
16:26:33.901 main Client.execute() Reply OK
16:26:33.965 main Client.execute() Sending 3997808310270038:55
16:26:34.024 main Client.execute() Reply OK
16:26:34.063 main Client.execute() Sending 3997808310270038:56
16:26:34.196 main Client.execute() Reply OK
16:26:34.223 main Client.execute() Sending 3997808310270038:57
16:26:34.346 main Client.execute() Reply OK
16:26:34.363 main Client.execute() Sending 3997808310270038:58
16:26:34.483 main Client.execute() Reply OK
16:26:34.491 main Client.execute() Sending 3997808310270038:59
16:26:34.654 main Client.execute() Reply OK
16:26:34.686 main Client.execute() Sending 3997808310270038:60
16:26:34.766 main Client.execute() Reply OK
16:26:34.773 main Client.execute() Sending 3997808310270038:61
16:26:34.889 main Client.execute() Reply OK
16:26:34.896 main Client.execute() Sending 3997808310270038:62
16:26:35.065 main Client.execute() Reply OK
16:26:35.099 main Client.execute() Sending 3997808310270038:63
16:26:35.247 main Client.execute() Reply OK
16:26:35.269 main Client.execute() Sending 3997808310270038:64
16:26:35.414 main Client.execute() Reply OK
16:26:35.466 main Client.execute() Sending 3997808310270038:65
16:26:35.719 main Client.execute() Reply OK
16:26:35.813 main Client.execute() Sending 3997808310270038:66
16:26:36.047 main Client.execute() Reply OK
16:26:36.056 main Client.execute() Sending 3997808310270038:67
16:26:36.239 main Client.execute() Reply OK
16:26:36.256 main Client.execute() Sending 3997808310270038:68
16:26:36.367 main Client.execute() Reply OK
16:26:36.463 main Client.execute() Sending 3997808310270038:69
16:26:36.589 main Client.execute() Reply OK
16:26:36.637 main Client.execute() Sending 3997808310270038:70
16:26:36.691 main Client.execute() Reply OK
16:26:36.696 main Client.execute() Sending 3997808310270038:71
16:26:36.760 main Client.execute() Reply OK
16:26:36.835 main Client.execute() Sending 3997808310270038:72
16:26:37.044 main Client.execute() Reply OK
16:26:37.104 main Client.execute() Sending 3997808310270038:73
16:26:37.236 main Client.execute() Reply OK
16:26:37.236 main Client.execute() Sending 3997808310270038:74
16:26:37.313 main Client.execute() Reply OK
16:26:37.324 main Client.execute() Sending 3997808310270038:75
16:26:37.384 main Client.execute() Reply OK
16:26:37.402 main Client.execute() Sending 3997808310270038:76
16:26:37.513 main Client.execute() Reply OK
16:26:37.552 main Client.execute() Sending 3997808310270038:77
16:26:37.704 main Client.execute() Reply OK
16:26:37.770 main Client.execute() Sending 3997808310270038:78
16:26:37.839 main Client.execute() Reply OK
16:26:37.841 main Client.execute() Sending 3997808310270038:79
16:26:37.901 main Client.execute() Reply OK
16:26:37.975 main Client.execute() Sending 3997808310270038:80
16:26:38.089 main Client.execute() Reply OK
16:26:38.162 main Client.execute() Sending 3997808310270038:81
16:26:38.233 main Client.execute() Reply OK
16:26:38.317 main Client.execute() Sending 3997808310270038:82
16:26:38.352 main Client.execute() Reply OK
16:26:38.431 main Client.execute() Sending 3997808310270038:83
16:26:38.477 main Client.execute() Reply OK
16:26:38.487 main Client.execute() Sending 3997808310270038:84
16:26:38.529 main Client.execute() Reply OK
16:26:38.614 main Client.execute() Sending 3997808310270038:85
16:26:38.662 main Client.execute() Reply OK
16:26:38.687 main Client.execute() Sending 3997808310270038:86
16:26:38.740 main Client.execute() Reply OK
16:26:38.782 main Client.execute() Sending 3997808310270038:87
16:26:38.871 main Client.execute() Reply OK
16:26:38.887 main Client.execute() Sending 3997808310270038:88
16:26:38.916 main Client.execute() Reply OK
16:26:38.990 main Client.execute() Sending 3997808310270038:89
16:26:39.032 main Client.execute() Reply OK
16:26:39.098 main Client.execute() Sending 3997808310270038:90
16:26:39.136 main Client.execute() Reply OK
16:26:39.165 main Client.execute() Sending 3997808310270038:91
16:26:39.211 main Client.execute() Reply OK
16:26:39.292 main Client.execute() Sending 3997808310270038:92
16:26:39.341 main Client.execute() Reply OK
16:26:39.433 main Client.execute() Sending 3997808310270038:93
16:26:39.497 main Client.execute() Reply OK
16:26:39.529 main Client.execute() Sending 3997808310270038:94
16:26:39.607 main Client.execute() Reply OK
16:26:39.621 main Client.execute() Sending 3997808310270038:95
16:26:39.692 main Client.execute() Reply OK
16:26:39.728 main Client.execute() Sending 3997808310270038:96
16:26:39.802 main Client.execute() Reply OK
16:26:39.894 main Client.execute() Sending 3997808310270038:97
16:26:39.946 main Client.execute() Reply OK
16:26:39.947 main Client.execute() Sending 3997808310270038:98
16:26:39.997 main Client.execute() Reply OK
16:26:40.004 main Client.execute() Sending 3997808310270038:99
16:26:40.058 main Client.execute() Reply OK
16:26:40.129 main Client.execute() Sending 3997808310270038:100
16:26:40.198 main Client.execute() Reply OK
