16:26:19.617 main Configuration.<init>() Configuration loaded from file: paxos.properties
16:26:21.181 main Configuration.loadProcessList() [p0] localhost, ports = (replica=2021, client=3001)
16:26:21.181 main Configuration.loadProcessList() [p1] localhost, ports = (replica=2022, client=3002)
16:26:21.181 main Configuration.loadProcessList() [p2] localhost, ports = (replica=2023, client=3003)
16:26:21.182 main Client.connectTo() Connecting to localhost:3001
16:26:21.586 main Client.initConnection() New client id: 3997808304960045
16:26:21.586 main Client.connectTo() Connected [p0]. Timeout: 3000
16:26:21.589 main Client.execute() Sending 3997808304960045:1
16:26:22.022 main Client.execute() Reply OK
16:26:22.046 main Client.execute() Sending 3997808304960045:2
16:26:22.239 main Client.execute() Reply OK
16:26:22.352 main Client.execute() Sending 3997808304960045:3
16:26:22.591 main Client.execute() Reply OK
16:26:22.672 main Client.execute() Sending 3997808304960045:4
16:26:23.027 main Client.execute() Reply OK
16:26:23.064 main Client.execute() Sending 3997808304960045:5
16:26:23.157 main Client.execute() Reply OK
16:26:23.212 main Client.execute() Sending 3997808304960045:6
16:26:23.360 main Client.execute() Reply OK
16:26:23.414 main Client.execute() Sending 3997808304960045:7
16:26:23.550 main Client.execute() Reply OK
16:26:23.628 main Client.execute() Sending 3997808304960045:8
16:26:23.768 main Client.execute() Reply OK
16:26:23.832 main Client.execute() Sending 3997808304960045:9
16:26:23.991 main Client.execute() Reply OK
16:26:24.050 main Client.execute() Sending 3997808304960045:10
16:26:24.222 main Client.execute() Reply OK
16:26:24.309 main Client.execute() Sending 3997808304960045:11
16:26:24.441 main Client.execute() Reply OK
16:26:24.442 main Client.execute() Sending 3997808304960045:12
16:26:24.651 main Client.execute() Reply OK
16:26:24.658 main Client.execute() Sending 3997808304960045:13
16:26:24.765 main Client.execute() Reply OK
16:26:24.827 main Client.execute() Sending 3997808304960045:14
16:26:24.927 main Client.execute() Reply OK
16:26:24.998 main Client.execute() Sending 3997808304960045:15
16:26:25.191 main Client.execute() Reply OK
16:26:25.249 main Client.execute() Sending 3997808304960045:16
16:26:25.364 main Client.execute() Reply OK
16:26:25.436 main Client.execute() Sending 3997808304960045:17
16:26:25.579 main Client.execute() Reply OK
16:26:25.637 main Client.execute() Sending 3997808304960045:18
16:26:25.871 main Client.execute() Reply OK
16:26:25.914 main Client.execute() Sending 3997808304960045:19
16:26:25.993 main Client.execute() Reply OK
16:26:26.014 main Client.execute() Sending 3997808304960045:20
16:26:26.096 main Client.execute() Reply OK
16:26:26.170 main Client.execute() Sending 3997808304960045:21
16:26:26.259 main Client.execute() Reply OK
16:26:26.331 main Client.execute() Sending 3997808304960045:22
16:26:26.398 main Client.execute() Reply OK
16:26:26.432 main Client.execute() Sending 3997808304960045:23
16:26:26.523 main Client.execute() Reply OK
16:26:26.555 main Client.execute() Sending 3997808304960045:24
16:26:26.666 main Client.execute() Reply OK
16:26:26.680 main Client.execute() Sending 3997808304960045:25
16:26:26.743 main Client.execute() Reply OK
16:26:26.831 main Client.execute() Sending 3997808304960045:26
16:26:26.920 main Client.execute() Reply OK
16:26:26.955 main Client.execute() Sending 3997808304960045:27
16:26:27.032 main Client.execute() Reply OK
16:26:27.048 main Client.execute() Sending 3997808304960045:28
16:26:27.110 main Client.execute() Reply OK
16:26:27.149 main Client.execute() Sending 3997808304960045:29
16:26:27.219 main Client.execute() Reply OK
16:26:27.283 main Client.execute() Sending 3997808304960045:30
16:26:27.421 main Client.execute() Reply OK
16:26:27.510 main Client.execute() Sending 3997808304960045:31
16:26:27.574 main Client.execute() Reply OK
16:26:27.667 main Client.execute() Sending 3997808304960045:32
16:26:27.787 main Client.execute() Reply OK
16:26:27.877 main Client.execute() Sending 3997808304960045:33
16:26:27.946 main Client.execute() Reply OK
16:26:28.028 main Client.execute() Sending 3997808304960045:34
16:26:28.072 main Client.execute() Reply OK
16:26:28.164 main Client.execute() Sending 3997808304960045:35
16:26:28.230 main Client.execute() Reply OK
16:26:28.306 main Client.execute() Sending 3997808304960045:36
16:26:28.368 main Client.execute() Reply OK
16:26:28.449 main Client.execute() Sending 3997808304960045:37
16:26:28.559 main Client.execute() Reply OK
16:26:28.658 main Client.execute() Sending 3997808304960045:38
16:26:28.780 main Client.execute() Reply OK
16:26:28.837 main Client.execute() Sending 3997808304960045:39
16:26:28.928 main Client.execute() Reply OK
16:26:28.957 main Client.execute() Sending 3997808304960045:40
16:26:29.057 main Client.execute() Reply OK
16:26:29.143 main Client.execute() Sending 3997808304960045:41
16:26:29.255 main Client.execute() Reply OK
16:26:29.296 main Client.execute() Sending 3997808304960045:42
16:26:29.449 main Client.execute() Reply OK
16:26:29.476 main Client.execute() Sending 3997808304960045:43
16:26:29.595 main Client.execute() Reply OK
16:26:29.625 main Client.execute() Sending 3997808304960045:44
16:26:29.723 main Client.execute() Reply OK
16:26:29.804 main Client.execute() Sending 3997808304960045:45
16:26:29.892 main Client.execute() Reply OK
16:26:29.929 main Client.execute() Sending 3997808304960045:46
16:26:29.993 main Client.execute() Reply OK
16:26:30.064 main Client.execute() Sending 3997808304960045:47
16:26:30.606 main Client.execute() Reply OK
16:26:30.625 main Client.execute() Sending 3997808304960045:48
16:26:30.716 main Client.execute() Reply OK
16:26:30.717 main Client.execute() Sending 3997808304960045:49
16:26:30.805 main Client.execute() Reply OK
16:26:30.904 main Client.execute() Sending 3997808304960045:50
16:26:31.031 main Client.execute() Reply OK
16:26:31.119 main Client.execute() Sending 3997808304960045:51
16:26:31.240 main Client.execute() Reply OK
16:26:31.328 main Client.execute() Sending 3997808304960045:52
16:26:31.404 main Client.execute() Reply OK
16:26:31.407 main Client.execute() Sending 3997808304960045:53
16:26:31.491 main Client.execute() Reply OK
16:26:31.514 main Client.execute() Sending 3997808304960045:54
16:26:31.590 main Client.execute() Reply OK
16:26:31.651 main Client.execute() Sending 3997808304960045:55
16:26:31.740 main Client.execute() Reply OK
16:26:31.754 main Client.execute() Sending 3997808304960045:56
16:26:31.890 main Client.execute() Reply OK
16:26:31.920 main Client.execute() Sending 3997808304960045:57
16:26:31.967 main Client.execute() Reply OK
16:26:31.968 main Client.execute() Sending 3997808304960045:58
16:26:32.040 main Client.execute() Reply OK
16:26:32.105 main Client.execute() Sending 3997808304960045:59
16:26:32.200 main Client.execute() Reply OK
16:26:32.213 main Client.execute() Sending 3997808304960045:60
16:26:32.272 main Client.execute() Reply OK
16:26:32.338 main Client.execute() Sending 3997808304960045:61
16:26:32.449 main Client.execute() Reply OK
16:26:32.481 main Client.execute() Sending 3997808304960045:62
16:26:32.565 main Client.execute() Reply OK
16:26:32.586 main Client.execute() Sending 3997808304960045:63
16:26:32.664 main Client.execute() Reply OK
16:26:32.745 main Client.execute() Sending 3997808304960045:64
16:26:32.848 main Client.execute() Reply OK
16:26:32.859 main Client.execute() Sending 3997808304960045:65
16:26:32.903 main Client.execute() Reply OK
16:26:32.970 main Client.execute() Sending 3997808304960045:66
16:26:33.094 main Client.execute() Reply OK
16:26:33.149 main Client.execute() Sending 3997808304960045:67
16:26:33.226 main Client.execute() Reply OK
16:26:33.324 main Client.execute() Sending 3997808304960045:68
16:26:33.422 main Client.execute() Reply OK
16:26:33.427 main Client.execute() Sending 3997808304960045:69
16:26:33.513 main Client.execute() Reply OK
16:26:33.550 main Client.execute() Sending 3997808304960045:70
16:26:33.618 main Client.execute() Reply OK
16:26:33.709 main Client.execute() Sending 3997808304960045:71
16:26:33.804 main Client.execute() Reply OK
16:26:33.822 main Client.execute() Sending 3997808304960045:72
16:26:33.879 main Client.execute() Reply OK
16:26:33.902 main Client.execute() Sending 3997808304960045:73
16:26:33.948 main Client.execute() Reply OK
16:26:34.001 main Client.execute() Sending 3997808304960045:74
16:26:34.055 main Client.execute() Reply OK
16:26:34.138 main Client.execute() Sending 3997808304960045:75
16:26:34.223 main Client.execute() Reply OK
16:26:34.288 main Client.execute() Sending 3997808304960045:76
16:26:34.391 main Client.execute() Reply OK
16:26:34.432 main Client.execute() Sending 3997808304960045:77
16:26:34.556 main Client.execute() Reply OK
16:26:34.597 main Client.execute() Sending 3997808304960045:78
16:26:34.657 main Client.execute() Reply OK
16:26:34.718 main Client.execute() Sending 3997808304960045:79
16:26:34.781 main Client.execute() Reply OK
16:26:34.827 main Client.execute() Sending 3997808304960045:80
16:26:34.899 main Client.execute() Reply OK
16:26:34.990 main Client.execute() Sending 3997808304960045:81
16:26:35.116 main Client.execute() Reply OK
16:26:35.194 main Client.execute() Sending 3997808304960045:82
16:26:35.329 main Client.execute() Reply OK
16:26:35.366 main Client.execute() Sending 3997808304960045:83
16:26:35.521 main Client.execute() Reply OK
16:26:35.565 main Client.execute() Sending 3997808304960045:84
16:26:35.660 main Client.execute() Reply OK
16:26:35.708 main Client.execute() Sending 3997808304960045:85
16:26:35.806 main Client.execute() Reply OK
16:26:35.898 main Client.execute() Sending 3997808304960045:86
16:26:36.079 main Client.execute() Reply OK
16:26:36.130 main Client.execute() Sending 3997808304960045:87
16:26:36.249 main Client.execute() Reply OK
16:26:36.258 main Client.execute() Sending 3997808304960045:88
16:26:36.339 main Client.execute() Reply OK
16:26:36.393 main Client.execute() Sending 3997808304960045:89
16:26:36.501 main Client.execute() Reply OK
16:26:36.579 main Client.execute() Sending 3997808304960045:90
16:26:36.645 main Client.execute() Reply OK
16:26:36.649 main Client.execute() Sending 3997808304960045:91
16:26:36.697 main Client.execute() Reply OK
16:26:36.737 main Client.execute() Sending 3997808304960045:92
16:26:36.934 main Client.execute() Reply OK
16:26:36.972 main Client.execute() Sending 3997808304960045:93
16:26:37.093 main Client.execute() Reply OK
16:26:37.096 main Client.execute() Sending 3997808304960045:94
16:26:37.201 main Client.execute() Reply OK
16:26:37.275 main Client.execute() Sending 3997808304960045:95
16:26:37.317 main Client.execute() Reply OK
16:26:37.383 main Client.execute() Sending 3997808304960045:96
16:26:37.417 main Client.execute() Reply OK
16:26:37.463 main Client.execute() Sending 3997808304960045:97
16:26:37.634 main Client.execute() Reply OK
16:26:37.695 main Client.execute() Sending 3997808304960045:98
16:26:37.751 main Client.execute() Reply OK
16:26:37.829 main Client.execute() Sending 3997808304960045:99
16:26:37.898 main Client.execute() Reply OK
16:26:37.902 main Client.execute() Sending 3997808304960045:100
16:26:37.964 main Client.execute() Reply OK
