16:26:19.488 main Configuration.<init>() Configuration loaded from file: paxos.properties
16:26:21.371 main Configuration.loadProcessList() [p0] localhost, ports = (replica=2021, client=3001)
16:26:21.371 main Configuration.loadProcessList() [p1] localhost, ports = (replica=2022, client=3002)
16:26:21.371 main Configuration.loadProcessList() [p2] localhost, ports = (replica=2023, client=3003)
16:26:21.377 main Client.connectTo() Connecting to localhost:3001
16:26:21.431 main Client.initConnection() New client id: 3997808304960039
16:26:21.431 main Client.connectTo() Connected [p0]. Timeout: 3000
16:26:21.434 main Client.execute() Sending 3997808304960039:1
16:26:21.855 main Client.execute() Reply OK
16:26:21.907 main Client.execute() Sending 3997808304960039:2
16:26:22.143 main Client.execute() Reply OK
16:26:22.145 main Client.execute() Sending 3997808304960039:3
16:26:22.434 main Client.execute() Reply OK
16:26:22.463 main Client.execute() Sending 3997808304960039:4
16:26:22.867 main Client.execute() Reply OK
16:26:22.964 main Client.execute() Sending 3997808304960039:5
16:26:23.101 main Client.execute() Reply OK
16:26:23.113 main Client.execute() Sending 3997808304960039:6
16:26:23.198 main Client.execute() Reply OK
16:26:23.256 main Client.execute() Sending 3997808304960039:7
16:26:23.390 main Client.execute() Reply OK
16:26:23.417 main Client.execute() Sending 3997808304960039:8
16:26:23.553 main Client.execute() Reply OK
16:26:23.641 main Client.execute() Sending 3997808304960039:9
16:26:23.769 main Client.execute() Reply OK
16:26:23.842 main Client.execute() Sending 3997808304960039:10
16:26:23.992 main Client.execute() Reply OK
16:26:24.011 main Client.execute() Sending 3997808304960039:11
16:26:24.168 main Client.execute() Reply OK
16:26:24.178 main Client.execute() Sending 3997808304960039:12
16:26:24.340 main Client.execute() Reply OK
16:26:24.430 main Client.execute() Sending 3997808304960039:13
16:26:24.582 main Client.execute() Reply OK
16:26:24.681 main Client.execute() Sending 3997808304960039:14
16:26:24.801 main Client.execute() Reply OK
16:26:24.810 main Client.execute() Sending 3997808304960039:15
16:26:24.926 main Client.execute() Reply OK
16:26:24.997 main Client.execute() Sending 3997808304960039:16
16:26:25.191 main Client.execute() Reply OK
16:26:25.229 main Client.execute() Sending 3997808304960039:17
16:26:25.313 main Client.execute() Reply OK
16:26:25.367 main Client.execute() Sending 3997808304960039:18
16:26:25.480 main Client.execute() Reply OK
16:26:25.488 main Client.execute() Sending 3997808304960039:19
16:26:25.637 main Client.execute() Reply OK
16:26:25.674 main Client.execute() Sending 3997808304960039:20
16:26:25.880 main Client.execute() Reply OK
16:26:25.906 main Client.execute() Sending 3997808304960039:21
16:26:25.981 main Client.execute() Reply OK
16:26:26.008 main Client.execute() Sending 3997808304960039:22
16:26:26.095 main Client.execute() Reply OK
16:26:26.187 main Client.execute() Sending 3997808304960039:23
16:26:26.262 main Client.execute() Reply OK
16:26:26.305 main Client.execute() Sending 3997808304960039:24
16:26:26.396 main Client.execute() Reply OK
16:26:26.426 main Client.execute() Sending 3997808304960039:25
16:26:26.522 main Client.execute() Reply OK
16:26:26.615 main Client.execute() Sending 3997808304960039:26
16:26:26.670 main Client.execute() Reply OK
16:26:26.728 main Client.execute() Sending 3997808304960039:27
16:26:26.851 main Client.execute() Reply OK
16:26:26.885 main Client.execute() Sending 3997808304960039:28
16:26:26.997 main Client.execute() Reply OK
16:26:27.073 main Client.execute() Sending 3997808304960039:29
16:26:27.139 main Client.execute() Reply OK
16:26:27.143 main Client.execute() Sending 3997808304960039:30
16:26:27.218 main Client.execute() Reply OK
16:26:27.298 main Client.execute() Sending 3997808304960039:31
16:26:27.421 main Client.execute() Reply OK
16:26:27.508 main Client.execute() Sending 3997808304960039:32
16:26:27.568 main Client.execute() Reply OK
16:26:27.661 main Client.execute() Sending 3997808304960039:33
16:26:27.770 main Client.execute() Reply OK
16:26:27.859 main Client.execute() Sending 3997808304960039:34
16:26:27.945 main Client.execute() Reply OK
16:26:27.988 main Client.execute() Sending 3997808304960039:35
16:26:28.073 main Client.execute() Reply OK
16:26:28.132 main Client.execute() Sending 3997808304960039:36
16:26:28.217 main Client.execute() Reply OK
16:26:28.299 main Client.execute() Sending 3997808304960039:37
16:26:28.368 main Client.execute() Reply OK
16:26:28.457 main Client.execute() Sending 3997808304960039:38
16:26:28.559 main Client.execute() Reply OK
16:26:28.628 main Client.execute() Sending 3997808304960039:39
16:26:28.707 main Client.execute() Reply OK
16:26:28.758 main Client.execute() Sending 3997808304960039:40
16:26:28.847 main Client.execute() Reply OK
16:26:28.925 main Client.execute() Sending 3997808304960039:41
16:26:28.997 main Client.execute() Reply OK
16:26:29.012 main Client.execute() Sending 3997808304960039:42
16:26:29.082 main Client.execute() Reply OK
16:26:29.172 main Client.execute() Sending 3997808304960039:43
16:26:29.259 main Client.execute() Reply OK
16:26:29.266 main Client.execute() Sending 3997808304960039:44
16:26:29.382 main Client.execute() Reply OK
16:26:29.457 main Client.execute() Sending 3997808304960039:45
16:26:29.541 main Client.execute() Reply OK
16:26:29.550 main Client.execute() Sending 3997808304960039:46
16:26:29.622 main Client.execute() Reply OK
16:26:29.692 main Client.execute() Sending 3997808304960039:47
16:26:29.781 main Client.execute() Reply OK
16:26:29.796 main Client.execute() Sending 3997808304960039:48
16:26:29.890 main Client.execute() Reply OK
16:26:29.979 main Client.execute() Sending 3997808304960039:49
16:26:30.058 main Client.execute() Reply OK
16:26:30.146 main Client.execute() Sending 3997808304960039:50
16:26:30.656 main Client.execute() Reply OK
16:26:30.738 main Client.execute() Sending 3997808304960039:51
16:26:30.841 main Client.execute() Reply OK
16:26:30.891 main Client.execute() Sending 3997808304960039:52
16:26:31.031 main Client.execute() Reply OK
16:26:31.062 main Client.execute() Sending 3997808304960039:53
16:26:31.172 main Client.execute() Reply OK
16:26:31.240 main Client.execute() Sending 3997808304960039:54
16:26:31.310 main Client.execute() Reply OK
16:26:31.349 main Client.execute() Sending 3997808304960039:55
16:26:31.437 main Client.execute() Reply OK
16:26:31.508 main Client.execute() Sending 3997808304960039:56
16:26:31.567 main Client.execute() Reply OK
16:26:31.640 main Client.execute() Sending 3997808304960039:57
16:26:31.739 main Client.execute() Reply OK
16:26:31.782 main Client.execute() Sending 3997808304960039:58
16:26:31.891 main Client.execute() Reply OK
16:26:31.923 main Client.execute() Sending 3997808304960039:59
16:26:31.980 main Client.execute() Reply OK
16:26:32.031 main Client.execute() Sending 3997808304960039:60
16:26:32.133 main Client.execute() Reply OK
16:26:32.228 main Client.execute() Sending 3997808304960039:61
16:26:32.300 main Client.execute() Reply OK
16:26:32.338 main Client.execute() Sending 3997808304960039:62
16:26:32.509 main Client.execute() Reply OK
16:26:32.511 main Client.execute() Sending 3997808304960039:63
16:26:32.575 main Client.execute() Reply OK
16:26:32.625 main Client.execute() Sending 3997808304960039:64
16:26:32.733 main Client.execute() Reply OK
16:26:32.798 main Client.execute() Sending 3997808304960039:65
16:26:32.850 main Client.execute() Reply OK
16:26:32.878 main Client.execute() Sending 3997808304960039:66
16:26:32.931 main Client.execute() Reply OK
16:26:32.940 main Client.execute() Sending 3997808304960039:67
16:26:33.090 main Client.execute() Reply OK
16:26:33.114 main Client.execute() Sending 3997808304960039:68
16:26:33.207 main Client.execute() Reply OK
16:26:33.300 main Client.execute() Sending 3997808304960039:69
16:26:33.393 main Client.execute() Reply OK
16:26:33.425 main Client.execute() Sending 3997808304960039:70
16:26:33.513 main Client.execute() Reply OK
16:26:33.601 main Client.execute() Sending 3997808304960039:71
16:26:33.747 main Client.execute() Reply OK
16:26:33.835 main Client.execute() Sending 3997808304960039:72
16:26:33.894 main Client.execute() Reply OK
16:26:33.980 main Client.execute() Sending 3997808304960039:73
16:26:34.044 main Client.execute() Reply OK
16:26:34.107 main Client.execute() Sending 3997808304960039:74
16:26:34.194 main Client.execute() Reply OK
16:26:34.281 main Client.execute() Sending 3997808304960039:75
16:26:34.390 main Client.execute() Reply OK
16:26:34.469 main Client.execute() Sending 3997808304960039:76
16:26:34.558 main Client.execute() Reply OK
16:26:34.631 main Client.execute() Sending 3997808304960039:77
16:26:34.713 main Client.execute() Reply OK
16:26:34.746 main Client.execute() Sending 3997808304960039:78
16:26:34.829 main Client.execute() Reply OK
16:26:34.870 main Client.execute() Sending 3997808304960039:79
16:26:34.952 main Client.execute() Reply OK
16:26:34.985 main Client.execute() Sending 3997808304960039:80
16:26:35.115 main Client.execute() Reply OK
16:26:35.159 main Client.execute() Sending 3997808304960039:81
16:26:35.242 main Client.execute() Reply OK
16:26:35.337 main Client.execute() Sending 3997808304960039:82
16:26:35.520 main Client.execute() Reply OK
16:26:35.610 main Client.execute() Sending 3997808304960039:83
16:26:35.782 main Client.execute() Reply OK
16:26:35.844 main Client.execute() Sending 3997808304960039:84
16:26:35.917 main Client.execute() Reply OK
16:26:36.002 main Client.execute() Sending 3997808304960039:85
16:26:36.111 main Client.execute() Reply OK
16:26:36.119 main Client.execute() Sending 3997808304960039:86
16:26:36.247 main Client.execute() Reply OK
16:26:36.299 main Client.execute() Sending 3997808304960039:87
16:26:36.404 main Client.execute() Reply OK
16:26:36.445 main Client.execute() Sending 3997808304960039:88
16:26:36.540 main Client.execute() Reply OK
16:26:36.551 main Client.execute() Sending 3997808304960039:89
16:26:36.641 main Client.execute() Reply OK
16:26:36.645 main Client.execute() Sending 3997808304960039:90
16:26:36.690 main Client.execute() Reply OK
16:26:36.751 main Client.execute() Sending 3997808304960039:91
16:26:36.934 main Client.execute() Reply OK
16:26:37.022 main Client.execute() Sending 3997808304960039:92
16:26:37.125 main Client.execute() Reply OK
16:26:37.217 main Client.execute() Sending 3997808304960039:93
16:26:37.273 main Client.execute() Reply OK
16:26:37.308 main Client.execute() Sending 3997808304960039:94
16:26:37.354 main Client.execute() Reply OK
16:26:37.400 main Client.execute() Sending 3997808304960039:95
16:26:37.493 main Client.execute() Reply OK
16:26:37.559 main Client.execute() Sending 3997808304960039:96
16:26:37.677 main Client.execute() Reply OK
16:26:37.758 main Client.execute() Sending 3997808304960039:97
16:26:37.782 main Client.execute() Reply OK
16:26:37.872 main Client.execute() Sending 3997808304960039:98
16:26:37.899 main Client.execute() Reply OK
16:26:37.975 main Client.execute() Sending 3997808304960039:99
16:26:38.079 main Client.execute() Reply OK
16:26:38.104 main Client.execute() Sending 3997808304960039:100
16:26:38.167 main Client.execute() Reply OK
