16:26:19.314 main Configuration.<init>() Configuration loaded from file: paxos.properties
16:26:20.780 main Configuration.loadProcessList() [p0] localhost, ports = (replica=2021, client=3001)
16:26:20.780 main Configuration.loadProcessList() [p1] localhost, ports = (replica=2022, client=3002)
16:26:21.130 main Configuration.loadProcessList() [p2] localhost, ports = (replica=2023, client=3003)
16:26:21.131 main Client.connectTo() Connecting to localhost:3001
16:26:21.562 main Client.initConnection() New client id: 3997808304960030
16:26:21.563 main Client.connectTo() Connected [p0]. Timeout: 3000
16:26:21.580 main Client.execute() Sending 3997808304960030:1
16:26:21.910 main Client.execute() Reply OK
16:26:21.975 main Client.execute() Sending 3997808304960030:2
16:26:22.229 main Client.execute() Reply OK
16:26:22.236 main Client.execute() Sending 3997808304960030:3
16:26:22.519 main Client.execute() Reply OK
16:26:22.526 main Client.execute() Sending 3997808304960030:4
16:26:23.010 main Client.execute() Reply OK
16:26:23.102 main Client.execute() Sending 3997808304960030:5
16:26:23.197 main Client.execute() Reply OK
16:26:23.260 main Client.execute() Sending 3997808304960030:6
16:26:23.391 main Client.execute() Reply OK
16:26:23.462 main Client.execute() Sending 3997808304960030:7
16:26:23.598 main Client.execute() Reply OK
16:26:23.693 main Client.execute() Sending 3997808304960030:8
16:26:23.847 main Client.execute() Reply OK
16:26:23.890 main Client.execute() Sending 3997808304960030:9
16:26:24.037 main Client.execute() Reply OK
16:26:24.058 main Client.execute() Sending 3997808304960030:10
16:26:24.223 main Client.execute() Reply OK
16:26:24.321 main Client.execute() Sending 3997808304960030:11
16:26:24.471 main Client.execute() Reply OK
16:26:24.536 main Client.execute() Sending 3997808304960030:12
16:26:24.663 main Client.execute() Reply OK
16:26:24.699 main Client.execute() Sending 3997808304960030:13
16:26:24.802 main Client.execute() Reply OK
16:26:24.842 main Client.execute() Sending 3997808304960030:14
16:26:25.061 main Client.execute() Reply OK
16:26:25.082 main Client.execute() Sending 3997808304960030:15
16:26:25.196 main Client.execute() Reply OK
16:26:25.233 main Client.execute() Sending 3997808304960030:16
16:26:25.336 main Client.execute() Reply OK
16:26:25.344 main Client.execute() Sending 3997808304960030:17
16:26:25.466 main Client.execute() Reply OK
16:26:25.514 main Client.execute() Sending 3997808304960030:18
16:26:25.638 main Client.execute() Reply OK
16:26:25.646 main Client.execute() Sending 3997808304960030:19
16:26:25.872 main Client.execute() Reply OK
16:26:25.902 main Client.execute() Sending 3997808304960030:20
16:26:25.980 main Client.execute() Reply OK
16:26:26.024 main Client.execute() Sending 3997808304960030:21
16:26:26.122 main Client.execute() Reply OK
16:26:26.206 main Client.execute() Sending 3997808304960030:22
16:26:26.298 main Client.execute() Reply OK
16:26:26.299 main Client.execute() Sending 3997808304960030:23
16:26:26.396 main Client.execute() Reply OK
16:26:26.411 main Client.execute() Sending 3997808304960030:24
16:26:26.522 main Client.execute() Reply OK
16:26:26.533 main Client.execute() Sending 3997808304960030:25
16:26:26.655 main Client.execute() Reply OK
16:26:26.742 main Client.execute() Sending 3997808304960030:26
16:26:26.853 main Client.execute() Reply OK
16:26:26.907 main Client.execute() Sending 3997808304960030:27
16:26:27.017 main Client.execute() Reply OK
16:26:27.091 main Client.execute() Sending 3997808304960030:28
16:26:27.143 main Client.execute() Reply OK
16:26:27.145 main Client.execute() Sending 3997808304960030:29
16:26:27.219 main Client.execute() Reply OK
16:26:27.305 main Client.execute() Sending 3997808304960030:30
16:26:27.422 main Client.execute() Reply OK
16:26:27.432 main Client.execute() Sending 3997808304960030:31
16:26:27.490 main Client.execute() Reply OK
16:26:27.556 main Client.execute() Sending 3997808304960030:32
16:26:27.621 main Client.execute() Reply OK
16:26:27.644 main Client.execute() Sending 3997808304960030:33
16:26:27.714 main Client.execute() Reply OK
16:26:27.753 main Client.execute() Sending 3997808304960030:34
16:26:27.851 main Client.execute() Reply OK
16:26:27.884 main Client.execute() Sending 3997808304960030:35
16:26:27.980 main Client.execute() Reply OK
16:26:28.044 main Client.execute() Sending 3997808304960030:36
16:26:28.124 main Client.execute() Reply OK
16:26:28.131 main Client.execute() Sending 3997808304960030:37
16:26:28.202 main Client.execute() Reply OK
16:26:28.233 main Client.execute() Sending 3997808304960030:38
16:26:28.327 main Client.execute() Reply OK
16:26:28.358 main Client.execute() Sending 3997808304960030:39
16:26:28.461 main Client.execute() Reply OK
16:26:28.511 main Client.execute() Sending 3997808304960030:40
16:26:28.581 main Client.execute() Reply OK
16:26:28.677 main Client.execute() Sending 3997808304960030:41
16:26:28.781 main Client.execute() Reply OK
16:26:28.866 main Client.execute() Sending 3997808304960030:42
16:26:28.930 main Client.execute() Reply OK
16:26:28.967 main Client.execute() Sending 3997808304960030:43
16:26:29.058 main Client.execute() Reply OK
16:26:29.081 main Client.execute() Sending 3997808304960030:44
16:26:29.182 main Client.execute() Reply OK
16:26:29.240 main Client.execute() Sending 3997808304960030:45
16:26:29.378 main Client.execute() Reply OK
16:26:29.387 main Client.execute() Sending 3997808304960030:46
16:26:29.512 main Client.execute() Reply OK
16:26:29.514 main Client.execute() Sending 3997808304960030:47
16:26:29.620 main Client.execute() Reply OK
16:26:29.692 main Client.execute() Sending 3997808304960030:48
16:26:29.792 main Client.execute() Reply OK
16:26:29.874 main Client.execute() Sending 3997808304960030:49
16:26:29.980 main Client.execute() Reply OK
16:26:30.001 main Client.execute() Sending 3997808304960030:50
16:26:30.089 main Client.execute() Reply OK
16:26:30.108 main Client.execute() Sending 3997808304960030:51
16:26:30.650 main Client.execute() Reply OK
16:26:30.668 main Client.execute() Sending 3997808304960030:52
16:26:30.731 main Client.execute() Reply OK
16:26:30.828 main Client.execute() Sending 3997808304960030:53
16:26:30.944 main Client.execute() Reply OK
16:26:30.954 main Client.execute() Sending 3997808304960030:54
16:26:31.097 main Client.execute() Reply OK
16:26:31.110 main Client.execute() Sending 3997808304960030:55
16:26:31.195 main Client.execute() Reply OK
16:26:31.211 main Client.execute() Sending 3997808304960030:56
16:26:31.309 main Client.execute() Reply OK
16:26:31.322 main Client.execute() Sending 3997808304960030:57
16:26:31.403 main Client.execute() Reply OK
16:26:31.489 main Client.execute() Sending 3997808304960030:58
16:26:31.567 main Client.execute() Reply OK
16:26:31.638 main Client.execute() Sending 3997808304960030:59
16:26:31.740 main Client.execute() Reply OK
16:26:31.752 main Client.execute() Sending 3997808304960030:60
16:26:31.878 main Client.execute() Reply OK
16:26:31.882 main Client.execute() Sending 3997808304960030:61
16:26:31.953 main Client.execute() Reply OK
16:26:32.016 main Client.execute() Sending 3997808304960030:62
16:26:32.104 main Client.execute() Reply OK
16:26:32.134 main Client.execute() Sending 3997808304960030:63
16:26:32.200 main Client.execute() Reply OK
16:26:32.254 main Client.execute() Sending 3997808304960030:64
16:26:32.337 main Client.execute() Reply OK
16:26:32.425 main Client.execute() Sending 3997808304960030:65
16:26:32.564 main Client.execute() Reply OK
16:26:32.579 main Client.execute() Sending 3997808304960030:66
16:26:32.664 main Client.execute() Reply OK
16:26:32.763 main Client.execute() Sending 3997808304960030:67
16:26:32.849 main Client.execute() Reply OK
16:26:32.861 main Client.execute() Sending 3997808304960030:68
16:26:32.903 main Client.execute() Reply OK
16:26:32.960 main Client.execute() Sending 3997808304960030:69
16:26:33.093 main Client.execute() Reply OK
16:26:33.105 main Client.execute() Sending 3997808304960030:70
16:26:33.195 main Client.execute() Reply OK
16:26:33.206 main Client.execute() Sending 3997808304960030:71
16:26:33.270 main Client.execute() Reply OK
16:26:33.361 main Client.execute() Sending 3997808304960030:72
16:26:33.458 main Client.execute() Reply OK
16:26:33.489 main Client.execute() Sending 3997808304960030:73
16:26:33.587 main Client.execute() Reply OK
16:26:33.588 main Client.execute() Sending 3997808304960030:74
16:26:33.683 main Client.execute() Reply OK
16:26:33.780 main Client.execute() Sending 3997808304960030:75
16:26:33.874 main Client.execute() Reply OK
16:26:33.889 main Client.execute() Sending 3997808304960030:76
16:26:33.947 main Client.execute() Reply OK
16:26:34.035 main Client.execute() Sending 3997808304960030:77
16:26:34.142 main Client.execute() Reply OK
16:26:34.233 main Client.execute() Sending 3997808304960030:78
16:26:34.303 main Client.execute() Reply OK
16:26:34.337 main Client.execute() Sending 3997808304960030:79
16:26:34.451 main Client.execute() Reply OK
16:26:34.515 main Client.execute() Sending 3997808304960030:80
16:26:34.632 main Client.execute() Reply OK
16:26:34.660 main Client.execute() Sending 3997808304960030:81
16:26:34.722 main Client.execute() Reply OK
16:26:34.786 main Client.execute() Sending 3997808304960030:82
16:26:34.861 main Client.execute() Reply OK
16:26:34.886 main Client.execute() Sending 3997808304960030:83
16:26:35.003 main Client.execute() Reply OK
16:26:35.033 main Client.execute() Sending 3997808304960030:84
16:26:35.189 main Client.execute() Reply OK
16:26:35.221 main Client.execute() Sending 3997808304960030:85
16:26:35.376 main Client.execute() Reply OK
16:26:35.462 main Client.execute() Sending 3997808304960030:86
16:26:35.640 main Client.execute() Reply OK
16:26:35.681 main Client.execute() Sending 3997808304960030:87
16:26:35.805 main Client.execute() Reply OK
16:26:35.883 main Client.execute() Sending 3997808304960030:88
16:26:36.077 main Client.execute() Reply OK
16:26:36.107 main Client.execute() Sending 3997808304960030:89
16:26:36.247 main Client.execute() Reply OK
16:26:36.248 main Client.execute() Sending 3997808304960030:90
16:26:36.291 main Client.execute() Reply OK
16:26:36.339 main Client.execute() Sending 3997808304960030:91
16:26:36.417 main Client.execute() Reply OK
16:26:36.434 main Client.execute() Sending 3997808304960030:92
16:26:36.533 main Client.execute() Reply OK
16:26:36.573 main Client.execute() Sending 3997808304960030:93
16:26:36.644 main Client.execute() Reply OK
16:26:36.698 main Client.execute() Sending 3997808304960030:94
16:26:36.763 main Client.execute() Reply OK
16:26:36.862 main Client.execute() Sending 3997808304960030:95
16:26:36.973 main Client.execute() Reply OK
16:26:36.999 main Client.execute() Sending 3997808304960030:96
16:26:37.099 main Client.execute() Reply OK
16:26:37.170 main Client.execute() Sending 3997808304960030:97
16:26:37.267 main Client.execute() Reply OK
16:26:37.337 main Client.execute() Sending 3997808304960030:98
16:26:37.386 main Client.execute() Reply OK
16:26:37.388 main Client.execute() Sending 3997808304960030:99
16:26:37.443 main Client.execute() Reply OK
16:26:37.482 main Client.execute() Sending 3997808304960030:100
16:26:37.647 main Client.execute() Reply OK
