16:26:19.578 main Configuration.<init>() Configuration loaded from file: paxos.properties
16:26:20.693 main Configuration.loadProcessList() [p0] localhost, ports = (replica=2021, client=3001)
16:26:20.693 main Configuration.loadProcessList() [p1] localhost, ports = (replica=2022, client=3002)
16:26:20.693 main Configuration.loadProcessList() [p2] localhost, ports = (replica=2023, client=3003)
16:26:20.696 main Client.connectTo() Connecting to localhost:3001
16:26:20.730 main Client.initConnection() New client id: 3997808304960012
16:26:20.730 main Client.connectTo() Connected [p0]. Timeout: 3000
16:26:20.738 main Client.execute() Sending 3997808304960012:1
16:26:21.232 main Client.execute() Reply OK
16:26:21.326 main Client.execute() Sending 3997808304960012:2
16:26:21.842 main Client.execute() Reply OK
16:26:21.921 main Client.execute() Sending 3997808304960012:3
16:26:22.146 main Client.execute() Reply OK
16:26:22.240 main Client.execute() Sending 3997808304960012:4
16:26:22.588 main Client.execute() Reply OK
16:26:22.666 main Client.execute() Sending 3997808304960012:5
16:26:23.026 main Client.execute() Reply OK
16:26:23.084 main Client.execute() Sending 3997808304960012:6
16:26:23.182 main Client.execute() Reply OK
16:26:23.260 main Client.execute() Sending 3997808304960012:7
16:26:23.390 main Client.execute() Reply OK
16:26:23.456 main Client.execute() Sending 3997808304960012:8
16:26:23.598 main Client.execute() Reply OK
16:26:23.694 main Client.execute() Sending 3997808304960012:9
16:26:23.846 main Client.execute() Reply OK
16:26:23.897 main Client.execute() Sending 3997808304960012:10
16:26:24.035 main Client.execute() Reply OK
16:26:24.091 main Client.execute() Sending 3997808304960012:11
16:26:24.263 main Client.execute() Reply OK
16:26:24.277 main Client.execute() Sending 3997808304960012:12
16:26:24.428 main Client.execute() Reply OK
16:26:24.482 main Client.execute() Sending 3997808304960012:13
16:26:24.652 main Client.execute() Reply OK
16:26:24.730 main Client.execute() Sending 3997808304960012:14
16:26:24.820 main Client.execute() Reply OK
16:26:24.844 main Client.execute() Sending 3997808304960012:15
16:26:25.062 main Client.execute() Reply OK
16:26:25.065 main Client.execute() Sending 3997808304960012:16
16:26:25.196 main Client.execute() Reply OK
16:26:25.252 main Client.execute() Sending 3997808304960012:17
16:26:25.365 main Client.execute() Reply OK
16:26:25.417 main Client.execute() Sending 3997808304960012:18
16:26:25.487 main Client.execute() Reply OK
16:26:25.549 main Client.execute() Sending 3997808304960012:19
16:26:25.739 main Client.execute() Reply OK
16:26:25.813 main Client.execute() Sending 3997808304960012:20
16:26:25.933 main Client.execute() Reply OK
16:26:25.987 main Client.execute() Sending 3997808304960012:21
16:26:26.093 main Client.execute() Reply OK
16:26:26.188 main Client.execute() Sending 3997808304960012:22
16:26:26.295 main Client.execute() Reply OK
16:26:26.339 main Client.execute() Sending 3997808304960012:23
16:26:26.403 main Client.execute() Reply OK
16:26:26.485 main Client.execute() Sending 3997808304960012:24
16:26:26.609 main Client.execute() Reply OK
16:26:26.689 main Client.execute() Sending 3997808304960012:25
16:26:26.780 main Client.execute() Reply OK
16:26:26.811 main Client.execute() Sending 3997808304960012:26
16:26:26.882 main Client.execute() Reply OK
16:26:26.962 main Client.execute() Sending 3997808304960012:27
16:26:27.066 main Client.execute() Reply OK
16:26:27.094 main Client.execute() Sending 3997808304960012:28
16:26:27.181 main Client.execute() Reply OK
16:26:27.192 main Client.execute() Sending 3997808304960012:29
16:26:27.248 main Client.execute() Reply OK
16:26:27.259 main Client.execute() Sending 3997808304960012:30
16:26:27.371 main Client.execute() Reply OK
16:26:27.463 main Client.execute() Sending 3997808304960012:31
16:26:27.566 main Client.execute() Reply OK
16:26:27.662 main Client.execute() Sending 3997808304960012:32
16:26:27.773 main Client.execute() Reply OK
16:26:27.836 main Client.execute() Sending 3997808304960012:33
16:26:27.895 main Client.execute() Reply OK
16:26:27.924 main Client.execute() Sending 3997808304960012:34
16:26:28.015 main Client.execute() Reply OK
16:26:28.110 main Client.execute() Sending 3997808304960012:35
16:26:28.201 main Client.execute() Reply OK
16:26:28.296 main Client.execute() Sending 3997808304960012:36
16:26:28.359 main Client.execute() Reply OK
16:26:28.445 main Client.execute() Sending 3997808304960012:37
16:26:28.525 main Client.execute() Reply OK
16:26:28.614 main Client.execute() Sending 3997808304960012:38
16:26:28.684 main Client.execute() Reply OK
16:26:28.778 main Client.execute() Sending 3997808304960012:39
16:26:28.849 main Client.execute() Reply OK
16:26:28.895 main Client.execute() Sending 3997808304960012:40
16:26:28.975 main Client.execute() Reply OK
16:26:29.038 main Client.execute() Sending 3997808304960012:41
16:26:29.177 main Client.execute() Reply OK
16:26:29.253 main Client.execute() Sending 3997808304960012:42
16:26:29.381 main Client.execute() Reply OK
16:26:29.388 main Client.execute() Sending 3997808304960012:43
16:26:29.512 main Client.execute() Reply OK
16:26:29.533 main Client.execute() Sending 3997808304960012:44
16:26:29.622 main Client.execute() Reply OK
16:26:29.702 main Client.execute() Sending 3997808304960012:45
16:26:29.792 main Client.execute() Reply OK
16:26:29.883 main Client.execute() Sending 3997808304960012:46
16:26:29.981 main Client.execute() Reply OK
16:26:30.017 main Client.execute() Sending 3997808304960012:47
16:26:30.119 main Client.execute() Reply OK
16:26:30.127 main Client.execute() Sending 3997808304960012:48
16:26:30.653 main Client.execute() Reply OK
16:26:30.675 main Client.execute() Sending 3997808304960012:49
16:26:30.774 main Client.execute() Reply OK
16:26:30.831 main Client.execute() Sending 3997808304960012:50
16:26:31.029 main Client.execute() Reply OK
16:26:31.098 main Client.execute() Sending 3997808304960012:51
16:26:31.173 main Client.execute() Reply OK
16:26:31.201 main Client.execute() Sending 3997808304960012:52
16:26:31.308 main Client.execute() Reply OK
16:26:31.348 main Client.execute() Sending 3997808304960012:53
16:26:31.431 main Client.execute() Reply OK
16:26:31.465 main Client.execute() Sending 3997808304960012:54
16:26:31.558 main Client.execute() Reply OK
16:26:31.637 main Client.execute() Sending 3997808304960012:55
16:26:31.739 main Client.execute() Reply OK
16:26:31.799 main Client.execute() Sending 3997808304960012:56
16:26:31.902 main Client.execute() Reply OK
16:26:31.979 main Client.execute() Sending 3997808304960012:57
16:26:32.041 main Client.execute() Reply OK
16:26:32.127 main Client.execute() Sending 3997808304960012:58
16:26:32.200 main Client.execute() Reply OK
16:26:32.291 main Client.execute() Sending 3997808304960012:59
16:26:32.363 main Client.execute() Reply OK
16:26:32.369 main Client.execute() Sending 3997808304960012:60
16:26:32.511 main Client.execute() Reply OK
16:26:32.538 main Client.execute() Sending 3997808304960012:61
16:26:32.578 main Client.execute() Reply OK
16:26:32.591 main Client.execute() Sending 3997808304960012:62
16:26:32.676 main Client.execute() Reply OK
16:26:32.752 main Client.execute() Sending 3997808304960012:63
16:26:32.849 main Client.execute() Reply OK
16:26:32.925 main Client.execute() Sending 3997808304960012:64
16:26:33.039 main Client.execute() Reply OK
16:26:33.089 main Client.execute() Sending 3997808304960012:65
16:26:33.175 main Client.execute() Reply OK
16:26:33.215 main Client.execute() Sending 3997808304960012:66
16:26:33.293 main Client.execute() Reply OK
16:26:33.379 main Client.execute() Sending 3997808304960012:67
16:26:33.459 main Client.execute() Reply OK
16:26:33.462 main Client.execute() Sending 3997808304960012:68
16:26:33.547 main Client.execute() Reply OK
16:26:33.557 main Client.execute() Sending 3997808304960012:69
16:26:33.629 main Client.execute() Reply OK
16:26:33.697 main Client.execute() Sending 3997808304960012:70
16:26:33.804 main Client.execute() Reply OK
16:26:33.846 main Client.execute() Sending 3997808304960012:71
16:26:33.902 main Client.execute() Reply OK
16:26:33.988 main Client.execute() Sending 3997808304960012:72
16:26:34.045 main Client.execute() Reply OK
16:26:34.126 main Client.execute() Sending 3997808304960012:73
16:26:34.212 main Client.execute() Reply OK
16:26:34.268 main Client.execute() Sending 3997808304960012:74
16:26:34.334 main Client.execute() Reply OK
16:26:34.378 main Client.execute() Sending 3997808304960012:75
16:26:34.452 main Client.execute() Reply OK
16:26:34.499 main Client.execute() Sending 3997808304960012:76
16:26:34.618 main Client.execute() Reply OK
16:26:34.665 main Client.execute() Sending 3997808304960012:77
16:26:34.721 main Client.execute() Reply OK
16:26:34.804 main Client.execute() Sending 3997808304960012:78
16:26:34.876 main Client.execute() Reply OK
16:26:34.931 main Client.execute() Sending 3997808304960012:79
16:26:35.078 main Client.execute() Reply OK
16:26:35.087 main Client.execute() Sending 3997808304960012:80
16:26:35.224 main Client.execute() Reply OK
16:26:35.269 main Client.execute() Sending 3997808304960012:81
16:26:35.387 main Client.execute() Reply OK
16:26:35.465 main Client.execute() Sending 3997808304960012:82
16:26:35.639 main Client.execute() Reply OK
16:26:35.644 main Client.execute() Sending 3997808304960012:83
16:26:35.795 main Client.execute() Reply OK
16:26:35.817 main Client.execute() Sending 3997808304960012:84
16:26:35.915 main Client.execute() Reply OK
16:26:36.009 main Client.execute() Sending 3997808304960012:85
16:26:36.121 main Client.execute() Reply OK
16:26:36.194 main Client.execute() Sending 3997808304960012:86
16:26:36.277 main Client.execute() Reply OK
16:26:36.358 main Client.execute() Sending 3997808304960012:87
16:26:36.499 main Client.execute() Reply OK
16:26:36.581 main Client.execute() Sending 3997808304960012:88
16:26:36.647 main Client.execute() Reply OK
16:26:36.693 main Client.execute() Sending 3997808304960012:89
16:26:36.763 main Client.execute() Reply OK
16:26:36.844 main Client.execute() Sending 3997808304960012:90
16:26:36.946 main Client.execute() Reply OK
16:26:36.961 main Client.execute() Sending 3997808304960012:91
16:26:37.024 main Client.execute() Reply OK
16:26:37.105 main Client.execute() Sending 3997808304960012:92
16:26:37.200 main Client.execute() Reply OK
16:26:37.203 main Client.execute() Sending 3997808304960012:93
16:26:37.270 main Client.execute() Reply OK
16:26:37.293 main Client.execute() Sending 3997808304960012:94
16:26:37.351 main Client.execute() Reply OK
16:26:37.397 main Client.execute() Sending 3997808304960012:95
16:26:37.453 main Client.execute() Reply OK
16:26:37.467 main Client.execute() Sending 3997808304960012:96
16:26:37.643 main Client.execute() Reply OK
16:26:37.677 main Client.execute() Sending 3997808304960012:97
16:26:37.739 main Client.execute() Reply OK
16:26:37.766 main Client.execute() Sending 3997808304960012:98
16:26:37.808 main Client.execute() Reply OK
16:26:37.885 main Client.execute() Sending 3997808304960012:99
16:26:37.939 main Client.execute() Reply OK
16:26:37.945 main Client.execute() Sending 3997808304960012:100
16:26:37.977 main Client.execute() Reply OK
