16:26:16.729 main Configuration.<init>() Configuration loaded from file: paxos.properties
16:26:19.702 main Configuration.loadProcessList() [p0] localhost, ports = (replica=2021, client=3001)
16:26:19.703 main Configuration.loadProcessList() [p1] localhost, ports = (replica=2022, client=3002)
16:26:19.703 main Configuration.loadProcessList() [p2] localhost, ports = (replica=2023, client=3003)
16:26:19.704 main Client.connectTo() Connecting to localhost:3001
16:26:20.512 main Client.initConnection() New client id: 3997808304960003
16:26:20.512 main Client.connectTo() Connected [p0]. Timeout: 3000
16:26:20.520 main Client.execute() Sending 3997808304960003:1
16:26:21.025 main Client.execute() Reply OK
16:26:21.096 main Client.execute() Sending 3997808304960003:2
16:26:21.521 main Client.execute() Reply OK
16:26:21.582 main Client.execute() Sending 3997808304960003:3
16:26:21.853 main Client.execute() Reply OK
16:26:21.854 main Client.execute() Sending 3997808304960003:4
16:26:22.078 main Client.execute() Reply OK
16:26:22.105 main Client.execute() Sending 3997808304960003:5
16:26:22.373 main Client.execute() Reply OK
16:26:22.462 main Client.execute() Sending 3997808304960003:6
16:26:22.867 main Client.execute() Reply OK
16:26:22.906 main Client.execute() Sending 3997808304960003:7
16:26:23.065 main Client.execute() Reply OK
16:26:23.158 main Client.execute() Sending 3997808304960003:8
16:26:23.268 main Client.execute() Reply OK
16:26:23.317 main Client.execute() Sending 3997808304960003:9
16:26:23.490 main Client.execute() Reply OK
16:26:23.518 main Client.execute() Sending 3997808304960003:10
16:26:23.676 main Client.execute() Reply OK
16:26:23.726 main Client.execute() Sending 3997808304960003:11
16:26:23.887 main Client.execute() Reply OK
16:26:23.917 main Client.execute() Sending 3997808304960003:12
16:26:24.082 main Client.execute() Reply OK
16:26:24.147 main Client.execute() Sending 3997808304960003:13
16:26:24.308 main Client.execute() Reply OK
16:26:24.334 main Client.execute() Sending 3997808304960003:14
16:26:24.472 main Client.execute() Reply OK
16:26:24.562 main Client.execute() Sending 3997808304960003:15
16:26:24.664 main Client.execute() Reply OK
16:26:24.738 main Client.execute() Sending 3997808304960003:16
16:26:24.866 main Client.execute() Reply OK
16:26:24.888 main Client.execute() Sending 3997808304960003:17
16:26:25.179 main Client.execute() Reply OK
16:26:25.263 main Client.execute() Sending 3997808304960003:18
16:26:25.366 main Client.execute() Reply OK
16:26:25.418 main Client.execute() Sending 3997808304960003:19
16:26:25.503 main Client.execute() Reply OK
16:26:25.609 main Client.execute() Sending 3997808304960003:20
16:26:25.742 main Client.execute() Reply OK
16:26:25.801 main Client.execute() Sending 3997808304960003:21
16:26:25.883 main Client.execute() Reply OK
16:26:25.901 main Client.execute() Sending 3997808304960003:22
16:26:25.980 main Client.execute() Reply OK
16:26:26.058 main Client.execute() Sending 3997808304960003:23
16:26:26.127 main Client.execute() Reply OK
16:26:26.156 main Client.execute() Sending 3997808304960003:24
16:26:26.248 main Client.execute() Reply OK
16:26:26.338 main Client.execute() Sending 3997808304960003:25
16:26:26.402 main Client.execute() Reply OK
16:26:26.455 main Client.execute() Sending 3997808304960003:26
16:26:26.524 main Client.execute() Reply OK
16:26:26.532 main Client.execute() Sending 3997808304960003:27
16:26:26.655 main Client.execute() Reply OK
16:26:26.745 main Client.execute() Sending 3997808304960003:28
16:26:26.855 main Client.execute() Reply OK
16:26:26.915 main Client.execute() Sending 3997808304960003:29
16:26:27.030 main Client.execute() Reply OK
16:26:27.084 main Client.execute() Sending 3997808304960003:30
16:26:27.140 main Client.execute() Reply OK
16:26:27.228 main Client.execute() Sending 3997808304960003:31
16:26:27.320 main Client.execute() Reply OK
16:26:27.388 main Client.execute() Sending 3997808304960003:32
16:26:27.461 main Client.execute() Reply OK
16:26:27.548 main Client.execute() Sending 3997808304960003:33
16:26:27.621 main Client.execute() Reply OK
16:26:27.689 main Client.execute() Sending 3997808304960003:34
16:26:27.788 main Client.execute() Reply OK
16:26:27.812 main Client.execute() Sending 3997808304960003:35
16:26:27.872 main Client.execute() Reply OK
16:26:27.921 main Client.execute() Sending 3997808304960003:36
16:26:28.015 main Client.execute() Reply OK
16:26:28.057 main Client.execute() Sending 3997808304960003:37
16:26:28.125 main Client.execute() Reply OK
16:26:28.171 main Client.execute() Sending 3997808304960003:38
16:26:28.243 main Client.execute() Reply OK
16:26:28.330 main Client.execute() Sending 3997808304960003:39
16:26:28.463 main Client.execute() Reply OK
16:26:28.542 main Client.execute() Sending 3997808304960003:40
16:26:28.630 main Client.execute() Reply OK
16:26:28.694 main Client.execute() Sending 3997808304960003:41
16:26:28.784 main Client.execute() Reply OK
16:26:28.801 main Client.execute() Sending 3997808304960003:42
16:26:28.896 main Client.execute() Reply OK
16:26:28.924 main Client.execute() Sending 3997808304960003:43
16:26:28.996 main Client.execute() Reply OK
16:26:29.067 main Client.execute() Sending 3997808304960003:44
16:26:29.181 main Client.execute() Reply OK
16:26:29.228 main Client.execute() Sending 3997808304960003:45
16:26:29.378 main Client.execute() Reply OK
16:26:29.424 main Client.execute() Sending 3997808304960003:46
16:26:29.522 main Client.execute() Reply OK
16:26:29.536 main Client.execute() Sending 3997808304960003:47
16:26:29.621 main Client.execute() Reply OK
16:26:29.647 main Client.execute() Sending 3997808304960003:48
16:26:29.780 main Client.execute() Reply OK
16:26:29.808 main Client.execute() Sending 3997808304960003:49
16:26:29.900 main Client.execute() Reply OK
16:26:29.969 main Client.execute() Sending 3997808304960003:50
16:26:30.057 main Client.execute() Reply OK
16:26:30.110 main Client.execute() Sending 3997808304960003:51
16:26:30.651 main Client.execute() Reply OK
16:26:30.746 main Client.execute() Sending 3997808304960003:52
16:26:30.847 main Client.execute() Reply OK
16:26:30.884 main Client.execute() Sending 3997808304960003:53
16:26:31.030 main Client.execute() Reply OK
16:26:31.040 main Client.execute() Sending 3997808304960003:54
16:26:31.117 main Client.execute() Reply OK
16:26:31.195 main Client.execute() Sending 3997808304960003:55
16:26:31.287 main Client.execute() Reply OK
16:26:31.326 main Client.execute() Sending 3997808304960003:56
16:26:31.404 main Client.execute() Reply OK
16:26:31.479 main Client.execute() Sending 3997808304960003:57
16:26:31.566 main Client.execute() Reply OK
16:26:31.645 main Client.execute() Sending 3997808304960003:58
16:26:31.740 main Client.execute() Reply OK
16:26:31.744 main Client.execute() Sending 3997808304960003:59
16:26:31.868 main Client.execute() Reply OK
16:26:31.948 main Client.execute() Sending 3997808304960003:60
16:26:32.038 main Client.execute() Reply OK
16:26:32.099 main Client.execute() Sending 3997808304960003:61
16:26:32.197 main Client.execute() Reply OK
16:26:32.235 main Client.execute() Sending 3997808304960003:62
16:26:32.302 main Client.execute() Reply OK
16:26:32.370 main Client.execute() Sending 3997808304960003:63
16:26:32.513 main Client.execute() Reply OK
16:26:32.593 main Client.execute() Sending 3997808304960003:64
16:26:32.678 main Client.execute() Reply OK
16:26:32.712 main Client.execute() Sending 3997808304960003:65
16:26:32.800 main Client.execute() Reply OK
16:26:32.890 main Client.execute() Sending 3997808304960003:66
16:26:32.932 main Client.execute() Reply OK
16:26:33.020 main Client.execute() Sending 3997808304960003:67
16:26:33.175 main Client.execute() Reply OK
16:26:33.240 main Client.execute() Sending 3997808304960003:68
16:26:33.325 main Client.execute() Reply OK
16:26:33.382 main Client.execute() Sending 3997808304960003:69
16:26:33.458 main Client.execute() Reply OK
16:26:33.510 main Client.execute() Sending 3997808304960003:70
16:26:33.603 main Client.execute() Reply OK
16:26:33.662 main Client.execute() Sending 3997808304960003:71
16:26:33.761 main Client.execute() Reply OK
16:26:33.778 main Client.execute() Sending 3997808304960003:72
16:26:33.832 main Client.execute() Reply OK
16:26:33.860 main Client.execute() Sending 3997808304960003:73
16:26:33.945 main Client.execute() Reply OK
16:26:33.983 main Client.execute() Sending 3997808304960003:74
16:26:34.044 main Client.execute() Reply OK
16:26:34.046 main Client.execute() Sending 3997808304960003:75
16:26:34.118 main Client.execute() Reply OK
16:26:34.150 main Client.execute() Sending 3997808304960003:76
16:26:34.234 main Client.execute() Reply OK
16:26:34.305 main Client.execute() Sending 3997808304960003:77
16:26:34.435 main Client.execute() Reply OK
16:26:34.524 main Client.execute() Sending 3997808304960003:78
16:26:34.646 main Client.execute() Reply OK
16:26:34.680 main Client.execute() Sending 3997808304960003:79
16:26:34.723 main Client.execute() Reply OK
16:26:34.770 main Client.execute() Sending 3997808304960003:80
16:26:34.830 main Client.execute() Reply OK
16:26:34.854 main Client.execute() Sending 3997808304960003:81
16:26:34.941 main Client.execute() Reply OK
16:26:34.988 main Client.execute() Sending 3997808304960003:82
16:26:35.114 main Client.execute() Reply OK
16:26:35.169 main Client.execute() Sending 3997808304960003:83
16:26:35.312 main Client.execute() Reply OK
16:26:35.385 main Client.execute() Sending 3997808304960003:84
16:26:35.622 main Client.execute() Reply OK
16:26:35.705 main Client.execute() Sending 3997808304960003:85
16:26:35.805 main Client.execute() Reply OK
16:26:35.845 main Client.execute() Sending 3997808304960003:86
16:26:35.918 main Client.execute() Reply OK
16:26:36.011 main Client.execute() Sending 3997808304960003:87
16:26:36.116 main Client.execute() Reply OK
16:26:36.162 main Client.execute() Sending 3997808304960003:88
16:26:36.249 main Client.execute() Reply OK
16:26:36.264 main Client.execute() Sending 3997808304960003:89
16:26:36.339 main Client.execute() Reply OK
16:26:36.402 main Client.execute() Sending 3997808304960003:90
16:26:36.503 main Client.execute() Reply OK
16:26:36.574 main Client.execute() Sending 3997808304960003:91
16:26:36.643 main Client.execute() Reply OK
16:26:36.717 main Client.execute() Sending 3997808304960003:92
16:26:36.831 main Client.execute() Reply OK
16:26:36.878 main Client.execute() Sending 3997808304960003:93
16:26:37.000 main Client.execute() Reply OK
16:26:37.052 main Client.execute() Sending 3997808304960003:94
16:26:37.198 main Client.execute() Reply OK
16:26:37.212 main Client.execute() Sending 3997808304960003:95
16:26:37.272 main Client.execute() Reply OK
16:26:37.295 main Client.execute() Sending 3997808304960003:96
16:26:37.353 main Client.execute() Reply OK
16:26:37.386 main Client.execute() Sending 3997808304960003:97
16:26:37.422 main Client.execute() Reply OK
16:26:37.447 main Client.execute() Sending 3997808304960003:98
16:26:37.605 main Client.execute() Reply OK
16:26:37.653 main Client.execute() Sending 3997808304960003:99
16:26:37.738 main Client.execute() Reply OK
16:26:37.780 main Client.execute() Sending 3997808304960003:100
16:26:37.816 main Client.execute() Reply OK
