16:26:19.039 main Configuration.<init>() Configuration loaded from file: paxos.properties
16:26:20.041 main Configuration.loadProcessList() [p0] localhost, ports = (replica=2021, client=3001)
16:26:20.552 main Configuration.loadProcessList() [p1] localhost, ports = (replica=2022, client=3002)
16:26:20.556 main Configuration.loadProcessList() [p2] localhost, ports = (replica=2023, client=3003)
16:26:20.562 main Client.connectTo() Connecting to localhost:3001
16:26:21.060 main Client.initConnection() New client id: 3997808304960024
16:26:21.061 main Client.connectTo() Connected [p0]. Timeout: 3000
16:26:21.068 main Client.execute() Sending 3997808304960024:1
16:26:21.516 main Client.execute() Reply OK
16:26:21.585 main Client.execute() Sending 3997808304960024:2
16:26:21.935 main Client.execute() Reply OK
16:26:22.028 main Client.execute() Sending 3997808304960024:3
16:26:22.232 main Client.execute() Reply OK
16:26:22.324 main Client.execute() Sending 3997808304960024:4
16:26:22.590 main Client.execute() Reply OK
16:26:22.681 main Client.execute() Sending 3997808304960024:5
16:26:23.025 main Client.execute() Reply OK
16:26:23.028 main Client.execute() Sending 3997808304960024:6
16:26:23.106 main Client.execute() Reply OK
16:26:23.127 main Client.execute() Sending 3997808304960024:7
16:26:23.206 main Client.execute() Reply OK
16:26:23.298 main Client.execute() Sending 3997808304960024:8
16:26:23.461 main Client.execute() Reply OK
16:26:23.544 main Client.execute() Sending 3997808304960024:9
16:26:23.676 main Client.execute() Reply OK
16:26:23.702 main Client.execute() Sending 3997808304960024:10
16:26:23.847 main Client.execute() Reply OK
16:26:23.904 main Client.execute() Sending 3997808304960024:11
16:26:24.037 main Client.execute() Reply OK
16:26:24.038 main Client.execute() Sending 3997808304960024:12
16:26:24.222 main Client.execute() Reply OK
16:26:24.237 main Client.execute() Sending 3997808304960024:13
16:26:24.359 main Client.execute() Reply OK
16:26:24.408 main Client.execute() Sending 3997808304960024:14
16:26:24.565 main Client.execute() Reply OK
16:26:24.654 main Client.execute() Sending 3997808304960024:15
16:26:24.764 main Client.execute() Reply OK
16:26:24.827 main Client.execute() Sending 3997808304960024:16
16:26:24.927 main Client.execute() Reply OK
16:26:25.026 main Client.execute() Sending 3997808304960024:17
16:26:25.196 main Client.execute() Reply OK
16:26:25.231 main Client.execute() Sending 3997808304960024:18
16:26:25.314 main Client.execute() Reply OK
16:26:25.351 main Client.execute() Sending 3997808304960024:19
16:26:25.467 main Client.execute() Reply OK
16:26:25.509 main Client.execute() Sending 3997808304960024:20
16:26:25.638 main Client.execute() Reply OK
16:26:25.729 main Client.execute() Sending 3997808304960024:21
16:26:25.881 main Client.execute() Reply OK
16:26:25.898 main Client.execute() Sending 3997808304960024:22
16:26:25.965 main Client.execute() Reply OK
16:26:26.021 main Client.execute() Sending 3997808304960024:23
16:26:26.097 main Client.execute() Reply OK
16:26:26.161 main Client.execute() Sending 3997808304960024:24
16:26:26.259 main Client.execute() Reply OK
16:26:26.341 main Client.execute() Sending 3997808304960024:25
16:26:26.483 main Client.execute() Reply OK
16:26:26.567 main Client.execute() Sending 3997808304960024:26
16:26:26.667 main Client.execute() Reply OK
16:26:26.669 main Client.execute() Sending 3997808304960024:27
16:26:26.742 main Client.execute() Reply OK
16:26:26.821 main Client.execute() Sending 3997808304960024:28
16:26:26.901 main Client.execute() Reply OK
16:26:26.992 main Client.execute() Sending 3997808304960024:29
16:26:27.068 main Client.execute() Reply OK
16:26:27.144 main Client.execute() Sending 3997808304960024:30
16:26:27.219 main Client.execute() Reply OK
16:26:27.266 main Client.execute() Sending 3997808304960024:31
16:26:27.370 main Client.execute() Reply OK
16:26:27.377 main Client.execute() Sending 3997808304960024:32
16:26:27.460 main Client.execute() Reply OK
16:26:27.548 main Client.execute() Sending 3997808304960024:33
16:26:27.620 main Client.execute() Reply OK
16:26:27.707 main Client.execute() Sending 3997808304960024:34
16:26:27.802 main Client.execute() Reply OK
16:26:27.898 main Client.execute() Sending 3997808304960024:35
16:26:28.014 main Client.execute() Reply OK
16:26:28.113 main Client.execute() Sending 3997808304960024:36
16:26:28.200 main Client.execute() Reply OK
16:26:28.253 main Client.execute() Sending 3997808304960024:37
16:26:28.329 main Client.execute() Reply OK
16:26:28.411 main Client.execute() Sending 3997808304960024:38
16:26:28.501 main Client.execute() Reply OK
16:26:28.558 main Client.execute() Sending 3997808304960024:39
16:26:28.630 main Client.execute() Reply OK
16:26:28.709 main Client.execute() Sending 3997808304960024:40
16:26:28.831 main Client.execute() Reply OK
16:26:28.859 main Client.execute() Sending 3997808304960024:41
16:26:28.929 main Client.execute() Reply OK
16:26:29.002 main Client.execute() Sending 3997808304960024:42
16:26:29.078 main Client.execute() Reply OK
16:26:29.112 main Client.execute() Sending 3997808304960024:43
16:26:29.183 main Client.execute() Reply OK
16:26:29.203 main Client.execute() Sending 3997808304960024:44
16:26:29.295 main Client.execute() Reply OK
16:26:29.335 main Client.execute() Sending 3997808304960024:45
16:26:29.450 main Client.execute() Reply OK
16:26:29.528 main Client.execute() Sending 3997808304960024:46
16:26:29.620 main Client.execute() Reply OK
16:26:29.634 main Client.execute() Sending 3997808304960024:47
16:26:29.752 main Client.execute() Reply OK
16:26:29.760 main Client.execute() Sending 3997808304960024:48
16:26:29.831 main Client.execute() Reply OK
16:26:29.839 main Client.execute() Sending 3997808304960024:49
16:26:29.912 main Client.execute() Reply OK
16:26:29.931 main Client.execute() Sending 3997808304960024:50
16:26:29.993 main Client.execute() Reply OK
16:26:30.065 main Client.execute() Sending 3997808304960024:51
16:26:30.605 main Client.execute() Reply OK
16:26:30.651 main Client.execute() Sending 3997808304960024:52
16:26:30.718 main Client.execute() Reply OK
16:26:30.803 main Client.execute() Sending 3997808304960024:53
16:26:30.919 main Client.execute() Reply OK
16:26:31.017 main Client.execute() Sending 3997808304960024:54
16:26:31.098 main Client.execute() Reply OK
16:26:31.114 main Client.execute() Sending 3997808304960024:55
16:26:31.196 main Client.execute() Reply OK
16:26:31.204 main Client.execute() Sending 3997808304960024:56
16:26:31.308 main Client.execute() Reply OK
16:26:31.347 main Client.execute() Sending 3997808304960024:57
16:26:31.431 main Client.execute() Reply OK
16:26:31.474 main Client.execute() Sending 3997808304960024:58
16:26:31.558 main Client.execute() Reply OK
16:26:31.573 main Client.execute() Sending 3997808304960024:59
16:26:31.670 main Client.execute() Reply OK
16:26:31.682 main Client.execute() Sending 3997808304960024:60
16:26:31.747 main Client.execute() Reply OK
16:26:31.798 main Client.execute() Sending 3997808304960024:61
16:26:31.902 main Client.execute() Reply OK
16:26:31.985 main Client.execute() Sending 3997808304960024:62
16:26:32.064 main Client.execute() Reply OK
16:26:32.143 main Client.execute() Sending 3997808304960024:63
16:26:32.203 main Client.execute() Reply OK
16:26:32.248 main Client.execute() Sending 3997808304960024:64
16:26:32.326 main Client.execute() Reply OK
16:26:32.362 main Client.execute() Sending 3997808304960024:65
16:26:32.510 main Client.execute() Reply OK
16:26:32.523 main Client.execute() Sending 3997808304960024:66
16:26:32.574 main Client.execute() Reply OK
16:26:32.577 main Client.execute() Sending 3997808304960024:67
16:26:32.639 main Client.execute() Reply OK
16:26:32.682 main Client.execute() Sending 3997808304960024:68
16:26:32.798 main Client.execute() Reply OK
16:26:32.857 main Client.execute() Sending 3997808304960024:69
16:26:32.903 main Client.execute() Reply OK
16:26:32.943 main Client.execute() Sending 3997808304960024:70
16:26:33.092 main Client.execute() Reply OK
16:26:33.159 main Client.execute() Sending 3997808304960024:71
16:26:33.227 main Client.execute() Reply OK
16:26:33.324 main Client.execute() Sending 3997808304960024:72
16:26:33.420 main Client.execute() Reply OK
16:26:33.484 main Client.execute() Sending 3997808304960024:73
16:26:33.563 main Client.execute() Reply OK
16:26:33.642 main Client.execute() Sending 3997808304960024:74
16:26:33.760 main Client.execute() Reply OK
16:26:33.808 main Client.execute() Sending 3997808304960024:75
16:26:33.875 main Client.execute() Reply OK
16:26:33.972 main Client.execute() Sending 3997808304960024:76
16:26:34.035 main Client.execute() Reply OK
16:26:34.077 main Client.execute() Sending 3997808304960024:77
16:26:34.167 main Client.execute() Reply OK
16:26:34.169 main Client.execute() Sending 3997808304960024:78
16:26:34.235 main Client.execute() Reply OK
16:26:34.271 main Client.execute() Sending 3997808304960024:79
16:26:34.379 main Client.execute() Reply OK
16:26:34.465 main Client.execute() Sending 3997808304960024:80
16:26:34.558 main Client.execute() Reply OK
16:26:34.649 main Client.execute() Sending 3997808304960024:81
16:26:34.716 main Client.execute() Reply OK
16:26:34.784 main Client.execute() Sending 3997808304960024:82
16:26:34.861 main Client.execute() Reply OK
16:26:34.862 main Client.execute() Sending 3997808304960024:83
16:26:34.942 main Client.execute() Reply OK
16:26:34.976 main Client.execute() Sending 3997808304960024:84
16:26:35.113 main Client.execute() Reply OK
16:26:35.137 main Client.execute() Sending 3997808304960024:85
16:26:35.228 main Client.execute() Reply OK
16:26:35.288 main Client.execute() Sending 3997808304960024:86
16:26:35.387 main Client.execute() Reply OK
16:26:35.486 main Client.execute() Sending 3997808304960024:87
16:26:35.691 main Client.execute() Reply OK
16:26:35.790 main Client.execute() Sending 3997808304960024:88
16:26:35.872 main Client.execute() Reply OK
16:26:35.918 main Client.execute() Sending 3997808304960024:89
16:26:36.100 main Client.execute() Reply OK
16:26:36.131 main Client.execute() Sending 3997808304960024:90
16:26:36.250 main Client.execute() Reply OK
16:26:36.300 main Client.execute() Sending 3997808304960024:91
16:26:36.404 main Client.execute() Reply OK
16:26:36.488 main Client.execute() Sending 3997808304960024:92
16:26:36.546 main Client.execute() Reply OK
16:26:36.631 main Client.execute() Sending 3997808304960024:93
16:26:36.689 main Client.execute() Reply OK
16:26:36.708 main Client.execute() Sending 3997808304960024:94
16:26:36.785 main Client.execute() Reply OK
16:26:36.834 main Client.execute() Sending 3997808304960024:95
16:26:36.946 main Client.execute() Reply OK
16:26:37.003 main Client.execute() Sending 3997808304960024:96
16:26:37.119 main Client.execute() Reply OK
16:26:37.157 main Client.execute() Sending 3997808304960024:97
16:26:37.266 main Client.execute() Reply OK
16:26:37.310 main Client.execute() Sending 3997808304960024:98
16:26:37.354 main Client.execute() Reply OK
16:26:37.368 main Client.execute() Sending 3997808304960024:99
16:26:37.417 main Client.execute() Reply OK
16:26:37.465 main Client.execute() Sending 3997808304960024:100
16:26:37.635 main Client.execute() Reply OK
