16:26:19.021 main Configuration.<init>() Configuration loaded from file: paxos.properties
16:26:20.724 main Configuration.loadProcessList() [p0] localhost, ports = (replica=2021, client=3001)
16:26:20.724 main Configuration.loadProcessList() [p1] localhost, ports = (replica=2022, client=3002)
16:26:20.724 main Configuration.loadProcessList() [p2] localhost, ports = (replica=2023, client=3003)
16:26:20.725 main Client.connectTo() Connecting to localhost:3001
16:26:21.509 main Client.initConnection() New client id: 3997808304960033
16:26:21.509 main Client.connectTo() Connected [p0]. Timeout: 3000
16:26:21.511 main Client.execute() Sending 3997808304960033:1
16:26:21.854 main Client.execute() Reply OK
16:26:21.933 main Client.execute() Sending 3997808304960033:2
16:26:22.187 main Client.execute() Reply OK
16:26:22.194 main Client.execute() Sending 3997808304960033:3
16:26:22.447 main Client.execute() Reply OK
16:26:22.500 main Client.execute() Sending 3997808304960033:4
16:26:22.868 main Client.execute() Reply OK
16:26:22.954 main Client.execute() Sending 3997808304960033:5
16:26:23.066 main Client.execute() Reply OK
16:26:23.085 main Client.execute() Sending 3997808304960033:6
16:26:23.184 main Client.execute() Reply OK
16:26:23.227 main Client.execute() Sending 3997808304960033:7
16:26:23.360 main Client.execute() Reply OK
16:26:23.432 main Client.execute() Sending 3997808304960033:8
16:26:23.574 main Client.execute() Reply OK
16:26:23.600 main Client.execute() Sending 3997808304960033:9
16:26:23.710 main Client.execute() Reply OK
16:26:23.801 main Client.execute() Sending 3997808304960033:10
16:26:23.957 main Client.execute() Reply OK
16:26:24.057 main Client.execute() Sending 3997808304960033:11
16:26:24.222 main Client.execute() Reply OK
16:26:24.310 main Client.execute() Sending 3997808304960033:12
16:26:24.429 main Client.execute() Reply OK
16:26:24.443 main Client.execute() Sending 3997808304960033:13
16:26:24.610 main Client.execute() Reply OK
16:26:24.700 main Client.execute() Sending 3997808304960033:14
16:26:24.801 main Client.execute() Reply OK
16:26:24.864 main Client.execute() Sending 3997808304960033:15
16:26:25.063 main Client.execute() Reply OK
16:26:25.133 main Client.execute() Sending 3997808304960033:16
16:26:25.265 main Client.execute() Reply OK
16:26:25.357 main Client.execute() Sending 3997808304960033:17
16:26:25.467 main Client.execute() Reply OK
16:26:25.543 main Client.execute() Sending 3997808304960033:18
16:26:25.739 main Client.execute() Reply OK
16:26:25.803 main Client.execute() Sending 3997808304960033:19
16:26:25.882 main Client.execute() Reply OK
16:26:25.928 main Client.execute() Sending 3997808304960033:20
16:26:26.013 main Client.execute() Reply OK
16:26:26.061 main Client.execute() Sending 3997808304960033:21
16:26:26.152 main Client.execute() Reply OK
16:26:26.175 main Client.execute() Sending 3997808304960033:22
16:26:26.262 main Client.execute() Reply OK
16:26:26.294 main Client.execute() Sending 3997808304960033:23
16:26:26.395 main Client.execute() Reply OK
16:26:26.424 main Client.execute() Sending 3997808304960033:24
16:26:26.523 main Client.execute() Reply OK
16:26:26.525 main Client.execute() Sending 3997808304960033:25
16:26:26.640 main Client.execute() Reply OK
16:26:26.659 main Client.execute() Sending 3997808304960033:26
16:26:26.741 main Client.execute() Reply OK
16:26:26.784 main Client.execute() Sending 3997808304960033:27
16:26:26.881 main Client.execute() Reply OK
16:26:26.918 main Client.execute() Sending 3997808304960033:28
16:26:27.030 main Client.execute() Reply OK
16:26:27.052 main Client.execute() Sending 3997808304960033:29
16:26:27.133 main Client.execute() Reply OK
16:26:27.212 main Client.execute() Sending 3997808304960033:30
16:26:27.319 main Client.execute() Reply OK
16:26:27.329 main Client.execute() Sending 3997808304960033:31
16:26:27.428 main Client.execute() Reply OK
16:26:27.444 main Client.execute() Sending 3997808304960033:32
16:26:27.501 main Client.execute() Reply OK
16:26:27.572 main Client.execute() Sending 3997808304960033:33
16:26:27.647 main Client.execute() Reply OK
16:26:27.656 main Client.execute() Sending 3997808304960033:34
16:26:27.741 main Client.execute() Reply OK
16:26:27.742 main Client.execute() Sending 3997808304960033:35
16:26:27.806 main Client.execute() Reply OK
16:26:27.868 main Client.execute() Sending 3997808304960033:36
16:26:27.945 main Client.execute() Reply OK
16:26:28.012 main Client.execute() Sending 3997808304960033:37
16:26:28.073 main Client.execute() Reply OK
16:26:28.075 main Client.execute() Sending 3997808304960033:38
16:26:28.129 main Client.execute() Reply OK
16:26:28.196 main Client.execute() Sending 3997808304960033:39
16:26:28.287 main Client.execute() Reply OK
16:26:28.364 main Client.execute() Sending 3997808304960033:40
16:26:28.462 main Client.execute() Reply OK
16:26:28.499 main Client.execute() Sending 3997808304960033:41
16:26:28.560 main Client.execute() Reply OK
16:26:28.630 main Client.execute() Sending 3997808304960033:42
16:26:28.707 main Client.execute() Reply OK
16:26:28.788 main Client.execute() Sending 3997808304960033:43
16:26:28.851 main Client.execute() Reply OK
16:26:28.941 main Client.execute() Sending 3997808304960033:44
16:26:28.997 main Client.execute() Reply OK
16:26:29.024 main Client.execute() Sending 3997808304960033:45
16:26:29.107 main Client.execute() Reply OK
16:26:29.143 main Client.execute() Sending 3997808304960033:46
16:26:29.216 main Client.execute() Reply OK
16:26:29.269 main Client.execute() Sending 3997808304960033:47
16:26:29.422 main Client.execute() Reply OK
16:26:29.493 main Client.execute() Sending 3997808304960033:48
16:26:29.595 main Client.execute() Reply OK
16:26:29.628 main Client.execute() Sending 3997808304960033:49
16:26:29.734 main Client.execute() Reply OK
16:26:29.747 main Client.execute() Sending 3997808304960033:50
16:26:29.821 main Client.execute() Reply OK
16:26:29.864 main Client.execute() Sending 3997808304960033:51
16:26:29.977 main Client.execute() Reply OK
16:26:30.056 main Client.execute() Sending 3997808304960033:52
16:26:30.605 main Client.execute() Reply OK
16:26:30.615 main Client.execute() Sending 3997808304960033:53
16:26:30.716 main Client.execute() Reply OK
16:26:30.798 main Client.execute() Sending 3997808304960033:54
16:26:30.886 main Client.execute() Reply OK
16:26:30.970 main Client.execute() Sending 3997808304960033:55
16:26:31.096 main Client.execute() Reply OK
16:26:31.157 main Client.execute() Sending 3997808304960033:56
16:26:31.276 main Client.execute() Reply OK
16:26:31.324 main Client.execute() Sending 3997808304960033:57
16:26:31.403 main Client.execute() Reply OK
16:26:31.466 main Client.execute() Sending 3997808304960033:58
16:26:31.558 main Client.execute() Reply OK
16:26:31.620 main Client.execute() Sending 3997808304960033:59
16:26:31.710 main Client.execute() Reply OK
16:26:31.751 main Client.execute() Sending 3997808304960033:60
16:26:31.878 main Client.execute() Reply OK
16:26:31.888 main Client.execute() Sending 3997808304960033:61
16:26:31.954 main Client.execute() Reply OK
16:26:31.988 main Client.execute() Sending 3997808304960033:62
16:26:32.088 main Client.execute() Reply OK
16:26:32.141 main Client.execute() Sending 3997808304960033:63
16:26:32.201 main Client.execute() Reply OK
16:26:32.236 main Client.execute() Sending 3997808304960033:64
16:26:32.325 main Client.execute() Reply OK
16:26:32.331 main Client.execute() Sending 3997808304960033:65
16:26:32.448 main Client.execute() Reply OK
16:26:32.540 main Client.execute() Sending 3997808304960033:66
16:26:32.620 main Client.execute() Reply OK
16:26:32.693 main Client.execute() Sending 3997808304960033:67
16:26:32.799 main Client.execute() Reply OK
16:26:32.871 main Client.execute() Sending 3997808304960033:68
16:26:32.931 main Client.execute() Reply OK
16:26:33.021 main Client.execute() Sending 3997808304960033:69
16:26:33.175 main Client.execute() Reply OK
16:26:33.216 main Client.execute() Sending 3997808304960033:70
16:26:33.271 main Client.execute() Reply OK
16:26:33.304 main Client.execute() Sending 3997808304960033:71
16:26:33.394 main Client.execute() Reply OK
16:26:33.443 main Client.execute() Sending 3997808304960033:72
16:26:33.536 main Client.execute() Reply OK
16:26:33.549 main Client.execute() Sending 3997808304960033:73
16:26:33.617 main Client.execute() Reply OK
16:26:33.700 main Client.execute() Sending 3997808304960033:74
16:26:33.804 main Client.execute() Reply OK
16:26:33.809 main Client.execute() Sending 3997808304960033:75
16:26:33.875 main Client.execute() Reply OK
16:26:33.941 main Client.execute() Sending 3997808304960033:76
16:26:33.997 main Client.execute() Reply OK
16:26:34.063 main Client.execute() Sending 3997808304960033:77
16:26:34.143 main Client.execute() Reply OK
16:26:34.221 main Client.execute() Sending 3997808304960033:78
16:26:34.302 main Client.execute() Reply OK
16:26:34.395 main Client.execute() Sending 3997808304960033:79
16:26:34.454 main Client.execute() Reply OK
16:26:34.503 main Client.execute() Sending 3997808304960033:80
16:26:34.598 main Client.execute() Reply OK
16:26:34.668 main Client.execute() Sending 3997808304960033:81
16:26:34.722 main Client.execute() Reply OK
16:26:34.791 main Client.execute() Sending 3997808304960033:82
16:26:34.876 main Client.execute() Reply OK
16:26:34.924 main Client.execute() Sending 3997808304960033:83
16:26:35.048 main Client.execute() Reply OK
16:26:35.142 main Client.execute() Sending 3997808304960033:84
16:26:35.228 main Client.execute() Reply OK
16:26:35.289 main Client.execute() Sending 3997808304960033:85
16:26:35.378 main Client.execute() Reply OK
16:26:35.465 main Client.execute() Sending 3997808304960033:86
16:26:35.622 main Client.execute() Reply OK
16:26:35.651 main Client.execute() Sending 3997808304960033:87
16:26:35.804 main Client.execute() Reply OK
16:26:35.805 main Client.execute() Sending 3997808304960033:88
16:26:35.915 main Client.execute() Reply OK
16:26:35.916 main Client.execute() Sending 3997808304960033:89
16:26:36.079 main Client.execute() Reply OK
16:26:36.083 main Client.execute() Sending 3997808304960033:90
16:26:36.227 main Client.execute() Reply OK
16:26:36.289 main Client.execute() Sending 3997808304960033:91
16:26:36.360 main Client.execute() Reply OK
16:26:36.455 main Client.execute() Sending 3997808304960033:92
16:26:36.545 main Client.execute() Reply OK
16:26:36.559 main Client.execute() Sending 3997808304960033:93
16:26:36.642 main Client.execute() Reply OK
16:26:36.687 main Client.execute() Sending 3997808304960033:94
16:26:36.752 main Client.execute() Reply OK
16:26:36.835 main Client.execute() Sending 3997808304960033:95
16:26:36.946 main Client.execute() Reply OK
16:26:37.042 main Client.execute() Sending 3997808304960033:96
16:26:37.142 main Client.execute() Reply OK
16:26:37.164 main Client.execute() Sending 3997808304960033:97
16:26:37.267 main Client.execute() Reply OK
16:26:37.318 main Client.execute() Sending 3997808304960033:98
16:26:37.386 main Client.execute() Reply OK
16:26:37.398 main Client.execute() Sending 3997808304960033:99
16:26:37.444 main Client.execute() Reply OK
16:26:37.524 main Client.execute() Sending 3997808304960033:100
16:26:37.668 main Client.execute() Reply OK
