16:26:17.943 main Configuration.<init>() Configuration loaded from file: paxos.properties
16:26:20.015 main Configuration.loadProcessList() [p0] localhost, ports = (replica=2021, client=3001)
16:26:20.015 main Configuration.loadProcessList() [p1] localhost, ports = (replica=2022, client=3002)
16:26:20.016 main Configuration.loadProcessList() [p2] localhost, ports = (replica=2023, client=3003)
16:26:20.016 main Client.connectTo() Connecting to localhost:3001
16:26:20.704 main Client.initConnection() New client id: 3997808304960009
16:26:20.704 main Client.connectTo() Connected [p0]. Timeout: 3000
16:26:20.710 main Client.execute() Sending 3997808304960009:1
16:26:21.136 main Client.execute() Reply OK
16:26:21.144 main Client.execute() Sending 3997808304960009:2
16:26:21.835 main Client.execute() Reply OK
16:26:21.889 main Client.execute() Sending 3997808304960009:3
16:26:22.080 main Client.execute() Reply OK
16:26:22.148 main Client.execute() Sending 3997808304960009:4
16:26:22.434 main Client.execute() Reply OK
16:26:22.509 main Client.execute() Sending 3997808304960009:5
16:26:22.870 main Client.execute() Reply OK
16:26:22.919 main Client.execute() Sending 3997808304960009:6
16:26:23.065 main Client.execute() Reply OK
16:26:23.112 main Client.execute() Sending 3997808304960009:7
16:26:23.203 main Client.execute() Reply OK
16:26:23.272 main Client.execute() Sending 3997808304960009:8
16:26:23.409 main Client.execute() Reply OK
16:26:23.479 main Client.execute() Sending 3997808304960009:9
16:26:23.665 main Client.execute() Reply OK
16:26:23.719 main Client.execute() Sending 3997808304960009:10
16:26:23.886 main Client.execute() Reply OK
16:26:23.956 main Client.execute() Sending 3997808304960009:11
16:26:24.116 main Client.execute() Reply OK
16:26:24.132 main Client.execute() Sending 3997808304960009:12
16:26:24.308 main Client.execute() Reply OK
16:26:24.370 main Client.execute() Sending 3997808304960009:13
16:26:24.492 main Client.execute() Reply OK
16:26:24.561 main Client.execute() Sending 3997808304960009:14
16:26:24.708 main Client.execute() Reply OK
16:26:24.796 main Client.execute() Sending 3997808304960009:15
16:26:24.914 main Client.execute() Reply OK
16:26:24.995 main Client.execute() Sending 3997808304960009:16
16:26:25.193 main Client.execute() Reply OK
16:26:25.254 main Client.execute() Sending 3997808304960009:17
16:26:25.366 main Client.execute() Reply OK
16:26:25.408 main Client.execute() Sending 3997808304960009:18
16:26:25.486 main Client.execute() Reply OK
16:26:25.563 main Client.execute() Sending 3997808304960009:19
16:26:25.741 main Client.execute() Reply OK
16:26:25.808 main Client.execute() Sending 3997808304960009:20
16:26:25.929 main Client.execute() Reply OK
16:26:26.006 main Client.execute() Sending 3997808304960009:21
16:26:26.094 main Client.execute() Reply OK
16:26:26.105 main Client.execute() Sending 3997808304960009:22
16:26:26.173 main Client.execute() Reply OK
16:26:26.201 main Client.execute() Sending 3997808304960009:23
16:26:26.298 main Client.execute() Reply OK
16:26:26.308 main Client.execute() Sending 3997808304960009:24
16:26:26.397 main Client.execute() Reply OK
16:26:26.464 main Client.execute() Sending 3997808304960009:25
16:26:26.567 main Client.execute() Reply OK
16:26:26.640 main Client.execute() Sending 3997808304960009:26
16:26:26.682 main Client.execute() Reply OK
16:26:26.764 main Client.execute() Sending 3997808304960009:27
16:26:26.856 main Client.execute() Reply OK
16:26:26.907 main Client.execute() Sending 3997808304960009:28
16:26:27.017 main Client.execute() Reply OK
16:26:27.029 main Client.execute() Sending 3997808304960009:29
16:26:27.071 main Client.execute() Reply OK
16:26:27.159 main Client.execute() Sending 3997808304960009:30
16:26:27.246 main Client.execute() Reply OK
16:26:27.323 main Client.execute() Sending 3997808304960009:31
16:26:27.426 main Client.execute() Reply OK
16:26:27.451 main Client.execute() Sending 3997808304960009:32
16:26:27.503 main Client.execute() Reply OK
16:26:27.579 main Client.execute() Sending 3997808304960009:33
16:26:27.647 main Client.execute() Reply OK
16:26:27.715 main Client.execute() Sending 3997808304960009:34
16:26:27.802 main Client.execute() Reply OK
16:26:27.863 main Client.execute() Sending 3997808304960009:35
16:26:27.945 main Client.execute() Reply OK
16:26:28.000 main Client.execute() Sending 3997808304960009:36
16:26:28.072 main Client.execute() Reply OK
16:26:28.171 main Client.execute() Sending 3997808304960009:37
16:26:28.244 main Client.execute() Reply OK
16:26:28.267 main Client.execute() Sending 3997808304960009:38
16:26:28.346 main Client.execute() Reply OK
16:26:28.423 main Client.execute() Sending 3997808304960009:39
16:26:28.502 main Client.execute() Reply OK
16:26:28.540 main Client.execute() Sending 3997808304960009:40
16:26:28.630 main Client.execute() Reply OK
16:26:28.633 main Client.execute() Sending 3997808304960009:41
16:26:28.708 main Client.execute() Reply OK
16:26:28.761 main Client.execute() Sending 3997808304960009:42
16:26:28.848 main Client.execute() Reply OK
16:26:28.871 main Client.execute() Sending 3997808304960009:43
16:26:28.961 main Client.execute() Reply OK
16:26:29.057 main Client.execute() Sending 3997808304960009:44
16:26:29.182 main Client.execute() Reply OK
16:26:29.205 main Client.execute() Sending 3997808304960009:45
16:26:29.367 main Client.execute() Reply OK
16:26:29.466 main Client.execute() Sending 3997808304960009:46
16:26:29.555 main Client.execute() Reply OK
16:26:29.581 main Client.execute() Sending 3997808304960009:47
16:26:29.712 main Client.execute() Reply OK
16:26:29.803 main Client.execute() Sending 3997808304960009:48
16:26:29.890 main Client.execute() Reply OK
16:26:29.908 main Client.execute() Sending 3997808304960009:49
16:26:29.987 main Client.execute() Reply OK
16:26:30.042 main Client.execute() Sending 3997808304960009:50
16:26:30.603 main Client.execute() Reply OK
16:26:30.636 main Client.execute() Sending 3997808304960009:51
16:26:30.730 main Client.execute() Reply OK
16:26:30.825 main Client.execute() Sending 3997808304960009:52
16:26:30.921 main Client.execute() Reply OK
16:26:30.991 main Client.execute() Sending 3997808304960009:53
16:26:31.098 main Client.execute() Reply OK
16:26:31.144 main Client.execute() Sending 3997808304960009:54
16:26:31.251 main Client.execute() Reply OK
16:26:31.253 main Client.execute() Sending 3997808304960009:55
16:26:31.331 main Client.execute() Reply OK
16:26:31.371 main Client.execute() Sending 3997808304960009:56
16:26:31.474 main Client.execute() Reply OK
16:26:31.517 main Client.execute() Sending 3997808304960009:57
16:26:31.634 main Client.execute() Reply OK
16:26:31.726 main Client.execute() Sending 3997808304960009:58
16:26:31.845 main Client.execute() Reply OK
16:26:31.874 main Client.execute() Sending 3997808304960009:59
16:26:31.937 main Client.execute() Reply OK
16:26:32.037 main Client.execute() Sending 3997808304960009:60
16:26:32.142 main Client.execute() Reply OK
16:26:32.143 main Client.execute() Sending 3997808304960009:61
16:26:32.201 main Client.execute() Reply OK
16:26:32.276 main Client.execute() Sending 3997808304960009:62
16:26:32.361 main Client.execute() Reply OK
16:26:32.370 main Client.execute() Sending 3997808304960009:63
16:26:32.513 main Client.execute() Reply OK
16:26:32.578 main Client.execute() Sending 3997808304960009:64
16:26:32.639 main Client.execute() Reply OK
16:26:32.694 main Client.execute() Sending 3997808304960009:65
16:26:32.799 main Client.execute() Reply OK
16:26:32.877 main Client.execute() Sending 3997808304960009:66
16:26:32.932 main Client.execute() Reply OK
16:26:32.971 main Client.execute() Sending 3997808304960009:67
16:26:33.094 main Client.execute() Reply OK
16:26:33.178 main Client.execute() Sending 3997808304960009:68
16:26:33.228 main Client.execute() Reply OK
16:26:33.314 main Client.execute() Sending 3997808304960009:69
16:26:33.419 main Client.execute() Reply OK
16:26:33.445 main Client.execute() Sending 3997808304960009:70
16:26:33.546 main Client.execute() Reply OK
16:26:33.575 main Client.execute() Sending 3997808304960009:71
16:26:33.677 main Client.execute() Reply OK
16:26:33.762 main Client.execute() Sending 3997808304960009:72
16:26:33.830 main Client.execute() Reply OK
16:26:33.847 main Client.execute() Sending 3997808304960009:73
16:26:33.944 main Client.execute() Reply OK
16:26:33.966 main Client.execute() Sending 3997808304960009:74
16:26:33.998 main Client.execute() Reply OK
16:26:34.063 main Client.execute() Sending 3997808304960009:75
16:26:34.143 main Client.execute() Reply OK
16:26:34.235 main Client.execute() Sending 3997808304960009:76
16:26:34.304 main Client.execute() Reply OK
16:26:34.402 main Client.execute() Sending 3997808304960009:77
16:26:34.455 main Client.execute() Reply OK
16:26:34.477 main Client.execute() Sending 3997808304960009:78
16:26:34.597 main Client.execute() Reply OK
16:26:34.684 main Client.execute() Sending 3997808304960009:79
16:26:34.747 main Client.execute() Reply OK
16:26:34.817 main Client.execute() Sending 3997808304960009:80
16:26:34.879 main Client.execute() Reply OK
16:26:34.949 main Client.execute() Sending 3997808304960009:81
16:26:35.081 main Client.execute() Reply OK
16:26:35.096 main Client.execute() Sending 3997808304960009:82
16:26:35.225 main Client.execute() Reply OK
16:26:35.309 main Client.execute() Sending 3997808304960009:83
16:26:35.388 main Client.execute() Reply OK
16:26:35.464 main Client.execute() Sending 3997808304960009:84
16:26:35.641 main Client.execute() Reply OK
16:26:35.720 main Client.execute() Sending 3997808304960009:85
16:26:35.806 main Client.execute() Reply OK
16:26:35.878 main Client.execute() Sending 3997808304960009:86
16:26:36.076 main Client.execute() Reply OK
16:26:36.139 main Client.execute() Sending 3997808304960009:87
16:26:36.260 main Client.execute() Reply OK
16:26:36.352 main Client.execute() Sending 3997808304960009:88
16:26:36.434 main Client.execute() Reply OK
16:26:36.486 main Client.execute() Sending 3997808304960009:89
16:26:36.546 main Client.execute() Reply OK
16:26:36.597 main Client.execute() Sending 3997808304960009:90
16:26:36.688 main Client.execute() Reply OK
16:26:36.716 main Client.execute() Sending 3997808304960009:91
16:26:36.786 main Client.execute() Reply OK
16:26:36.843 main Client.execute() Sending 3997808304960009:92
16:26:36.949 main Client.execute() Reply OK
16:26:36.996 main Client.execute() Sending 3997808304960009:93
16:26:37.099 main Client.execute() Reply OK
16:26:37.117 main Client.execute() Sending 3997808304960009:94
16:26:37.202 main Client.execute() Reply OK
16:26:37.264 main Client.execute() Sending 3997808304960009:95
16:26:37.316 main Client.execute() Reply OK
16:26:37.406 main Client.execute() Sending 3997808304960009:96
16:26:37.540 main Client.execute() Reply OK
16:26:37.546 main Client.execute() Sending 3997808304960009:97
16:26:37.676 main Client.execute() Reply OK
16:26:37.695 main Client.execute() Sending 3997808304960009:98
16:26:37.781 main Client.execute() Reply OK
16:26:37.879 main Client.execute() Sending 3997808304960009:99
16:26:37.903 main Client.execute() Reply OK
16:26:37.945 main Client.execute() Sending 3997808304960009:100
16:26:38.042 main Client.execute() Reply OK
