16:26:19.091 main Configuration.<init>() Configuration loaded from file: paxos.properties
16:26:20.667 main Configuration.loadProcessList() [p0] localhost, ports = (replica=2021, client=3001)
16:26:20.668 main Configuration.loadProcessList() [p1] localhost, ports = (replica=2022, client=3002)
16:26:20.668 main Configuration.loadProcessList() [p2] localhost, ports = (replica=2023, client=3003)
16:26:21.088 main Client.connectTo() Connecting to localhost:3003
16:26:21.332 main Client.initConnection() New client id: 3997808310270029
16:26:21.332 main Client.connectTo() Connected [p2]. Timeout: 3000
16:26:21.348 main Client.execute() Sending 3997808310270029:1
16:26:21.927 main Client.execute() Reply OK
16:26:21.941 main Client.execute() Sending 3997808310270029:2
16:26:22.421 main Client.execute() Reply OK
16:26:22.454 main Client.execute() Sending 3997808310270029:3
16:26:22.949 main Client.execute() Reply OK
16:26:23.017 main Client.execute() Sending 3997808310270029:4
16:26:23.220 main Client.execute() Reply OK
16:26:23.235 main Client.execute() Sending 3997808310270029:5
16:26:23.529 main Client.execute() Reply OK
16:26:23.620 main Client.execute() Sending 3997808310270029:6
16:26:23.868 main Client.execute() Reply OK
16:26:23.882 main Client.execute() Sending 3997808310270029:7
16:26:24.193 main Client.execute() Reply OK
16:26:24.280 main Client.execute() Sending 3997808310270029:8
16:26:24.619 main Client.execute() Reply OK
16:26:24.620 main Client.execute() Sending 3997808310270029:9
16:26:24.829 main Client.execute() Reply OK
16:26:24.830 main Client.execute() Sending 3997808310270029:10
16:26:25.208 main Client.execute() Reply OK
16:26:25.219 main Client.execute() Sending 3997808310270029:11
16:26:25.416 main Client.execute() Reply OK
16:26:25.426 main Client.execute() Sending 3997808310270029:12
16:26:25.611 main Client.execute() Reply OK
16:26:25.672 main Client.execute() Sending 3997808310270029:13
16:26:25.936 main Client.execute() Reply OK
16:26:26.035 main Client.execute() Sending 3997808310270029:14
16:26:26.215 main Client.execute() Reply OK
16:26:26.259 main Client.execute() Sending 3997808310270029:15
16:26:26.374 main Client.execute() Reply OK
16:26:26.428 main Client.execute() Sending 3997808310270029:16
16:26:26.540 main Client.execute() Reply OK
16:26:26.563 main Client.execute() Sending 3997808310270029:17
16:26:26.612 main Client.execute() Reply OK
16:26:26.628 main Client.execute() Sending 3997808310270029:18
16:26:26.774 main Client.execute() Reply OK
16:26:26.812 main Client.execute() Sending 3997808310270029:19
16:26:26.943 main Client.execute() Reply OK
16:26:26.979 main Client.execute() Sending 3997808310270029:20
16:26:27.090 main Client.execute() Reply OK
16:26:27.173 main Client.execute() Sending 3997808310270029:21
16:26:27.292 main Client.execute() Reply OK
16:26:27.364 main Client.execute() Sending 3997808310270029:22
16:26:27.500 main Client.execute() Reply OK
16:26:27.566 main Client.execute() Sending 3997808310270029:23
16:26:27.678 main Client.execute() Reply OK
16:26:27.720 main Client.execute() Sending 3997808310270029:24
16:26:27.838 main Client.execute() Reply OK
16:26:27.889 main Client.execute() Sending 3997808310270029:25
16:26:28.057 main Client.execute() Reply OK
16:26:28.148 main Client.execute() Sending 3997808310270029:26
16:26:28.315 main Client.execute() Reply OK
16:26:28.357 main Client.execute() Sending 3997808310270029:27
16:26:28.520 main Client.execute() Reply OK
16:26:28.607 main Client.execute() Sending 3997808310270029:28
16:26:28.773 main Client.execute() Reply OK
16:26:28.858 main Client.execute() Sending 3997808310270029:29
16:26:29.012 main Client.execute() Reply OK
16:26:29.105 main Client.execute() Sending 3997808310270029:30
16:26:29.176 main Client.execute() Reply OK
16:26:29.194 main Client.execute() Sending 3997808310270029:31
16:26:29.299 main Client.execute() Reply OK
16:26:29.333 main Client.execute() Sending 3997808310270029:32
16:26:29.392 main Client.execute() Reply OK
16:26:29.403 main Client.execute() Sending 3997808310270029:33
16:26:29.548 main Client.execute() Reply OK
16:26:29.580 main Client.execute() Sending 3997808310270029:34
16:26:29.724 main Client.execute() Reply OK
16:26:29.777 main Client.execute() Sending 3997808310270029:35
16:26:29.950 main Client.execute() Reply OK
16:26:30.004 main Client.execute() Sending 3997808310270029:36
16:26:30.111 main Client.execute() Reply OK
16:26:30.178 main Client.execute() Sending 3997808310270029:37
16:26:30.757 main Client.execute() Reply OK
16:26:30.790 main Client.execute() Sending 3997808310270029:38
16:26:30.924 main Client.execute() Reply OK
16:26:30.966 main Client.execute() Sending 3997808310270029:39
16:26:31.153 main Client.execute() Reply OK
16:26:31.182 main Client.execute() Sending 3997808310270029:40
16:26:31.278 main Client.execute() Reply OK
16:26:31.315 main Client.execute() Sending 3997808310270029:41
16:26:31.435 main Client.execute() Reply OK
16:26:31.525 main Client.execute() Sending 3997808310270029:42
16:26:31.645 main Client.execute() Reply OK
16:26:31.680 main Client.execute() Sending 3997808310270029:43
16:26:31.827 main Client.execute() Reply OK
16:26:31.873 main Client.execute() Sending 3997808310270029:44
16:26:32.008 main Client.execute() Reply OK
16:26:32.049 main Client.execute() Sending 3997808310270029:45
16:26:32.154 main Client.execute() Reply OK
16:26:32.213 main Client.execute() Sending 3997808310270029:46
16:26:32.303 main Client.execute() Reply OK
16:26:32.331 main Client.execute() Sending 3997808310270029:47
16:26:32.451 main Client.execute() Reply OK
16:26:32.549 main Client.execute() Sending 3997808310270029:48
16:26:32.658 main Client.execute() Reply OK
16:26:32.669 main Client.execute() Sending 3997808310270029:49
16:26:32.722 main Client.execute() Reply OK
16:26:32.740 main Client.execute() Sending 3997808310270029:50
16:26:32.864 main Client.execute() Reply OK
16:26:32.917 main Client.execute() Sending 3997808310270029:51
16:26:33.110 main Client.execute() Reply OK
16:26:33.132 main Client.execute() Sending 3997808310270029:52
16:26:33.252 main Client.execute() Reply OK
16:26:33.302 main Client.execute() Sending 3997808310270029:53
16:26:33.400 main Client.execute() Reply OK
16:26:33.498 main Client.execute() Sending 3997808310270029:54
16:26:33.640 main Client.execute() Reply OK
16:26:33.733 main Client.execute() Sending 3997808310270029:55
16:26:33.829 main Client.execute() Reply OK
16:26:33.928 main Client.execute() Sending 3997808310270029:56
16:26:33.999 main Client.execute() Reply OK
16:26:34.054 main Client.execute() Sending 3997808310270029:57
16:26:34.165 main Client.execute() Reply OK
16:26:34.176 main Client.execute() Sending 3997808310270029:58
16:26:34.277 main Client.execute() Reply OK
16:26:34.288 main Client.execute() Sending 3997808310270029:59
16:26:34.426 main Client.execute() Reply OK
16:26:34.440 main Client.execute() Sending 3997808310270029:60
16:26:34.613 main Client.execute() Reply OK
16:26:34.700 main Client.execute() Sending 3997808310270029:61
16:26:34.801 main Client.execute() Reply OK
16:26:34.891 main Client.execute() Sending 3997808310270029:62
16:26:35.064 main Client.execute() Reply OK
16:26:35.136 main Client.execute() Sending 3997808310270029:63
16:26:35.353 main Client.execute() Reply OK
16:26:35.372 main Client.execute() Sending 3997808310270029:64
16:26:35.715 main Client.execute() Reply OK
16:26:35.718 main Client.execute() Sending 3997808310270029:65
16:26:35.876 main Client.execute() Reply OK
16:26:35.927 main Client.execute() Sending 3997808310270029:66
16:26:36.165 main Client.execute() Reply OK
16:26:36.255 main Client.execute() Sending 3997808310270029:67
16:26:36.312 main Client.execute() Reply OK
16:26:36.370 main Client.execute() Sending 3997808310270029:68
16:26:36.491 main Client.execute() Reply OK
16:26:36.554 main Client.execute() Sending 3997808310270029:69
16:26:36.673 main Client.execute() Reply OK
16:26:36.685 main Client.execute() Sending 3997808310270029:70
16:26:36.738 main Client.execute() Reply OK
16:26:36.851 main Client.execute() Sending 3997808310270029:71
16:26:37.043 main Client.execute() Reply OK
16:26:37.102 main Client.execute() Sending 3997808310270029:72
16:26:37.236 main Client.execute() Reply OK
16:26:37.296 main Client.execute() Sending 3997808310270029:73
16:26:37.358 main Client.execute() Reply OK
16:26:37.403 main Client.execute() Sending 3997808310270029:74
16:26:37.516 main Client.execute() Reply OK
16:26:37.588 main Client.execute() Sending 3997808310270029:75
16:26:37.748 main Client.execute() Reply OK
16:26:37.750 main Client.execute() Sending 3997808310270029:76
16:26:37.796 main Client.execute() Reply OK
16:26:37.876 main Client.execute() Sending 3997808310270029:77
16:26:37.902 main Client.execute() Reply OK
16:26:37.909 main Client.execute() Sending 3997808310270029:78
16:26:37.963 main Client.execute() Reply OK
16:26:38.062 main Client.execute() Sending 3997808310270029:79
16:26:38.120 main Client.execute() Reply OK
16:26:38.183 main Client.execute() Sending 3997808310270029:80
16:26:38.249 main Client.execute() Reply OK
16:26:38.292 main Client.execute() Sending 3997808310270029:81
16:26:38.342 main Client.execute() Reply OK
16:26:38.416 main Client.execute() Sending 3997808310270029:82
16:26:38.477 main Client.execute() Reply OK
16:26:38.577 main Client.execute() Sending 3997808310270029:83
16:26:38.628 main Client.execute() Reply OK
16:26:38.633 main Client.execute() Sending 3997808310270029:84
16:26:38.665 main Client.execute() Reply OK
16:26:38.680 main Client.execute() Sending 3997808310270029:85
16:26:38.718 main Client.execute() Reply OK
16:26:38.793 main Client.execute() Sending 3997808310270029:86
16:26:38.870 main Client.execute() Reply OK
16:26:38.944 main Client.execute() Sending 3997808310270029:87
16:26:39.001 main Client.execute() Reply OK
16:26:39.014 main Client.execute() Sending 3997808310270029:88
16:26:39.056 main Client.execute() Reply OK
16:26:39.112 main Client.execute() Sending 3997808310270029:89
16:26:39.174 main Client.execute() Reply OK
16:26:39.200 main Client.execute() Sending 3997808310270029:90
16:26:39.259 main Client.execute() Reply OK
16:26:39.304 main Client.execute() Sending 3997808310270029:91
16:26:39.388 main Client.execute() Reply OK
16:26:39.483 main Client.execute() Sending 3997808310270029:92
16:26:39.540 main Client.execute() Reply OK
16:26:39.578 main Client.execute() Sending 3997808310270029:93
16:26:39.645 main Client.execute() Reply OK
16:26:39.670 main Client.execute() Sending 3997808310270029:94
16:26:39.693 main Client.execute() Reply OK
16:26:39.696 main Client.execute() Sending 3997808310270029:95
16:26:39.744 main Client.execute() Reply OK
16:26:39.837 main Client.execute() Sending 3997808310270029:96
16:26:39.897 main Client.execute() Reply OK
16:26:39.921 main Client.execute() Sending 3997808310270029:97
16:26:39.996 main Client.execute() Reply OK
16:26:40.066 main Client.execute() Sending 3997808310270029:98
16:26:40.147 main Client.execute() Reply OK
16:26:40.169 main Client.execute() Sending 3997808310270029:99
16:26:40.201 main Client.execute() Reply OK
16:26:40.238 main Client.execute() Sending 3997808310270029:100
16:26:40.298 main Client.execute() Reply OK
