16:26:19.558 main Configuration.<init>() Configuration loaded from file: paxos.properties
16:26:21.286 main Configuration.loadProcessList() [p0] localhost, ports = (replica=2021, client=3001)
16:26:21.286 main Configuration.loadProcessList() [p1] localhost, ports = (replica=2022, client=3002)
16:26:21.287 main Configuration.loadProcessList() [p2] localhost, ports = (replica=2023, client=3003)
16:26:21.287 main Client.connectTo() Connecting to localhost:3001
16:26:21.350 main Client.initConnection() New client id: 3997808304960036
16:26:21.350 main Client.connectTo() Connected [p0]. Timeout: 3000
16:26:21.355 main Client.execute() Sending 3997808304960036:1
16:26:21.847 main Client.execute() Reply OK
16:26:21.886 main Client.execute() Sending 3997808304960036:2
16:26:22.079 main Client.execute() Reply OK
16:26:22.130 main Client.execute() Sending 3997808304960036:3
16:26:22.434 main Client.execute() Reply OK
16:26:22.485 main Client.execute() Sending 3997808304960036:4
16:26:22.868 main Client.execute() Reply OK
16:26:22.928 main Client.execute() Sending 3997808304960036:5
16:26:23.066 main Client.execute() Reply OK
16:26:23.117 main Client.execute() Sending 3997808304960036:6
16:26:23.204 main Client.execute() Reply OK
16:26:23.299 main Client.execute() Sending 3997808304960036:7
16:26:23.461 main Client.execute() Reply OK
16:26:23.556 main Client.execute() Sending 3997808304960036:8
16:26:23.687 main Client.execute() Reply OK
16:26:23.774 main Client.execute() Sending 3997808304960036:9
16:26:23.927 main Client.execute() Reply OK
16:26:24.000 main Client.execute() Sending 3997808304960036:10
16:26:24.125 main Client.execute() Reply OK
16:26:24.166 main Client.execute() Sending 3997808304960036:11
16:26:24.308 main Client.execute() Reply OK
16:26:24.369 main Client.execute() Sending 3997808304960036:12
16:26:24.476 main Client.execute() Reply OK
16:26:24.519 main Client.execute() Sending 3997808304960036:13
16:26:24.662 main Client.execute() Reply OK
16:26:24.724 main Client.execute() Sending 3997808304960036:14
16:26:24.819 main Client.execute() Reply OK
16:26:24.844 main Client.execute() Sending 3997808304960036:15
16:26:25.062 main Client.execute() Reply OK
16:26:25.122 main Client.execute() Sending 3997808304960036:16
16:26:25.265 main Client.execute() Reply OK
16:26:25.292 main Client.execute() Sending 3997808304960036:17
16:26:25.388 main Client.execute() Reply OK
16:26:25.460 main Client.execute() Sending 3997808304960036:18
16:26:25.579 main Client.execute() Reply OK
16:26:25.620 main Client.execute() Sending 3997808304960036:19
16:26:25.743 main Client.execute() Reply OK
16:26:25.814 main Client.execute() Sending 3997808304960036:20
16:26:25.930 main Client.execute() Reply OK
16:26:25.944 main Client.execute() Sending 3997808304960036:21
16:26:26.016 main Client.execute() Reply OK
16:26:26.051 main Client.execute() Sending 3997808304960036:22
16:26:26.122 main Client.execute() Reply OK
16:26:26.200 main Client.execute() Sending 3997808304960036:23
16:26:26.297 main Client.execute() Reply OK
16:26:26.332 main Client.execute() Sending 3997808304960036:24
16:26:26.398 main Client.execute() Reply OK
16:26:26.413 main Client.execute() Sending 3997808304960036:25
16:26:26.522 main Client.execute() Reply OK
16:26:26.587 main Client.execute() Sending 3997808304960036:26
16:26:26.668 main Client.execute() Reply OK
16:26:26.730 main Client.execute() Sending 3997808304960036:27
16:26:26.851 main Client.execute() Reply OK
16:26:26.902 main Client.execute() Sending 3997808304960036:28
16:26:27.017 main Client.execute() Reply OK
16:26:27.082 main Client.execute() Sending 3997808304960036:29
16:26:27.139 main Client.execute() Reply OK
16:26:27.233 main Client.execute() Sending 3997808304960036:30
16:26:27.328 main Client.execute() Reply OK
16:26:27.419 main Client.execute() Sending 3997808304960036:31
16:26:27.488 main Client.execute() Reply OK
16:26:27.553 main Client.execute() Sending 3997808304960036:32
16:26:27.621 main Client.execute() Reply OK
16:26:27.627 main Client.execute() Sending 3997808304960036:33
16:26:27.700 main Client.execute() Reply OK
16:26:27.740 main Client.execute() Sending 3997808304960036:34
16:26:27.803 main Client.execute() Reply OK
16:26:27.812 main Client.execute() Sending 3997808304960036:35
16:26:27.895 main Client.execute() Reply OK
16:26:27.943 main Client.execute() Sending 3997808304960036:36
16:26:28.031 main Client.execute() Reply OK
16:26:28.071 main Client.execute() Sending 3997808304960036:37
16:26:28.126 main Client.execute() Reply OK
16:26:28.177 main Client.execute() Sending 3997808304960036:38
16:26:28.255 main Client.execute() Reply OK
16:26:28.312 main Client.execute() Sending 3997808304960036:39
16:26:28.374 main Client.execute() Reply OK
16:26:28.377 main Client.execute() Sending 3997808304960036:40
16:26:28.475 main Client.execute() Reply OK
16:26:28.527 main Client.execute() Sending 3997808304960036:41
16:26:28.594 main Client.execute() Reply OK
16:26:28.638 main Client.execute() Sending 3997808304960036:42
16:26:28.708 main Client.execute() Reply OK
16:26:28.758 main Client.execute() Sending 3997808304960036:43
16:26:28.847 main Client.execute() Reply OK
16:26:28.913 main Client.execute() Sending 3997808304960036:44
16:26:28.975 main Client.execute() Reply OK
16:26:29.000 main Client.execute() Sending 3997808304960036:45
16:26:29.062 main Client.execute() Reply OK
16:26:29.125 main Client.execute() Sending 3997808304960036:46
16:26:29.216 main Client.execute() Reply OK
16:26:29.283 main Client.execute() Sending 3997808304960036:47
16:26:29.429 main Client.execute() Reply OK
16:26:29.447 main Client.execute() Sending 3997808304960036:48
16:26:29.531 main Client.execute() Reply OK
16:26:29.579 main Client.execute() Sending 3997808304960036:49
16:26:29.680 main Client.execute() Reply OK
16:26:29.769 main Client.execute() Sending 3997808304960036:50
16:26:29.851 main Client.execute() Reply OK
16:26:29.930 main Client.execute() Sending 3997808304960036:51
16:26:29.991 main Client.execute() Reply OK
16:26:30.073 main Client.execute() Sending 3997808304960036:52
16:26:30.631 main Client.execute() Reply OK
16:26:30.636 main Client.execute() Sending 3997808304960036:53
16:26:30.718 main Client.execute() Reply OK
16:26:30.802 main Client.execute() Sending 3997808304960036:54
16:26:30.888 main Client.execute() Reply OK
16:26:30.951 main Client.execute() Sending 3997808304960036:55
16:26:31.095 main Client.execute() Reply OK
16:26:31.118 main Client.execute() Sending 3997808304960036:56
16:26:31.196 main Client.execute() Reply OK
16:26:31.246 main Client.execute() Sending 3997808304960036:57
16:26:31.329 main Client.execute() Reply OK
16:26:31.360 main Client.execute() Sending 3997808304960036:58
16:26:31.458 main Client.execute() Reply OK
16:26:31.529 main Client.execute() Sending 3997808304960036:59
16:26:31.639 main Client.execute() Reply OK
16:26:31.691 main Client.execute() Sending 3997808304960036:60
16:26:31.757 main Client.execute() Reply OK
16:26:31.795 main Client.execute() Sending 3997808304960036:61
16:26:31.902 main Client.execute() Reply OK
16:26:31.903 main Client.execute() Sending 3997808304960036:62
16:26:31.955 main Client.execute() Reply OK
16:26:31.979 main Client.execute() Sending 3997808304960036:63
16:26:32.041 main Client.execute() Reply OK
16:26:32.105 main Client.execute() Sending 3997808304960036:64
16:26:32.199 main Client.execute() Reply OK
16:26:32.214 main Client.execute() Sending 3997808304960036:65
16:26:32.273 main Client.execute() Reply OK
16:26:32.320 main Client.execute() Sending 3997808304960036:66
16:26:32.448 main Client.execute() Reply OK
16:26:32.465 main Client.execute() Sending 3997808304960036:67
16:26:32.564 main Client.execute() Reply OK
16:26:32.653 main Client.execute() Sending 3997808304960036:68
16:26:32.751 main Client.execute() Reply OK
16:26:32.811 main Client.execute() Sending 3997808304960036:69
16:26:32.861 main Client.execute() Reply OK
16:26:32.868 main Client.execute() Sending 3997808304960036:70
16:26:32.929 main Client.execute() Reply OK
16:26:32.974 main Client.execute() Sending 3997808304960036:71
16:26:33.094 main Client.execute() Reply OK
16:26:33.192 main Client.execute() Sending 3997808304960036:72
16:26:33.263 main Client.execute() Reply OK
16:26:33.306 main Client.execute() Sending 3997808304960036:73
16:26:33.395 main Client.execute() Reply OK
16:26:33.495 main Client.execute() Sending 3997808304960036:74
16:26:33.587 main Client.execute() Reply OK
16:26:33.591 main Client.execute() Sending 3997808304960036:75
16:26:33.683 main Client.execute() Reply OK
16:26:33.759 main Client.execute() Sending 3997808304960036:76
16:26:33.830 main Client.execute() Reply OK
16:26:33.889 main Client.execute() Sending 3997808304960036:77
16:26:33.946 main Client.execute() Reply OK
16:26:34.028 main Client.execute() Sending 3997808304960036:78
16:26:34.117 main Client.execute() Reply OK
16:26:34.124 main Client.execute() Sending 3997808304960036:79
16:26:34.195 main Client.execute() Reply OK
16:26:34.275 main Client.execute() Sending 3997808304960036:80
16:26:34.389 main Client.execute() Reply OK
16:26:34.453 main Client.execute() Sending 3997808304960036:81
16:26:34.557 main Client.execute() Reply OK
16:26:34.617 main Client.execute() Sending 3997808304960036:82
16:26:34.712 main Client.execute() Reply OK
16:26:34.802 main Client.execute() Sending 3997808304960036:83
16:26:34.876 main Client.execute() Reply OK
16:26:34.954 main Client.execute() Sending 3997808304960036:84
16:26:35.083 main Client.execute() Reply OK
16:26:35.092 main Client.execute() Sending 3997808304960036:85
16:26:35.213 main Client.execute() Reply OK
16:26:35.236 main Client.execute() Sending 3997808304960036:86
16:26:35.376 main Client.execute() Reply OK
16:26:35.463 main Client.execute() Sending 3997808304960036:87
16:26:35.638 main Client.execute() Reply OK
16:26:35.710 main Client.execute() Sending 3997808304960036:88
16:26:35.806 main Client.execute() Reply OK
16:26:35.824 main Client.execute() Sending 3997808304960036:89
16:26:35.917 main Client.execute() Reply OK
16:26:35.938 main Client.execute() Sending 3997808304960036:90
16:26:36.102 main Client.execute() Reply OK
16:26:36.163 main Client.execute() Sending 3997808304960036:91
16:26:36.251 main Client.execute() Reply OK
16:26:36.308 main Client.execute() Sending 3997808304960036:92
16:26:36.416 main Client.execute() Reply OK
16:26:36.451 main Client.execute() Sending 3997808304960036:93
16:26:36.545 main Client.execute() Reply OK
16:26:36.552 main Client.execute() Sending 3997808304960036:94
16:26:36.643 main Client.execute() Reply OK
16:26:36.705 main Client.execute() Sending 3997808304960036:95
16:26:36.785 main Client.execute() Reply OK
16:26:36.835 main Client.execute() Sending 3997808304960036:96
16:26:36.946 main Client.execute() Reply OK
16:26:37.017 main Client.execute() Sending 3997808304960036:97
16:26:37.120 main Client.execute() Reply OK
16:26:37.197 main Client.execute() Sending 3997808304960036:98
16:26:37.269 main Client.execute() Reply OK
16:26:37.349 main Client.execute() Sending 3997808304960036:99
16:26:37.400 main Client.execute() Reply OK
16:26:37.443 main Client.execute() Sending 3997808304960036:100
16:26:37.604 main Client.execute() Reply OK
