16:26:19.858 main Configuration.<init>() Configuration loaded from file: paxos.properties
16:26:21.486 main Configuration.loadProcessList() [p0] localhost, ports = (replica=2021, client=3001)
16:26:21.486 main Configuration.loadProcessList() [p1] localhost, ports = (replica=2022, client=3002)
16:26:21.487 main Configuration.loadProcessList() [p2] localhost, ports = (replica=2023, client=3003)
16:26:21.491 main Client.connectTo() Connecting to localhost:3002
16:26:21.692 main Client.initConnection() New client id: 3997808307426037
16:26:21.693 main Client.connectTo() Connected [p1]. Timeout: 3000
16:26:21.706 main Client.execute() Sending 3997808307426037:1
16:26:21.967 main Client.execute() Reply OK
16:26:22.047 main Client.execute() Sending 3997808307426037:2
16:26:22.274 main Client.execute() Reply OK
16:26:22.285 main Client.execute() Sending 3997808307426037:3
16:26:22.625 main Client.execute() Reply OK
16:26:22.658 main Client.execute() Sending 3997808307426037:4
16:26:22.947 main Client.execute() Reply OK
16:26:23.032 main Client.execute() Sending 3997808307426037:5
16:26:23.156 main Client.execute() Reply OK
16:26:23.193 main Client.execute() Sending 3997808307426037:6
16:26:23.348 main Client.execute() Reply OK
16:26:23.419 main Client.execute() Sending 3997808307426037:7
16:26:23.532 main Client.execute() Reply OK
16:26:23.595 main Client.execute() Sending 3997808307426037:8
16:26:23.714 main Client.execute() Reply OK
16:26:23.739 main Client.execute() Sending 3997808307426037:9
16:26:23.894 main Client.execute() Reply OK
16:26:23.988 main Client.execute() Sending 3997808307426037:10
16:26:24.095 main Client.execute() Reply OK
16:26:24.113 main Client.execute() Sending 3997808307426037:11
16:26:24.279 main Client.execute() Reply OK
16:26:24.287 main Client.execute() Sending 3997808307426037:12
16:26:24.425 main Client.execute() Reply OK
16:26:24.433 main Client.execute() Sending 3997808307426037:13
16:26:24.608 main Client.execute() Reply OK
16:26:24.645 main Client.execute() Sending 3997808307426037:14
16:26:24.808 main Client.execute() Reply OK
16:26:24.834 main Client.execute() Sending 3997808307426037:15
16:26:25.042 main Client.execute() Reply OK
16:26:25.046 main Client.execute() Sending 3997808307426037:16
16:26:25.190 main Client.execute() Reply OK
16:26:25.274 main Client.execute() Sending 3997808307426037:17
16:26:25.386 main Client.execute() Reply OK
16:26:25.429 main Client.execute() Sending 3997808307426037:18
16:26:25.513 main Client.execute() Reply OK
16:26:25.549 main Client.execute() Sending 3997808307426037:19
16:26:25.892 main Client.execute() Reply OK
16:26:25.905 main Client.execute() Sending 3997808307426037:20
16:26:25.990 main Client.execute() Reply OK
16:26:26.011 main Client.execute() Sending 3997808307426037:21
16:26:26.124 main Client.execute() Reply OK
16:26:26.217 main Client.execute() Sending 3997808307426037:22
16:26:26.296 main Client.execute() Reply OK
16:26:26.381 main Client.execute() Sending 3997808307426037:23
16:26:26.477 main Client.execute() Reply OK
16:26:26.557 main Client.execute() Sending 3997808307426037:24
16:26:26.624 main Client.execute() Reply OK
16:26:26.695 main Client.execute() Sending 3997808307426037:25
16:26:26.782 main Client.execute() Reply OK
16:26:26.796 main Client.execute() Sending 3997808307426037:26
16:26:26.879 main Client.execute() Reply OK
16:26:26.940 main Client.execute() Sending 3997808307426037:27
16:26:27.061 main Client.execute() Reply OK
16:26:27.155 main Client.execute() Sending 3997808307426037:28
16:26:27.232 main Client.execute() Reply OK
16:26:27.257 main Client.execute() Sending 3997808307426037:29
16:26:27.305 main Client.execute() Reply OK
16:26:27.351 main Client.execute() Sending 3997808307426037:30
16:26:27.424 main Client.execute() Reply OK
16:26:27.510 main Client.execute() Sending 3997808307426037:31
16:26:27.540 main Client.execute() Reply OK
16:26:27.542 main Client.execute() Sending 3997808307426037:32
16:26:27.599 main Client.execute() Reply OK
16:26:27.618 main Client.execute() Sending 3997808307426037:33
16:26:27.688 main Client.execute() Reply OK
16:26:27.760 main Client.execute() Sending 3997808307426037:34
16:26:27.853 main Client.execute() Reply OK
16:26:27.923 main Client.execute() Sending 3997808307426037:35
16:26:28.032 main Client.execute() Reply OK
16:26:28.058 main Client.execute() Sending 3997808307426037:36
16:26:28.156 main Client.execute() Reply OK
16:26:28.214 main Client.execute() Sending 3997808307426037:37
16:26:28.333 main Client.execute() Reply OK
16:26:28.359 main Client.execute() Sending 3997808307426037:38
16:26:28.438 main Client.execute() Reply OK
16:26:28.528 main Client.execute() Sending 3997808307426037:39
16:26:28.623 main Client.execute() Reply OK
16:26:28.726 main Client.execute() Sending 3997808307426037:40
16:26:28.823 main Client.execute() Reply OK
16:26:28.877 main Client.execute() Sending 3997808307426037:41
16:26:28.940 main Client.execute() Reply OK
16:26:28.953 main Client.execute() Sending 3997808307426037:42
16:26:29.038 main Client.execute() Reply OK
16:26:29.143 main Client.execute() Sending 3997808307426037:43
16:26:29.239 main Client.execute() Reply OK
16:26:29.251 main Client.execute() Sending 3997808307426037:44
16:26:29.348 main Client.execute() Reply OK
16:26:29.391 main Client.execute() Sending 3997808307426037:45
16:26:29.445 main Client.execute() Reply OK
16:26:29.494 main Client.execute() Sending 3997808307426037:46
16:26:29.582 main Client.execute() Reply OK
16:26:29.616 main Client.execute() Sending 3997808307426037:47
16:26:29.676 main Client.execute() Reply OK
16:26:29.717 main Client.execute() Sending 3997808307426037:48
16:26:29.795 main Client.execute() Reply OK
16:26:29.832 main Client.execute() Sending 3997808307426037:49
16:26:29.904 main Client.execute() Reply OK
16:26:29.992 main Client.execute() Sending 3997808307426037:50
16:26:30.085 main Client.execute() Reply OK
16:26:30.101 main Client.execute() Sending 3997808307426037:51
16:26:30.639 main Client.execute() Reply OK
16:26:30.689 main Client.execute() Sending 3997808307426037:52
16:26:30.796 main Client.execute() Reply OK
16:26:30.874 main Client.execute() Sending 3997808307426037:53
16:26:30.987 main Client.execute() Reply OK
16:26:31.037 main Client.execute() Sending 3997808307426037:54
16:26:31.120 main Client.execute() Reply OK
16:26:31.170 main Client.execute() Sending 3997808307426037:55
16:26:31.215 main Client.execute() Reply OK
16:26:31.226 main Client.execute() Sending 3997808307426037:56
16:26:31.307 main Client.execute() Reply OK
16:26:31.341 main Client.execute() Sending 3997808307426037:57
16:26:31.420 main Client.execute() Reply OK
16:26:31.465 main Client.execute() Sending 3997808307426037:58
16:26:31.529 main Client.execute() Reply OK
16:26:31.557 main Client.execute() Sending 3997808307426037:59
16:26:31.614 main Client.execute() Reply OK
16:26:31.665 main Client.execute() Sending 3997808307426037:60
16:26:31.780 main Client.execute() Reply OK
16:26:31.786 main Client.execute() Sending 3997808307426037:61
16:26:31.869 main Client.execute() Reply OK
16:26:31.944 main Client.execute() Sending 3997808307426037:62
16:26:32.028 main Client.execute() Reply OK
16:26:32.116 main Client.execute() Sending 3997808307426037:63
16:26:32.184 main Client.execute() Reply OK
16:26:32.261 main Client.execute() Sending 3997808307426037:64
16:26:32.361 main Client.execute() Reply OK
16:26:32.423 main Client.execute() Sending 3997808307426037:65
16:26:32.518 main Client.execute() Reply OK
16:26:32.532 main Client.execute() Sending 3997808307426037:66
16:26:32.637 main Client.execute() Reply OK
16:26:32.689 main Client.execute() Sending 3997808307426037:67
16:26:32.741 main Client.execute() Reply OK
16:26:32.774 main Client.execute() Sending 3997808307426037:68
16:26:32.856 main Client.execute() Reply OK
16:26:32.935 main Client.execute() Sending 3997808307426037:69
16:26:33.022 main Client.execute() Reply OK
16:26:33.113 main Client.execute() Sending 3997808307426037:70
16:26:33.185 main Client.execute() Reply OK
16:26:33.262 main Client.execute() Sending 3997808307426037:71
16:26:33.346 main Client.execute() Reply OK
16:26:33.428 main Client.execute() Sending 3997808307426037:72
16:26:33.520 main Client.execute() Reply OK
16:26:33.574 main Client.execute() Sending 3997808307426037:73
16:26:33.668 main Client.execute() Reply OK
16:26:33.742 main Client.execute() Sending 3997808307426037:74
16:26:33.792 main Client.execute() Reply OK
16:26:33.812 main Client.execute() Sending 3997808307426037:75
16:26:33.870 main Client.execute() Reply OK
16:26:33.885 main Client.execute() Sending 3997808307426037:76
16:26:33.953 main Client.execute() Reply OK
16:26:34.014 main Client.execute() Sending 3997808307426037:77
16:26:34.069 main Client.execute() Reply OK
16:26:34.080 main Client.execute() Sending 3997808307426037:78
16:26:34.117 main Client.execute() Reply OK
16:26:34.203 main Client.execute() Sending 3997808307426037:79
16:26:34.276 main Client.execute() Reply OK
16:26:34.319 main Client.execute() Sending 3997808307426037:80
16:26:34.405 main Client.execute() Reply OK
16:26:34.412 main Client.execute() Sending 3997808307426037:81
16:26:34.527 main Client.execute() Reply OK
16:26:34.535 main Client.execute() Sending 3997808307426037:82
16:26:34.642 main Client.execute() Reply OK
16:26:34.686 main Client.execute() Sending 3997808307426037:83
16:26:34.764 main Client.execute() Reply OK
16:26:34.848 main Client.execute() Sending 3997808307426037:84
16:26:34.918 main Client.execute() Reply OK
16:26:34.972 main Client.execute() Sending 3997808307426037:85
16:26:35.100 main Client.execute() Reply OK
16:26:35.169 main Client.execute() Sending 3997808307426037:86
16:26:35.352 main Client.execute() Reply OK
16:26:35.390 main Client.execute() Sending 3997808307426037:87
16:26:35.618 main Client.execute() Reply OK
16:26:35.714 main Client.execute() Sending 3997808307426037:88
16:26:35.797 main Client.execute() Reply OK
16:26:35.831 main Client.execute() Sending 3997808307426037:89
16:26:35.913 main Client.execute() Reply OK
16:26:35.920 main Client.execute() Sending 3997808307426037:90
16:26:36.096 main Client.execute() Reply OK
16:26:36.162 main Client.execute() Sending 3997808307426037:91
16:26:36.240 main Client.execute() Reply OK
16:26:36.337 main Client.execute() Sending 3997808307426037:92
16:26:36.486 main Client.execute() Reply OK
16:26:36.487 main Client.execute() Sending 3997808307426037:93
16:26:36.560 main Client.execute() Reply OK
16:26:36.616 main Client.execute() Sending 3997808307426037:94
16:26:36.684 main Client.execute() Reply OK
16:26:36.753 main Client.execute() Sending 3997808307426037:95
16:26:36.940 main Client.execute() Reply OK
16:26:37.026 main Client.execute() Sending 3997808307426037:96
16:26:37.082 main Client.execute() Reply OK
16:26:37.179 main Client.execute() Sending 3997808307426037:97
16:26:37.255 main Client.execute() Reply OK
16:26:37.327 main Client.execute() Sending 3997808307426037:98
16:26:37.362 main Client.execute() Reply OK
16:26:37.383 main Client.execute() Sending 3997808307426037:99
16:26:37.438 main Client.execute() Reply OK
16:26:37.490 main Client.execute() Sending 3997808307426037:100
16:26:37.609 main Client.execute() Reply OK
