16:26:18.577 main Configuration.<init>() Configuration loaded from file: paxos.properties
16:26:20.460 main Configuration.loadProcessList() [p0] localhost, ports = (replica=2021, client=3001)
16:26:20.461 main Configuration.loadProcessList() [p1] localhost, ports = (replica=2022, client=3002)
16:26:20.461 main Configuration.loadProcessList() [p2] localhost, ports = (replica=2023, client=3003)
16:26:20.462 main Client.connectTo() Connecting to localhost:3001
16:26:21.229 main Client.initConnection() New client id: 3997808304960021
16:26:21.229 main Client.connectTo() Connected [p0]. Timeout: 3000
16:26:21.329 main Client.execute() Sending 3997808304960021:1
16:26:21.840 main Client.execute() Reply OK
16:26:21.844 main Client.execute() Sending 3997808304960021:2
16:26:22.075 main Client.execute() Reply OK
16:26:22.076 main Client.execute() Sending 3997808304960021:3
16:26:22.370 main Client.execute() Reply OK
16:26:22.375 main Client.execute() Sending 3997808304960021:4
16:26:22.591 main Client.execute() Reply OK
16:26:22.653 main Client.execute() Sending 3997808304960021:5
16:26:23.022 main Client.execute() Reply OK
16:26:23.076 main Client.execute() Sending 3997808304960021:6
16:26:23.181 main Client.execute() Reply OK
16:26:23.259 main Client.execute() Sending 3997808304960021:7
16:26:23.390 main Client.execute() Reply OK
16:26:23.433 main Client.execute() Sending 3997808304960021:8
16:26:23.575 main Client.execute() Reply OK
16:26:23.594 main Client.execute() Sending 3997808304960021:9
16:26:23.688 main Client.execute() Reply OK
16:26:23.717 main Client.execute() Sending 3997808304960021:10
16:26:23.886 main Client.execute() Reply OK
16:26:23.917 main Client.execute() Sending 3997808304960021:11
16:26:24.082 main Client.execute() Reply OK
16:26:24.124 main Client.execute() Sending 3997808304960021:12
16:26:24.264 main Client.execute() Reply OK
16:26:24.348 main Client.execute() Sending 3997808304960021:13
16:26:24.476 main Client.execute() Reply OK
16:26:24.495 main Client.execute() Sending 3997808304960021:14
16:26:24.660 main Client.execute() Reply OK
16:26:24.700 main Client.execute() Sending 3997808304960021:15
16:26:24.803 main Client.execute() Reply OK
16:26:24.832 main Client.execute() Sending 3997808304960021:16
16:26:24.964 main Client.execute() Reply OK
16:26:24.965 main Client.execute() Sending 3997808304960021:17
16:26:25.180 main Client.execute() Reply OK
16:26:25.202 main Client.execute() Sending 3997808304960021:18
16:26:25.310 main Client.execute() Reply OK
16:26:25.343 main Client.execute() Sending 3997808304960021:19
16:26:25.467 main Client.execute() Reply OK
16:26:25.478 main Client.execute() Sending 3997808304960021:20
16:26:25.579 main Client.execute() Reply OK
16:26:25.610 main Client.execute() Sending 3997808304960021:21
16:26:25.866 main Client.execute() Reply OK
16:26:25.963 main Client.execute() Sending 3997808304960021:22
16:26:26.057 main Client.execute() Reply OK
16:26:26.154 main Client.execute() Sending 3997808304960021:23
16:26:26.248 main Client.execute() Reply OK
16:26:26.281 main Client.execute() Sending 3997808304960021:24
16:26:26.364 main Client.execute() Reply OK
16:26:26.410 main Client.execute() Sending 3997808304960021:25
16:26:26.522 main Client.execute() Reply OK
16:26:26.568 main Client.execute() Sending 3997808304960021:26
16:26:26.667 main Client.execute() Reply OK
16:26:26.757 main Client.execute() Sending 3997808304960021:27
16:26:26.855 main Client.execute() Reply OK
16:26:26.937 main Client.execute() Sending 3997808304960021:28
16:26:27.031 main Client.execute() Reply OK
16:26:27.034 main Client.execute() Sending 3997808304960021:29
16:26:27.110 main Client.execute() Reply OK
16:26:27.124 main Client.execute() Sending 3997808304960021:30
16:26:27.216 main Client.execute() Reply OK
16:26:27.316 main Client.execute() Sending 3997808304960021:31
16:26:27.425 main Client.execute() Reply OK
16:26:27.524 main Client.execute() Sending 3997808304960021:32
16:26:27.619 main Client.execute() Reply OK
16:26:27.696 main Client.execute() Sending 3997808304960021:33
16:26:27.800 main Client.execute() Reply OK
16:26:27.805 main Client.execute() Sending 3997808304960021:34
16:26:27.881 main Client.execute() Reply OK
16:26:27.951 main Client.execute() Sending 3997808304960021:35
16:26:28.071 main Client.execute() Reply OK
16:26:28.127 main Client.execute() Sending 3997808304960021:36
16:26:28.201 main Client.execute() Reply OK
16:26:28.233 main Client.execute() Sending 3997808304960021:37
16:26:28.328 main Client.execute() Reply OK
16:26:28.417 main Client.execute() Sending 3997808304960021:38
16:26:28.501 main Client.execute() Reply OK
16:26:28.565 main Client.execute() Sending 3997808304960021:39
16:26:28.656 main Client.execute() Reply OK
16:26:28.738 main Client.execute() Sending 3997808304960021:40
16:26:28.833 main Client.execute() Reply OK
16:26:28.857 main Client.execute() Sending 3997808304960021:41
16:26:28.928 main Client.execute() Reply OK
16:26:28.978 main Client.execute() Sending 3997808304960021:42
16:26:29.062 main Client.execute() Reply OK
16:26:29.064 main Client.execute() Sending 3997808304960021:43
16:26:29.179 main Client.execute() Reply OK
16:26:29.273 main Client.execute() Sending 3997808304960021:44
16:26:29.428 main Client.execute() Reply OK
16:26:29.500 main Client.execute() Sending 3997808304960021:45
16:26:29.605 main Client.execute() Reply OK
16:26:29.689 main Client.execute() Sending 3997808304960021:46
16:26:29.781 main Client.execute() Reply OK
16:26:29.852 main Client.execute() Sending 3997808304960021:47
16:26:29.932 main Client.execute() Reply OK
16:26:29.987 main Client.execute() Sending 3997808304960021:48
16:26:30.059 main Client.execute() Reply OK
16:26:30.086 main Client.execute() Sending 3997808304960021:49
16:26:30.649 main Client.execute() Reply OK
16:26:30.714 main Client.execute() Sending 3997808304960021:50
16:26:30.838 main Client.execute() Reply OK
16:26:30.900 main Client.execute() Sending 3997808304960021:51
16:26:31.031 main Client.execute() Reply OK
16:26:31.108 main Client.execute() Sending 3997808304960021:52
16:26:31.195 main Client.execute() Reply OK
16:26:31.255 main Client.execute() Sending 3997808304960021:53
16:26:31.332 main Client.execute() Reply OK
16:26:31.395 main Client.execute() Sending 3997808304960021:54
16:26:31.481 main Client.execute() Reply OK
16:26:31.531 main Client.execute() Sending 3997808304960021:55
16:26:31.653 main Client.execute() Reply OK
16:26:31.749 main Client.execute() Sending 3997808304960021:56
16:26:31.877 main Client.execute() Reply OK
16:26:31.932 main Client.execute() Sending 3997808304960021:57
16:26:31.981 main Client.execute() Reply OK
16:26:32.004 main Client.execute() Sending 3997808304960021:58
16:26:32.088 main Client.execute() Reply OK
16:26:32.100 main Client.execute() Sending 3997808304960021:59
16:26:32.198 main Client.execute() Reply OK
16:26:32.250 main Client.execute() Sending 3997808304960021:60
16:26:32.333 main Client.execute() Reply OK
16:26:32.365 main Client.execute() Sending 3997808304960021:61
16:26:32.510 main Client.execute() Reply OK
16:26:32.566 main Client.execute() Sending 3997808304960021:62
16:26:32.638 main Client.execute() Reply OK
16:26:32.701 main Client.execute() Sending 3997808304960021:63
16:26:32.799 main Client.execute() Reply OK
16:26:32.807 main Client.execute() Sending 3997808304960021:64
16:26:32.851 main Client.execute() Reply OK
16:26:32.891 main Client.execute() Sending 3997808304960021:65
16:26:32.971 main Client.execute() Reply OK
16:26:32.982 main Client.execute() Sending 3997808304960021:66
16:26:33.175 main Client.execute() Reply OK
16:26:33.254 main Client.execute() Sending 3997808304960021:67
16:26:33.326 main Client.execute() Reply OK
16:26:33.414 main Client.execute() Sending 3997808304960021:68
16:26:33.512 main Client.execute() Reply OK
16:26:33.547 main Client.execute() Sending 3997808304960021:69
16:26:33.603 main Client.execute() Reply OK
16:26:33.637 main Client.execute() Sending 3997808304960021:70
16:26:33.760 main Client.execute() Reply OK
16:26:33.765 main Client.execute() Sending 3997808304960021:71
16:26:33.831 main Client.execute() Reply OK
16:26:33.832 main Client.execute() Sending 3997808304960021:72
16:26:33.879 main Client.execute() Reply OK
16:26:33.915 main Client.execute() Sending 3997808304960021:73
16:26:33.993 main Client.execute() Reply OK
16:26:34.065 main Client.execute() Sending 3997808304960021:74
16:26:34.145 main Client.execute() Reply OK
16:26:34.168 main Client.execute() Sending 3997808304960021:75
16:26:34.237 main Client.execute() Reply OK
16:26:34.241 main Client.execute() Sending 3997808304960021:76
16:26:34.304 main Client.execute() Reply OK
16:26:34.368 main Client.execute() Sending 3997808304960021:77
16:26:34.452 main Client.execute() Reply OK
16:26:34.530 main Client.execute() Sending 3997808304960021:78
16:26:34.656 main Client.execute() Reply OK
16:26:34.695 main Client.execute() Sending 3997808304960021:79
16:26:34.781 main Client.execute() Reply OK
16:26:34.864 main Client.execute() Sending 3997808304960021:80
16:26:34.959 main Client.execute() Reply OK
16:26:35.023 main Client.execute() Sending 3997808304960021:81
16:26:35.190 main Client.execute() Reply OK
16:26:35.232 main Client.execute() Sending 3997808304960021:82
16:26:35.377 main Client.execute() Reply OK
16:26:35.461 main Client.execute() Sending 3997808304960021:83
16:26:35.641 main Client.execute() Reply OK
16:26:35.646 main Client.execute() Sending 3997808304960021:84
16:26:35.803 main Client.execute() Reply OK
16:26:35.869 main Client.execute() Sending 3997808304960021:85
16:26:35.983 main Client.execute() Reply OK
16:26:36.003 main Client.execute() Sending 3997808304960021:86
16:26:36.113 main Client.execute() Reply OK
16:26:36.171 main Client.execute() Sending 3997808304960021:87
16:26:36.261 main Client.execute() Reply OK
16:26:36.325 main Client.execute() Sending 3997808304960021:88
16:26:36.417 main Client.execute() Reply OK
16:26:36.481 main Client.execute() Sending 3997808304960021:89
16:26:36.546 main Client.execute() Reply OK
16:26:36.616 main Client.execute() Sending 3997808304960021:90
16:26:36.689 main Client.execute() Reply OK
16:26:36.754 main Client.execute() Sending 3997808304960021:91
16:26:36.945 main Client.execute() Reply OK
16:26:37.016 main Client.execute() Sending 3997808304960021:92
16:26:37.122 main Client.execute() Reply OK
16:26:37.144 main Client.execute() Sending 3997808304960021:93
16:26:37.265 main Client.execute() Reply OK
16:26:37.338 main Client.execute() Sending 3997808304960021:94
16:26:37.391 main Client.execute() Reply OK
16:26:37.427 main Client.execute() Sending 3997808304960021:95
16:26:37.547 main Client.execute() Reply OK
16:26:37.633 main Client.execute() Sending 3997808304960021:96
16:26:37.750 main Client.execute() Reply OK
16:26:37.810 main Client.execute() Sending 3997808304960021:97
16:26:37.857 main Client.execute() Reply OK
16:26:37.952 main Client.execute() Sending 3997808304960021:98
16:26:38.079 main Client.execute() Reply OK
16:26:38.173 main Client.execute() Sending 3997808304960021:99
16:26:38.253 main Client.execute() Reply OK
16:26:38.272 main Client.execute() Sending 3997808304960021:100
16:26:38.344 main Client.execute() Reply OK
