16:26:18.947 main Configuration.<init>() Configuration loaded from file: paxos.properties
16:26:20.125 main Configuration.loadProcessList() [p0] localhost, ports = (replica=2021, client=3001)
16:26:20.125 main Configuration.loadProcessList() [p1] localhost, ports = (replica=2022, client=3002)
16:26:20.125 main Configuration.loadProcessList() [p2] localhost, ports = (replica=2023, client=3003)
16:26:20.126 main Client.connectTo() Connecting to localhost:3003
16:26:21.236 main Client.initConnection() New client id: 3997808310270011
16:26:21.236 main Client.connectTo() Connected [p2]. Timeout: 3000
16:26:21.250 main Client.execute() Sending 3997808310270011:1
16:26:21.793 main Client.execute() Reply OK
16:26:21.880 main Client.execute() Sending 3997808310270011:2
16:26:22.421 main Client.execute() Reply OK
16:26:22.506 main Client.execute() Sending 3997808310270011:3
16:26:22.961 main Client.execute() Reply OK
16:26:22.992 main Client.execute() Sending 3997808310270011:4
16:26:23.219 main Client.execute() Reply OK
16:26:23.288 main Client.execute() Sending 3997808310270011:5
16:26:23.574 main Client.execute() Reply OK
16:26:23.629 main Client.execute() Sending 3997808310270011:6
16:26:23.869 main Client.execute() Reply OK
16:26:23.891 main Client.execute() Sending 3997808310270011:7
16:26:24.215 main Client.execute() Reply OK
16:26:24.229 main Client.execute() Sending 3997808310270011:8
16:26:24.527 main Client.execute() Reply OK
16:26:24.581 main Client.execute() Sending 3997808310270011:9
16:26:24.777 main Client.execute() Reply OK
16:26:24.795 main Client.execute() Sending 3997808310270011:10
16:26:25.135 main Client.execute() Reply OK
16:26:25.164 main Client.execute() Sending 3997808310270011:11
16:26:25.357 main Client.execute() Reply OK
16:26:25.405 main Client.execute() Sending 3997808310270011:12
16:26:25.560 main Client.execute() Reply OK
16:26:25.646 main Client.execute() Sending 3997808310270011:13
16:26:25.934 main Client.execute() Reply OK
16:26:26.009 main Client.execute() Sending 3997808310270011:14
16:26:26.205 main Client.execute() Reply OK
16:26:26.275 main Client.execute() Sending 3997808310270011:15
16:26:26.389 main Client.execute() Reply OK
16:26:26.467 main Client.execute() Sending 3997808310270011:16
16:26:26.551 main Client.execute() Reply OK
16:26:26.617 main Client.execute() Sending 3997808310270011:17
16:26:26.680 main Client.execute() Reply OK
16:26:26.756 main Client.execute() Sending 3997808310270011:18
16:26:26.876 main Client.execute() Reply OK
16:26:26.964 main Client.execute() Sending 3997808310270011:19
16:26:27.089 main Client.execute() Reply OK
16:26:27.130 main Client.execute() Sending 3997808310270011:20
16:26:27.280 main Client.execute() Reply OK
16:26:27.333 main Client.execute() Sending 3997808310270011:21
16:26:27.452 main Client.execute() Reply OK
16:26:27.498 main Client.execute() Sending 3997808310270011:22
16:26:27.618 main Client.execute() Reply OK
16:26:27.683 main Client.execute() Sending 3997808310270011:23
16:26:27.811 main Client.execute() Reply OK
16:26:27.888 main Client.execute() Sending 3997808310270011:24
16:26:28.055 main Client.execute() Reply OK
16:26:28.105 main Client.execute() Sending 3997808310270011:25
16:26:28.252 main Client.execute() Reply OK
16:26:28.304 main Client.execute() Sending 3997808310270011:26
16:26:28.477 main Client.execute() Reply OK
16:26:28.522 main Client.execute() Sending 3997808310270011:27
16:26:28.680 main Client.execute() Reply OK
16:26:28.688 main Client.execute() Sending 3997808310270011:28
16:26:28.881 main Client.execute() Reply OK
16:26:28.917 main Client.execute() Sending 3997808310270011:29
16:26:29.037 main Client.execute() Reply OK
16:26:29.124 main Client.execute() Sending 3997808310270011:30
16:26:29.224 main Client.execute() Reply OK
16:26:29.241 main Client.execute() Sending 3997808310270011:31
16:26:29.324 main Client.execute() Reply OK
16:26:29.391 main Client.execute() Sending 3997808310270011:32
16:26:29.518 main Client.execute() Reply OK
16:26:29.579 main Client.execute() Sending 3997808310270011:33
16:26:29.724 main Client.execute() Reply OK
16:26:29.775 main Client.execute() Sending 3997808310270011:34
16:26:29.921 main Client.execute() Reply OK
16:26:29.948 main Client.execute() Sending 3997808310270011:35
16:26:30.075 main Client.execute() Reply OK
16:26:30.107 main Client.execute() Sending 3997808310270011:36
16:26:30.721 main Client.execute() Reply OK
16:26:30.803 main Client.execute() Sending 3997808310270011:37
16:26:31.016 main Client.execute() Reply OK
16:26:31.112 main Client.execute() Sending 3997808310270011:38
16:26:31.221 main Client.execute() Reply OK
16:26:31.222 main Client.execute() Sending 3997808310270011:39
16:26:31.315 main Client.execute() Reply OK
16:26:31.409 main Client.execute() Sending 3997808310270011:40
16:26:31.551 main Client.execute() Reply OK
16:26:31.606 main Client.execute() Sending 3997808310270011:41
16:26:31.726 main Client.execute() Reply OK
16:26:31.805 main Client.execute() Sending 3997808310270011:42
16:26:31.994 main Client.execute() Reply OK
16:26:32.020 main Client.execute() Sending 3997808310270011:43
16:26:32.153 main Client.execute() Reply OK
16:26:32.162 main Client.execute() Sending 3997808310270011:44
16:26:32.250 main Client.execute() Reply OK
16:26:32.345 main Client.execute() Sending 3997808310270011:45
16:26:32.457 main Client.execute() Reply OK
16:26:32.498 main Client.execute() Sending 3997808310270011:46
16:26:32.602 main Client.execute() Reply OK
16:26:32.670 main Client.execute() Sending 3997808310270011:47
16:26:32.817 main Client.execute() Reply OK
16:26:32.821 main Client.execute() Sending 3997808310270011:48
16:26:32.914 main Client.execute() Reply OK
16:26:33.007 main Client.execute() Sending 3997808310270011:49
16:26:33.169 main Client.execute() Reply OK
16:26:33.242 main Client.execute() Sending 3997808310270011:50
16:26:33.355 main Client.execute() Reply OK
16:26:33.357 main Client.execute() Sending 3997808310270011:51
16:26:33.437 main Client.execute() Reply OK
16:26:33.486 main Client.execute() Sending 3997808310270011:52
16:26:33.623 main Client.execute() Reply OK
16:26:33.703 main Client.execute() Sending 3997808310270011:53
16:26:33.824 main Client.execute() Reply OK
16:26:33.855 main Client.execute() Sending 3997808310270011:54
16:26:33.963 main Client.execute() Reply OK
16:26:34.003 main Client.execute() Sending 3997808310270011:55
16:26:34.046 main Client.execute() Reply OK
16:26:34.052 main Client.execute() Sending 3997808310270011:56
16:26:34.165 main Client.execute() Reply OK
16:26:34.262 main Client.execute() Sending 3997808310270011:57
16:26:34.394 main Client.execute() Reply OK
16:26:34.455 main Client.execute() Sending 3997808310270011:58
16:26:34.643 main Client.execute() Reply OK
16:26:34.700 main Client.execute() Sending 3997808310270011:59
16:26:34.801 main Client.execute() Reply OK
16:26:34.868 main Client.execute() Sending 3997808310270011:60
16:26:35.064 main Client.execute() Reply OK
16:26:35.074 main Client.execute() Sending 3997808310270011:61
16:26:35.234 main Client.execute() Reply OK
16:26:35.284 main Client.execute() Sending 3997808310270011:62
16:26:35.534 main Client.execute() Reply OK
16:26:35.582 main Client.execute() Sending 3997808310270011:63
16:26:35.719 main Client.execute() Reply OK
16:26:35.721 main Client.execute() Sending 3997808310270011:64
16:26:35.877 main Client.execute() Reply OK
16:26:35.894 main Client.execute() Sending 3997808310270011:65
16:26:36.164 main Client.execute() Reply OK
16:26:36.192 main Client.execute() Sending 3997808310270011:66
16:26:36.311 main Client.execute() Reply OK
16:26:36.313 main Client.execute() Sending 3997808310270011:67
16:26:36.489 main Client.execute() Reply OK
16:26:36.555 main Client.execute() Sending 3997808310270011:68
16:26:36.674 main Client.execute() Reply OK
16:26:36.706 main Client.execute() Sending 3997808310270011:69
16:26:36.989 main Client.execute() Reply OK
16:26:37.044 main Client.execute() Sending 3997808310270011:70
16:26:37.229 main Client.execute() Reply OK
16:26:37.297 main Client.execute() Sending 3997808310270011:71
16:26:37.366 main Client.execute() Reply OK
16:26:37.404 main Client.execute() Sending 3997808310270011:72
16:26:37.528 main Client.execute() Reply OK
16:26:37.627 main Client.execute() Sending 3997808310270011:73
16:26:37.783 main Client.execute() Reply OK
16:26:37.803 main Client.execute() Sending 3997808310270011:74
16:26:37.877 main Client.execute() Reply OK
16:26:37.975 main Client.execute() Sending 3997808310270011:75
16:26:38.078 main Client.execute() Reply OK
16:26:38.159 main Client.execute() Sending 3997808310270011:76
16:26:38.218 main Client.execute() Reply OK
16:26:38.258 main Client.execute() Sending 3997808310270011:77
16:26:38.294 main Client.execute() Reply OK
16:26:38.376 main Client.execute() Sending 3997808310270011:78
16:26:38.427 main Client.execute() Reply OK
16:26:38.448 main Client.execute() Sending 3997808310270011:79
16:26:38.497 main Client.execute() Reply OK
16:26:38.590 main Client.execute() Sending 3997808310270011:80
16:26:38.629 main Client.execute() Reply OK
16:26:38.693 main Client.execute() Sending 3997808310270011:81
16:26:38.758 main Client.execute() Reply OK
16:26:38.819 main Client.execute() Sending 3997808310270011:82
16:26:38.893 main Client.execute() Reply OK
16:26:38.979 main Client.execute() Sending 3997808310270011:83
16:26:39.031 main Client.execute() Reply OK
16:26:39.101 main Client.execute() Sending 3997808310270011:84
16:26:39.168 main Client.execute() Reply OK
16:26:39.173 main Client.execute() Sending 3997808310270011:85
16:26:39.229 main Client.execute() Reply OK
16:26:39.301 main Client.execute() Sending 3997808310270011:86
16:26:39.341 main Client.execute() Reply OK
16:26:39.392 main Client.execute() Sending 3997808310270011:87
16:26:39.494 main Client.execute() Reply OK
16:26:39.544 main Client.execute() Sending 3997808310270011:88
16:26:39.611 main Client.execute() Reply OK
16:26:39.633 main Client.execute() Sending 3997808310270011:89
16:26:39.692 main Client.execute() Reply OK
16:26:39.719 main Client.execute() Sending 3997808310270011:90
16:26:39.801 main Client.execute() Reply OK
16:26:39.816 main Client.execute() Sending 3997808310270011:91
16:26:39.849 main Client.execute() Reply OK
16:26:39.864 main Client.execute() Sending 3997808310270011:92
16:26:39.897 main Client.execute() Reply OK
16:26:39.910 main Client.execute() Sending 3997808310270011:93
16:26:39.947 main Client.execute() Reply OK
16:26:39.976 main Client.execute() Sending 3997808310270011:94
16:26:40.047 main Client.execute() Reply OK
16:26:40.119 main Client.execute() Sending 3997808310270011:95
16:26:40.198 main Client.execute() Reply OK
16:26:40.255 main Client.execute() Sending 3997808310270011:96
16:26:40.322 main Client.execute() Reply OK
16:26:40.363 main Client.execute() Sending 3997808310270011:97
16:26:40.448 main Client.execute() Reply OK
16:26:40.525 main Client.execute() Sending 3997808310270011:98
16:26:40.597 main Client.execute() Reply OK
16:26:40.638 main Client.execute() Sending 3997808310270011:99
16:26:40.700 main Client.execute() Reply OK
16:26:40.753 main Client.execute() Sending 3997808310270011:100
16:26:40.808 main Client.execute() Reply OK
