16:26:18.398 main Configuration.<init>() Configuration loaded from file: paxos.properties
16:26:20.334 main Configuration.loadProcessList() [p0] localhost, ports = (replica=2021, client=3001)
16:26:20.366 main Configuration.loadProcessList() [p1] localhost, ports = (replica=2022, client=3002)
16:26:20.366 main Configuration.loadProcessList() [p2] localhost, ports = (replica=2023, client=3003)
16:26:20.367 main Client.connectTo() Connecting to localhost:3002
16:26:20.816 main Client.initConnection() New client id: 3997808307426016
16:26:20.816 main Client.connectTo() Connected [p1]. Timeout: 3000
16:26:20.818 main Client.execute() Sending 3997808307426016:1
16:26:21.141 main Client.execute() Reply OK
16:26:21.202 main Client.execute() Sending 3997808307426016:2
16:26:21.635 main Client.execute() Reply OK
16:26:21.706 main Client.execute() Sending 3997808307426016:3
16:26:21.964 main Client.execute() Reply OK
16:26:22.014 main Client.execute() Sending 3997808307426016:4
16:26:22.262 main Client.execute() Reply OK
16:26:22.351 main Client.execute() Sending 3997808307426016:5
16:26:22.678 main Client.execute() Reply OK
16:26:22.698 main Client.execute() Sending 3997808307426016:6
16:26:22.969 main Client.execute() Reply OK
16:26:23.059 main Client.execute() Sending 3997808307426016:7
16:26:23.199 main Client.execute() Reply OK
16:26:23.201 main Client.execute() Sending 3997808307426016:8
16:26:23.349 main Client.execute() Reply OK
16:26:23.379 main Client.execute() Sending 3997808307426016:9
16:26:23.475 main Client.execute() Reply OK
16:26:23.551 main Client.execute() Sending 3997808307426016:10
16:26:23.658 main Client.execute() Reply OK
16:26:23.668 main Client.execute() Sending 3997808307426016:11
16:26:23.811 main Client.execute() Reply OK
16:26:23.845 main Client.execute() Sending 3997808307426016:12
16:26:23.975 main Client.execute() Reply OK
16:26:23.997 main Client.execute() Sending 3997808307426016:13
16:26:24.114 main Client.execute() Reply OK
16:26:24.130 main Client.execute() Sending 3997808307426016:14
16:26:24.279 main Client.execute() Reply OK
16:26:24.350 main Client.execute() Sending 3997808307426016:15
16:26:24.488 main Client.execute() Reply OK
16:26:24.499 main Client.execute() Sending 3997808307426016:16
16:26:24.687 main Client.execute() Reply OK
16:26:24.752 main Client.execute() Sending 3997808307426016:17
16:26:24.863 main Client.execute() Reply OK
16:26:24.961 main Client.execute() Sending 3997808307426016:18
16:26:25.171 main Client.execute() Reply OK
16:26:25.237 main Client.execute() Sending 3997808307426016:19
16:26:25.335 main Client.execute() Reply OK
16:26:25.375 main Client.execute() Sending 3997808307426016:20
16:26:25.495 main Client.execute() Reply OK
16:26:25.543 main Client.execute() Sending 3997808307426016:21
16:26:25.893 main Client.execute() Reply OK
16:26:25.952 main Client.execute() Sending 3997808307426016:22
16:26:26.078 main Client.execute() Reply OK
16:26:26.087 main Client.execute() Sending 3997808307426016:23
16:26:26.208 main Client.execute() Reply OK
16:26:26.211 main Client.execute() Sending 3997808307426016:24
16:26:26.294 main Client.execute() Reply OK
16:26:26.296 main Client.execute() Sending 3997808307426016:25
16:26:26.390 main Client.execute() Reply OK
16:26:26.476 main Client.execute() Sending 3997808307426016:26
16:26:26.586 main Client.execute() Reply OK
16:26:26.640 main Client.execute() Sending 3997808307426016:27
16:26:26.700 main Client.execute() Reply OK
16:26:26.766 main Client.execute() Sending 3997808307426016:28
16:26:26.842 main Client.execute() Reply OK
16:26:26.889 main Client.execute() Sending 3997808307426016:29
16:26:26.983 main Client.execute() Reply OK
16:26:27.004 main Client.execute() Sending 3997808307426016:30
16:26:27.063 main Client.execute() Reply OK
16:26:27.153 main Client.execute() Sending 3997808307426016:31
16:26:27.232 main Client.execute() Reply OK
16:26:27.268 main Client.execute() Sending 3997808307426016:32
16:26:27.331 main Client.execute() Reply OK
16:26:27.363 main Client.execute() Sending 3997808307426016:33
16:26:27.450 main Client.execute() Reply OK
16:26:27.518 main Client.execute() Sending 3997808307426016:34
16:26:27.554 main Client.execute() Reply OK
16:26:27.604 main Client.execute() Sending 3997808307426016:35
16:26:27.670 main Client.execute() Reply OK
16:26:27.730 main Client.execute() Sending 3997808307426016:36
16:26:27.841 main Client.execute() Reply OK
16:26:27.895 main Client.execute() Sending 3997808307426016:37
16:26:27.967 main Client.execute() Reply OK
16:26:28.047 main Client.execute() Sending 3997808307426016:38
16:26:28.127 main Client.execute() Reply OK
16:26:28.193 main Client.execute() Sending 3997808307426016:39
16:26:28.298 main Client.execute() Reply OK
16:26:28.342 main Client.execute() Sending 3997808307426016:40
16:26:28.438 main Client.execute() Reply OK
16:26:28.483 main Client.execute() Sending 3997808307426016:41
16:26:28.545 main Client.execute() Reply OK
16:26:28.593 main Client.execute() Sending 3997808307426016:42
16:26:28.687 main Client.execute() Reply OK
16:26:28.733 main Client.execute() Sending 3997808307426016:43
16:26:28.854 main Client.execute() Reply OK
16:26:28.906 main Client.execute() Sending 3997808307426016:44
16:26:29.002 main Client.execute() Reply OK
16:26:29.093 main Client.execute() Sending 3997808307426016:45
16:26:29.218 main Client.execute() Reply OK
16:26:29.222 main Client.execute() Sending 3997808307426016:46
16:26:29.332 main Client.execute() Reply OK
16:26:29.351 main Client.execute() Sending 3997808307426016:47
16:26:29.417 main Client.execute() Reply OK
16:26:29.425 main Client.execute() Sending 3997808307426016:48
16:26:29.495 main Client.execute() Reply OK
16:26:29.588 main Client.execute() Sending 3997808307426016:49
16:26:29.675 main Client.execute() Reply OK
16:26:29.676 main Client.execute() Sending 3997808307426016:50
16:26:29.732 main Client.execute() Reply OK
16:26:29.807 main Client.execute() Sending 3997808307426016:51
16:26:29.882 main Client.execute() Reply OK
16:26:29.942 main Client.execute() Sending 3997808307426016:52
16:26:30.044 main Client.execute() Reply OK
16:26:30.084 main Client.execute() Sending 3997808307426016:53
16:26:30.629 main Client.execute() Reply OK
16:26:30.724 main Client.execute() Sending 3997808307426016:54
16:26:30.798 main Client.execute() Reply OK
16:26:30.889 main Client.execute() Sending 3997808307426016:55
16:26:30.994 main Client.execute() Reply OK
16:26:31.075 main Client.execute() Sending 3997808307426016:56
16:26:31.162 main Client.execute() Reply OK
16:26:31.174 main Client.execute() Sending 3997808307426016:57
16:26:31.236 main Client.execute() Reply OK
16:26:31.333 main Client.execute() Sending 3997808307426016:58
16:26:31.419 main Client.execute() Reply OK
16:26:31.501 main Client.execute() Sending 3997808307426016:59
16:26:31.545 main Client.execute() Reply OK
16:26:31.606 main Client.execute() Sending 3997808307426016:60
16:26:31.687 main Client.execute() Reply OK
16:26:31.708 main Client.execute() Sending 3997808307426016:61
16:26:31.785 main Client.execute() Reply OK
16:26:31.787 main Client.execute() Sending 3997808307426016:62
16:26:31.870 main Client.execute() Reply OK
16:26:31.914 main Client.execute() Sending 3997808307426016:63
16:26:31.972 main Client.execute() Reply OK
16:26:32.001 main Client.execute() Sending 3997808307426016:64
16:26:32.061 main Client.execute() Reply OK
16:26:32.144 main Client.execute() Sending 3997808307426016:65
16:26:32.185 main Client.execute() Reply OK
16:26:32.253 main Client.execute() Sending 3997808307426016:66
16:26:32.322 main Client.execute() Reply OK
16:26:32.341 main Client.execute() Sending 3997808307426016:67
16:26:32.417 main Client.execute() Reply OK
16:26:32.447 main Client.execute() Sending 3997808307426016:68
16:26:32.519 main Client.execute() Reply OK
16:26:32.539 main Client.execute() Sending 3997808307426016:69
16:26:32.661 main Client.execute() Reply OK
16:26:32.688 main Client.execute() Sending 3997808307426016:70
16:26:32.730 main Client.execute() Reply OK
16:26:32.732 main Client.execute() Sending 3997808307426016:71
16:26:32.786 main Client.execute() Reply OK
16:26:32.820 main Client.execute() Sending 3997808307426016:72
16:26:32.892 main Client.execute() Reply OK
16:26:32.928 main Client.execute() Sending 3997808307426016:73
16:26:32.996 main Client.execute() Reply OK
16:26:33.037 main Client.execute() Sending 3997808307426016:74
16:26:33.133 main Client.execute() Reply OK
16:26:33.140 main Client.execute() Sending 3997808307426016:75
16:26:33.188 main Client.execute() Reply OK
16:26:33.221 main Client.execute() Sending 3997808307426016:76
16:26:33.316 main Client.execute() Reply OK
16:26:33.336 main Client.execute() Sending 3997808307426016:77
16:26:33.429 main Client.execute() Reply OK
16:26:33.467 main Client.execute() Sending 3997808307426016:78
16:26:33.565 main Client.execute() Reply OK
16:26:33.598 main Client.execute() Sending 3997808307426016:79
16:26:33.668 main Client.execute() Reply OK
16:26:33.762 main Client.execute() Sending 3997808307426016:80
16:26:33.793 main Client.execute() Reply OK
16:26:33.851 main Client.execute() Sending 3997808307426016:81
16:26:33.899 main Client.execute() Reply OK
16:26:33.936 main Client.execute() Sending 3997808307426016:82
16:26:33.993 main Client.execute() Reply OK
16:26:34.084 main Client.execute() Sending 3997808307426016:83
16:26:34.139 main Client.execute() Reply OK
16:26:34.229 main Client.execute() Sending 3997808307426016:84
16:26:34.292 main Client.execute() Reply OK
16:26:34.304 main Client.execute() Sending 3997808307426016:85
16:26:34.361 main Client.execute() Reply OK
16:26:34.363 main Client.execute() Sending 3997808307426016:86
16:26:34.456 main Client.execute() Reply OK
16:26:34.495 main Client.execute() Sending 3997808307426016:87
16:26:34.638 main Client.execute() Reply OK
16:26:34.670 main Client.execute() Sending 3997808307426016:88
16:26:34.710 main Client.execute() Reply OK
16:26:34.739 main Client.execute() Sending 3997808307426016:89
16:26:34.831 main Client.execute() Reply OK
16:26:34.870 main Client.execute() Sending 3997808307426016:90
16:26:35.006 main Client.execute() Reply OK
16:26:35.102 main Client.execute() Sending 3997808307426016:91
16:26:35.197 main Client.execute() Reply OK
16:26:35.233 main Client.execute() Sending 3997808307426016:92
16:26:35.354 main Client.execute() Reply OK
16:26:35.417 main Client.execute() Sending 3997808307426016:93
16:26:35.642 main Client.execute() Reply OK
16:26:35.727 main Client.execute() Sending 3997808307426016:94
16:26:35.801 main Client.execute() Reply OK
16:26:35.831 main Client.execute() Sending 3997808307426016:95
16:26:35.944 main Client.execute() Reply OK
16:26:36.043 main Client.execute() Sending 3997808307426016:96
16:26:36.236 main Client.execute() Reply OK
16:26:36.301 main Client.execute() Sending 3997808307426016:97
16:26:36.420 main Client.execute() Reply OK
16:26:36.513 main Client.execute() Sending 3997808307426016:98
16:26:36.624 main Client.execute() Reply OK
16:26:36.648 main Client.execute() Sending 3997808307426016:99
16:26:36.741 main Client.execute() Reply OK
16:26:36.801 main Client.execute() Sending 3997808307426016:100
16:26:37.014 main Client.execute() Reply OK
