16:26:19.205 main Configuration.<init>() Configuration loaded from file: paxos.properties
16:26:21.017 main Configuration.loadProcessList() [p0] localhost, ports = (replica=2021, client=3001)
16:26:21.018 main Configuration.loadProcessList() [p1] localhost, ports = (replica=2022, client=3002)
16:26:21.018 main Configuration.loadProcessList() [p2] localhost, ports = (replica=2023, client=3003)
16:26:21.019 main Client.connectTo() Connecting to localhost:3003
16:26:21.366 main Client.initConnection() New client id: 3997808310270032
16:26:21.366 main Client.connectTo() Connected [p2]. Timeout: 3000
16:26:21.369 main Client.execute() Sending 3997808310270032:1
16:26:21.930 main Client.execute() Reply OK
16:26:22.028 main Client.execute() Sending 3997808310270032:2
16:26:22.422 main Client.execute() Reply OK
16:26:22.435 main Client.execute() Sending 3997808310270032:3
16:26:22.942 main Client.execute() Reply OK
16:26:22.994 main Client.execute() Sending 3997808310270032:4
16:26:23.220 main Client.execute() Reply OK
16:26:23.276 main Client.execute() Sending 3997808310270032:5
16:26:23.558 main Client.execute() Reply OK
16:26:23.642 main Client.execute() Sending 3997808310270032:6
16:26:23.964 main Client.execute() Reply OK
16:26:23.975 main Client.execute() Sending 3997808310270032:7
16:26:24.318 main Client.execute() Reply OK
16:26:24.353 main Client.execute() Sending 3997808310270032:8
16:26:24.694 main Client.execute() Reply OK
16:26:24.700 main Client.execute() Sending 3997808310270032:9
16:26:24.910 main Client.execute() Reply OK
16:26:24.963 main Client.execute() Sending 3997808310270032:10
16:26:25.248 main Client.execute() Reply OK
16:26:25.251 main Client.execute() Sending 3997808310270032:11
16:26:25.428 main Client.execute() Reply OK
16:26:25.490 main Client.execute() Sending 3997808310270032:12
16:26:25.622 main Client.execute() Reply OK
16:26:25.704 main Client.execute() Sending 3997808310270032:13
16:26:25.936 main Client.execute() Reply OK
16:26:25.986 main Client.execute() Sending 3997808310270032:14
16:26:26.158 main Client.execute() Reply OK
16:26:26.238 main Client.execute() Sending 3997808310270032:15
16:26:26.374 main Client.execute() Reply OK
16:26:26.401 main Client.execute() Sending 3997808310270032:16
16:26:26.515 main Client.execute() Reply OK
16:26:26.609 main Client.execute() Sending 3997808310270032:17
16:26:26.678 main Client.execute() Reply OK
16:26:26.736 main Client.execute() Sending 3997808310270032:18
16:26:26.875 main Client.execute() Reply OK
16:26:26.881 main Client.execute() Sending 3997808310270032:19
16:26:27.018 main Client.execute() Reply OK
16:26:27.033 main Client.execute() Sending 3997808310270032:20
16:26:27.169 main Client.execute() Reply OK
16:26:27.201 main Client.execute() Sending 3997808310270032:21
16:26:27.378 main Client.execute() Reply OK
16:26:27.390 main Client.execute() Sending 3997808310270032:22
16:26:27.500 main Client.execute() Reply OK
16:26:27.539 main Client.execute() Sending 3997808310270032:23
16:26:27.669 main Client.execute() Reply OK
16:26:27.728 main Client.execute() Sending 3997808310270032:24
16:26:27.839 main Client.execute() Reply OK
16:26:27.860 main Client.execute() Sending 3997808310270032:25
16:26:28.054 main Client.execute() Reply OK
16:26:28.116 main Client.execute() Sending 3997808310270032:26
16:26:28.255 main Client.execute() Reply OK
16:26:28.314 main Client.execute() Sending 3997808310270032:27
16:26:28.478 main Client.execute() Reply OK
16:26:28.576 main Client.execute() Sending 3997808310270032:28
16:26:28.714 main Client.execute() Reply OK
16:26:28.801 main Client.execute() Sending 3997808310270032:29
16:26:28.977 main Client.execute() Reply OK
16:26:29.020 main Client.execute() Sending 3997808310270032:30
16:26:29.125 main Client.execute() Reply OK
16:26:29.143 main Client.execute() Sending 3997808310270032:31
16:26:29.241 main Client.execute() Reply OK
16:26:29.326 main Client.execute() Sending 3997808310270032:32
16:26:29.369 main Client.execute() Reply OK
16:26:29.435 main Client.execute() Sending 3997808310270032:33
16:26:29.589 main Client.execute() Reply OK
16:26:29.643 main Client.execute() Sending 3997808310270032:34
16:26:29.754 main Client.execute() Reply OK
16:26:29.792 main Client.execute() Sending 3997808310270032:35
16:26:29.951 main Client.execute() Reply OK
16:26:30.027 main Client.execute() Sending 3997808310270032:36
16:26:30.615 main Client.execute() Reply OK
16:26:30.656 main Client.execute() Sending 3997808310270032:37
16:26:30.824 main Client.execute() Reply OK
16:26:30.858 main Client.execute() Sending 3997808310270032:38
16:26:31.141 main Client.execute() Reply OK
16:26:31.142 main Client.execute() Sending 3997808310270032:39
16:26:31.224 main Client.execute() Reply OK
16:26:31.305 main Client.execute() Sending 3997808310270032:40
16:26:31.421 main Client.execute() Reply OK
16:26:31.434 main Client.execute() Sending 3997808310270032:41
16:26:31.552 main Client.execute() Reply OK
16:26:31.645 main Client.execute() Sending 3997808310270032:42
16:26:31.788 main Client.execute() Reply OK
16:26:31.811 main Client.execute() Sending 3997808310270032:43
16:26:31.995 main Client.execute() Reply OK
16:26:32.004 main Client.execute() Sending 3997808310270032:44
16:26:32.110 main Client.execute() Reply OK
16:26:32.196 main Client.execute() Sending 3997808310270032:45
16:26:32.303 main Client.execute() Reply OK
16:26:32.334 main Client.execute() Sending 3997808310270032:46
16:26:32.451 main Client.execute() Reply OK
16:26:32.471 main Client.execute() Sending 3997808310270032:47
16:26:32.601 main Client.execute() Reply OK
16:26:32.636 main Client.execute() Sending 3997808310270032:48
16:26:32.716 main Client.execute() Reply OK
16:26:32.776 main Client.execute() Sending 3997808310270032:49
16:26:32.875 main Client.execute() Reply OK
16:26:32.900 main Client.execute() Sending 3997808310270032:50
16:26:33.012 main Client.execute() Reply OK
16:26:33.082 main Client.execute() Sending 3997808310270032:51
16:26:33.203 main Client.execute() Reply OK
16:26:33.283 main Client.execute() Sending 3997808310270032:52
16:26:33.386 main Client.execute() Reply OK
16:26:33.411 main Client.execute() Sending 3997808310270032:53
16:26:33.461 main Client.execute() Reply OK
16:26:33.467 main Client.execute() Sending 3997808310270032:54
16:26:33.623 main Client.execute() Reply OK
16:26:33.633 main Client.execute() Sending 3997808310270032:55
16:26:33.774 main Client.execute() Reply OK
16:26:33.811 main Client.execute() Sending 3997808310270032:56
16:26:33.901 main Client.execute() Reply OK
16:26:33.920 main Client.execute() Sending 3997808310270032:57
16:26:33.995 main Client.execute() Reply OK
16:26:34.012 main Client.execute() Sending 3997808310270032:58
16:26:34.088 main Client.execute() Reply OK
16:26:34.158 main Client.execute() Sending 3997808310270032:59
16:26:34.263 main Client.execute() Reply OK
16:26:34.313 main Client.execute() Sending 3997808310270032:60
16:26:34.478 main Client.execute() Reply OK
16:26:34.536 main Client.execute() Sending 3997808310270032:61
16:26:34.676 main Client.execute() Reply OK
16:26:34.695 main Client.execute() Sending 3997808310270032:62
16:26:34.767 main Client.execute() Reply OK
16:26:34.783 main Client.execute() Sending 3997808310270032:63
16:26:34.890 main Client.execute() Reply OK
16:26:34.987 main Client.execute() Sending 3997808310270032:64
16:26:35.181 main Client.execute() Reply OK
16:26:35.202 main Client.execute() Sending 3997808310270032:65
16:26:35.383 main Client.execute() Reply OK
16:26:35.468 main Client.execute() Sending 3997808310270032:66
16:26:35.716 main Client.execute() Reply OK
16:26:35.782 main Client.execute() Sending 3997808310270032:67
16:26:35.969 main Client.execute() Reply OK
16:26:36.042 main Client.execute() Sending 3997808310270032:68
16:26:36.217 main Client.execute() Reply OK
16:26:36.241 main Client.execute() Sending 3997808310270032:69
16:26:36.312 main Client.execute() Reply OK
16:26:36.327 main Client.execute() Sending 3997808310270032:70
16:26:36.489 main Client.execute() Reply OK
16:26:36.511 main Client.execute() Sending 3997808310270032:71
16:26:36.644 main Client.execute() Reply OK
16:26:36.729 main Client.execute() Sending 3997808310270032:72
16:26:36.990 main Client.execute() Reply OK
16:26:37.047 main Client.execute() Sending 3997808310270032:73
16:26:37.229 main Client.execute() Reply OK
16:26:37.234 main Client.execute() Sending 3997808310270032:74
16:26:37.279 main Client.execute() Reply OK
16:26:37.281 main Client.execute() Sending 3997808310270032:75
16:26:37.347 main Client.execute() Reply OK
16:26:37.381 main Client.execute() Sending 3997808310270032:76
16:26:37.453 main Client.execute() Reply OK
16:26:37.459 main Client.execute() Sending 3997808310270032:77
16:26:37.663 main Client.execute() Reply OK
16:26:37.701 main Client.execute() Sending 3997808310270032:78
16:26:37.793 main Client.execute() Reply OK
16:26:37.884 main Client.execute() Sending 3997808310270032:79
16:26:37.930 main Client.execute() Reply OK
16:26:38.000 main Client.execute() Sending 3997808310270032:80
16:26:38.090 main Client.execute() Reply OK
16:26:38.148 main Client.execute() Sending 3997808310270032:81
16:26:38.177 main Client.execute() Reply OK
16:26:38.237 main Client.execute() Sending 3997808310270032:82
16:26:38.293 main Client.execute() Reply OK
16:26:38.392 main Client.execute() Sending 3997808310270032:83
16:26:38.447 main Client.execute() Reply OK
16:26:38.527 main Client.execute() Sending 3997808310270032:84
16:26:38.576 main Client.execute() Reply OK
16:26:38.668 main Client.execute() Sending 3997808310270032:85
16:26:38.716 main Client.execute() Reply OK
16:26:38.757 main Client.execute() Sending 3997808310270032:86
16:26:38.842 main Client.execute() Reply OK
16:26:38.914 main Client.execute() Sending 3997808310270032:87
16:26:38.970 main Client.execute() Reply OK
16:26:39.000 main Client.execute() Sending 3997808310270032:88
16:26:39.032 main Client.execute() Reply OK
16:26:39.122 main Client.execute() Sending 3997808310270032:89
16:26:39.175 main Client.execute() Reply OK
16:26:39.273 main Client.execute() Sending 3997808310270032:90
16:26:39.339 main Client.execute() Reply OK
16:26:39.434 main Client.execute() Sending 3997808310270032:91
16:26:39.496 main Client.execute() Reply OK
16:26:39.513 main Client.execute() Sending 3997808310270032:92
16:26:39.605 main Client.execute() Reply OK
16:26:39.618 main Client.execute() Sending 3997808310270032:93
16:26:39.646 main Client.execute() Reply OK
16:26:39.698 main Client.execute() Sending 3997808310270032:94
16:26:39.744 main Client.execute() Reply OK
16:26:39.826 main Client.execute() Sending 3997808310270032:95
16:26:39.896 main Client.execute() Reply OK
16:26:39.899 main Client.execute() Sending 3997808310270032:96
16:26:39.946 main Client.execute() Reply OK
16:26:39.990 main Client.execute() Sending 3997808310270032:97
16:26:40.048 main Client.execute() Reply OK
16:26:40.095 main Client.execute() Sending 3997808310270032:98
16:26:40.148 main Client.execute() Reply OK
16:26:40.168 main Client.execute() Sending 3997808310270032:99
16:26:40.201 main Client.execute() Reply OK
16:26:40.238 main Client.execute() Sending 3997808310270032:100
16:26:40.301 main Client.execute() Reply OK
