16:26:19.341 main Configuration.<init>() Configuration loaded from file: paxos.properties
16:26:20.655 main Configuration.loadProcessList() [p0] localhost, ports = (replica=2021, client=3001)
16:26:20.655 main Configuration.loadProcessList() [p1] localhost, ports = (replica=2022, client=3002)
16:26:20.655 main Configuration.loadProcessList() [p2] localhost, ports = (replica=2023, client=3003)
16:26:20.657 main Client.connectTo() Connecting to localhost:3003
16:26:21.245 main Client.initConnection() New client id: 3997808310270008
16:26:21.245 main Client.connectTo() Connected [p2]. Timeout: 3000
16:26:21.253 main Client.execute() Sending 3997808310270008:1
16:26:21.784 main Client.execute() Reply OK
16:26:21.833 main Client.execute() Sending 3997808310270008:2
16:26:22.258 main Client.execute() Reply OK
16:26:22.352 main Client.execute() Sending 3997808310270008:3
16:26:22.932 main Client.execute() Reply OK
16:26:22.972 main Client.execute() Sending 3997808310270008:4
16:26:23.105 main Client.execute() Reply OK
16:26:23.169 main Client.execute() Sending 3997808310270008:5
16:26:23.515 main Client.execute() Reply OK
16:26:23.546 main Client.execute() Sending 3997808310270008:6
16:26:23.835 main Client.execute() Reply OK
16:26:23.848 main Client.execute() Sending 3997808310270008:7
16:26:24.182 main Client.execute() Reply OK
16:26:24.194 main Client.execute() Sending 3997808310270008:8
16:26:24.506 main Client.execute() Reply OK
16:26:24.584 main Client.execute() Sending 3997808310270008:9
16:26:24.775 main Client.execute() Reply OK
16:26:24.799 main Client.execute() Sending 3997808310270008:10
16:26:25.136 main Client.execute() Reply OK
16:26:25.210 main Client.execute() Sending 3997808310270008:11
16:26:25.406 main Client.execute() Reply OK
16:26:25.461 main Client.execute() Sending 3997808310270008:12
16:26:25.611 main Client.execute() Reply OK
16:26:25.643 main Client.execute() Sending 3997808310270008:13
16:26:25.929 main Client.execute() Reply OK
16:26:25.973 main Client.execute() Sending 3997808310270008:14
16:26:26.157 main Client.execute() Reply OK
16:26:26.181 main Client.execute() Sending 3997808310270008:15
16:26:26.335 main Client.execute() Reply OK
16:26:26.431 main Client.execute() Sending 3997808310270008:16
16:26:26.550 main Client.execute() Reply OK
16:26:26.623 main Client.execute() Sending 3997808310270008:17
16:26:26.697 main Client.execute() Reply OK
16:26:26.747 main Client.execute() Sending 3997808310270008:18
16:26:26.876 main Client.execute() Reply OK
16:26:26.879 main Client.execute() Sending 3997808310270008:19
16:26:26.986 main Client.execute() Reply OK
16:26:26.991 main Client.execute() Sending 3997808310270008:20
16:26:27.125 main Client.execute() Reply OK
16:26:27.177 main Client.execute() Sending 3997808310270008:21
16:26:27.331 main Client.execute() Reply OK
16:26:27.405 main Client.execute() Sending 3997808310270008:22
16:26:27.502 main Client.execute() Reply OK
16:26:27.526 main Client.execute() Sending 3997808310270008:23
16:26:27.618 main Client.execute() Reply OK
16:26:27.676 main Client.execute() Sending 3997808310270008:24
16:26:27.810 main Client.execute() Reply OK
16:26:27.907 main Client.execute() Sending 3997808310270008:25
16:26:28.074 main Client.execute() Reply OK
16:26:28.100 main Client.execute() Sending 3997808310270008:26
16:26:28.236 main Client.execute() Reply OK
16:26:28.243 main Client.execute() Sending 3997808310270008:27
16:26:28.419 main Client.execute() Reply OK
16:26:28.441 main Client.execute() Sending 3997808310270008:28
16:26:28.573 main Client.execute() Reply OK
16:26:28.625 main Client.execute() Sending 3997808310270008:29
16:26:28.774 main Client.execute() Reply OK
16:26:28.852 main Client.execute() Sending 3997808310270008:30
16:26:29.001 main Client.execute() Reply OK
16:26:29.024 main Client.execute() Sending 3997808310270008:31
16:26:29.145 main Client.execute() Reply OK
16:26:29.183 main Client.execute() Sending 3997808310270008:32
16:26:29.245 main Client.execute() Reply OK
16:26:29.273 main Client.execute() Sending 3997808310270008:33
16:26:29.338 main Client.execute() Reply OK
16:26:29.381 main Client.execute() Sending 3997808310270008:34
16:26:29.517 main Client.execute() Reply OK
16:26:29.591 main Client.execute() Sending 3997808310270008:35
16:26:29.750 main Client.execute() Reply OK
16:26:29.835 main Client.execute() Sending 3997808310270008:36
16:26:30.017 main Client.execute() Reply OK
16:26:30.028 main Client.execute() Sending 3997808310270008:37
16:26:30.614 main Client.execute() Reply OK
16:26:30.667 main Client.execute() Sending 3997808310270008:38
16:26:30.824 main Client.execute() Reply OK
16:26:30.843 main Client.execute() Sending 3997808310270008:39
16:26:31.081 main Client.execute() Reply OK
16:26:31.114 main Client.execute() Sending 3997808310270008:40
16:26:31.221 main Client.execute() Reply OK
16:26:31.308 main Client.execute() Sending 3997808310270008:41
16:26:31.433 main Client.execute() Reply OK
16:26:31.441 main Client.execute() Sending 3997808310270008:42
16:26:31.552 main Client.execute() Reply OK
16:26:31.631 main Client.execute() Sending 3997808310270008:43
16:26:31.776 main Client.execute() Reply OK
16:26:31.815 main Client.execute() Sending 3997808310270008:44
16:26:31.996 main Client.execute() Reply OK
16:26:32.095 main Client.execute() Sending 3997808310270008:45
16:26:32.210 main Client.execute() Reply OK
16:26:32.278 main Client.execute() Sending 3997808310270008:46
16:26:32.407 main Client.execute() Reply OK
16:26:32.482 main Client.execute() Sending 3997808310270008:47
16:26:32.601 main Client.execute() Reply OK
16:26:32.632 main Client.execute() Sending 3997808310270008:48
16:26:32.716 main Client.execute() Reply OK
16:26:32.717 main Client.execute() Sending 3997808310270008:49
16:26:32.846 main Client.execute() Reply OK
16:26:32.876 main Client.execute() Sending 3997808310270008:50
16:26:32.977 main Client.execute() Reply OK
16:26:33.030 main Client.execute() Sending 3997808310270008:51
16:26:33.173 main Client.execute() Reply OK
16:26:33.176 main Client.execute() Sending 3997808310270008:52
16:26:33.287 main Client.execute() Reply OK
16:26:33.335 main Client.execute() Sending 3997808310270008:53
16:26:33.436 main Client.execute() Reply OK
16:26:33.447 main Client.execute() Sending 3997808310270008:54
16:26:33.567 main Client.execute() Reply OK
16:26:33.590 main Client.execute() Sending 3997808310270008:55
16:26:33.719 main Client.execute() Reply OK
16:26:33.724 main Client.execute() Sending 3997808310270008:56
16:26:33.829 main Client.execute() Reply OK
16:26:33.856 main Client.execute() Sending 3997808310270008:57
16:26:33.964 main Client.execute() Reply OK
16:26:33.973 main Client.execute() Sending 3997808310270008:58
16:26:34.024 main Client.execute() Reply OK
16:26:34.101 main Client.execute() Sending 3997808310270008:59
16:26:34.253 main Client.execute() Reply OK
16:26:34.302 main Client.execute() Sending 3997808310270008:60
16:26:34.486 main Client.execute() Reply OK
16:26:34.521 main Client.execute() Sending 3997808310270008:61
16:26:34.676 main Client.execute() Reply OK
16:26:34.699 main Client.execute() Sending 3997808310270008:62
16:26:34.800 main Client.execute() Reply OK
16:26:34.860 main Client.execute() Sending 3997808310270008:63
16:26:35.049 main Client.execute() Reply OK
16:26:35.140 main Client.execute() Sending 3997808310270008:64
16:26:35.298 main Client.execute() Reply OK
16:26:35.397 main Client.execute() Sending 3997808310270008:65
16:26:35.715 main Client.execute() Reply OK
16:26:35.722 main Client.execute() Sending 3997808310270008:66
16:26:35.877 main Client.execute() Reply OK
16:26:35.921 main Client.execute() Sending 3997808310270008:67
16:26:36.164 main Client.execute() Reply OK
16:26:36.166 main Client.execute() Sending 3997808310270008:68
16:26:36.283 main Client.execute() Reply OK
16:26:36.371 main Client.execute() Sending 3997808310270008:69
16:26:36.490 main Client.execute() Reply OK
16:26:36.503 main Client.execute() Sending 3997808310270008:70
16:26:36.612 main Client.execute() Reply OK
16:26:36.678 main Client.execute() Sending 3997808310270008:71
16:26:36.736 main Client.execute() Reply OK
16:26:36.837 main Client.execute() Sending 3997808310270008:72
16:26:37.015 main Client.execute() Reply OK
16:26:37.059 main Client.execute() Sending 3997808310270008:73
16:26:37.230 main Client.execute() Reply OK
16:26:37.263 main Client.execute() Sending 3997808310270008:74
16:26:37.314 main Client.execute() Reply OK
16:26:37.328 main Client.execute() Sending 3997808310270008:75
16:26:37.384 main Client.execute() Reply OK
16:26:37.427 main Client.execute() Sending 3997808310270008:76
16:26:37.646 main Client.execute() Reply OK
16:26:37.656 main Client.execute() Sending 3997808310270008:77
16:26:37.793 main Client.execute() Reply OK
16:26:37.821 main Client.execute() Sending 3997808310270008:78
16:26:37.900 main Client.execute() Reply OK
16:26:37.952 main Client.execute() Sending 3997808310270008:79
16:26:38.076 main Client.execute() Reply OK
16:26:38.094 main Client.execute() Sending 3997808310270008:80
16:26:38.120 main Client.execute() Reply OK
16:26:38.184 main Client.execute() Sending 3997808310270008:81
16:26:38.234 main Client.execute() Reply OK
16:26:38.266 main Client.execute() Sending 3997808310270008:82
16:26:38.318 main Client.execute() Reply OK
16:26:38.380 main Client.execute() Sending 3997808310270008:83
16:26:38.427 main Client.execute() Reply OK
16:26:38.479 main Client.execute() Sending 3997808310270008:84
16:26:38.528 main Client.execute() Reply OK
16:26:38.613 main Client.execute() Sending 3997808310270008:85
16:26:38.664 main Client.execute() Reply OK
16:26:38.710 main Client.execute() Sending 3997808310270008:86
16:26:38.771 main Client.execute() Reply OK
16:26:38.796 main Client.execute() Sending 3997808310270008:87
16:26:38.871 main Client.execute() Reply OK
16:26:38.949 main Client.execute() Sending 3997808310270008:88
16:26:39.001 main Client.execute() Reply OK
16:26:39.068 main Client.execute() Sending 3997808310270008:89
16:26:39.102 main Client.execute() Reply OK
16:26:39.124 main Client.execute() Sending 3997808310270008:90
16:26:39.175 main Client.execute() Reply OK
16:26:39.198 main Client.execute() Sending 3997808310270008:91
16:26:39.229 main Client.execute() Reply OK
16:26:39.294 main Client.execute() Sending 3997808310270008:92
16:26:39.338 main Client.execute() Reply OK
16:26:39.358 main Client.execute() Sending 3997808310270008:93
16:26:39.451 main Client.execute() Reply OK
16:26:39.512 main Client.execute() Sending 3997808310270008:94
16:26:39.541 main Client.execute() Reply OK
16:26:39.592 main Client.execute() Sending 3997808310270008:95
16:26:39.645 main Client.execute() Reply OK
16:26:39.726 main Client.execute() Sending 3997808310270008:96
16:26:39.803 main Client.execute() Reply OK
16:26:39.865 main Client.execute() Sending 3997808310270008:97
16:26:39.898 main Client.execute() Reply OK
16:26:39.954 main Client.execute() Sending 3997808310270008:98
16:26:39.998 main Client.execute() Reply OK
16:26:40.005 main Client.execute() Sending 3997808310270008:99
16:26:40.059 main Client.execute() Reply OK
16:26:40.088 main Client.execute() Sending 3997808310270008:100
16:26:40.148 main Client.execute() Reply OK
