16:26:19.072 main Configuration.<init>() Configuration loaded from file: paxos.properties
16:26:20.175 main Configuration.loadProcessList() [p0] localhost, ports = (replica=2021, client=3001)
16:26:20.175 main Configuration.loadProcessList() [p1] localhost, ports = (replica=2022, client=3002)
16:26:20.176 main Configuration.loadProcessList() [p2] localhost, ports = (replica=2023, client=3003)
16:26:20.176 main Client.connectTo() Connecting to localhost:3002
16:26:20.859 main Client.initConnection() New client id: 3997808307426019
16:26:20.859 main Client.connectTo() Connected [p1]. Timeout: 3000
16:26:20.862 main Client.execute() Sending 3997808307426019:1
16:26:21.207 main Client.execute() Reply OK
16:26:21.333 main Client.execute() Sending 3997808307426019:2
16:26:21.658 main Client.execute() Reply OK
16:26:21.732 main Client.execute() Sending 3997808307426019:3
16:26:22.009 main Client.execute() Reply OK
16:26:22.092 main Client.execute() Sending 3997808307426019:4
16:26:22.316 main Client.execute() Reply OK
16:26:22.401 main Client.execute() Sending 3997808307426019:5
16:26:22.869 main Client.execute() Reply OK
16:26:22.917 main Client.execute() Sending 3997808307426019:6
16:26:23.020 main Client.execute() Reply OK
16:26:23.103 main Client.execute() Sending 3997808307426019:7
16:26:23.208 main Client.execute() Reply OK
16:26:23.261 main Client.execute() Sending 3997808307426019:8
16:26:23.375 main Client.execute() Reply OK
16:26:23.423 main Client.execute() Sending 3997808307426019:9
16:26:23.543 main Client.execute() Reply OK
16:26:23.606 main Client.execute() Sending 3997808307426019:10
16:26:23.785 main Client.execute() Reply OK
16:26:23.837 main Client.execute() Sending 3997808307426019:11
16:26:23.974 main Client.execute() Reply OK
16:26:24.034 main Client.execute() Sending 3997808307426019:12
16:26:24.235 main Client.execute() Reply OK
16:26:24.237 main Client.execute() Sending 3997808307426019:13
16:26:24.351 main Client.execute() Reply OK
16:26:24.360 main Client.execute() Sending 3997808307426019:14
16:26:24.500 main Client.execute() Reply OK
16:26:24.552 main Client.execute() Sending 3997808307426019:15
16:26:24.726 main Client.execute() Reply OK
16:26:24.767 main Client.execute() Sending 3997808307426019:16
16:26:24.892 main Client.execute() Reply OK
16:26:24.968 main Client.execute() Sending 3997808307426019:17
16:26:25.173 main Client.execute() Reply OK
16:26:25.271 main Client.execute() Sending 3997808307426019:18
16:26:25.385 main Client.execute() Reply OK
16:26:25.470 main Client.execute() Sending 3997808307426019:19
16:26:25.684 main Client.execute() Reply OK
16:26:25.729 main Client.execute() Sending 3997808307426019:20
16:26:25.916 main Client.execute() Reply OK
16:26:25.931 main Client.execute() Sending 3997808307426019:21
16:26:26.002 main Client.execute() Reply OK
16:26:26.019 main Client.execute() Sending 3997808307426019:22
16:26:26.151 main Client.execute() Reply OK
16:26:26.186 main Client.execute() Sending 3997808307426019:23
16:26:26.291 main Client.execute() Reply OK
16:26:26.374 main Client.execute() Sending 3997808307426019:24
16:26:26.449 main Client.execute() Reply OK
16:26:26.490 main Client.execute() Sending 3997808307426019:25
16:26:26.597 main Client.execute() Reply OK
16:26:26.628 main Client.execute() Sending 3997808307426019:26
16:26:26.699 main Client.execute() Reply OK
16:26:26.750 main Client.execute() Sending 3997808307426019:27
16:26:26.826 main Client.execute() Reply OK
16:26:26.843 main Client.execute() Sending 3997808307426019:28
16:26:26.956 main Client.execute() Reply OK
16:26:26.977 main Client.execute() Sending 3997808307426019:29
16:26:27.062 main Client.execute() Reply OK
16:26:27.142 main Client.execute() Sending 3997808307426019:30
16:26:27.211 main Client.execute() Reply OK
16:26:27.306 main Client.execute() Sending 3997808307426019:31
16:26:27.392 main Client.execute() Reply OK
16:26:27.448 main Client.execute() Sending 3997808307426019:32
16:26:27.538 main Client.execute() Reply OK
16:26:27.553 main Client.execute() Sending 3997808307426019:33
16:26:27.608 main Client.execute() Reply OK
16:26:27.707 main Client.execute() Sending 3997808307426019:34
16:26:27.818 main Client.execute() Reply OK
16:26:27.821 main Client.execute() Sending 3997808307426019:35
16:26:27.895 main Client.execute() Reply OK
16:26:27.965 main Client.execute() Sending 3997808307426019:36
16:26:28.032 main Client.execute() Reply OK
16:26:28.099 main Client.execute() Sending 3997808307426019:37
16:26:28.168 main Client.execute() Reply OK
16:26:28.186 main Client.execute() Sending 3997808307426019:38
16:26:28.283 main Client.execute() Reply OK
16:26:28.362 main Client.execute() Sending 3997808307426019:39
16:26:28.474 main Client.execute() Reply OK
16:26:28.532 main Client.execute() Sending 3997808307426019:40
16:26:28.624 main Client.execute() Reply OK
16:26:28.667 main Client.execute() Sending 3997808307426019:41
16:26:28.792 main Client.execute() Reply OK
16:26:28.850 main Client.execute() Sending 3997808307426019:42
16:26:28.937 main Client.execute() Reply OK
16:26:29.025 main Client.execute() Sending 3997808307426019:43
16:26:29.116 main Client.execute() Reply OK
16:26:29.200 main Client.execute() Sending 3997808307426019:44
16:26:29.279 main Client.execute() Reply OK
16:26:29.377 main Client.execute() Sending 3997808307426019:45
16:26:29.443 main Client.execute() Reply OK
16:26:29.464 main Client.execute() Sending 3997808307426019:46
16:26:29.545 main Client.execute() Reply OK
16:26:29.631 main Client.execute() Sending 3997808307426019:47
16:26:29.701 main Client.execute() Reply OK
16:26:29.739 main Client.execute() Sending 3997808307426019:48
16:26:29.814 main Client.execute() Reply OK
16:26:29.849 main Client.execute() Sending 3997808307426019:49
16:26:29.955 main Client.execute() Reply OK
16:26:30.004 main Client.execute() Sending 3997808307426019:50
16:26:30.086 main Client.execute() Reply OK
16:26:30.118 main Client.execute() Sending 3997808307426019:51
16:26:30.639 main Client.execute() Reply OK
16:26:30.672 main Client.execute() Sending 3997808307426019:52
16:26:30.761 main Client.execute() Reply OK
16:26:30.793 main Client.execute() Sending 3997808307426019:53
16:26:30.915 main Client.execute() Reply OK
16:26:31.003 main Client.execute() Sending 3997808307426019:54
16:26:31.118 main Client.execute() Reply OK
16:26:31.150 main Client.execute() Sending 3997808307426019:55
16:26:31.215 main Client.execute() Reply OK
16:26:31.237 main Client.execute() Sending 3997808307426019:56
16:26:31.307 main Client.execute() Reply OK
16:26:31.344 main Client.execute() Sending 3997808307426019:57
16:26:31.420 main Client.execute() Reply OK
16:26:31.445 main Client.execute() Sending 3997808307426019:58
16:26:31.528 main Client.execute() Reply OK
16:26:31.535 main Client.execute() Sending 3997808307426019:59
16:26:31.609 main Client.execute() Reply OK
16:26:31.671 main Client.execute() Sending 3997808307426019:60
16:26:31.784 main Client.execute() Reply OK
16:26:31.876 main Client.execute() Sending 3997808307426019:61
16:26:31.944 main Client.execute() Reply OK
16:26:31.998 main Client.execute() Sending 3997808307426019:62
16:26:32.061 main Client.execute() Reply OK
16:26:32.145 main Client.execute() Sending 3997808307426019:63
16:26:32.199 main Client.execute() Reply OK
16:26:32.237 main Client.execute() Sending 3997808307426019:64
16:26:32.282 main Client.execute() Reply OK
16:26:32.349 main Client.execute() Sending 3997808307426019:65
16:26:32.438 main Client.execute() Reply OK
16:26:32.453 main Client.execute() Sending 3997808307426019:66
16:26:32.520 main Client.execute() Reply OK
16:26:32.591 main Client.execute() Sending 3997808307426019:67
16:26:32.682 main Client.execute() Reply OK
16:26:32.684 main Client.execute() Sending 3997808307426019:68
16:26:32.730 main Client.execute() Reply OK
16:26:32.795 main Client.execute() Sending 3997808307426019:69
16:26:32.857 main Client.execute() Reply OK
16:26:32.889 main Client.execute() Sending 3997808307426019:70
16:26:32.951 main Client.execute() Reply OK
16:26:33.000 main Client.execute() Sending 3997808307426019:71
16:26:33.132 main Client.execute() Reply OK
16:26:33.169 main Client.execute() Sending 3997808307426019:72
16:26:33.229 main Client.execute() Reply OK
16:26:33.316 main Client.execute() Sending 3997808307426019:73
16:26:33.418 main Client.execute() Reply OK
16:26:33.422 main Client.execute() Sending 3997808307426019:74
16:26:33.516 main Client.execute() Reply OK
16:26:33.571 main Client.execute() Sending 3997808307426019:75
16:26:33.637 main Client.execute() Reply OK
16:26:33.723 main Client.execute() Sending 3997808307426019:76
16:26:33.791 main Client.execute() Reply OK
16:26:33.864 main Client.execute() Sending 3997808307426019:77
16:26:33.952 main Client.execute() Reply OK
16:26:34.026 main Client.execute() Sending 3997808307426019:78
16:26:34.113 main Client.execute() Reply OK
16:26:34.134 main Client.execute() Sending 3997808307426019:79
16:26:34.186 main Client.execute() Reply OK
16:26:34.251 main Client.execute() Sending 3997808307426019:80
16:26:34.318 main Client.execute() Reply OK
16:26:34.408 main Client.execute() Sending 3997808307426019:81
16:26:34.457 main Client.execute() Reply OK
16:26:34.537 main Client.execute() Sending 3997808307426019:82
16:26:34.643 main Client.execute() Reply OK
16:26:34.714 main Client.execute() Sending 3997808307426019:83
16:26:34.768 main Client.execute() Reply OK
16:26:34.855 main Client.execute() Sending 3997808307426019:84
16:26:34.994 main Client.execute() Reply OK
16:26:35.050 main Client.execute() Sending 3997808307426019:85
16:26:35.195 main Client.execute() Reply OK
16:26:35.284 main Client.execute() Sending 3997808307426019:86
16:26:35.369 main Client.execute() Reply OK
16:26:35.433 main Client.execute() Sending 3997808307426019:87
16:26:35.648 main Client.execute() Reply OK
16:26:35.692 main Client.execute() Sending 3997808307426019:88
16:26:35.799 main Client.execute() Reply OK
16:26:35.891 main Client.execute() Sending 3997808307426019:89
16:26:36.073 main Client.execute() Reply OK
16:26:36.123 main Client.execute() Sending 3997808307426019:90
16:26:36.238 main Client.execute() Reply OK
16:26:36.297 main Client.execute() Sending 3997808307426019:91
16:26:36.420 main Client.execute() Reply OK
16:26:36.443 main Client.execute() Sending 3997808307426019:92
16:26:36.528 main Client.execute() Reply OK
16:26:36.571 main Client.execute() Sending 3997808307426019:93
16:26:36.659 main Client.execute() Reply OK
16:26:36.719 main Client.execute() Sending 3997808307426019:94
16:26:36.938 main Client.execute() Reply OK
16:26:37.032 main Client.execute() Sending 3997808307426019:95
16:26:37.091 main Client.execute() Reply OK
16:26:37.166 main Client.execute() Sending 3997808307426019:96
16:26:37.246 main Client.execute() Reply OK
16:26:37.253 main Client.execute() Sending 3997808307426019:97
16:26:37.309 main Client.execute() Reply OK
16:26:37.318 main Client.execute() Sending 3997808307426019:98
16:26:37.350 main Client.execute() Reply OK
16:26:37.362 main Client.execute() Sending 3997808307426019:99
16:26:37.386 main Client.execute() Reply OK
16:26:37.401 main Client.execute() Sending 3997808307426019:100
16:26:37.511 main Client.execute() Reply OK
