16:26:18.704 main Configuration.<init>() Configuration loaded from file: paxos.properties
16:26:19.737 main Configuration.loadProcessList() [p0] localhost, ports = (replica=2021, client=3001)
16:26:19.737 main Configuration.loadProcessList() [p1] localhost, ports = (replica=2022, client=3002)
16:26:19.737 main Configuration.loadProcessList() [p2] localhost, ports = (replica=2023, client=3003)
16:26:20.261 main Client.connectTo() Connecting to localhost:3002
16:26:20.294 main Client.initConnection() New client id: 3997808307426010
16:26:20.294 main Client.connectTo() Connected [p1]. Timeout: 3000
16:26:20.297 main Client.execute() Sending 3997808307426010:1
16:26:20.365 main Client.execute() Reply OK
16:26:20.997 main Client.execute() Sending 3997808307426010:2
16:26:21.409 main Client.execute() Reply OK
16:26:21.487 main Client.execute() Sending 3997808307426010:3
16:26:21.724 main Client.execute() Reply OK
16:26:21.749 main Client.execute() Sending 3997808307426010:4
16:26:22.062 main Client.execute() Reply OK
16:26:22.071 main Client.execute() Sending 3997808307426010:5
16:26:22.278 main Client.execute() Reply OK
16:26:22.312 main Client.execute() Sending 3997808307426010:6
16:26:22.613 main Client.execute() Reply OK
16:26:22.647 main Client.execute() Sending 3997808307426010:7
16:26:22.947 main Client.execute() Reply OK
16:26:22.992 main Client.execute() Sending 3997808307426010:8
16:26:23.117 main Client.execute() Reply OK
16:26:23.216 main Client.execute() Sending 3997808307426010:9
16:26:23.362 main Client.execute() Reply OK
16:26:23.383 main Client.execute() Sending 3997808307426010:10
16:26:23.529 main Client.execute() Reply OK
16:26:23.578 main Client.execute() Sending 3997808307426010:11
16:26:23.695 main Client.execute() Reply OK
16:26:23.712 main Client.execute() Sending 3997808307426010:12
16:26:23.859 main Client.execute() Reply OK
16:26:23.901 main Client.execute() Sending 3997808307426010:13
16:26:24.055 main Client.execute() Reply OK
16:26:24.066 main Client.execute() Sending 3997808307426010:14
16:26:24.256 main Client.execute() Reply OK
16:26:24.291 main Client.execute() Sending 3997808307426010:15
16:26:24.426 main Client.execute() Reply OK
16:26:24.521 main Client.execute() Sending 3997808307426010:16
16:26:24.699 main Client.execute() Reply OK
16:26:24.758 main Client.execute() Sending 3997808307426010:17
16:26:24.863 main Client.execute() Reply OK
16:26:24.907 main Client.execute() Sending 3997808307426010:18
16:26:25.170 main Client.execute() Reply OK
16:26:25.197 main Client.execute() Sending 3997808307426010:19
16:26:25.296 main Client.execute() Reply OK
16:26:25.345 main Client.execute() Sending 3997808307426010:20
16:26:25.481 main Client.execute() Reply OK
16:26:25.521 main Client.execute() Sending 3997808307426010:21
16:26:25.707 main Client.execute() Reply OK
16:26:25.728 main Client.execute() Sending 3997808307426010:22
16:26:25.915 main Client.execute() Reply OK
16:26:26.009 main Client.execute() Sending 3997808307426010:23
16:26:26.123 main Client.execute() Reply OK
16:26:26.214 main Client.execute() Sending 3997808307426010:24
16:26:26.292 main Client.execute() Reply OK
16:26:26.330 main Client.execute() Sending 3997808307426010:25
16:26:26.414 main Client.execute() Reply OK
16:26:26.504 main Client.execute() Sending 3997808307426010:26
16:26:26.605 main Client.execute() Reply OK
16:26:26.684 main Client.execute() Sending 3997808307426010:27
16:26:26.781 main Client.execute() Reply OK
16:26:26.794 main Client.execute() Sending 3997808307426010:28
16:26:26.846 main Client.execute() Reply OK
16:26:26.904 main Client.execute() Sending 3997808307426010:29
16:26:26.988 main Client.execute() Reply OK
16:26:27.085 main Client.execute() Sending 3997808307426010:30
16:26:27.173 main Client.execute() Reply OK
16:26:27.258 main Client.execute() Sending 3997808307426010:31
16:26:27.305 main Client.execute() Reply OK
16:26:27.335 main Client.execute() Sending 3997808307426010:32
16:26:27.404 main Client.execute() Reply OK
16:26:27.420 main Client.execute() Sending 3997808307426010:33
16:26:27.506 main Client.execute() Reply OK
16:26:27.526 main Client.execute() Sending 3997808307426010:34
16:26:27.598 main Client.execute() Reply OK
16:26:27.697 main Client.execute() Sending 3997808307426010:35
16:26:27.818 main Client.execute() Reply OK
16:26:27.891 main Client.execute() Sending 3997808307426010:36
16:26:27.963 main Client.execute() Reply OK
16:26:27.976 main Client.execute() Sending 3997808307426010:37
16:26:28.084 main Client.execute() Reply OK
16:26:28.154 main Client.execute() Sending 3997808307426010:38
16:26:28.240 main Client.execute() Reply OK
16:26:28.337 main Client.execute() Sending 3997808307426010:39
16:26:28.437 main Client.execute() Reply OK
16:26:28.528 main Client.execute() Sending 3997808307426010:40
16:26:28.592 main Client.execute() Reply OK
16:26:28.688 main Client.execute() Sending 3997808307426010:41
16:26:28.794 main Client.execute() Reply OK
16:26:28.848 main Client.execute() Sending 3997808307426010:42
16:26:28.935 main Client.execute() Reply OK
16:26:29.006 main Client.execute() Sending 3997808307426010:43
16:26:29.069 main Client.execute() Reply OK
16:26:29.083 main Client.execute() Sending 3997808307426010:44
16:26:29.154 main Client.execute() Reply OK
16:26:29.197 main Client.execute() Sending 3997808307426010:45
16:26:29.269 main Client.execute() Reply OK
16:26:29.291 main Client.execute() Sending 3997808307426010:46
16:26:29.376 main Client.execute() Reply OK
16:26:29.418 main Client.execute() Sending 3997808307426010:47
16:26:29.495 main Client.execute() Reply OK
16:26:29.550 main Client.execute() Sending 3997808307426010:48
16:26:29.614 main Client.execute() Reply OK
16:26:29.630 main Client.execute() Sending 3997808307426010:49
16:26:29.679 main Client.execute() Reply OK
16:26:29.761 main Client.execute() Sending 3997808307426010:50
16:26:29.850 main Client.execute() Reply OK
16:26:29.898 main Client.execute() Sending 3997808307426010:51
16:26:30.006 main Client.execute() Reply OK
16:26:30.040 main Client.execute() Sending 3997808307426010:52
16:26:30.135 main Client.execute() Reply OK
16:26:30.226 main Client.execute() Sending 3997808307426010:53
16:26:30.643 main Client.execute() Reply OK
16:26:30.677 main Client.execute() Sending 3997808307426010:54
16:26:30.761 main Client.execute() Reply OK
16:26:30.828 main Client.execute() Sending 3997808307426010:55
16:26:30.942 main Client.execute() Reply OK
16:26:31.037 main Client.execute() Sending 3997808307426010:56
16:26:31.119 main Client.execute() Reply OK
16:26:31.121 main Client.execute() Sending 3997808307426010:57
16:26:31.203 main Client.execute() Reply OK
16:26:31.266 main Client.execute() Sending 3997808307426010:58
16:26:31.339 main Client.execute() Reply OK
16:26:31.340 main Client.execute() Sending 3997808307426010:59
16:26:31.420 main Client.execute() Reply OK
16:26:31.469 main Client.execute() Sending 3997808307426010:60
16:26:31.529 main Client.execute() Reply OK
16:26:31.562 main Client.execute() Sending 3997808307426010:61
16:26:31.614 main Client.execute() Reply OK
16:26:31.621 main Client.execute() Sending 3997808307426010:62
16:26:31.711 main Client.execute() Reply OK
16:26:31.790 main Client.execute() Sending 3997808307426010:63
16:26:31.879 main Client.execute() Reply OK
16:26:31.880 main Client.execute() Sending 3997808307426010:64
16:26:31.949 main Client.execute() Reply OK
16:26:31.985 main Client.execute() Sending 3997808307426010:65
16:26:32.059 main Client.execute() Reply OK
16:26:32.136 main Client.execute() Sending 3997808307426010:66
16:26:32.185 main Client.execute() Reply OK
16:26:32.217 main Client.execute() Sending 3997808307426010:67
16:26:32.281 main Client.execute() Reply OK
16:26:32.339 main Client.execute() Sending 3997808307426010:68
16:26:32.417 main Client.execute() Reply OK
16:26:32.448 main Client.execute() Sending 3997808307426010:69
16:26:32.519 main Client.execute() Reply OK
16:26:32.604 main Client.execute() Sending 3997808307426010:70
16:26:32.703 main Client.execute() Reply OK
16:26:32.731 main Client.execute() Sending 3997808307426010:71
16:26:32.786 main Client.execute() Reply OK
16:26:32.797 main Client.execute() Sending 3997808307426010:72
16:26:32.858 main Client.execute() Reply OK
16:26:32.880 main Client.execute() Sending 3997808307426010:73
16:26:32.926 main Client.execute() Reply OK
16:26:32.951 main Client.execute() Sending 3997808307426010:74
16:26:33.130 main Client.execute() Reply OK
16:26:33.143 main Client.execute() Sending 3997808307426010:75
16:26:33.188 main Client.execute() Reply OK
16:26:33.277 main Client.execute() Sending 3997808307426010:76
16:26:33.346 main Client.execute() Reply OK
16:26:33.359 main Client.execute() Sending 3997808307426010:77
16:26:33.429 main Client.execute() Reply OK
16:26:33.491 main Client.execute() Sending 3997808307426010:78
16:26:33.599 main Client.execute() Reply OK
16:26:33.640 main Client.execute() Sending 3997808307426010:79
16:26:33.710 main Client.execute() Reply OK
16:26:33.730 main Client.execute() Sending 3997808307426010:80
16:26:33.791 main Client.execute() Reply OK
16:26:33.825 main Client.execute() Sending 3997808307426010:81
16:26:33.872 main Client.execute() Reply OK
16:26:33.881 main Client.execute() Sending 3997808307426010:82
16:26:33.952 main Client.execute() Reply OK
16:26:34.026 main Client.execute() Sending 3997808307426010:83
16:26:34.070 main Client.execute() Reply OK
16:26:34.073 main Client.execute() Sending 3997808307426010:84
16:26:34.115 main Client.execute() Reply OK
16:26:34.126 main Client.execute() Sending 3997808307426010:85
16:26:34.186 main Client.execute() Reply OK
16:26:34.249 main Client.execute() Sending 3997808307426010:86
16:26:34.292 main Client.execute() Reply OK
16:26:34.325 main Client.execute() Sending 3997808307426010:87
16:26:34.427 main Client.execute() Reply OK
16:26:34.463 main Client.execute() Sending 3997808307426010:88
16:26:34.541 main Client.execute() Reply OK
16:26:34.639 main Client.execute() Sending 3997808307426010:89
16:26:34.708 main Client.execute() Reply OK
16:26:34.785 main Client.execute() Sending 3997808307426010:90
16:26:34.833 main Client.execute() Reply OK
16:26:34.856 main Client.execute() Sending 3997808307426010:91
16:26:34.918 main Client.execute() Reply OK
16:26:34.982 main Client.execute() Sending 3997808307426010:92
16:26:35.070 main Client.execute() Reply OK
16:26:35.141 main Client.execute() Sending 3997808307426010:93
16:26:35.276 main Client.execute() Reply OK
16:26:35.371 main Client.execute() Sending 3997808307426010:94
16:26:35.511 main Client.execute() Reply OK
16:26:35.513 main Client.execute() Sending 3997808307426010:95
16:26:35.661 main Client.execute() Reply OK
16:26:35.725 main Client.execute() Sending 3997808307426010:96
16:26:35.800 main Client.execute() Reply OK
16:26:35.803 main Client.execute() Sending 3997808307426010:97
16:26:35.891 main Client.execute() Reply OK
16:26:35.895 main Client.execute() Sending 3997808307426010:98
16:26:36.072 main Client.execute() Reply OK
16:26:36.121 main Client.execute() Sending 3997808307426010:99
16:26:36.237 main Client.execute() Reply OK
16:26:36.322 main Client.execute() Sending 3997808307426010:100
16:26:36.421 main Client.execute() Reply OK
