16:26:19.315 main Configuration.<init>() Configuration loaded from file: paxos.properties
16:26:20.900 main Configuration.loadProcessList() [p0] localhost, ports = (replica=2021, client=3001)
16:26:20.900 main Configuration.loadProcessList() [p1] localhost, ports = (replica=2022, client=3002)
16:26:20.900 main Configuration.loadProcessList() [p2] localhost, ports = (replica=2023, client=3003)
16:26:20.901 main Client.connectTo() Connecting to localhost:3001
16:26:21.380 main Client.initConnection() New client id: 3997808304960018
16:26:21.380 main Client.connectTo() Connected [p0]. Timeout: 3000
16:26:21.400 main Client.execute() Sending 3997808304960018:1
16:26:21.851 main Client.execute() Reply OK
16:26:21.906 main Client.execute() Sending 3997808304960018:2
16:26:22.144 main Client.execute() Reply OK
16:26:22.205 main Client.execute() Sending 3997808304960018:3
16:26:22.519 main Client.execute() Reply OK
16:26:22.520 main Client.execute() Sending 3997808304960018:4
16:26:22.979 main Client.execute() Reply OK
16:26:23.008 main Client.execute() Sending 3997808304960018:5
16:26:23.105 main Client.execute() Reply OK
16:26:23.142 main Client.execute() Sending 3997808304960018:6
16:26:23.266 main Client.execute() Reply OK
16:26:23.358 main Client.execute() Sending 3997808304960018:7
16:26:23.501 main Client.execute() Reply OK
16:26:23.579 main Client.execute() Sending 3997808304960018:8
16:26:23.688 main Client.execute() Reply OK
16:26:23.739 main Client.execute() Sending 3997808304960018:9
16:26:23.887 main Client.execute() Reply OK
16:26:23.895 main Client.execute() Sending 3997808304960018:10
16:26:24.037 main Client.execute() Reply OK
16:26:24.065 main Client.execute() Sending 3997808304960018:11
16:26:24.252 main Client.execute() Reply OK
16:26:24.342 main Client.execute() Sending 3997808304960018:12
16:26:24.473 main Client.execute() Reply OK
16:26:24.561 main Client.execute() Sending 3997808304960018:13
16:26:24.665 main Client.execute() Reply OK
16:26:24.716 main Client.execute() Sending 3997808304960018:14
16:26:24.803 main Client.execute() Reply OK
16:26:24.825 main Client.execute() Sending 3997808304960018:15
16:26:24.928 main Client.execute() Reply OK
16:26:24.961 main Client.execute() Sending 3997808304960018:16
16:26:25.179 main Client.execute() Reply OK
16:26:25.196 main Client.execute() Sending 3997808304960018:17
16:26:25.272 main Client.execute() Reply OK
16:26:25.323 main Client.execute() Sending 3997808304960018:18
16:26:25.434 main Client.execute() Reply OK
16:26:25.511 main Client.execute() Sending 3997808304960018:19
16:26:25.638 main Client.execute() Reply OK
16:26:25.713 main Client.execute() Sending 3997808304960018:20
16:26:25.881 main Client.execute() Reply OK
16:26:25.917 main Client.execute() Sending 3997808304960018:21
16:26:26.006 main Client.execute() Reply OK
16:26:26.020 main Client.execute() Sending 3997808304960018:22
16:26:26.097 main Client.execute() Reply OK
16:26:26.115 main Client.execute() Sending 3997808304960018:23
16:26:26.188 main Client.execute() Reply OK
16:26:26.216 main Client.execute() Sending 3997808304960018:24
16:26:26.299 main Client.execute() Reply OK
16:26:26.374 main Client.execute() Sending 3997808304960018:25
16:26:26.483 main Client.execute() Reply OK
16:26:26.500 main Client.execute() Sending 3997808304960018:26
16:26:26.639 main Client.execute() Reply OK
16:26:26.704 main Client.execute() Sending 3997808304960018:27
16:26:26.781 main Client.execute() Reply OK
16:26:26.824 main Client.execute() Sending 3997808304960018:28
16:26:26.920 main Client.execute() Reply OK
16:26:26.990 main Client.execute() Sending 3997808304960018:29
16:26:27.069 main Client.execute() Reply OK
16:26:27.098 main Client.execute() Sending 3997808304960018:30
16:26:27.191 main Client.execute() Reply OK
16:26:27.212 main Client.execute() Sending 3997808304960018:31
16:26:27.319 main Client.execute() Reply OK
16:26:27.328 main Client.execute() Sending 3997808304960018:32
16:26:27.429 main Client.execute() Reply OK
16:26:27.510 main Client.execute() Sending 3997808304960018:33
16:26:27.575 main Client.execute() Reply OK
16:26:27.583 main Client.execute() Sending 3997808304960018:34
16:26:27.649 main Client.execute() Reply OK
16:26:27.699 main Client.execute() Sending 3997808304960018:35
16:26:27.801 main Client.execute() Reply OK
16:26:27.868 main Client.execute() Sending 3997808304960018:36
16:26:27.946 main Client.execute() Reply OK
16:26:27.984 main Client.execute() Sending 3997808304960018:37
16:26:28.070 main Client.execute() Reply OK
16:26:28.157 main Client.execute() Sending 3997808304960018:38
16:26:28.230 main Client.execute() Reply OK
16:26:28.318 main Client.execute() Sending 3997808304960018:39
16:26:28.417 main Client.execute() Reply OK
16:26:28.463 main Client.execute() Sending 3997808304960018:40
16:26:28.560 main Client.execute() Reply OK
16:26:28.599 main Client.execute() Sending 3997808304960018:41
16:26:28.681 main Client.execute() Reply OK
16:26:28.730 main Client.execute() Sending 3997808304960018:42
16:26:28.832 main Client.execute() Reply OK
16:26:28.919 main Client.execute() Sending 3997808304960018:43
16:26:28.984 main Client.execute() Reply OK
16:26:29.053 main Client.execute() Sending 3997808304960018:44
16:26:29.177 main Client.execute() Reply OK
16:26:29.224 main Client.execute() Sending 3997808304960018:45
16:26:29.378 main Client.execute() Reply OK
16:26:29.437 main Client.execute() Sending 3997808304960018:46
16:26:29.523 main Client.execute() Reply OK
16:26:29.560 main Client.execute() Sending 3997808304960018:47
16:26:29.625 main Client.execute() Reply OK
16:26:29.711 main Client.execute() Sending 3997808304960018:48
16:26:29.794 main Client.execute() Reply OK
16:26:29.820 main Client.execute() Sending 3997808304960018:49
16:26:29.900 main Client.execute() Reply OK
16:26:29.906 main Client.execute() Sending 3997808304960018:50
16:26:29.985 main Client.execute() Reply OK
16:26:30.007 main Client.execute() Sending 3997808304960018:51
16:26:30.063 main Client.execute() Reply OK
16:26:30.077 main Client.execute() Sending 3997808304960018:52
16:26:30.632 main Client.execute() Reply OK
16:26:30.671 main Client.execute() Sending 3997808304960018:53
16:26:30.731 main Client.execute() Reply OK
16:26:30.759 main Client.execute() Sending 3997808304960018:54
16:26:30.868 main Client.execute() Reply OK
16:26:30.895 main Client.execute() Sending 3997808304960018:55
16:26:31.031 main Client.execute() Reply OK
16:26:31.053 main Client.execute() Sending 3997808304960018:56
16:26:31.117 main Client.execute() Reply OK
16:26:31.133 main Client.execute() Sending 3997808304960018:57
16:26:31.244 main Client.execute() Reply OK
16:26:31.261 main Client.execute() Sending 3997808304960018:58
16:26:31.390 main Client.execute() Reply OK
16:26:31.414 main Client.execute() Sending 3997808304960018:59
16:26:31.510 main Client.execute() Reply OK
16:26:31.601 main Client.execute() Sending 3997808304960018:60
16:26:31.674 main Client.execute() Reply OK
16:26:31.684 main Client.execute() Sending 3997808304960018:61
16:26:31.750 main Client.execute() Reply OK
16:26:31.775 main Client.execute() Sending 3997808304960018:62
16:26:31.890 main Client.execute() Reply OK
16:26:31.923 main Client.execute() Sending 3997808304960018:63
16:26:31.980 main Client.execute() Reply OK
16:26:32.075 main Client.execute() Sending 3997808304960018:64
16:26:32.156 main Client.execute() Reply OK
16:26:32.247 main Client.execute() Sending 3997808304960018:65
16:26:32.327 main Client.execute() Reply OK
16:26:32.406 main Client.execute() Sending 3997808304960018:66
16:26:32.528 main Client.execute() Reply OK
16:26:32.551 main Client.execute() Sending 3997808304960018:67
16:26:32.621 main Client.execute() Reply OK
16:26:32.648 main Client.execute() Sending 3997808304960018:68
16:26:32.750 main Client.execute() Reply OK
16:26:32.779 main Client.execute() Sending 3997808304960018:69
16:26:32.850 main Client.execute() Reply OK
16:26:32.910 main Client.execute() Sending 3997808304960018:70
16:26:33.039 main Client.execute() Reply OK
16:26:33.124 main Client.execute() Sending 3997808304960018:71
16:26:33.225 main Client.execute() Reply OK
16:26:33.314 main Client.execute() Sending 3997808304960018:72
16:26:33.420 main Client.execute() Reply OK
16:26:33.500 main Client.execute() Sending 3997808304960018:73
16:26:33.587 main Client.execute() Reply OK
16:26:33.675 main Client.execute() Sending 3997808304960018:74
16:26:33.761 main Client.execute() Reply OK
16:26:33.853 main Client.execute() Sending 3997808304960018:75
16:26:33.945 main Client.execute() Reply OK
16:26:33.969 main Client.execute() Sending 3997808304960018:76
16:26:34.000 main Client.execute() Reply OK
16:26:34.047 main Client.execute() Sending 3997808304960018:77
16:26:34.141 main Client.execute() Reply OK
16:26:34.172 main Client.execute() Sending 3997808304960018:78
16:26:34.236 main Client.execute() Reply OK
16:26:34.270 main Client.execute() Sending 3997808304960018:79
16:26:34.388 main Client.execute() Reply OK
16:26:34.410 main Client.execute() Sending 3997808304960018:80
16:26:34.543 main Client.execute() Reply OK
16:26:34.606 main Client.execute() Sending 3997808304960018:81
16:26:34.667 main Client.execute() Reply OK
16:26:34.758 main Client.execute() Sending 3997808304960018:82
16:26:34.829 main Client.execute() Reply OK
16:26:34.856 main Client.execute() Sending 3997808304960018:83
16:26:34.941 main Client.execute() Reply OK
16:26:35.012 main Client.execute() Sending 3997808304960018:84
16:26:35.120 main Client.execute() Reply OK
16:26:35.185 main Client.execute() Sending 3997808304960018:85
16:26:35.318 main Client.execute() Reply OK
16:26:35.335 main Client.execute() Sending 3997808304960018:86
16:26:35.389 main Client.execute() Reply OK
16:26:35.401 main Client.execute() Sending 3997808304960018:87
16:26:35.640 main Client.execute() Reply OK
16:26:35.727 main Client.execute() Sending 3997808304960018:88
16:26:35.827 main Client.execute() Reply OK
16:26:35.853 main Client.execute() Sending 3997808304960018:89
16:26:35.919 main Client.execute() Reply OK
16:26:35.981 main Client.execute() Sending 3997808304960018:90
16:26:36.109 main Client.execute() Reply OK
16:26:36.179 main Client.execute() Sending 3997808304960018:91
16:26:36.260 main Client.execute() Reply OK
16:26:36.290 main Client.execute() Sending 3997808304960018:92
16:26:36.361 main Client.execute() Reply OK
16:26:36.426 main Client.execute() Sending 3997808304960018:93
16:26:36.533 main Client.execute() Reply OK
16:26:36.585 main Client.execute() Sending 3997808304960018:94
16:26:36.647 main Client.execute() Reply OK
16:26:36.696 main Client.execute() Sending 3997808304960018:95
16:26:36.754 main Client.execute() Reply OK
16:26:36.853 main Client.execute() Sending 3997808304960018:96
16:26:36.950 main Client.execute() Reply OK
16:26:36.954 main Client.execute() Sending 3997808304960018:97
16:26:37.020 main Client.execute() Reply OK
16:26:37.109 main Client.execute() Sending 3997808304960018:98
16:26:37.201 main Client.execute() Reply OK
16:26:37.247 main Client.execute() Sending 3997808304960018:99
16:26:37.312 main Client.execute() Reply OK
16:26:37.404 main Client.execute() Sending 3997808304960018:100
16:26:37.494 main Client.execute() Reply OK
