16:26:17.243 main Configuration.<init>() Configuration loaded from file: paxos.properties
16:26:19.574 main Configuration.loadProcessList() [p0] localhost, ports = (replica=2021, client=3001)
16:26:19.574 main Configuration.loadProcessList() [p1] localhost, ports = (replica=2022, client=3002)
16:26:19.575 main Configuration.loadProcessList() [p2] localhost, ports = (replica=2023, client=3003)
16:26:19.575 main Client.connectTo() Connecting to localhost:3003
16:26:20.444 main Client.initConnection() New client id: 3997808310270005
16:26:20.444 main Client.connectTo() Connected [p2]. Timeout: 3000
16:26:20.450 main Client.execute() Sending 3997808310270005:1
16:26:21.052 main Client.execute() Reply OK
16:26:21.109 main Client.execute() Sending 3997808310270005:2
16:26:21.780 main Client.execute() Reply OK
16:26:21.841 main Client.execute() Sending 3997808310270005:3
16:26:22.261 main Client.execute() Reply OK
16:26:22.351 main Client.execute() Sending 3997808310270005:4
16:26:22.942 main Client.execute() Reply OK
16:26:22.982 main Client.execute() Sending 3997808310270005:5
16:26:23.108 main Client.execute() Reply OK
16:26:23.155 main Client.execute() Sending 3997808310270005:6
16:26:23.437 main Client.execute() Reply OK
16:26:23.508 main Client.execute() Sending 3997808310270005:7
16:26:23.797 main Client.execute() Reply OK
16:26:23.814 main Client.execute() Sending 3997808310270005:8
16:26:24.181 main Client.execute() Reply OK
16:26:24.262 main Client.execute() Sending 3997808310270005:9
16:26:24.541 main Client.execute() Reply OK
16:26:24.577 main Client.execute() Sending 3997808310270005:10
16:26:24.775 main Client.execute() Reply OK
16:26:24.793 main Client.execute() Sending 3997808310270005:11
16:26:25.135 main Client.execute() Reply OK
16:26:25.206 main Client.execute() Sending 3997808310270005:12
16:26:25.383 main Client.execute() Reply OK
16:26:25.475 main Client.execute() Sending 3997808310270005:13
16:26:25.621 main Client.execute() Reply OK
16:26:25.647 main Client.execute() Sending 3997808310270005:14
16:26:25.934 main Client.execute() Reply OK
16:26:25.964 main Client.execute() Sending 3997808310270005:15
16:26:26.150 main Client.execute() Reply OK
16:26:26.217 main Client.execute() Sending 3997808310270005:16
16:26:26.336 main Client.execute() Reply OK
16:26:26.401 main Client.execute() Sending 3997808310270005:17
16:26:26.516 main Client.execute() Reply OK
16:26:26.598 main Client.execute() Sending 3997808310270005:18
16:26:26.678 main Client.execute() Reply OK
16:26:26.767 main Client.execute() Sending 3997808310270005:19
16:26:26.907 main Client.execute() Reply OK
16:26:26.909 main Client.execute() Sending 3997808310270005:20
16:26:27.039 main Client.execute() Reply OK
16:26:27.066 main Client.execute() Sending 3997808310270005:21
16:26:27.201 main Client.execute() Reply OK
16:26:27.221 main Client.execute() Sending 3997808310270005:22
16:26:27.376 main Client.execute() Reply OK
16:26:27.423 main Client.execute() Sending 3997808310270005:23
16:26:27.541 main Client.execute() Reply OK
16:26:27.545 main Client.execute() Sending 3997808310270005:24
16:26:27.672 main Client.execute() Reply OK
16:26:27.682 main Client.execute() Sending 3997808310270005:25
16:26:27.834 main Client.execute() Reply OK
16:26:27.899 main Client.execute() Sending 3997808310270005:26
16:26:28.056 main Client.execute() Reply OK
16:26:28.109 main Client.execute() Sending 3997808310270005:27
16:26:28.254 main Client.execute() Reply OK
16:26:28.260 main Client.execute() Sending 3997808310270005:28
16:26:28.420 main Client.execute() Reply OK
16:26:28.488 main Client.execute() Sending 3997808310270005:29
16:26:28.639 main Client.execute() Reply OK
16:26:28.655 main Client.execute() Sending 3997808310270005:30
16:26:28.880 main Client.execute() Reply OK
16:26:28.888 main Client.execute() Sending 3997808310270005:31
16:26:29.012 main Client.execute() Reply OK
16:26:29.039 main Client.execute() Sending 3997808310270005:32
16:26:29.167 main Client.execute() Reply OK
16:26:29.252 main Client.execute() Sending 3997808310270005:33
16:26:29.325 main Client.execute() Reply OK
16:26:29.341 main Client.execute() Sending 3997808310270005:34
16:26:29.392 main Client.execute() Reply OK
16:26:29.466 main Client.execute() Sending 3997808310270005:35
16:26:29.590 main Client.execute() Reply OK
16:26:29.653 main Client.execute() Sending 3997808310270005:36
16:26:29.793 main Client.execute() Reply OK
16:26:29.804 main Client.execute() Sending 3997808310270005:37
16:26:29.951 main Client.execute() Reply OK
16:26:30.033 main Client.execute() Sending 3997808310270005:38
16:26:30.672 main Client.execute() Reply OK
16:26:30.688 main Client.execute() Sending 3997808310270005:39
16:26:30.840 main Client.execute() Reply OK
16:26:30.869 main Client.execute() Sending 3997808310270005:40
16:26:31.141 main Client.execute() Reply OK
16:26:31.218 main Client.execute() Sending 3997808310270005:41
16:26:31.359 main Client.execute() Reply OK
16:26:31.396 main Client.execute() Sending 3997808310270005:42
16:26:31.516 main Client.execute() Reply OK
16:26:31.532 main Client.execute() Sending 3997808310270005:43
16:26:31.660 main Client.execute() Reply OK
16:26:31.724 main Client.execute() Sending 3997808310270005:44
16:26:31.919 main Client.execute() Reply OK
16:26:31.931 main Client.execute() Sending 3997808310270005:45
16:26:32.052 main Client.execute() Reply OK
16:26:32.055 main Client.execute() Sending 3997808310270005:46
16:26:32.154 main Client.execute() Reply OK
16:26:32.167 main Client.execute() Sending 3997808310270005:47
16:26:32.261 main Client.execute() Reply OK
16:26:32.285 main Client.execute() Sending 3997808310270005:48
16:26:32.408 main Client.execute() Reply OK
16:26:32.482 main Client.execute() Sending 3997808310270005:49
16:26:32.602 main Client.execute() Reply OK
16:26:32.638 main Client.execute() Sending 3997808310270005:50
16:26:32.716 main Client.execute() Reply OK
16:26:32.785 main Client.execute() Sending 3997808310270005:51
16:26:32.875 main Client.execute() Reply OK
16:26:32.877 main Client.execute() Sending 3997808310270005:52
16:26:32.978 main Client.execute() Reply OK
16:26:32.994 main Client.execute() Sending 3997808310270005:53
16:26:33.169 main Client.execute() Reply OK
16:26:33.208 main Client.execute() Sending 3997808310270005:54
16:26:33.287 main Client.execute() Reply OK
16:26:33.301 main Client.execute() Sending 3997808310270005:55
16:26:33.398 main Client.execute() Reply OK
16:26:33.439 main Client.execute() Sending 3997808310270005:56
16:26:33.500 main Client.execute() Reply OK
16:26:33.542 main Client.execute() Sending 3997808310270005:57
16:26:33.675 main Client.execute() Reply OK
16:26:33.736 main Client.execute() Sending 3997808310270005:58
16:26:33.865 main Client.execute() Reply OK
16:26:33.899 main Client.execute() Sending 3997808310270005:59
16:26:33.995 main Client.execute() Reply OK
16:26:34.070 main Client.execute() Sending 3997808310270005:60
16:26:34.197 main Client.execute() Reply OK
16:26:34.236 main Client.execute() Sending 3997808310270005:61
16:26:34.346 main Client.execute() Reply OK
16:26:34.436 main Client.execute() Sending 3997808310270005:62
16:26:34.613 main Client.execute() Reply OK
16:26:34.614 main Client.execute() Sending 3997808310270005:63
16:26:34.719 main Client.execute() Reply OK
16:26:34.753 main Client.execute() Sending 3997808310270005:64
16:26:34.888 main Client.execute() Reply OK
16:26:34.975 main Client.execute() Sending 3997808310270005:65
16:26:35.207 main Client.execute() Reply OK
16:26:35.290 main Client.execute() Sending 3997808310270005:66
16:26:35.535 main Client.execute() Reply OK
16:26:35.596 main Client.execute() Sending 3997808310270005:67
16:26:35.768 main Client.execute() Reply OK
16:26:35.824 main Client.execute() Sending 3997808310270005:68
16:26:36.082 main Client.execute() Reply OK
16:26:36.157 main Client.execute() Sending 3997808310270005:69
16:26:36.285 main Client.execute() Reply OK
16:26:36.302 main Client.execute() Sending 3997808310270005:70
16:26:36.449 main Client.execute() Reply OK
16:26:36.476 main Client.execute() Sending 3997808310270005:71
16:26:36.611 main Client.execute() Reply OK
16:26:36.696 main Client.execute() Sending 3997808310270005:72
16:26:36.742 main Client.execute() Reply OK
16:26:36.837 main Client.execute() Sending 3997808310270005:73
16:26:37.016 main Client.execute() Reply OK
16:26:37.096 main Client.execute() Sending 3997808310270005:74
16:26:37.232 main Client.execute() Reply OK
16:26:37.258 main Client.execute() Sending 3997808310270005:75
16:26:37.313 main Client.execute() Reply OK
16:26:37.373 main Client.execute() Sending 3997808310270005:76
16:26:37.454 main Client.execute() Reply OK
16:26:37.479 main Client.execute() Sending 3997808310270005:77
16:26:37.704 main Client.execute() Reply OK
16:26:37.706 main Client.execute() Sending 3997808310270005:78
16:26:37.793 main Client.execute() Reply OK
16:26:37.860 main Client.execute() Sending 3997808310270005:79
16:26:37.901 main Client.execute() Reply OK
16:26:37.984 main Client.execute() Sending 3997808310270005:80
16:26:38.078 main Client.execute() Reply OK
16:26:38.162 main Client.execute() Sending 3997808310270005:81
16:26:38.233 main Client.execute() Reply OK
16:26:38.302 main Client.execute() Sending 3997808310270005:82
16:26:38.344 main Client.execute() Reply OK
16:26:38.362 main Client.execute() Sending 3997808310270005:83
16:26:38.404 main Client.execute() Reply OK
16:26:38.446 main Client.execute() Sending 3997808310270005:84
16:26:38.478 main Client.execute() Reply OK
16:26:38.495 main Client.execute() Sending 3997808310270005:85
16:26:38.550 main Client.execute() Reply OK
16:26:38.628 main Client.execute() Sending 3997808310270005:86
16:26:38.664 main Client.execute() Reply OK
16:26:38.682 main Client.execute() Sending 3997808310270005:87
16:26:38.740 main Client.execute() Reply OK
16:26:38.777 main Client.execute() Sending 3997808310270005:88
16:26:38.870 main Client.execute() Reply OK
16:26:38.972 main Client.execute() Sending 3997808310270005:89
16:26:39.033 main Client.execute() Reply OK
16:26:39.119 main Client.execute() Sending 3997808310270005:90
16:26:39.175 main Client.execute() Reply OK
16:26:39.196 main Client.execute() Sending 3997808310270005:91
16:26:39.229 main Client.execute() Reply OK
16:26:39.232 main Client.execute() Sending 3997808310270005:92
16:26:39.260 main Client.execute() Reply OK
16:26:39.293 main Client.execute() Sending 3997808310270005:93
16:26:39.340 main Client.execute() Reply OK
16:26:39.417 main Client.execute() Sending 3997808310270005:94
16:26:39.497 main Client.execute() Reply OK
16:26:39.560 main Client.execute() Sending 3997808310270005:95
16:26:39.645 main Client.execute() Reply OK
16:26:39.732 main Client.execute() Sending 3997808310270005:96
16:26:39.803 main Client.execute() Reply OK
16:26:39.819 main Client.execute() Sending 3997808310270005:97
16:26:39.895 main Client.execute() Reply OK
16:26:39.940 main Client.execute() Sending 3997808310270005:98
16:26:39.996 main Client.execute() Reply OK
16:26:40.004 main Client.execute() Sending 3997808310270005:99
16:26:40.058 main Client.execute() Reply OK
16:26:40.076 main Client.execute() Sending 3997808310270005:100
16:26:40.148 main Client.execute() Reply OK
