16:26:17.343 main Configuration.<init>() Configuration loaded from file: paxos.properties
16:26:19.782 main Configuration.loadProcessList() [p0] localhost, ports = (replica=2021, client=3001)
16:26:19.783 main Configuration.loadProcessList() [p1] localhost, ports = (replica=2022, client=3002)
16:26:19.783 main Configuration.loadProcessList() [p2] localhost, ports = (replica=2023, client=3003)
16:26:19.784 main Client.connectTo() Connecting to localhost:3002
16:26:19.836 main Client.initConnection() New client id: 3997808307426004
16:26:19.836 main Client.connectTo() Connected [p1]. Timeout: 3000
16:26:19.839 main Client.execute() Sending 3997808307426004:1
16:26:20.405 main Client.execute() Reply OK
16:26:20.437 main Client.execute() Sending 3997808307426004:2
16:26:21.032 main Client.execute() Reply OK
16:26:21.067 main Client.execute() Sending 3997808307426004:3
16:26:21.416 main Client.execute() Reply OK
16:26:21.441 main Client.execute() Sending 3997808307426004:4
16:26:21.681 main Client.execute() Reply OK
16:26:21.733 main Client.execute() Sending 3997808307426004:5
16:26:22.008 main Client.execute() Reply OK
16:26:22.076 main Client.execute() Sending 3997808307426004:6
16:26:22.275 main Client.execute() Reply OK
16:26:22.316 main Client.execute() Sending 3997808307426004:7
16:26:22.674 main Client.execute() Reply OK
16:26:22.685 main Client.execute() Sending 3997808307426004:8
16:26:22.969 main Client.execute() Reply OK
16:26:22.988 main Client.execute() Sending 3997808307426004:9
16:26:23.129 main Client.execute() Reply OK
16:26:23.144 main Client.execute() Sending 3997808307426004:10
16:26:23.244 main Client.execute() Reply OK
16:26:23.326 main Client.execute() Sending 3997808307426004:11
16:26:23.474 main Client.execute() Reply OK
16:26:23.554 main Client.execute() Sending 3997808307426004:12
16:26:23.685 main Client.execute() Reply OK
16:26:23.698 main Client.execute() Sending 3997808307426004:13
16:26:23.823 main Client.execute() Reply OK
16:26:23.847 main Client.execute() Sending 3997808307426004:14
16:26:23.976 main Client.execute() Reply OK
16:26:24.006 main Client.execute() Sending 3997808307426004:15
16:26:24.233 main Client.execute() Reply OK
16:26:24.280 main Client.execute() Sending 3997808307426004:16
16:26:24.422 main Client.execute() Reply OK
16:26:24.519 main Client.execute() Sending 3997808307426004:17
16:26:24.715 main Client.execute() Reply OK
16:26:24.807 main Client.execute() Sending 3997808307426004:18
16:26:24.920 main Client.execute() Reply OK
16:26:24.998 main Client.execute() Sending 3997808307426004:19
16:26:25.173 main Client.execute() Reply OK
16:26:25.244 main Client.execute() Sending 3997808307426004:20
16:26:25.335 main Client.execute() Reply OK
16:26:25.345 main Client.execute() Sending 3997808307426004:21
16:26:25.494 main Client.execute() Reply OK
16:26:25.571 main Client.execute() Sending 3997808307426004:22
16:26:25.893 main Client.execute() Reply OK
16:26:25.928 main Client.execute() Sending 3997808307426004:23
16:26:26.002 main Client.execute() Reply OK
16:26:26.015 main Client.execute() Sending 3997808307426004:24
16:26:26.124 main Client.execute() Reply OK
16:26:26.137 main Client.execute() Sending 3997808307426004:25
16:26:26.230 main Client.execute() Reply OK
16:26:26.259 main Client.execute() Sending 3997808307426004:26
16:26:26.320 main Client.execute() Reply OK
16:26:26.388 main Client.execute() Sending 3997808307426004:27
16:26:26.479 main Client.execute() Reply OK
16:26:26.518 main Client.execute() Sending 3997808307426004:28
16:26:26.617 main Client.execute() Reply OK
16:26:26.648 main Client.execute() Sending 3997808307426004:29
16:26:26.710 main Client.execute() Reply OK
16:26:26.784 main Client.execute() Sending 3997808307426004:30
16:26:26.846 main Client.execute() Reply OK
16:26:26.886 main Client.execute() Sending 3997808307426004:31
16:26:26.982 main Client.execute() Reply OK
16:26:26.992 main Client.execute() Sending 3997808307426004:32
16:26:27.062 main Client.execute() Reply OK
16:26:27.077 main Client.execute() Sending 3997808307426004:33
16:26:27.146 main Client.execute() Reply OK
16:26:27.187 main Client.execute() Sending 3997808307426004:34
16:26:27.270 main Client.execute() Reply OK
16:26:27.342 main Client.execute() Sending 3997808307426004:35
16:26:27.421 main Client.execute() Reply OK
16:26:27.436 main Client.execute() Sending 3997808307426004:36
16:26:27.506 main Client.execute() Reply OK
16:26:27.507 main Client.execute() Sending 3997808307426004:37
16:26:27.540 main Client.execute() Reply OK
16:26:27.636 main Client.execute() Sending 3997808307426004:38
16:26:27.700 main Client.execute() Reply OK
16:26:27.759 main Client.execute() Sending 3997808307426004:39
16:26:27.853 main Client.execute() Reply OK
16:26:27.857 main Client.execute() Sending 3997808307426004:40
16:26:27.962 main Client.execute() Reply OK
16:26:28.052 main Client.execute() Sending 3997808307426004:41
16:26:28.127 main Client.execute() Reply OK
16:26:28.202 main Client.execute() Sending 3997808307426004:42
16:26:28.299 main Client.execute() Reply OK
16:26:28.335 main Client.execute() Sending 3997808307426004:43
16:26:28.435 main Client.execute() Reply OK
16:26:28.487 main Client.execute() Sending 3997808307426004:44
16:26:28.567 main Client.execute() Reply OK
16:26:28.661 main Client.execute() Sending 3997808307426004:45
16:26:28.751 main Client.execute() Reply OK
16:26:28.769 main Client.execute() Sending 3997808307426004:46
16:26:28.883 main Client.execute() Reply OK
16:26:28.939 main Client.execute() Sending 3997808307426004:47
16:26:29.004 main Client.execute() Reply OK
16:26:29.070 main Client.execute() Sending 3997808307426004:48
16:26:29.146 main Client.execute() Reply OK
16:26:29.244 main Client.execute() Sending 3997808307426004:49
16:26:29.331 main Client.execute() Reply OK
16:26:29.396 main Client.execute() Sending 3997808307426004:50
16:26:29.457 main Client.execute() Reply OK
16:26:29.555 main Client.execute() Sending 3997808307426004:51
16:26:29.632 main Client.execute() Reply OK
16:26:29.633 main Client.execute() Sending 3997808307426004:52
16:26:29.702 main Client.execute() Reply OK
16:26:29.785 main Client.execute() Sending 3997808307426004:53
16:26:29.881 main Client.execute() Reply OK
16:26:29.917 main Client.execute() Sending 3997808307426004:54
16:26:30.007 main Client.execute() Reply OK
16:26:30.067 main Client.execute() Sending 3997808307426004:55
16:26:30.137 main Client.execute() Reply OK
16:26:30.219 main Client.execute() Sending 3997808307426004:56
16:26:30.640 main Client.execute() Reply OK
16:26:30.733 main Client.execute() Sending 3997808307426004:57
16:26:30.797 main Client.execute() Reply OK
16:26:30.839 main Client.execute() Sending 3997808307426004:58
16:26:30.944 main Client.execute() Reply OK
16:26:31.044 main Client.execute() Sending 3997808307426004:59
16:26:31.121 main Client.execute() Reply OK
16:26:31.191 main Client.execute() Sending 3997808307426004:60
16:26:31.260 main Client.execute() Reply OK
16:26:31.288 main Client.execute() Sending 3997808307426004:61
16:26:31.346 main Client.execute() Reply OK
16:26:31.401 main Client.execute() Sending 3997808307426004:62
16:26:31.469 main Client.execute() Reply OK
16:26:31.563 main Client.execute() Sending 3997808307426004:63
16:26:31.623 main Client.execute() Reply OK
16:26:31.716 main Client.execute() Sending 3997808307426004:64
16:26:31.789 main Client.execute() Reply OK
16:26:31.845 main Client.execute() Sending 3997808307426004:65
16:26:31.900 main Client.execute() Reply OK
16:26:31.912 main Client.execute() Sending 3997808307426004:66
16:26:31.971 main Client.execute() Reply OK
16:26:32.059 main Client.execute() Sending 3997808307426004:67
16:26:32.117 main Client.execute() Reply OK
16:26:32.179 main Client.execute() Sending 3997808307426004:68
16:26:32.238 main Client.execute() Reply OK
16:26:32.239 main Client.execute() Sending 3997808307426004:69
16:26:32.320 main Client.execute() Reply OK
16:26:32.364 main Client.execute() Sending 3997808307426004:70
16:26:32.438 main Client.execute() Reply OK
16:26:32.517 main Client.execute() Sending 3997808307426004:71
16:26:32.619 main Client.execute() Reply OK
16:26:32.691 main Client.execute() Sending 3997808307426004:72
16:26:32.781 main Client.execute() Reply OK
16:26:32.788 main Client.execute() Sending 3997808307426004:73
16:26:32.858 main Client.execute() Reply OK
16:26:32.897 main Client.execute() Sending 3997808307426004:74
16:26:32.965 main Client.execute() Reply OK
16:26:33.024 main Client.execute() Sending 3997808307426004:75
16:26:33.131 main Client.execute() Reply OK
16:26:33.184 main Client.execute() Sending 3997808307426004:76
16:26:33.231 main Client.execute() Reply OK
16:26:33.312 main Client.execute() Sending 3997808307426004:77
16:26:33.417 main Client.execute() Reply OK
16:26:33.517 main Client.execute() Sending 3997808307426004:78
16:26:33.599 main Client.execute() Reply OK
16:26:33.641 main Client.execute() Sending 3997808307426004:79
16:26:33.710 main Client.execute() Reply OK
16:26:33.721 main Client.execute() Sending 3997808307426004:80
16:26:33.790 main Client.execute() Reply OK
16:26:33.882 main Client.execute() Sending 3997808307426004:81
16:26:33.953 main Client.execute() Reply OK
16:26:34.026 main Client.execute() Sending 3997808307426004:82
16:26:34.071 main Client.execute() Reply OK
16:26:34.118 main Client.execute() Sending 3997808307426004:83
16:26:34.184 main Client.execute() Reply OK
16:26:34.229 main Client.execute() Sending 3997808307426004:84
16:26:34.287 main Client.execute() Reply OK
16:26:34.362 main Client.execute() Sending 3997808307426004:85
16:26:34.450 main Client.execute() Reply OK
16:26:34.454 main Client.execute() Sending 3997808307426004:86
16:26:34.539 main Client.execute() Reply OK
16:26:34.571 main Client.execute() Sending 3997808307426004:87
16:26:34.658 main Client.execute() Reply OK
16:26:34.661 main Client.execute() Sending 3997808307426004:88
16:26:34.709 main Client.execute() Reply OK
16:26:34.723 main Client.execute() Sending 3997808307426004:89
16:26:34.770 main Client.execute() Reply OK
16:26:34.783 main Client.execute() Sending 3997808307426004:90
16:26:34.832 main Client.execute() Reply OK
16:26:34.858 main Client.execute() Sending 3997808307426004:91
16:26:34.993 main Client.execute() Reply OK
16:26:35.065 main Client.execute() Sending 3997808307426004:92
16:26:35.196 main Client.execute() Reply OK
16:26:35.285 main Client.execute() Sending 3997808307426004:93
16:26:35.369 main Client.execute() Reply OK
16:26:35.469 main Client.execute() Sending 3997808307426004:94
16:26:35.643 main Client.execute() Reply OK
16:26:35.714 main Client.execute() Sending 3997808307426004:95
16:26:35.785 main Client.execute() Reply OK
16:26:35.866 main Client.execute() Sending 3997808307426004:96
16:26:35.945 main Client.execute() Reply OK
16:26:35.985 main Client.execute() Sending 3997808307426004:97
16:26:36.098 main Client.execute() Reply OK
16:26:36.138 main Client.execute() Sending 3997808307426004:98
16:26:36.239 main Client.execute() Reply OK
16:26:36.309 main Client.execute() Sending 3997808307426004:99
16:26:36.420 main Client.execute() Reply OK
16:26:36.449 main Client.execute() Sending 3997808307426004:100
16:26:36.530 main Client.execute() Reply OK
