16:26:18.778 main Configuration.<init>() Configuration loaded from file: paxos.properties
16:26:20.353 main Configuration.loadProcessList() [p0] localhost, ports = (replica=2021, client=3001)
16:26:20.353 main Configuration.loadProcessList() [p1] localhost, ports = (replica=2022, client=3002)
16:26:20.353 main Configuration.loadProcessList() [p2] localhost, ports = (replica=2023, client=3003)
16:26:20.354 main Client.connectTo() Connecting to localhost:3002
16:26:21.111 main Client.initConnection() New client id: 3997808307426025
16:26:21.112 main Client.connectTo() Connected [p1]. Timeout: 3000
16:26:21.119 main Client.execute() Sending 3997808307426025:1
16:26:21.421 main Client.execute() Reply OK
16:26:21.430 main Client.execute() Sending 3997808307426025:2
16:26:21.675 main Client.execute() Reply OK
16:26:21.706 main Client.execute() Sending 3997808307426025:3
16:26:21.953 main Client.execute() Reply OK
16:26:21.980 main Client.execute() Sending 3997808307426025:4
16:26:22.147 main Client.execute() Reply OK
16:26:22.221 main Client.execute() Sending 3997808307426025:5
16:26:22.612 main Client.execute() Reply OK
16:26:22.698 main Client.execute() Sending 3997808307426025:6
16:26:22.970 main Client.execute() Reply OK
16:26:23.055 main Client.execute() Sending 3997808307426025:7
16:26:23.180 main Client.execute() Reply OK
16:26:23.251 main Client.execute() Sending 3997808307426025:8
16:26:23.374 main Client.execute() Reply OK
16:26:23.395 main Client.execute() Sending 3997808307426025:9
16:26:23.530 main Client.execute() Reply OK
16:26:23.603 main Client.execute() Sending 3997808307426025:10
16:26:23.714 main Client.execute() Reply OK
16:26:23.763 main Client.execute() Sending 3997808307426025:11
16:26:23.895 main Client.execute() Reply OK
16:26:23.979 main Client.execute() Sending 3997808307426025:12
16:26:24.095 main Client.execute() Reply OK
16:26:24.099 main Client.execute() Sending 3997808307426025:13
16:26:24.256 main Client.execute() Reply OK
16:26:24.286 main Client.execute() Sending 3997808307426025:14
16:26:24.425 main Client.execute() Reply OK
16:26:24.477 main Client.execute() Sending 3997808307426025:15
16:26:24.686 main Client.execute() Reply OK
16:26:24.782 main Client.execute() Sending 3997808307426025:16
16:26:24.893 main Client.execute() Reply OK
16:26:24.907 main Client.execute() Sending 3997808307426025:17
16:26:25.170 main Client.execute() Reply OK
16:26:25.175 main Client.execute() Sending 3997808307426025:18
16:26:25.286 main Client.execute() Reply OK
16:26:25.344 main Client.execute() Sending 3997808307426025:19
16:26:25.482 main Client.execute() Reply OK
16:26:25.577 main Client.execute() Sending 3997808307426025:20
16:26:25.893 main Client.execute() Reply OK
16:26:25.928 main Client.execute() Sending 3997808307426025:21
16:26:25.991 main Client.execute() Reply OK
16:26:26.080 main Client.execute() Sending 3997808307426025:22
16:26:26.171 main Client.execute() Reply OK
16:26:26.239 main Client.execute() Sending 3997808307426025:23
16:26:26.296 main Client.execute() Reply OK
16:26:26.315 main Client.execute() Sending 3997808307426025:24
16:26:26.391 main Client.execute() Reply OK
16:26:26.435 main Client.execute() Sending 3997808307426025:25
16:26:26.541 main Client.execute() Reply OK
16:26:26.605 main Client.execute() Sending 3997808307426025:26
16:26:26.697 main Client.execute() Reply OK
16:26:26.726 main Client.execute() Sending 3997808307426025:27
16:26:26.809 main Client.execute() Reply OK
16:26:26.899 main Client.execute() Sending 3997808307426025:28
16:26:26.986 main Client.execute() Reply OK
16:26:27.011 main Client.execute() Sending 3997808307426025:29
16:26:27.064 main Client.execute() Reply OK
16:26:27.104 main Client.execute() Sending 3997808307426025:30
16:26:27.174 main Client.execute() Reply OK
16:26:27.230 main Client.execute() Sending 3997808307426025:31
16:26:27.302 main Client.execute() Reply OK
16:26:27.341 main Client.execute() Sending 3997808307426025:32
16:26:27.404 main Client.execute() Reply OK
16:26:27.413 main Client.execute() Sending 3997808307426025:33
16:26:27.505 main Client.execute() Reply OK
16:26:27.600 main Client.execute() Sending 3997808307426025:34
16:26:27.667 main Client.execute() Reply OK
16:26:27.672 main Client.execute() Sending 3997808307426025:35
16:26:27.813 main Client.execute() Reply OK
16:26:27.857 main Client.execute() Sending 3997808307426025:36
16:26:27.924 main Client.execute() Reply OK
16:26:27.996 main Client.execute() Sending 3997808307426025:37
16:26:28.085 main Client.execute() Reply OK
16:26:28.156 main Client.execute() Sending 3997808307426025:38
16:26:28.239 main Client.execute() Reply OK
16:26:28.323 main Client.execute() Sending 3997808307426025:39
16:26:28.404 main Client.execute() Reply OK
16:26:28.405 main Client.execute() Sending 3997808307426025:40
16:26:28.503 main Client.execute() Reply OK
16:26:28.517 main Client.execute() Sending 3997808307426025:41
16:26:28.591 main Client.execute() Reply OK
16:26:28.666 main Client.execute() Sending 3997808307426025:42
16:26:28.762 main Client.execute() Reply OK
16:26:28.769 main Client.execute() Sending 3997808307426025:43
16:26:28.854 main Client.execute() Reply OK
16:26:28.859 main Client.execute() Sending 3997808307426025:44
16:26:28.938 main Client.execute() Reply OK
16:26:28.989 main Client.execute() Sending 3997808307426025:45
16:26:29.056 main Client.execute() Reply OK
16:26:29.156 main Client.execute() Sending 3997808307426025:46
16:26:29.265 main Client.execute() Reply OK
16:26:29.285 main Client.execute() Sending 3997808307426025:47
16:26:29.350 main Client.execute() Reply OK
16:26:29.351 main Client.execute() Sending 3997808307426025:48
16:26:29.417 main Client.execute() Reply OK
16:26:29.506 main Client.execute() Sending 3997808307426025:49
16:26:29.583 main Client.execute() Reply OK
16:26:29.618 main Client.execute() Sending 3997808307426025:50
16:26:29.677 main Client.execute() Reply OK
16:26:29.773 main Client.execute() Sending 3997808307426025:51
16:26:29.881 main Client.execute() Reply OK
16:26:29.923 main Client.execute() Sending 3997808307426025:52
16:26:30.022 main Client.execute() Reply OK
16:26:30.049 main Client.execute() Sending 3997808307426025:53
16:26:30.135 main Client.execute() Reply OK
16:26:30.177 main Client.execute() Sending 3997808307426025:54
16:26:30.640 main Client.execute() Reply OK
16:26:30.733 main Client.execute() Sending 3997808307426025:55
16:26:30.807 main Client.execute() Reply OK
16:26:30.905 main Client.execute() Sending 3997808307426025:56
16:26:31.057 main Client.execute() Reply OK
16:26:31.114 main Client.execute() Sending 3997808307426025:57
16:26:31.188 main Client.execute() Reply OK
16:26:31.282 main Client.execute() Sending 3997808307426025:58
16:26:31.346 main Client.execute() Reply OK
16:26:31.407 main Client.execute() Sending 3997808307426025:59
16:26:31.480 main Client.execute() Reply OK
16:26:31.578 main Client.execute() Sending 3997808307426025:60
16:26:31.686 main Client.execute() Reply OK
16:26:31.724 main Client.execute() Sending 3997808307426025:61
16:26:31.869 main Client.execute() Reply OK
16:26:31.915 main Client.execute() Sending 3997808307426025:62
16:26:31.972 main Client.execute() Reply OK
16:26:32.047 main Client.execute() Sending 3997808307426025:63
16:26:32.117 main Client.execute() Reply OK
16:26:32.165 main Client.execute() Sending 3997808307426025:64
16:26:32.238 main Client.execute() Reply OK
16:26:32.323 main Client.execute() Sending 3997808307426025:65
16:26:32.417 main Client.execute() Reply OK
16:26:32.420 main Client.execute() Sending 3997808307426025:66
16:26:32.482 main Client.execute() Reply OK
16:26:32.529 main Client.execute() Sending 3997808307426025:67
16:26:32.620 main Client.execute() Reply OK
16:26:32.662 main Client.execute() Sending 3997808307426025:68
16:26:32.729 main Client.execute() Reply OK
16:26:32.807 main Client.execute() Sending 3997808307426025:69
16:26:32.858 main Client.execute() Reply OK
16:26:32.944 main Client.execute() Sending 3997808307426025:70
16:26:33.054 main Client.execute() Reply OK
16:26:33.143 main Client.execute() Sending 3997808307426025:71
16:26:33.186 main Client.execute() Reply OK
16:26:33.191 main Client.execute() Sending 3997808307426025:72
16:26:33.233 main Client.execute() Reply OK
16:26:33.277 main Client.execute() Sending 3997808307426025:73
16:26:33.346 main Client.execute() Reply OK
16:26:33.392 main Client.execute() Sending 3997808307426025:74
16:26:33.515 main Client.execute() Reply OK
16:26:33.598 main Client.execute() Sending 3997808307426025:75
16:26:33.668 main Client.execute() Reply OK
16:26:33.673 main Client.execute() Sending 3997808307426025:76
16:26:33.749 main Client.execute() Reply OK
16:26:33.768 main Client.execute() Sending 3997808307426025:77
16:26:33.865 main Client.execute() Reply OK
16:26:33.949 main Client.execute() Sending 3997808307426025:78
16:26:33.982 main Client.execute() Reply OK
16:26:34.047 main Client.execute() Sending 3997808307426025:79
16:26:34.114 main Client.execute() Reply OK
16:26:34.146 main Client.execute() Sending 3997808307426025:80
16:26:34.214 main Client.execute() Reply OK
16:26:34.310 main Client.execute() Sending 3997808307426025:81
16:26:34.405 main Client.execute() Reply OK
16:26:34.462 main Client.execute() Sending 3997808307426025:82
16:26:34.540 main Client.execute() Reply OK
16:26:34.579 main Client.execute() Sending 3997808307426025:83
16:26:34.658 main Client.execute() Reply OK
16:26:34.740 main Client.execute() Sending 3997808307426025:84
16:26:34.831 main Client.execute() Reply OK
16:26:34.923 main Client.execute() Sending 3997808307426025:85
16:26:35.049 main Client.execute() Reply OK
16:26:35.117 main Client.execute() Sending 3997808307426025:86
16:26:35.208 main Client.execute() Reply OK
16:26:35.285 main Client.execute() Sending 3997808307426025:87
16:26:35.370 main Client.execute() Reply OK
16:26:35.371 main Client.execute() Sending 3997808307426025:88
16:26:35.584 main Client.execute() Reply OK
16:26:35.668 main Client.execute() Sending 3997808307426025:89
16:26:35.738 main Client.execute() Reply OK
16:26:35.765 main Client.execute() Sending 3997808307426025:90
16:26:35.891 main Client.execute() Reply OK
16:26:35.944 main Client.execute() Sending 3997808307426025:91
16:26:36.097 main Client.execute() Reply OK
16:26:36.182 main Client.execute() Sending 3997808307426025:92
16:26:36.243 main Client.execute() Reply OK
16:26:36.287 main Client.execute() Sending 3997808307426025:93
16:26:36.385 main Client.execute() Reply OK
16:26:36.451 main Client.execute() Sending 3997808307426025:94
16:26:36.530 main Client.execute() Reply OK
16:26:36.613 main Client.execute() Sending 3997808307426025:95
16:26:36.684 main Client.execute() Reply OK
16:26:36.707 main Client.execute() Sending 3997808307426025:96
16:26:36.742 main Client.execute() Reply OK
16:26:36.769 main Client.execute() Sending 3997808307426025:97
16:26:36.940 main Client.execute() Reply OK
16:26:37.033 main Client.execute() Sending 3997808307426025:98
16:26:37.177 main Client.execute() Reply OK
16:26:37.270 main Client.execute() Sending 3997808307426025:99
16:26:37.309 main Client.execute() Reply OK
16:26:37.392 main Client.execute() Sending 3997808307426025:100
16:26:37.453 main Client.execute() Reply OK
