16:26:20.518 main Configuration.<init>() Configuration loaded from file: paxos.properties
16:26:21.625 main Configuration.loadProcessList() [p0] localhost, ports = (replica=2021, client=3001)
16:26:21.625 main Configuration.loadProcessList() [p1] localhost, ports = (replica=2022, client=3002)
16:26:21.625 main Configuration.loadProcessList() [p2] localhost, ports = (replica=2023, client=3003)
16:26:21.626 main Client.connectTo() Connecting to localhost:3003
16:26:21.681 main Client.initConnection() New client id: 3997808310270041
16:26:21.682 main Client.connectTo() Connected [p2]. Timeout: 3000
16:26:21.684 main Client.execute() Sending 3997808310270041:1
16:26:22.220 main Client.execute() Reply OK
16:26:22.242 main Client.execute() Sending 3997808310270041:2
16:26:22.880 main Client.execute() Reply OK
16:26:22.948 main Client.execute() Sending 3997808310270041:3
16:26:23.043 main Client.execute() Reply OK
16:26:23.138 main Client.execute() Sending 3997808310270041:4
16:26:23.416 main Client.execute() Reply OK
16:26:23.492 main Client.execute() Sending 3997808310270041:5
16:26:23.797 main Client.execute() Reply OK
16:26:23.867 main Client.execute() Sending 3997808310270041:6
16:26:24.194 main Client.execute() Reply OK
16:26:24.234 main Client.execute() Sending 3997808310270041:7
16:26:24.518 main Client.execute() Reply OK
16:26:24.569 main Client.execute() Sending 3997808310270041:8
16:26:24.776 main Client.execute() Reply OK
16:26:24.842 main Client.execute() Sending 3997808310270041:9
16:26:25.231 main Client.execute() Reply OK
16:26:25.247 main Client.execute() Sending 3997808310270041:10
16:26:25.428 main Client.execute() Reply OK
16:26:25.508 main Client.execute() Sending 3997808310270041:11
16:26:25.622 main Client.execute() Reply OK
16:26:25.640 main Client.execute() Sending 3997808310270041:12
16:26:25.934 main Client.execute() Reply OK
16:26:25.953 main Client.execute() Sending 3997808310270041:13
16:26:26.138 main Client.execute() Reply OK
16:26:26.161 main Client.execute() Sending 3997808310270041:14
16:26:26.330 main Client.execute() Reply OK
16:26:26.428 main Client.execute() Sending 3997808310270041:15
16:26:26.540 main Client.execute() Reply OK
16:26:26.613 main Client.execute() Sending 3997808310270041:16
16:26:26.679 main Client.execute() Reply OK
16:26:26.778 main Client.execute() Sending 3997808310270041:17
16:26:26.941 main Client.execute() Reply OK
16:26:26.980 main Client.execute() Sending 3997808310270041:18
16:26:27.090 main Client.execute() Reply OK
16:26:27.155 main Client.execute() Sending 3997808310270041:19
16:26:27.281 main Client.execute() Reply OK
16:26:27.350 main Client.execute() Sending 3997808310270041:20
16:26:27.474 main Client.execute() Reply OK
16:26:27.486 main Client.execute() Sending 3997808310270041:21
16:26:27.559 main Client.execute() Reply OK
16:26:27.583 main Client.execute() Sending 3997808310270041:22
16:26:27.730 main Client.execute() Reply OK
16:26:27.761 main Client.execute() Sending 3997808310270041:23
16:26:27.839 main Client.execute() Reply OK
16:26:27.843 main Client.execute() Sending 3997808310270041:24
16:26:27.979 main Client.execute() Reply OK
16:26:27.991 main Client.execute() Sending 3997808310270041:25
16:26:28.153 main Client.execute() Reply OK
16:26:28.192 main Client.execute() Sending 3997808310270041:26
16:26:28.359 main Client.execute() Reply OK
16:26:28.360 main Client.execute() Sending 3997808310270041:27
16:26:28.570 main Client.execute() Reply OK
16:26:28.646 main Client.execute() Sending 3997808310270041:28
16:26:28.822 main Client.execute() Reply OK
16:26:28.854 main Client.execute() Sending 3997808310270041:29
16:26:29.001 main Client.execute() Reply OK
16:26:29.070 main Client.execute() Sending 3997808310270041:30
16:26:29.174 main Client.execute() Reply OK
16:26:29.184 main Client.execute() Sending 3997808310270041:31
16:26:29.299 main Client.execute() Reply OK
16:26:29.380 main Client.execute() Sending 3997808310270041:32
16:26:29.546 main Client.execute() Reply OK
16:26:29.645 main Client.execute() Sending 3997808310270041:33
16:26:29.790 main Client.execute() Reply OK
16:26:29.877 main Client.execute() Sending 3997808310270041:34
16:26:30.072 main Client.execute() Reply OK
16:26:30.139 main Client.execute() Sending 3997808310270041:35
16:26:30.742 main Client.execute() Reply OK
16:26:30.828 main Client.execute() Sending 3997808310270041:36
16:26:31.049 main Client.execute() Reply OK
16:26:31.090 main Client.execute() Sending 3997808310270041:37
16:26:31.220 main Client.execute() Reply OK
16:26:31.235 main Client.execute() Sending 3997808310270041:38
16:26:31.360 main Client.execute() Reply OK
16:26:31.367 main Client.execute() Sending 3997808310270041:39
16:26:31.496 main Client.execute() Reply OK
16:26:31.539 main Client.execute() Sending 3997808310270041:40
16:26:31.685 main Client.execute() Reply OK
16:26:31.722 main Client.execute() Sending 3997808310270041:41
16:26:31.875 main Client.execute() Reply OK
16:26:31.955 main Client.execute() Sending 3997808310270041:42
16:26:32.110 main Client.execute() Reply OK
16:26:32.128 main Client.execute() Sending 3997808310270041:43
16:26:32.250 main Client.execute() Reply OK
16:26:32.348 main Client.execute() Sending 3997808310270041:44
16:26:32.497 main Client.execute() Reply OK
16:26:32.548 main Client.execute() Sending 3997808310270041:45
16:26:32.657 main Client.execute() Reply OK
16:26:32.693 main Client.execute() Sending 3997808310270041:46
16:26:32.845 main Client.execute() Reply OK
16:26:32.850 main Client.execute() Sending 3997808310270041:47
16:26:32.950 main Client.execute() Reply OK
16:26:33.009 main Client.execute() Sending 3997808310270041:48
16:26:33.172 main Client.execute() Reply OK
16:26:33.190 main Client.execute() Sending 3997808310270041:49
16:26:33.287 main Client.execute() Reply OK
16:26:33.357 main Client.execute() Sending 3997808310270041:50
16:26:33.437 main Client.execute() Reply OK
16:26:33.518 main Client.execute() Sending 3997808310270041:51
16:26:33.652 main Client.execute() Reply OK
16:26:33.700 main Client.execute() Sending 3997808310270041:52
16:26:33.824 main Client.execute() Reply OK
16:26:33.923 main Client.execute() Sending 3997808310270041:53
16:26:33.996 main Client.execute() Reply OK
16:26:34.036 main Client.execute() Sending 3997808310270041:54
16:26:34.130 main Client.execute() Reply OK
16:26:34.143 main Client.execute() Sending 3997808310270041:55
16:26:34.255 main Client.execute() Reply OK
16:26:34.320 main Client.execute() Sending 3997808310270041:56
16:26:34.478 main Client.execute() Reply OK
16:26:34.546 main Client.execute() Sending 3997808310270041:57
16:26:34.677 main Client.execute() Reply OK
16:26:34.685 main Client.execute() Sending 3997808310270041:58
16:26:34.753 main Client.execute() Reply OK
16:26:34.820 main Client.execute() Sending 3997808310270041:59
16:26:35.022 main Client.execute() Reply OK
16:26:35.108 main Client.execute() Sending 3997808310270041:60
16:26:35.246 main Client.execute() Reply OK
16:26:35.247 main Client.execute() Sending 3997808310270041:61
16:26:35.412 main Client.execute() Reply OK
16:26:35.470 main Client.execute() Sending 3997808310270041:62
16:26:35.718 main Client.execute() Reply OK
16:26:35.722 main Client.execute() Sending 3997808310270041:63
16:26:35.896 main Client.execute() Reply OK
16:26:35.941 main Client.execute() Sending 3997808310270041:64
16:26:36.214 main Client.execute() Reply OK
16:26:36.310 main Client.execute() Sending 3997808310270041:65
16:26:36.448 main Client.execute() Reply OK
16:26:36.518 main Client.execute() Sending 3997808310270041:66
16:26:36.646 main Client.execute() Reply OK
16:26:36.694 main Client.execute() Sending 3997808310270041:67
16:26:36.743 main Client.execute() Reply OK
16:26:36.842 main Client.execute() Sending 3997808310270041:68
16:26:37.033 main Client.execute() Reply OK
16:26:37.116 main Client.execute() Sending 3997808310270041:69
16:26:37.264 main Client.execute() Reply OK
16:26:37.344 main Client.execute() Sending 3997808310270041:70
16:26:37.385 main Client.execute() Reply OK
16:26:37.485 main Client.execute() Sending 3997808310270041:71
16:26:37.703 main Client.execute() Reply OK
16:26:37.754 main Client.execute() Sending 3997808310270041:72
16:26:37.796 main Client.execute() Reply OK
16:26:37.877 main Client.execute() Sending 3997808310270041:73
16:26:37.903 main Client.execute() Reply OK
16:26:37.963 main Client.execute() Sending 3997808310270041:74
16:26:38.079 main Client.execute() Reply OK
16:26:38.150 main Client.execute() Sending 3997808310270041:75
16:26:38.177 main Client.execute() Reply OK
16:26:38.206 main Client.execute() Sending 3997808310270041:76
16:26:38.267 main Client.execute() Reply OK
16:26:38.347 main Client.execute() Sending 3997808310270041:77
16:26:38.405 main Client.execute() Reply OK
16:26:38.409 main Client.execute() Sending 3997808310270041:78
16:26:38.448 main Client.execute() Reply OK
16:26:38.457 main Client.execute() Sending 3997808310270041:79
16:26:38.497 main Client.execute() Reply OK
16:26:38.510 main Client.execute() Sending 3997808310270041:80
16:26:38.550 main Client.execute() Reply OK
16:26:38.589 main Client.execute() Sending 3997808310270041:81
16:26:38.629 main Client.execute() Reply OK
16:26:38.726 main Client.execute() Sending 3997808310270041:82
16:26:38.815 main Client.execute() Reply OK
16:26:38.891 main Client.execute() Sending 3997808310270041:83
16:26:38.929 main Client.execute() Reply OK
16:26:39.018 main Client.execute() Sending 3997808310270041:84
16:26:39.056 main Client.execute() Reply OK
16:26:39.108 main Client.execute() Sending 3997808310270041:85
16:26:39.167 main Client.execute() Reply OK
16:26:39.213 main Client.execute() Sending 3997808310270041:86
16:26:39.259 main Client.execute() Reply OK
16:26:39.280 main Client.execute() Sending 3997808310270041:87
16:26:39.341 main Client.execute() Reply OK
16:26:39.347 main Client.execute() Sending 3997808310270041:88
16:26:39.389 main Client.execute() Reply OK
16:26:39.438 main Client.execute() Sending 3997808310270041:89
16:26:39.539 main Client.execute() Reply OK
16:26:39.548 main Client.execute() Sending 3997808310270041:90
16:26:39.612 main Client.execute() Reply OK
16:26:39.685 main Client.execute() Sending 3997808310270041:91
16:26:39.744 main Client.execute() Reply OK
16:26:39.815 main Client.execute() Sending 3997808310270041:92
16:26:39.849 main Client.execute() Reply OK
16:26:39.864 main Client.execute() Sending 3997808310270041:93
16:26:39.898 main Client.execute() Reply OK
16:26:39.968 main Client.execute() Sending 3997808310270041:94
16:26:39.998 main Client.execute() Reply OK
16:26:40.022 main Client.execute() Sending 3997808310270041:95
16:26:40.097 main Client.execute() Reply OK
16:26:40.118 main Client.execute() Sending 3997808310270041:96
16:26:40.150 main Client.execute() Reply OK
16:26:40.163 main Client.execute() Sending 3997808310270041:97
16:26:40.201 main Client.execute() Reply OK
16:26:40.206 main Client.execute() Sending 3997808310270041:98
16:26:40.245 main Client.execute() Reply OK
16:26:40.340 main Client.execute() Sending 3997808310270041:99
16:26:40.407 main Client.execute() Reply OK
16:26:40.445 main Client.execute() Sending 3997808310270041:100
16:26:40.508 main Client.execute() Reply OK
