16:26:19.305 main Configuration.<init>() Configuration loaded from file: paxos.properties
16:26:21.140 main Configuration.loadProcessList() [p0] localhost, ports = (replica=2021, client=3001)
16:26:21.220 main Configuration.loadProcessList() [p1] localhost, ports = (replica=2022, client=3002)
16:26:21.220 main Configuration.loadProcessList() [p2] localhost, ports = (replica=2023, client=3003)
16:26:21.221 main Client.connectTo() Connecting to localhost:3002
16:26:21.597 main Client.initConnection() New client id: 3997808307426034
16:26:21.597 main Client.connectTo() Connected [p1]. Timeout: 3000
16:26:21.602 main Client.execute() Sending 3997808307426034:1
16:26:21.950 main Client.execute() Reply OK
16:26:21.977 main Client.execute() Sending 3997808307426034:2
16:26:22.188 main Client.execute() Reply OK
16:26:22.240 main Client.execute() Sending 3997808307426034:3
16:26:22.635 main Client.execute() Reply OK
16:26:22.637 main Client.execute() Sending 3997808307426034:4
16:26:22.946 main Client.execute() Reply OK
16:26:22.955 main Client.execute() Sending 3997808307426034:5
16:26:23.022 main Client.execute() Reply OK
16:26:23.114 main Client.execute() Sending 3997808307426034:6
16:26:23.209 main Client.execute() Reply OK
16:26:23.257 main Client.execute() Sending 3997808307426034:7
16:26:23.374 main Client.execute() Reply OK
16:26:23.434 main Client.execute() Sending 3997808307426034:8
16:26:23.566 main Client.execute() Reply OK
16:26:23.641 main Client.execute() Sending 3997808307426034:9
16:26:23.810 main Client.execute() Reply OK
16:26:23.860 main Client.execute() Sending 3997808307426034:10
16:26:24.022 main Client.execute() Reply OK
16:26:24.037 main Client.execute() Sending 3997808307426034:11
16:26:24.234 main Client.execute() Reply OK
16:26:24.256 main Client.execute() Sending 3997808307426034:12
16:26:24.386 main Client.execute() Reply OK
16:26:24.438 main Client.execute() Sending 3997808307426034:13
16:26:24.679 main Client.execute() Reply OK
16:26:24.706 main Client.execute() Sending 3997808307426034:14
16:26:24.818 main Client.execute() Reply OK
16:26:24.843 main Client.execute() Sending 3997808307426034:15
16:26:25.043 main Client.execute() Reply OK
16:26:25.072 main Client.execute() Sending 3997808307426034:16
16:26:25.190 main Client.execute() Reply OK
16:26:25.202 main Client.execute() Sending 3997808307426034:17
16:26:25.319 main Client.execute() Reply OK
16:26:25.324 main Client.execute() Sending 3997808307426034:18
16:26:25.481 main Client.execute() Reply OK
16:26:25.498 main Client.execute() Sending 3997808307426034:19
16:26:25.706 main Client.execute() Reply OK
16:26:25.802 main Client.execute() Sending 3997808307426034:20
16:26:25.916 main Client.execute() Reply OK
16:26:25.989 main Client.execute() Sending 3997808307426034:21
16:26:26.114 main Client.execute() Reply OK
16:26:26.182 main Client.execute() Sending 3997808307426034:22
16:26:26.260 main Client.execute() Reply OK
16:26:26.320 main Client.execute() Sending 3997808307426034:23
16:26:26.394 main Client.execute() Reply OK
16:26:26.395 main Client.execute() Sending 3997808307426034:24
16:26:26.540 main Client.execute() Reply OK
16:26:26.570 main Client.execute() Sending 3997808307426034:25
16:26:26.696 main Client.execute() Reply OK
16:26:26.785 main Client.execute() Sending 3997808307426034:26
16:26:26.846 main Client.execute() Reply OK
16:26:26.911 main Client.execute() Sending 3997808307426034:27
16:26:26.989 main Client.execute() Reply OK
16:26:27.047 main Client.execute() Sending 3997808307426034:28
16:26:27.106 main Client.execute() Reply OK
16:26:27.108 main Client.execute() Sending 3997808307426034:29
16:26:27.209 main Client.execute() Reply OK
16:26:27.214 main Client.execute() Sending 3997808307426034:30
16:26:27.302 main Client.execute() Reply OK
16:26:27.335 main Client.execute() Sending 3997808307426034:31
16:26:27.404 main Client.execute() Reply OK
16:26:27.494 main Client.execute() Sending 3997808307426034:32
16:26:27.539 main Client.execute() Reply OK
16:26:27.571 main Client.execute() Sending 3997808307426034:33
16:26:27.609 main Client.execute() Reply OK
16:26:27.659 main Client.execute() Sending 3997808307426034:34
16:26:27.806 main Client.execute() Reply OK
16:26:27.808 main Client.execute() Sending 3997808307426034:35
16:26:27.854 main Client.execute() Reply OK
16:26:27.909 main Client.execute() Sending 3997808307426034:36
16:26:28.004 main Client.execute() Reply OK
16:26:28.017 main Client.execute() Sending 3997808307426034:37
16:26:28.085 main Client.execute() Reply OK
16:26:28.103 main Client.execute() Sending 3997808307426034:38
16:26:28.204 main Client.execute() Reply OK
16:26:28.270 main Client.execute() Sending 3997808307426034:39
16:26:28.343 main Client.execute() Reply OK
16:26:28.345 main Client.execute() Sending 3997808307426034:40
16:26:28.438 main Client.execute() Reply OK
16:26:28.503 main Client.execute() Sending 3997808307426034:41
16:26:28.590 main Client.execute() Reply OK
16:26:28.642 main Client.execute() Sending 3997808307426034:42
16:26:28.750 main Client.execute() Reply OK
16:26:28.799 main Client.execute() Sending 3997808307426034:43
16:26:28.896 main Client.execute() Reply OK
16:26:28.915 main Client.execute() Sending 3997808307426034:44
16:26:29.003 main Client.execute() Reply OK
16:26:29.024 main Client.execute() Sending 3997808307426034:45
16:26:29.072 main Client.execute() Reply OK
16:26:29.129 main Client.execute() Sending 3997808307426034:46
16:26:29.225 main Client.execute() Reply OK
16:26:29.277 main Client.execute() Sending 3997808307426034:47
16:26:29.349 main Client.execute() Reply OK
16:26:29.402 main Client.execute() Sending 3997808307426034:48
16:26:29.495 main Client.execute() Reply OK
16:26:29.566 main Client.execute() Sending 3997808307426034:49
16:26:29.666 main Client.execute() Reply OK
16:26:29.678 main Client.execute() Sending 3997808307426034:50
16:26:29.779 main Client.execute() Reply OK
16:26:29.866 main Client.execute() Sending 3997808307426034:51
16:26:29.955 main Client.execute() Reply OK
16:26:29.991 main Client.execute() Sending 3997808307426034:52
16:26:30.045 main Client.execute() Reply OK
16:26:30.134 main Client.execute() Sending 3997808307426034:53
16:26:30.640 main Client.execute() Reply OK
16:26:30.716 main Client.execute() Sending 3997808307426034:54
16:26:30.796 main Client.execute() Reply OK
16:26:30.827 main Client.execute() Sending 3997808307426034:55
16:26:30.943 main Client.execute() Reply OK
16:26:30.988 main Client.execute() Sending 3997808307426034:56
16:26:31.078 main Client.execute() Reply OK
16:26:31.115 main Client.execute() Sending 3997808307426034:57
16:26:31.203 main Client.execute() Reply OK
16:26:31.224 main Client.execute() Sending 3997808307426034:58
16:26:31.260 main Client.execute() Reply OK
16:26:31.281 main Client.execute() Sending 3997808307426034:59
16:26:31.345 main Client.execute() Reply OK
16:26:31.391 main Client.execute() Sending 3997808307426034:60
16:26:31.467 main Client.execute() Reply OK
16:26:31.561 main Client.execute() Sending 3997808307426034:61
16:26:31.622 main Client.execute() Reply OK
16:26:31.650 main Client.execute() Sending 3997808307426034:62
16:26:31.775 main Client.execute() Reply OK
16:26:31.835 main Client.execute() Sending 3997808307426034:63
16:26:31.898 main Client.execute() Reply OK
16:26:31.921 main Client.execute() Sending 3997808307426034:64
16:26:32.002 main Client.execute() Reply OK
16:26:32.005 main Client.execute() Sending 3997808307426034:65
16:26:32.108 main Client.execute() Reply OK
16:26:32.130 main Client.execute() Sending 3997808307426034:66
16:26:32.184 main Client.execute() Reply OK
16:26:32.186 main Client.execute() Sending 3997808307426034:67
16:26:32.238 main Client.execute() Reply OK
16:26:32.324 main Client.execute() Sending 3997808307426034:68
16:26:32.417 main Client.execute() Reply OK
16:26:32.421 main Client.execute() Sending 3997808307426034:69
16:26:32.483 main Client.execute() Reply OK
16:26:32.533 main Client.execute() Sending 3997808307426034:70
16:26:32.637 main Client.execute() Reply OK
16:26:32.646 main Client.execute() Sending 3997808307426034:71
16:26:32.705 main Client.execute() Reply OK
16:26:32.780 main Client.execute() Sending 3997808307426034:72
16:26:32.857 main Client.execute() Reply OK
16:26:32.925 main Client.execute() Sending 3997808307426034:73
16:26:32.965 main Client.execute() Reply OK
16:26:33.052 main Client.execute() Sending 3997808307426034:74
16:26:33.167 main Client.execute() Reply OK
16:26:33.189 main Client.execute() Sending 3997808307426034:75
16:26:33.276 main Client.execute() Reply OK
16:26:33.322 main Client.execute() Sending 3997808307426034:76
16:26:33.417 main Client.execute() Reply OK
16:26:33.454 main Client.execute() Sending 3997808307426034:77
16:26:33.565 main Client.execute() Reply OK
16:26:33.657 main Client.execute() Sending 3997808307426034:78
16:26:33.720 main Client.execute() Reply OK
16:26:33.765 main Client.execute() Sending 3997808307426034:79
16:26:33.810 main Client.execute() Reply OK
16:26:33.818 main Client.execute() Sending 3997808307426034:80
16:26:33.870 main Client.execute() Reply OK
16:26:33.909 main Client.execute() Sending 3997808307426034:81
16:26:33.981 main Client.execute() Reply OK
16:26:34.074 main Client.execute() Sending 3997808307426034:82
16:26:34.116 main Client.execute() Reply OK
16:26:34.182 main Client.execute() Sending 3997808307426034:83
16:26:34.245 main Client.execute() Reply OK
16:26:34.265 main Client.execute() Sending 3997808307426034:84
16:26:34.318 main Client.execute() Reply OK
16:26:34.360 main Client.execute() Sending 3997808307426034:85
16:26:34.429 main Client.execute() Reply OK
16:26:34.449 main Client.execute() Sending 3997808307426034:86
16:26:34.538 main Client.execute() Reply OK
16:26:34.549 main Client.execute() Sending 3997808307426034:87
16:26:34.657 main Client.execute() Reply OK
16:26:34.669 main Client.execute() Sending 3997808307426034:88
16:26:34.709 main Client.execute() Reply OK
16:26:34.803 main Client.execute() Sending 3997808307426034:89
16:26:34.847 main Client.execute() Reply OK
16:26:34.917 main Client.execute() Sending 3997808307426034:90
16:26:35.040 main Client.execute() Reply OK
16:26:35.136 main Client.execute() Sending 3997808307426034:91
16:26:35.232 main Client.execute() Reply OK
16:26:35.309 main Client.execute() Sending 3997808307426034:92
16:26:35.509 main Client.execute() Reply OK
16:26:35.511 main Client.execute() Sending 3997808307426034:93
16:26:35.645 main Client.execute() Reply OK
16:26:35.692 main Client.execute() Sending 3997808307426034:94
16:26:35.785 main Client.execute() Reply OK
16:26:35.867 main Client.execute() Sending 3997808307426034:95
16:26:36.072 main Client.execute() Reply OK
16:26:36.124 main Client.execute() Sending 3997808307426034:96
16:26:36.238 main Client.execute() Reply OK
16:26:36.268 main Client.execute() Sending 3997808307426034:97
16:26:36.385 main Client.execute() Reply OK
16:26:36.454 main Client.execute() Sending 3997808307426034:98
16:26:36.529 main Client.execute() Reply OK
16:26:36.622 main Client.execute() Sending 3997808307426034:99
16:26:36.688 main Client.execute() Reply OK
16:26:36.778 main Client.execute() Sending 3997808307426034:100
16:26:37.002 main Client.execute() Reply OK
