16:26:19.618 main Configuration.<init>() Configuration loaded from file: paxos.properties
16:26:21.105 main Configuration.loadProcessList() [p0] localhost, ports = (replica=2021, client=3001)
16:26:21.105 main Configuration.loadProcessList() [p1] localhost, ports = (replica=2022, client=3002)
16:26:21.105 main Configuration.loadProcessList() [p2] localhost, ports = (replica=2023, client=3003)
16:26:21.107 main Client.connectTo() Connecting to localhost:3003
16:26:21.518 main Client.initConnection() New client id: 3997808310270026
16:26:21.518 main Client.connectTo() Connected [p2]. Timeout: 3000
16:26:21.531 main Client.execute() Sending 3997808310270026:1
16:26:21.995 main Client.execute() Reply OK
16:26:22.053 main Client.execute() Sending 3997808310270026:2
16:26:22.489 main Client.execute() Reply OK
16:26:22.516 main Client.execute() Sending 3997808310270026:3
16:26:22.963 main Client.execute() Reply OK
16:26:23.004 main Client.execute() Sending 3997808310270026:4
16:26:23.220 main Client.execute() Reply OK
16:26:23.317 main Client.execute() Sending 3997808310270026:5
16:26:23.640 main Client.execute() Reply OK
16:26:23.663 main Client.execute() Sending 3997808310270026:6
16:26:23.965 main Client.execute() Reply OK
16:26:24.021 main Client.execute() Sending 3997808310270026:7
16:26:24.318 main Client.execute() Reply OK
16:26:24.328 main Client.execute() Sending 3997808310270026:8
16:26:24.619 main Client.execute() Reply OK
16:26:24.702 main Client.execute() Sending 3997808310270026:9
16:26:25.023 main Client.execute() Reply OK
16:26:25.046 main Client.execute() Sending 3997808310270026:10
16:26:25.248 main Client.execute() Reply OK
16:26:25.287 main Client.execute() Sending 3997808310270026:11
16:26:25.451 main Client.execute() Reply OK
16:26:25.463 main Client.execute() Sending 3997808310270026:12
16:26:25.612 main Client.execute() Reply OK
16:26:25.708 main Client.execute() Sending 3997808310270026:13
16:26:25.970 main Client.execute() Reply OK
16:26:26.059 main Client.execute() Sending 3997808310270026:14
16:26:26.216 main Client.execute() Reply OK
16:26:26.298 main Client.execute() Sending 3997808310270026:15
16:26:26.463 main Client.execute() Reply OK
16:26:26.491 main Client.execute() Sending 3997808310270026:16
16:26:26.610 main Client.execute() Reply OK
16:26:26.671 main Client.execute() Sending 3997808310270026:17
16:26:26.806 main Client.execute() Reply OK
16:26:26.885 main Client.execute() Sending 3997808310270026:18
16:26:27.018 main Client.execute() Reply OK
16:26:27.092 main Client.execute() Sending 3997808310270026:19
16:26:27.203 main Client.execute() Reply OK
16:26:27.269 main Client.execute() Sending 3997808310270026:20
16:26:27.419 main Client.execute() Reply OK
16:26:27.473 main Client.execute() Sending 3997808310270026:21
16:26:27.542 main Client.execute() Reply OK
16:26:27.567 main Client.execute() Sending 3997808310270026:22
16:26:27.677 main Client.execute() Reply OK
16:26:27.701 main Client.execute() Sending 3997808310270026:23
16:26:27.834 main Client.execute() Reply OK
16:26:27.928 main Client.execute() Sending 3997808310270026:24
16:26:28.074 main Client.execute() Reply OK
16:26:28.128 main Client.execute() Sending 3997808310270026:25
16:26:28.315 main Client.execute() Reply OK
16:26:28.407 main Client.execute() Sending 3997808310270026:26
16:26:28.571 main Client.execute() Reply OK
16:26:28.638 main Client.execute() Sending 3997808310270026:27
16:26:28.803 main Client.execute() Reply OK
16:26:28.901 main Client.execute() Sending 3997808310270026:28
16:26:29.036 main Client.execute() Reply OK
16:26:29.053 main Client.execute() Sending 3997808310270026:29
16:26:29.173 main Client.execute() Reply OK
16:26:29.174 main Client.execute() Sending 3997808310270026:30
16:26:29.242 main Client.execute() Reply OK
16:26:29.258 main Client.execute() Sending 3997808310270026:31
16:26:29.326 main Client.execute() Reply OK
16:26:29.345 main Client.execute() Sending 3997808310270026:32
16:26:29.469 main Client.execute() Reply OK
16:26:29.533 main Client.execute() Sending 3997808310270026:33
16:26:29.711 main Client.execute() Reply OK
16:26:29.757 main Client.execute() Sending 3997808310270026:34
16:26:29.920 main Client.execute() Reply OK
16:26:29.979 main Client.execute() Sending 3997808310270026:35
16:26:30.110 main Client.execute() Reply OK
16:26:30.128 main Client.execute() Sending 3997808310270026:36
16:26:30.743 main Client.execute() Reply OK
16:26:30.820 main Client.execute() Sending 3997808310270026:37
16:26:31.049 main Client.execute() Reply OK
16:26:31.054 main Client.execute() Sending 3997808310270026:38
16:26:31.219 main Client.execute() Reply OK
16:26:31.247 main Client.execute() Sending 3997808310270026:39
16:26:31.371 main Client.execute() Reply OK
16:26:31.378 main Client.execute() Sending 3997808310270026:40
16:26:31.497 main Client.execute() Reply OK
16:26:31.498 main Client.execute() Sending 3997808310270026:41
16:26:31.608 main Client.execute() Reply OK
16:26:31.645 main Client.execute() Sending 3997808310270026:42
16:26:31.787 main Client.execute() Reply OK
16:26:31.795 main Client.execute() Sending 3997808310270026:43
16:26:31.983 main Client.execute() Reply OK
16:26:32.010 main Client.execute() Sending 3997808310270026:44
16:26:32.131 main Client.execute() Reply OK
16:26:32.170 main Client.execute() Sending 3997808310270026:45
16:26:32.303 main Client.execute() Reply OK
16:26:32.382 main Client.execute() Sending 3997808310270026:46
16:26:32.544 main Client.execute() Reply OK
16:26:32.603 main Client.execute() Sending 3997808310270026:47
16:26:32.715 main Client.execute() Reply OK
16:26:32.758 main Client.execute() Sending 3997808310270026:48
16:26:32.874 main Client.execute() Reply OK
16:26:32.963 main Client.execute() Sending 3997808310270026:49
16:26:33.168 main Client.execute() Reply OK
16:26:33.252 main Client.execute() Sending 3997808310270026:50
16:26:33.355 main Client.execute() Reply OK
16:26:33.357 main Client.execute() Sending 3997808310270026:51
16:26:33.443 main Client.execute() Reply OK
16:26:33.526 main Client.execute() Sending 3997808310270026:52
16:26:33.652 main Client.execute() Reply OK
16:26:33.678 main Client.execute() Sending 3997808310270026:53
16:26:33.823 main Client.execute() Reply OK
16:26:33.843 main Client.execute() Sending 3997808310270026:54
16:26:33.963 main Client.execute() Reply OK
16:26:34.056 main Client.execute() Sending 3997808310270026:55
16:26:34.166 main Client.execute() Reply OK
16:26:34.240 main Client.execute() Sending 3997808310270026:56
16:26:34.371 main Client.execute() Reply OK
16:26:34.428 main Client.execute() Sending 3997808310270026:57
16:26:34.613 main Client.execute() Reply OK
16:26:34.706 main Client.execute() Sending 3997808310270026:58
16:26:34.842 main Client.execute() Reply OK
16:26:34.933 main Client.execute() Sending 3997808310270026:59
16:26:35.165 main Client.execute() Reply OK
16:26:35.259 main Client.execute() Sending 3997808310270026:60
16:26:35.413 main Client.execute() Reply OK
16:26:35.469 main Client.execute() Sending 3997808310270026:61
16:26:35.716 main Client.execute() Reply OK
16:26:35.744 main Client.execute() Sending 3997808310270026:62
16:26:35.942 main Client.execute() Reply OK
16:26:36.043 main Client.execute() Sending 3997808310270026:63
16:26:36.216 main Client.execute() Reply OK
16:26:36.296 main Client.execute() Sending 3997808310270026:64
16:26:36.445 main Client.execute() Reply OK
16:26:36.506 main Client.execute() Sending 3997808310270026:65
16:26:36.612 main Client.execute() Reply OK
16:26:36.660 main Client.execute() Sending 3997808310270026:66
16:26:36.734 main Client.execute() Reply OK
16:26:36.777 main Client.execute() Sending 3997808310270026:67
16:26:37.017 main Client.execute() Reply OK
16:26:37.067 main Client.execute() Sending 3997808310270026:68
16:26:37.231 main Client.execute() Reply OK
16:26:37.332 main Client.execute() Sending 3997808310270026:69
16:26:37.384 main Client.execute() Reply OK
16:26:37.393 main Client.execute() Sending 3997808310270026:70
16:26:37.513 main Client.execute() Reply OK
16:26:37.564 main Client.execute() Sending 3997808310270026:71
16:26:37.738 main Client.execute() Reply OK
16:26:37.765 main Client.execute() Sending 3997808310270026:72
16:26:37.803 main Client.execute() Reply OK
16:26:37.882 main Client.execute() Sending 3997808310270026:73
16:26:37.929 main Client.execute() Reply OK
16:26:38.019 main Client.execute() Sending 3997808310270026:74
16:26:38.119 main Client.execute() Reply OK
16:26:38.177 main Client.execute() Sending 3997808310270026:75
16:26:38.236 main Client.execute() Reply OK
16:26:38.335 main Client.execute() Sending 3997808310270026:76
16:26:38.377 main Client.execute() Reply OK
16:26:38.414 main Client.execute() Sending 3997808310270026:77
16:26:38.448 main Client.execute() Reply OK
16:26:38.522 main Client.execute() Sending 3997808310270026:78
16:26:38.576 main Client.execute() Reply OK
16:26:38.595 main Client.execute() Sending 3997808310270026:79
16:26:38.662 main Client.execute() Reply OK
16:26:38.667 main Client.execute() Sending 3997808310270026:80
16:26:38.714 main Client.execute() Reply OK
16:26:38.722 main Client.execute() Sending 3997808310270026:81
16:26:38.796 main Client.execute() Reply OK
16:26:38.855 main Client.execute() Sending 3997808310270026:82
16:26:38.893 main Client.execute() Reply OK
16:26:38.987 main Client.execute() Sending 3997808310270026:83
16:26:39.032 main Client.execute() Reply OK
16:26:39.124 main Client.execute() Sending 3997808310270026:84
16:26:39.212 main Client.execute() Reply OK
16:26:39.220 main Client.execute() Sending 3997808310270026:85
16:26:39.260 main Client.execute() Reply OK
16:26:39.299 main Client.execute() Sending 3997808310270026:86
16:26:39.341 main Client.execute() Reply OK
16:26:39.425 main Client.execute() Sending 3997808310270026:87
16:26:39.495 main Client.execute() Reply OK
16:26:39.503 main Client.execute() Sending 3997808310270026:88
16:26:39.541 main Client.execute() Reply OK
16:26:39.599 main Client.execute() Sending 3997808310270026:89
16:26:39.646 main Client.execute() Reply OK
16:26:39.724 main Client.execute() Sending 3997808310270026:90
16:26:39.802 main Client.execute() Reply OK
16:26:39.867 main Client.execute() Sending 3997808310270026:91
16:26:39.946 main Client.execute() Reply OK
16:26:39.973 main Client.execute() Sending 3997808310270026:92
16:26:40.046 main Client.execute() Reply OK
16:26:40.136 main Client.execute() Sending 3997808310270026:93
16:26:40.199 main Client.execute() Reply OK
16:26:40.223 main Client.execute() Sending 3997808310270026:94
16:26:40.247 main Client.execute() Reply OK
16:26:40.322 main Client.execute() Sending 3997808310270026:95
16:26:40.407 main Client.execute() Reply OK
16:26:40.489 main Client.execute() Sending 3997808310270026:96
16:26:40.551 main Client.execute() Reply OK
16:26:40.564 main Client.execute() Sending 3997808310270026:97
16:26:40.649 main Client.execute() Reply OK
16:26:40.673 main Client.execute() Sending 3997808310270026:98
16:26:40.753 main Client.execute() Reply OK
16:26:40.785 main Client.execute() Sending 3997808310270026:99
16:26:40.853 main Client.execute() Reply OK
16:26:40.870 main Client.execute() Sending 3997808310270026:100
16:26:40.952 main Client.execute() Reply OK
