16:26:17.704 main Configuration.<init>() Configuration loaded from file: paxos.properties
16:26:19.740 main Configuration.loadProcessList() [p0] localhost, ports = (replica=2021, client=3001)
16:26:19.740 main Configuration.loadProcessList() [p1] localhost, ports = (replica=2022, client=3002)
16:26:19.740 main Configuration.loadProcessList() [p2] localhost, ports = (replica=2023, client=3003)
16:26:19.741 main Client.connectTo() Connecting to localhost:3002
16:26:20.294 main Client.initConnection() New client id: 3997808307426007
16:26:20.294 main Client.connectTo() Connected [p1]. Timeout: 3000
16:26:20.312 main Client.execute() Sending 3997808307426007:1
16:26:20.799 main Client.execute() Reply OK
16:26:21.049 main Client.execute() Sending 3997808307426007:2
16:26:21.415 main Client.execute() Reply OK
16:26:21.450 main Client.execute() Sending 3997808307426007:3
16:26:21.680 main Client.execute() Reply OK
16:26:21.739 main Client.execute() Sending 3997808307426007:4
16:26:22.009 main Client.execute() Reply OK
16:26:22.090 main Client.execute() Sending 3997808307426007:5
16:26:22.316 main Client.execute() Reply OK
16:26:22.351 main Client.execute() Sending 3997808307426007:6
16:26:22.679 main Client.execute() Reply OK
16:26:22.711 main Client.execute() Sending 3997808307426007:7
16:26:22.979 main Client.execute() Reply OK
16:26:22.987 main Client.execute() Sending 3997808307426007:8
16:26:23.083 main Client.execute() Reply OK
16:26:23.107 main Client.execute() Sending 3997808307426007:9
16:26:23.209 main Client.execute() Reply OK
16:26:23.281 main Client.execute() Sending 3997808307426007:10
16:26:23.453 main Client.execute() Reply OK
16:26:23.493 main Client.execute() Sending 3997808307426007:11
16:26:23.656 main Client.execute() Reply OK
16:26:23.693 main Client.execute() Sending 3997808307426007:12
16:26:23.812 main Client.execute() Reply OK
16:26:23.829 main Client.execute() Sending 3997808307426007:13
16:26:23.974 main Client.execute() Reply OK
16:26:23.975 main Client.execute() Sending 3997808307426007:14
16:26:24.095 main Client.execute() Reply OK
16:26:24.147 main Client.execute() Sending 3997808307426007:15
16:26:24.315 main Client.execute() Reply OK
16:26:24.373 main Client.execute() Sending 3997808307426007:16
16:26:24.580 main Client.execute() Reply OK
16:26:24.657 main Client.execute() Sending 3997808307426007:17
16:26:24.809 main Client.execute() Reply OK
16:26:24.881 main Client.execute() Sending 3997808307426007:18
16:26:25.169 main Client.execute() Reply OK
16:26:25.193 main Client.execute() Sending 3997808307426007:19
16:26:25.290 main Client.execute() Reply OK
16:26:25.383 main Client.execute() Sending 3997808307426007:20
16:26:25.502 main Client.execute() Reply OK
16:26:25.511 main Client.execute() Sending 3997808307426007:21
16:26:25.706 main Client.execute() Reply OK
16:26:25.802 main Client.execute() Sending 3997808307426007:22
16:26:25.942 main Client.execute() Reply OK
16:26:25.974 main Client.execute() Sending 3997808307426007:23
16:26:26.080 main Client.execute() Reply OK
16:26:26.083 main Client.execute() Sending 3997808307426007:24
16:26:26.183 main Client.execute() Reply OK
16:26:26.185 main Client.execute() Sending 3997808307426007:25
16:26:26.260 main Client.execute() Reply OK
16:26:26.336 main Client.execute() Sending 3997808307426007:26
16:26:26.439 main Client.execute() Reply OK
16:26:26.524 main Client.execute() Sending 3997808307426007:27
16:26:26.617 main Client.execute() Reply OK
16:26:26.636 main Client.execute() Sending 3997808307426007:28
16:26:26.700 main Client.execute() Reply OK
16:26:26.734 main Client.execute() Sending 3997808307426007:29
16:26:26.825 main Client.execute() Reply OK
16:26:26.925 main Client.execute() Sending 3997808307426007:30
16:26:26.995 main Client.execute() Reply OK
16:26:27.067 main Client.execute() Sending 3997808307426007:31
16:26:27.140 main Client.execute() Reply OK
16:26:27.148 main Client.execute() Sending 3997808307426007:32
16:26:27.211 main Client.execute() Reply OK
16:26:27.246 main Client.execute() Sending 3997808307426007:33
16:26:27.304 main Client.execute() Reply OK
16:26:27.395 main Client.execute() Sending 3997808307426007:34
16:26:27.464 main Client.execute() Reply OK
16:26:27.499 main Client.execute() Sending 3997808307426007:35
16:26:27.539 main Client.execute() Reply OK
16:26:27.616 main Client.execute() Sending 3997808307426007:36
16:26:27.687 main Client.execute() Reply OK
16:26:27.740 main Client.execute() Sending 3997808307426007:37
16:26:27.853 main Client.execute() Reply OK
16:26:27.854 main Client.execute() Sending 3997808307426007:38
16:26:27.923 main Client.execute() Reply OK
16:26:27.994 main Client.execute() Sending 3997808307426007:39
16:26:28.084 main Client.execute() Reply OK
16:26:28.177 main Client.execute() Sending 3997808307426007:40
16:26:28.282 main Client.execute() Reply OK
16:26:28.323 main Client.execute() Sending 3997808307426007:41
16:26:28.414 main Client.execute() Reply OK
16:26:28.485 main Client.execute() Sending 3997808307426007:42
16:26:28.546 main Client.execute() Reply OK
16:26:28.626 main Client.execute() Sending 3997808307426007:43
16:26:28.700 main Client.execute() Reply OK
16:26:28.728 main Client.execute() Sending 3997808307426007:44
16:26:28.826 main Client.execute() Reply OK
16:26:28.850 main Client.execute() Sending 3997808307426007:45
16:26:28.936 main Client.execute() Reply OK
16:26:29.007 main Client.execute() Sending 3997808307426007:46
16:26:29.072 main Client.execute() Reply OK
16:26:29.075 main Client.execute() Sending 3997808307426007:47
16:26:29.155 main Client.execute() Reply OK
16:26:29.190 main Client.execute() Sending 3997808307426007:48
16:26:29.268 main Client.execute() Reply OK
16:26:29.346 main Client.execute() Sending 3997808307426007:49
16:26:29.416 main Client.execute() Reply OK
16:26:29.508 main Client.execute() Sending 3997808307426007:50
16:26:29.590 main Client.execute() Reply OK
16:26:29.643 main Client.execute() Sending 3997808307426007:51
16:26:29.731 main Client.execute() Reply OK
16:26:29.819 main Client.execute() Sending 3997808307426007:52
16:26:29.882 main Client.execute() Reply OK
16:26:29.905 main Client.execute() Sending 3997808307426007:53
16:26:30.007 main Client.execute() Reply OK
16:26:30.048 main Client.execute() Sending 3997808307426007:54
16:26:30.136 main Client.execute() Reply OK
16:26:30.177 main Client.execute() Sending 3997808307426007:55
16:26:30.643 main Client.execute() Reply OK
16:26:30.665 main Client.execute() Sending 3997808307426007:56
16:26:30.711 main Client.execute() Reply OK
16:26:30.775 main Client.execute() Sending 3997808307426007:57
16:26:30.881 main Client.execute() Reply OK
16:26:30.913 main Client.execute() Sending 3997808307426007:58
16:26:31.058 main Client.execute() Reply OK
16:26:31.088 main Client.execute() Sending 3997808307426007:59
16:26:31.175 main Client.execute() Reply OK
16:26:31.216 main Client.execute() Sending 3997808307426007:60
16:26:31.261 main Client.execute() Reply OK
16:26:31.313 main Client.execute() Sending 3997808307426007:61
16:26:31.419 main Client.execute() Reply OK
16:26:31.430 main Client.execute() Sending 3997808307426007:62
16:26:31.480 main Client.execute() Reply OK
16:26:31.541 main Client.execute() Sending 3997808307426007:63
16:26:31.611 main Client.execute() Reply OK
16:26:31.673 main Client.execute() Sending 3997808307426007:64
16:26:31.781 main Client.execute() Reply OK
16:26:31.849 main Client.execute() Sending 3997808307426007:65
16:26:31.944 main Client.execute() Reply OK
16:26:31.985 main Client.execute() Sending 3997808307426007:66
16:26:32.060 main Client.execute() Reply OK
16:26:32.144 main Client.execute() Sending 3997808307426007:67
16:26:32.186 main Client.execute() Reply OK
16:26:32.249 main Client.execute() Sending 3997808307426007:68
16:26:32.321 main Client.execute() Reply OK
16:26:32.395 main Client.execute() Sending 3997808307426007:69
16:26:32.480 main Client.execute() Reply OK
16:26:32.482 main Client.execute() Sending 3997808307426007:70
16:26:32.583 main Client.execute() Reply OK
16:26:32.585 main Client.execute() Sending 3997808307426007:71
16:26:32.681 main Client.execute() Reply OK
16:26:32.729 main Client.execute() Sending 3997808307426007:72
16:26:32.785 main Client.execute() Reply OK
16:26:32.812 main Client.execute() Sending 3997808307426007:73
16:26:32.859 main Client.execute() Reply OK
16:26:32.949 main Client.execute() Sending 3997808307426007:74
16:26:33.055 main Client.execute() Reply OK
16:26:33.113 main Client.execute() Sending 3997808307426007:75
16:26:33.185 main Client.execute() Reply OK
16:26:33.253 main Client.execute() Sending 3997808307426007:76
16:26:33.346 main Client.execute() Reply OK
16:26:33.360 main Client.execute() Sending 3997808307426007:77
16:26:33.441 main Client.execute() Reply OK
16:26:33.443 main Client.execute() Sending 3997808307426007:78
16:26:33.530 main Client.execute() Reply OK
16:26:33.615 main Client.execute() Sending 3997808307426007:79
16:26:33.698 main Client.execute() Reply OK
16:26:33.748 main Client.execute() Sending 3997808307426007:80
16:26:33.792 main Client.execute() Reply OK
16:26:33.871 main Client.execute() Sending 3997808307426007:81
16:26:33.952 main Client.execute() Reply OK
16:26:34.012 main Client.execute() Sending 3997808307426007:82
16:26:34.048 main Client.execute() Reply OK
16:26:34.068 main Client.execute() Sending 3997808307426007:83
16:26:34.114 main Client.execute() Reply OK
16:26:34.160 main Client.execute() Sending 3997808307426007:84
16:26:34.241 main Client.execute() Reply OK
16:26:34.291 main Client.execute() Sending 3997808307426007:85
16:26:34.361 main Client.execute() Reply OK
16:26:34.387 main Client.execute() Sending 3997808307426007:86
16:26:34.456 main Client.execute() Reply OK
16:26:34.465 main Client.execute() Sending 3997808307426007:87
16:26:34.544 main Client.execute() Reply OK
16:26:34.592 main Client.execute() Sending 3997808307426007:88
16:26:34.706 main Client.execute() Reply OK
16:26:34.770 main Client.execute() Sending 3997808307426007:89
16:26:34.832 main Client.execute() Reply OK
16:26:34.892 main Client.execute() Sending 3997808307426007:90
16:26:35.039 main Client.execute() Reply OK
16:26:35.081 main Client.execute() Sending 3997808307426007:91
16:26:35.197 main Client.execute() Reply OK
16:26:35.207 main Client.execute() Sending 3997808307426007:92
16:26:35.352 main Client.execute() Reply OK
16:26:35.432 main Client.execute() Sending 3997808307426007:93
16:26:35.648 main Client.execute() Reply OK
16:26:35.717 main Client.execute() Sending 3997808307426007:94
16:26:35.797 main Client.execute() Reply OK
16:26:35.813 main Client.execute() Sending 3997808307426007:95
16:26:35.898 main Client.execute() Reply OK
16:26:35.986 main Client.execute() Sending 3997808307426007:96
16:26:36.113 main Client.execute() Reply OK
16:26:36.181 main Client.execute() Sending 3997808307426007:97
16:26:36.269 main Client.execute() Reply OK
16:26:36.322 main Client.execute() Sending 3997808307426007:98
16:26:36.426 main Client.execute() Reply OK
16:26:36.525 main Client.execute() Sending 3997808307426007:99
16:26:36.623 main Client.execute() Reply OK
16:26:36.709 main Client.execute() Sending 3997808307426007:100
16:26:36.754 main Client.execute() Reply OK
