16:26:18.602 main Configuration.<init>() Configuration loaded from file: paxos.properties
16:26:20.414 main Configuration.loadProcessList() [p0] localhost, ports = (replica=2021, client=3001)
16:26:20.414 main Configuration.loadProcessList() [p1] localhost, ports = (replica=2022, client=3002)
16:26:20.415 main Configuration.loadProcessList() [p2] localhost, ports = (replica=2023, client=3003)
16:26:20.415 main Client.connectTo() Connecting to localhost:3002
16:26:21.222 main Client.initConnection() New client id: 3997808307426022
16:26:21.222 main Client.connectTo() Connected [p1]. Timeout: 3000
16:26:21.364 main Client.execute() Sending 3997808307426022:1
16:26:21.674 main Client.execute() Reply OK
16:26:21.718 main Client.execute() Sending 3997808307426022:2
16:26:21.981 main Client.execute() Reply OK
16:26:21.987 main Client.execute() Sending 3997808307426022:3
16:26:22.186 main Client.execute() Reply OK
16:26:22.198 main Client.execute() Sending 3997808307426022:4
16:26:22.611 main Client.execute() Reply OK
16:26:22.635 main Client.execute() Sending 3997808307426022:5
16:26:22.936 main Client.execute() Reply OK
16:26:22.940 main Client.execute() Sending 3997808307426022:6
16:26:23.021 main Client.execute() Reply OK
16:26:23.022 main Client.execute() Sending 3997808307426022:7
16:26:23.129 main Client.execute() Reply OK
16:26:23.156 main Client.execute() Sending 3997808307426022:8
16:26:23.348 main Client.execute() Reply OK
16:26:23.351 main Client.execute() Sending 3997808307426022:9
16:26:23.475 main Client.execute() Reply OK
16:26:23.513 main Client.execute() Sending 3997808307426022:10
16:26:23.657 main Client.execute() Reply OK
16:26:23.718 main Client.execute() Sending 3997808307426022:11
16:26:23.893 main Client.execute() Reply OK
16:26:23.990 main Client.execute() Sending 3997808307426022:12
16:26:24.096 main Client.execute() Reply OK
16:26:24.192 main Client.execute() Sending 3997808307426022:13
16:26:24.346 main Client.execute() Reply OK
16:26:24.358 main Client.execute() Sending 3997808307426022:14
16:26:24.490 main Client.execute() Reply OK
16:26:24.511 main Client.execute() Sending 3997808307426022:15
16:26:24.698 main Client.execute() Reply OK
16:26:24.733 main Client.execute() Sending 3997808307426022:16
16:26:24.862 main Client.execute() Reply OK
16:26:24.957 main Client.execute() Sending 3997808307426022:17
16:26:25.171 main Client.execute() Reply OK
16:26:25.246 main Client.execute() Sending 3997808307426022:18
16:26:25.377 main Client.execute() Reply OK
16:26:25.409 main Client.execute() Sending 3997808307426022:19
16:26:25.512 main Client.execute() Reply OK
16:26:25.600 main Client.execute() Sending 3997808307426022:20
16:26:25.894 main Client.execute() Reply OK
16:26:25.974 main Client.execute() Sending 3997808307426022:21
16:26:26.079 main Client.execute() Reply OK
16:26:26.109 main Client.execute() Sending 3997808307426022:22
16:26:26.219 main Client.execute() Reply OK
16:26:26.268 main Client.execute() Sending 3997808307426022:23
16:26:26.320 main Client.execute() Reply OK
16:26:26.323 main Client.execute() Sending 3997808307426022:24
16:26:26.414 main Client.execute() Reply OK
16:26:26.505 main Client.execute() Sending 3997808307426022:25
16:26:26.607 main Client.execute() Reply OK
16:26:26.614 main Client.execute() Sending 3997808307426022:26
16:26:26.698 main Client.execute() Reply OK
16:26:26.748 main Client.execute() Sending 3997808307426022:27
16:26:26.826 main Client.execute() Reply OK
16:26:26.922 main Client.execute() Sending 3997808307426022:28
16:26:26.996 main Client.execute() Reply OK
16:26:27.046 main Client.execute() Sending 3997808307426022:29
16:26:27.135 main Client.execute() Reply OK
16:26:27.157 main Client.execute() Sending 3997808307426022:30
16:26:27.233 main Client.execute() Reply OK
16:26:27.326 main Client.execute() Sending 3997808307426022:31
16:26:27.403 main Client.execute() Reply OK
16:26:27.426 main Client.execute() Sending 3997808307426022:32
16:26:27.506 main Client.execute() Reply OK
16:26:27.539 main Client.execute() Sending 3997808307426022:33
16:26:27.599 main Client.execute() Reply OK
16:26:27.626 main Client.execute() Sending 3997808307426022:34
16:26:27.692 main Client.execute() Reply OK
16:26:27.718 main Client.execute() Sending 3997808307426022:35
16:26:27.841 main Client.execute() Reply OK
16:26:27.898 main Client.execute() Sending 3997808307426022:36
16:26:27.995 main Client.execute() Reply OK
16:26:27.997 main Client.execute() Sending 3997808307426022:37
16:26:28.085 main Client.execute() Reply OK
16:26:28.168 main Client.execute() Sending 3997808307426022:38
16:26:28.262 main Client.execute() Reply OK
16:26:28.323 main Client.execute() Sending 3997808307426022:39
16:26:28.404 main Client.execute() Reply OK
16:26:28.451 main Client.execute() Sending 3997808307426022:40
16:26:28.544 main Client.execute() Reply OK
16:26:28.609 main Client.execute() Sending 3997808307426022:41
16:26:28.699 main Client.execute() Reply OK
16:26:28.706 main Client.execute() Sending 3997808307426022:42
16:26:28.824 main Client.execute() Reply OK
16:26:28.923 main Client.execute() Sending 3997808307426022:43
16:26:29.004 main Client.execute() Reply OK
16:26:29.054 main Client.execute() Sending 3997808307426022:44
16:26:29.146 main Client.execute() Reply OK
16:26:29.153 main Client.execute() Sending 3997808307426022:45
16:26:29.242 main Client.execute() Reply OK
16:26:29.286 main Client.execute() Sending 3997808307426022:46
16:26:29.350 main Client.execute() Reply OK
16:26:29.351 main Client.execute() Sending 3997808307426022:47
16:26:29.443 main Client.execute() Reply OK
16:26:29.516 main Client.execute() Sending 3997808307426022:48
16:26:29.602 main Client.execute() Reply OK
16:26:29.621 main Client.execute() Sending 3997808307426022:49
16:26:29.678 main Client.execute() Reply OK
16:26:29.750 main Client.execute() Sending 3997808307426022:50
16:26:29.828 main Client.execute() Reply OK
16:26:29.885 main Client.execute() Sending 3997808307426022:51
16:26:30.006 main Client.execute() Reply OK
16:26:30.048 main Client.execute() Sending 3997808307426022:52
16:26:30.136 main Client.execute() Reply OK
16:26:30.194 main Client.execute() Sending 3997808307426022:53
16:26:30.700 main Client.execute() Reply OK
16:26:30.760 main Client.execute() Sending 3997808307426022:54
16:26:30.868 main Client.execute() Reply OK
16:26:30.917 main Client.execute() Sending 3997808307426022:55
16:26:31.076 main Client.execute() Reply OK
16:26:31.169 main Client.execute() Sending 3997808307426022:56
16:26:31.260 main Client.execute() Reply OK
16:26:31.291 main Client.execute() Sending 3997808307426022:57
16:26:31.383 main Client.execute() Reply OK
16:26:31.476 main Client.execute() Sending 3997808307426022:58
16:26:31.546 main Client.execute() Reply OK
16:26:31.591 main Client.execute() Sending 3997808307426022:59
16:26:31.687 main Client.execute() Reply OK
16:26:31.706 main Client.execute() Sending 3997808307426022:60
16:26:31.785 main Client.execute() Reply OK
16:26:31.849 main Client.execute() Sending 3997808307426022:61
16:26:31.911 main Client.execute() Reply OK
16:26:31.920 main Client.execute() Sending 3997808307426022:62
16:26:31.972 main Client.execute() Reply OK
16:26:32.001 main Client.execute() Sending 3997808307426022:63
16:26:32.061 main Client.execute() Reply OK
16:26:32.136 main Client.execute() Sending 3997808307426022:64
16:26:32.184 main Client.execute() Reply OK
16:26:32.192 main Client.execute() Sending 3997808307426022:65
16:26:32.256 main Client.execute() Reply OK
16:26:32.348 main Client.execute() Sending 3997808307426022:66
16:26:32.418 main Client.execute() Reply OK
16:26:32.463 main Client.execute() Sending 3997808307426022:67
16:26:32.564 main Client.execute() Reply OK
16:26:32.625 main Client.execute() Sending 3997808307426022:68
16:26:32.704 main Client.execute() Reply OK
16:26:32.740 main Client.execute() Sending 3997808307426022:69
16:26:32.844 main Client.execute() Reply OK
16:26:32.919 main Client.execute() Sending 3997808307426022:70
16:26:32.995 main Client.execute() Reply OK
16:26:32.996 main Client.execute() Sending 3997808307426022:71
16:26:33.132 main Client.execute() Reply OK
16:26:33.219 main Client.execute() Sending 3997808307426022:72
16:26:33.276 main Client.execute() Reply OK
16:26:33.363 main Client.execute() Sending 3997808307426022:73
16:26:33.514 main Client.execute() Reply OK
16:26:33.518 main Client.execute() Sending 3997808307426022:74
16:26:33.600 main Client.execute() Reply OK
16:26:33.613 main Client.execute() Sending 3997808307426022:75
16:26:33.669 main Client.execute() Reply OK
16:26:33.718 main Client.execute() Sending 3997808307426022:76
16:26:33.791 main Client.execute() Reply OK
16:26:33.849 main Client.execute() Sending 3997808307426022:77
16:26:33.951 main Client.execute() Reply OK
16:26:33.956 main Client.execute() Sending 3997808307426022:78
16:26:34.025 main Client.execute() Reply OK
16:26:34.118 main Client.execute() Sending 3997808307426022:79
16:26:34.185 main Client.execute() Reply OK
16:26:34.197 main Client.execute() Sending 3997808307426022:80
16:26:34.245 main Client.execute() Reply OK
16:26:34.284 main Client.execute() Sending 3997808307426022:81
16:26:34.360 main Client.execute() Reply OK
16:26:34.443 main Client.execute() Sending 3997808307426022:82
16:26:34.541 main Client.execute() Reply OK
16:26:34.579 main Client.execute() Sending 3997808307426022:83
16:26:34.658 main Client.execute() Reply OK
16:26:34.667 main Client.execute() Sending 3997808307426022:84
16:26:34.710 main Client.execute() Reply OK
16:26:34.714 main Client.execute() Sending 3997808307426022:85
16:26:34.766 main Client.execute() Reply OK
16:26:34.796 main Client.execute() Sending 3997808307426022:86
16:26:34.847 main Client.execute() Reply OK
16:26:34.903 main Client.execute() Sending 3997808307426022:87
16:26:35.039 main Client.execute() Reply OK
16:26:35.068 main Client.execute() Sending 3997808307426022:88
16:26:35.196 main Client.execute() Reply OK
16:26:35.250 main Client.execute() Sending 3997808307426022:89
16:26:35.368 main Client.execute() Reply OK
16:26:35.465 main Client.execute() Sending 3997808307426022:90
16:26:35.648 main Client.execute() Reply OK
16:26:35.737 main Client.execute() Sending 3997808307426022:91
16:26:35.878 main Client.execute() Reply OK
16:26:35.964 main Client.execute() Sending 3997808307426022:92
16:26:36.097 main Client.execute() Reply OK
16:26:36.179 main Client.execute() Sending 3997808307426022:93
16:26:36.242 main Client.execute() Reply OK
16:26:36.291 main Client.execute() Sending 3997808307426022:94
16:26:36.387 main Client.execute() Reply OK
16:26:36.407 main Client.execute() Sending 3997808307426022:95
16:26:36.528 main Client.execute() Reply OK
16:26:36.565 main Client.execute() Sending 3997808307426022:96
16:26:36.624 main Client.execute() Reply OK
16:26:36.638 main Client.execute() Sending 3997808307426022:97
16:26:36.695 main Client.execute() Reply OK
16:26:36.761 main Client.execute() Sending 3997808307426022:98
16:26:36.940 main Client.execute() Reply OK
16:26:36.944 main Client.execute() Sending 3997808307426022:99
16:26:37.046 main Client.execute() Reply OK
16:26:37.120 main Client.execute() Sending 3997808307426022:100
16:26:37.180 main Client.execute() Reply OK
