16:26:19.139 main Configuration.<init>() Configuration loaded from file: paxos.properties
16:26:20.684 main Configuration.loadProcessList() [p0] localhost, ports = (replica=2021, client=3001)
16:26:20.684 main Configuration.loadProcessList() [p1] localhost, ports = (replica=2022, client=3002)
16:26:20.684 main Configuration.loadProcessList() [p2] localhost, ports = (replica=2023, client=3003)
16:26:20.685 main Client.connectTo() Connecting to localhost:3003
16:26:21.273 main Client.initConnection() New client id: 3997808310270023
16:26:21.273 main Client.connectTo() Connected [p2]. Timeout: 3000
16:26:21.288 main Client.execute() Sending 3997808310270023:1
16:26:21.796 main Client.execute() Reply OK
16:26:21.798 main Client.execute() Sending 3997808310270023:2
16:26:22.261 main Client.execute() Reply OK
16:26:22.375 main Client.execute() Sending 3997808310270023:3
16:26:22.942 main Client.execute() Reply OK
16:26:22.970 main Client.execute() Sending 3997808310270023:4
16:26:23.104 main Client.execute() Reply OK
16:26:23.112 main Client.execute() Sending 3997808310270023:5
16:26:23.339 main Client.execute() Reply OK
16:26:23.391 main Client.execute() Sending 3997808310270023:6
16:26:23.755 main Client.execute() Reply OK
16:26:23.806 main Client.execute() Sending 3997808310270023:7
16:26:24.067 main Client.execute() Reply OK
16:26:24.138 main Client.execute() Sending 3997808310270023:8
16:26:24.436 main Client.execute() Reply OK
16:26:24.474 main Client.execute() Sending 3997808310270023:9
16:26:24.774 main Client.execute() Reply OK
16:26:24.827 main Client.execute() Sending 3997808310270023:10
16:26:25.208 main Client.execute() Reply OK
16:26:25.261 main Client.execute() Sending 3997808310270023:11
16:26:25.450 main Client.execute() Reply OK
16:26:25.544 main Client.execute() Sending 3997808310270023:12
16:26:25.867 main Client.execute() Reply OK
16:26:25.933 main Client.execute() Sending 3997808310270023:13
16:26:26.100 main Client.execute() Reply OK
16:26:26.137 main Client.execute() Sending 3997808310270023:14
16:26:26.328 main Client.execute() Reply OK
16:26:26.372 main Client.execute() Sending 3997808310270023:15
16:26:26.514 main Client.execute() Reply OK
16:26:26.568 main Client.execute() Sending 3997808310270023:16
16:26:26.613 main Client.execute() Reply OK
16:26:26.665 main Client.execute() Sending 3997808310270023:17
16:26:26.805 main Client.execute() Reply OK
16:26:26.810 main Client.execute() Sending 3997808310270023:18
16:26:26.942 main Client.execute() Reply OK
16:26:27.012 main Client.execute() Sending 3997808310270023:19
16:26:27.127 main Client.execute() Reply OK
16:26:27.170 main Client.execute() Sending 3997808310270023:20
16:26:27.282 main Client.execute() Reply OK
16:26:27.330 main Client.execute() Sending 3997808310270023:21
16:26:27.451 main Client.execute() Reply OK
16:26:27.457 main Client.execute() Sending 3997808310270023:22
16:26:27.542 main Client.execute() Reply OK
16:26:27.546 main Client.execute() Sending 3997808310270023:23
16:26:27.673 main Client.execute() Reply OK
16:26:27.736 main Client.execute() Sending 3997808310270023:24
16:26:27.839 main Client.execute() Reply OK
16:26:27.892 main Client.execute() Sending 3997808310270023:25
16:26:28.057 main Client.execute() Reply OK
16:26:28.077 main Client.execute() Sending 3997808310270023:26
16:26:28.235 main Client.execute() Reply OK
16:26:28.251 main Client.execute() Sending 3997808310270023:27
16:26:28.419 main Client.execute() Reply OK
16:26:28.454 main Client.execute() Sending 3997808310270023:28
16:26:28.607 main Client.execute() Reply OK
16:26:28.671 main Client.execute() Sending 3997808310270023:29
16:26:28.881 main Client.execute() Reply OK
16:26:28.909 main Client.execute() Sending 3997808310270023:30
16:26:29.037 main Client.execute() Reply OK
16:26:29.065 main Client.execute() Sending 3997808310270023:31
16:26:29.173 main Client.execute() Reply OK
16:26:29.248 main Client.execute() Sending 3997808310270023:32
16:26:29.324 main Client.execute() Reply OK
16:26:29.329 main Client.execute() Sending 3997808310270023:33
16:26:29.392 main Client.execute() Reply OK
16:26:29.398 main Client.execute() Sending 3997808310270023:34
16:26:29.547 main Client.execute() Reply OK
16:26:29.625 main Client.execute() Sending 3997808310270023:35
16:26:29.753 main Client.execute() Reply OK
16:26:29.831 main Client.execute() Sending 3997808310270023:36
16:26:29.974 main Client.execute() Reply OK
16:26:30.014 main Client.execute() Sending 3997808310270023:37
16:26:30.614 main Client.execute() Reply OK
16:26:30.705 main Client.execute() Sending 3997808310270023:38
16:26:30.901 main Client.execute() Reply OK
16:26:30.957 main Client.execute() Sending 3997808310270023:39
16:26:31.152 main Client.execute() Reply OK
16:26:31.154 main Client.execute() Sending 3997808310270023:40
16:26:31.277 main Client.execute() Reply OK
16:26:31.344 main Client.execute() Sending 3997808310270023:41
16:26:31.492 main Client.execute() Reply OK
16:26:31.561 main Client.execute() Sending 3997808310270023:42
16:26:31.696 main Client.execute() Reply OK
16:26:31.733 main Client.execute() Sending 3997808310270023:43
16:26:31.928 main Client.execute() Reply OK
16:26:31.950 main Client.execute() Sending 3997808310270023:44
16:26:32.072 main Client.execute() Reply OK
16:26:32.105 main Client.execute() Sending 3997808310270023:45
16:26:32.214 main Client.execute() Reply OK
16:26:32.298 main Client.execute() Sending 3997808310270023:46
16:26:32.451 main Client.execute() Reply OK
16:26:32.453 main Client.execute() Sending 3997808310270023:47
16:26:32.551 main Client.execute() Reply OK
16:26:32.576 main Client.execute() Sending 3997808310270023:48
16:26:32.692 main Client.execute() Reply OK
16:26:32.721 main Client.execute() Sending 3997808310270023:49
16:26:32.852 main Client.execute() Reply OK
16:26:32.929 main Client.execute() Sending 3997808310270023:50
16:26:33.122 main Client.execute() Reply OK
16:26:33.213 main Client.execute() Sending 3997808310270023:51
16:26:33.305 main Client.execute() Reply OK
16:26:33.397 main Client.execute() Sending 3997808310270023:52
16:26:33.460 main Client.execute() Reply OK
16:26:33.533 main Client.execute() Sending 3997808310270023:53
16:26:33.653 main Client.execute() Reply OK
16:26:33.678 main Client.execute() Sending 3997808310270023:54
16:26:33.824 main Client.execute() Reply OK
16:26:33.852 main Client.execute() Sending 3997808310270023:55
16:26:33.963 main Client.execute() Reply OK
16:26:34.059 main Client.execute() Sending 3997808310270023:56
16:26:34.170 main Client.execute() Reply OK
16:26:34.234 main Client.execute() Sending 3997808310270023:57
16:26:34.347 main Client.execute() Reply OK
16:26:34.409 main Client.execute() Sending 3997808310270023:58
16:26:34.589 main Client.execute() Reply OK
16:26:34.652 main Client.execute() Sending 3997808310270023:59
16:26:34.752 main Client.execute() Reply OK
16:26:34.794 main Client.execute() Sending 3997808310270023:60
16:26:34.890 main Client.execute() Reply OK
16:26:34.912 main Client.execute() Sending 3997808310270023:61
16:26:35.075 main Client.execute() Reply OK
16:26:35.094 main Client.execute() Sending 3997808310270023:62
16:26:35.245 main Client.execute() Reply OK
16:26:35.310 main Client.execute() Sending 3997808310270023:63
16:26:35.563 main Client.execute() Reply OK
16:26:35.615 main Client.execute() Sending 3997808310270023:64
16:26:35.825 main Client.execute() Reply OK
16:26:35.852 main Client.execute() Sending 3997808310270023:65
16:26:36.127 main Client.execute() Reply OK
16:26:36.155 main Client.execute() Sending 3997808310270023:66
16:26:36.286 main Client.execute() Reply OK
16:26:36.370 main Client.execute() Sending 3997808310270023:67
16:26:36.502 main Client.execute() Reply OK
16:26:36.522 main Client.execute() Sending 3997808310270023:68
16:26:36.646 main Client.execute() Reply OK
16:26:36.673 main Client.execute() Sending 3997808310270023:69
16:26:36.735 main Client.execute() Reply OK
16:26:36.736 main Client.execute() Sending 3997808310270023:70
16:26:36.990 main Client.execute() Reply OK
16:26:37.063 main Client.execute() Sending 3997808310270023:71
16:26:37.231 main Client.execute() Reply OK
16:26:37.307 main Client.execute() Sending 3997808310270023:72
16:26:37.384 main Client.execute() Reply OK
16:26:37.467 main Client.execute() Sending 3997808310270023:73
16:26:37.663 main Client.execute() Reply OK
16:26:37.724 main Client.execute() Sending 3997808310270023:74
16:26:37.795 main Client.execute() Reply OK
16:26:37.860 main Client.execute() Sending 3997808310270023:75
16:26:37.901 main Client.execute() Reply OK
16:26:37.981 main Client.execute() Sending 3997808310270023:76
16:26:38.089 main Client.execute() Reply OK
16:26:38.144 main Client.execute() Sending 3997808310270023:77
16:26:38.176 main Client.execute() Reply OK
16:26:38.217 main Client.execute() Sending 3997808310270023:78
16:26:38.270 main Client.execute() Reply OK
16:26:38.318 main Client.execute() Sending 3997808310270023:79
16:26:38.349 main Client.execute() Reply OK
16:26:38.368 main Client.execute() Sending 3997808310270023:80
16:26:38.427 main Client.execute() Reply OK
16:26:38.525 main Client.execute() Sending 3997808310270023:81
16:26:38.577 main Client.execute() Reply OK
16:26:38.634 main Client.execute() Sending 3997808310270023:82
16:26:38.679 main Client.execute() Reply OK
16:26:38.728 main Client.execute() Sending 3997808310270023:83
16:26:38.841 main Client.execute() Reply OK
16:26:38.874 main Client.execute() Sending 3997808310270023:84
16:26:38.929 main Client.execute() Reply OK
16:26:39.004 main Client.execute() Sending 3997808310270023:85
16:26:39.056 main Client.execute() Reply OK
16:26:39.113 main Client.execute() Sending 3997808310270023:86
16:26:39.175 main Client.execute() Reply OK
16:26:39.257 main Client.execute() Sending 3997808310270023:87
16:26:39.338 main Client.execute() Reply OK
16:26:39.375 main Client.execute() Sending 3997808310270023:88
16:26:39.451 main Client.execute() Reply OK
16:26:39.540 main Client.execute() Sending 3997808310270023:89
16:26:39.611 main Client.execute() Reply OK
16:26:39.684 main Client.execute() Sending 3997808310270023:90
16:26:39.743 main Client.execute() Reply OK
16:26:39.831 main Client.execute() Sending 3997808310270023:91
16:26:39.896 main Client.execute() Reply OK
16:26:39.966 main Client.execute() Sending 3997808310270023:92
16:26:39.998 main Client.execute() Reply OK
16:26:40.065 main Client.execute() Sending 3997808310270023:93
16:26:40.098 main Client.execute() Reply OK
16:26:40.165 main Client.execute() Sending 3997808310270023:94
16:26:40.201 main Client.execute() Reply OK
16:26:40.266 main Client.execute() Sending 3997808310270023:95
16:26:40.323 main Client.execute() Reply OK
16:26:40.412 main Client.execute() Sending 3997808310270023:96
16:26:40.507 main Client.execute() Reply OK
16:26:40.540 main Client.execute() Sending 3997808310270023:97
16:26:40.598 main Client.execute() Reply OK
16:26:40.600 main Client.execute() Sending 3997808310270023:98
16:26:40.652 main Client.execute() Reply OK
16:26:40.699 main Client.execute() Sending 3997808310270023:99
16:26:40.754 main Client.execute() Reply OK
16:26:40.840 main Client.execute() Sending 3997808310270023:100
16:26:40.902 main Client.execute() Reply OK
