16:26:17.935 main Configuration.<init>() Configuration loaded from file: paxos.properties
16:26:20.006 main Configuration.loadProcessList() [p0] localhost, ports = (replica=2021, client=3001)
16:26:20.006 main Configuration.loadProcessList() [p1] localhost, ports = (replica=2022, client=3002)
16:26:20.006 main Configuration.loadProcessList() [p2] localhost, ports = (replica=2023, client=3003)
16:26:20.007 main Client.connectTo() Connecting to localhost:3001
16:26:21.253 main Client.initConnection() New client id: 3997808304960027
16:26:21.255 main Client.connectTo() Connected [p0]. Timeout: 3000
16:26:21.264 main Client.execute() Sending 3997808304960027:1
16:26:21.842 main Client.execute() Reply OK
16:26:21.843 main Client.execute() Sending 3997808304960027:2
16:26:22.041 main Client.execute() Reply OK
16:26:22.058 main Client.execute() Sending 3997808304960027:3
16:26:22.237 main Client.execute() Reply OK
16:26:22.318 main Client.execute() Sending 3997808304960027:4
16:26:22.589 main Client.execute() Reply OK
16:26:22.638 main Client.execute() Sending 3997808304960027:5
16:26:23.022 main Client.execute() Reply OK
16:26:23.106 main Client.execute() Sending 3997808304960027:6
16:26:23.197 main Client.execute() Reply OK
16:26:23.287 main Client.execute() Sending 3997808304960027:7
16:26:23.449 main Client.execute() Reply OK
16:26:23.477 main Client.execute() Sending 3997808304960027:8
16:26:23.622 main Client.execute() Reply OK
16:26:23.653 main Client.execute() Sending 3997808304960027:9
16:26:23.846 main Client.execute() Reply OK
16:26:23.857 main Client.execute() Sending 3997808304960027:10
16:26:24.023 main Client.execute() Reply OK
16:26:24.034 main Client.execute() Sending 3997808304960027:11
16:26:24.180 main Client.execute() Reply OK
16:26:24.234 main Client.execute() Sending 3997808304960027:12
16:26:24.343 main Client.execute() Reply OK
16:26:24.439 main Client.execute() Sending 3997808304960027:13
16:26:24.608 main Client.execute() Reply OK
16:26:24.677 main Client.execute() Sending 3997808304960027:14
16:26:24.801 main Client.execute() Reply OK
16:26:24.816 main Client.execute() Sending 3997808304960027:15
16:26:24.926 main Client.execute() Reply OK
16:26:25.026 main Client.execute() Sending 3997808304960027:16
16:26:25.194 main Client.execute() Reply OK
16:26:25.214 main Client.execute() Sending 3997808304960027:17
16:26:25.312 main Client.execute() Reply OK
16:26:25.362 main Client.execute() Sending 3997808304960027:18
16:26:25.479 main Client.execute() Reply OK
16:26:25.519 main Client.execute() Sending 3997808304960027:19
16:26:25.738 main Client.execute() Reply OK
16:26:25.826 main Client.execute() Sending 3997808304960027:20
16:26:25.964 main Client.execute() Reply OK
16:26:25.986 main Client.execute() Sending 3997808304960027:21
16:26:26.067 main Client.execute() Reply OK
16:26:26.126 main Client.execute() Sending 3997808304960027:22
16:26:26.211 main Client.execute() Reply OK
16:26:26.232 main Client.execute() Sending 3997808304960027:23
16:26:26.315 main Client.execute() Reply OK
16:26:26.318 main Client.execute() Sending 3997808304960027:24
16:26:26.397 main Client.execute() Reply OK
16:26:26.464 main Client.execute() Sending 3997808304960027:25
16:26:26.565 main Client.execute() Reply OK
16:26:26.654 main Client.execute() Sending 3997808304960027:26
16:26:26.709 main Client.execute() Reply OK
16:26:26.779 main Client.execute() Sending 3997808304960027:27
16:26:26.881 main Client.execute() Reply OK
16:26:26.957 main Client.execute() Sending 3997808304960027:28
16:26:27.033 main Client.execute() Reply OK
16:26:27.095 main Client.execute() Sending 3997808304960027:29
16:26:27.182 main Client.execute() Reply OK
16:26:27.190 main Client.execute() Sending 3997808304960027:30
16:26:27.247 main Client.execute() Reply OK
16:26:27.338 main Client.execute() Sending 3997808304960027:31
16:26:27.460 main Client.execute() Reply OK
16:26:27.535 main Client.execute() Sending 3997808304960027:32
16:26:27.620 main Client.execute() Reply OK
16:26:27.697 main Client.execute() Sending 3997808304960027:33
16:26:27.800 main Client.execute() Reply OK
16:26:27.856 main Client.execute() Sending 3997808304960027:34
16:26:27.944 main Client.execute() Reply OK
16:26:27.948 main Client.execute() Sending 3997808304960027:35
16:26:28.031 main Client.execute() Reply OK
16:26:28.034 main Client.execute() Sending 3997808304960027:36
16:26:28.073 main Client.execute() Reply OK
16:26:28.169 main Client.execute() Sending 3997808304960027:37
16:26:28.243 main Client.execute() Reply OK
16:26:28.287 main Client.execute() Sending 3997808304960027:38
16:26:28.346 main Client.execute() Reply OK
16:26:28.428 main Client.execute() Sending 3997808304960027:39
16:26:28.524 main Client.execute() Reply OK
16:26:28.612 main Client.execute() Sending 3997808304960027:40
16:26:28.685 main Client.execute() Reply OK
16:26:28.747 main Client.execute() Sending 3997808304960027:41
16:26:28.837 main Client.execute() Reply OK
16:26:28.839 main Client.execute() Sending 3997808304960027:42
16:26:28.927 main Client.execute() Reply OK
16:26:28.974 main Client.execute() Sending 3997808304960027:43
16:26:29.061 main Client.execute() Reply OK
16:26:29.139 main Client.execute() Sending 3997808304960027:44
16:26:29.256 main Client.execute() Reply OK
16:26:29.330 main Client.execute() Sending 3997808304960027:45
16:26:29.497 main Client.execute() Reply OK
16:26:29.540 main Client.execute() Sending 3997808304960027:46
16:26:29.622 main Client.execute() Reply OK
16:26:29.631 main Client.execute() Sending 3997808304960027:47
16:26:29.734 main Client.execute() Reply OK
16:26:29.735 main Client.execute() Sending 3997808304960027:48
16:26:29.795 main Client.execute() Reply OK
16:26:29.811 main Client.execute() Sending 3997808304960027:49
16:26:29.900 main Client.execute() Reply OK
16:26:29.985 main Client.execute() Sending 3997808304960027:50
16:26:30.058 main Client.execute() Reply OK
16:26:30.107 main Client.execute() Sending 3997808304960027:51
16:26:30.650 main Client.execute() Reply OK
16:26:30.684 main Client.execute() Sending 3997808304960027:52
16:26:30.805 main Client.execute() Reply OK
16:26:30.886 main Client.execute() Sending 3997808304960027:53
16:26:31.030 main Client.execute() Reply OK
16:26:31.092 main Client.execute() Sending 3997808304960027:54
16:26:31.173 main Client.execute() Reply OK
16:26:31.208 main Client.execute() Sending 3997808304960027:55
16:26:31.309 main Client.execute() Reply OK
16:26:31.406 main Client.execute() Sending 3997808304960027:56
16:26:31.491 main Client.execute() Reply OK
16:26:31.533 main Client.execute() Sending 3997808304960027:57
16:26:31.641 main Client.execute() Reply OK
16:26:31.739 main Client.execute() Sending 3997808304960027:58
16:26:31.845 main Client.execute() Reply OK
16:26:31.907 main Client.execute() Sending 3997808304960027:59
16:26:31.967 main Client.execute() Reply OK
16:26:31.969 main Client.execute() Sending 3997808304960027:60
16:26:32.041 main Client.execute() Reply OK
16:26:32.084 main Client.execute() Sending 3997808304960027:61
16:26:32.194 main Client.execute() Reply OK
16:26:32.287 main Client.execute() Sending 3997808304960027:62
16:26:32.363 main Client.execute() Reply OK
16:26:32.377 main Client.execute() Sending 3997808304960027:63
16:26:32.527 main Client.execute() Reply OK
16:26:32.619 main Client.execute() Sending 3997808304960027:64
16:26:32.734 main Client.execute() Reply OK
16:26:32.826 main Client.execute() Sending 3997808304960027:65
16:26:32.903 main Client.execute() Reply OK
16:26:32.906 main Client.execute() Sending 3997808304960027:66
16:26:32.973 main Client.execute() Reply OK
16:26:32.995 main Client.execute() Sending 3997808304960027:67
16:26:33.095 main Client.execute() Reply OK
16:26:33.189 main Client.execute() Sending 3997808304960027:68
16:26:33.264 main Client.execute() Reply OK
16:26:33.306 main Client.execute() Sending 3997808304960027:69
16:26:33.418 main Client.execute() Reply OK
16:26:33.425 main Client.execute() Sending 3997808304960027:70
16:26:33.514 main Client.execute() Reply OK
16:26:33.558 main Client.execute() Sending 3997808304960027:71
16:26:33.629 main Client.execute() Reply OK
16:26:33.725 main Client.execute() Sending 3997808304960027:72
16:26:33.830 main Client.execute() Reply OK
16:26:33.902 main Client.execute() Sending 3997808304960027:73
16:26:33.949 main Client.execute() Reply OK
16:26:34.024 main Client.execute() Sending 3997808304960027:74
16:26:34.117 main Client.execute() Reply OK
16:26:34.177 main Client.execute() Sending 3997808304960027:75
16:26:34.237 main Client.execute() Reply OK
16:26:34.269 main Client.execute() Sending 3997808304960027:76
16:26:34.364 main Client.execute() Reply OK
16:26:34.383 main Client.execute() Sending 3997808304960027:77
16:26:34.454 main Client.execute() Reply OK
16:26:34.473 main Client.execute() Sending 3997808304960027:78
16:26:34.587 main Client.execute() Reply OK
16:26:34.658 main Client.execute() Sending 3997808304960027:79
16:26:34.721 main Client.execute() Reply OK
16:26:34.793 main Client.execute() Sending 3997808304960027:80
16:26:34.875 main Client.execute() Reply OK
16:26:34.914 main Client.execute() Sending 3997808304960027:81
16:26:35.078 main Client.execute() Reply OK
16:26:35.092 main Client.execute() Sending 3997808304960027:82
16:26:35.227 main Client.execute() Reply OK
16:26:35.279 main Client.execute() Sending 3997808304960027:83
16:26:35.388 main Client.execute() Reply OK
16:26:35.470 main Client.execute() Sending 3997808304960027:84
16:26:35.639 main Client.execute() Reply OK
16:26:35.698 main Client.execute() Sending 3997808304960027:85
16:26:35.805 main Client.execute() Reply OK
16:26:35.819 main Client.execute() Sending 3997808304960027:86
16:26:35.915 main Client.execute() Reply OK
16:26:35.924 main Client.execute() Sending 3997808304960027:87
16:26:36.101 main Client.execute() Reply OK
16:26:36.156 main Client.execute() Sending 3997808304960027:88
16:26:36.260 main Client.execute() Reply OK
16:26:36.264 main Client.execute() Sending 3997808304960027:89
16:26:36.339 main Client.execute() Reply OK
16:26:36.423 main Client.execute() Sending 3997808304960027:90
16:26:36.530 main Client.execute() Reply OK
16:26:36.535 main Client.execute() Sending 3997808304960027:91
16:26:36.641 main Client.execute() Reply OK
16:26:36.687 main Client.execute() Sending 3997808304960027:92
16:26:36.753 main Client.execute() Reply OK
16:26:36.843 main Client.execute() Sending 3997808304960027:93
16:26:36.949 main Client.execute() Reply OK
16:26:37.028 main Client.execute() Sending 3997808304960027:94
16:26:37.141 main Client.execute() Reply OK
16:26:37.236 main Client.execute() Sending 3997808304960027:95
16:26:37.287 main Client.execute() Reply OK
16:26:37.374 main Client.execute() Sending 3997808304960027:96
16:26:37.417 main Client.execute() Reply OK
16:26:37.431 main Client.execute() Sending 3997808304960027:97
16:26:37.549 main Client.execute() Reply OK
16:26:37.580 main Client.execute() Sending 3997808304960027:98
16:26:37.737 main Client.execute() Reply OK
16:26:37.813 main Client.execute() Sending 3997808304960027:99
16:26:37.857 main Client.execute() Reply OK
16:26:37.937 main Client.execute() Sending 3997808304960027:100
16:26:37.970 main Client.execute() Reply OK
