16:26:18.270 main Configuration.<init>() Configuration loaded from file: paxos.properties
16:26:19.980 main Configuration.loadProcessList() [p0] localhost, ports = (replica=2021, client=3001)
16:26:19.980 main Configuration.loadProcessList() [p1] localhost, ports = (replica=2022, client=3002)
16:26:19.980 main Configuration.loadProcessList() [p2] localhost, ports = (replica=2023, client=3003)
16:26:19.981 main Client.connectTo() Connecting to localhost:3002
16:26:20.903 main Client.initConnection() New client id: 3997808307426013
16:26:20.903 main Client.connectTo() Connected [p1]. Timeout: 3000
16:26:20.912 main Client.execute() Sending 3997808307426013:1
16:26:21.411 main Client.execute() Reply OK
16:26:21.486 main Client.execute() Sending 3997808307426013:2
16:26:21.681 main Client.execute() Reply OK
16:26:21.711 main Client.execute() Sending 3997808307426013:3
16:26:21.980 main Client.execute() Reply OK
16:26:21.991 main Client.execute() Sending 3997808307426013:4
16:26:22.188 main Client.execute() Reply OK
16:26:22.238 main Client.execute() Sending 3997808307426013:5
16:26:22.635 main Client.execute() Reply OK
16:26:22.676 main Client.execute() Sending 3997808307426013:6
16:26:22.948 main Client.execute() Reply OK
16:26:23.004 main Client.execute() Sending 3997808307426013:7
16:26:23.129 main Client.execute() Reply OK
16:26:23.189 main Client.execute() Sending 3997808307426013:8
16:26:23.349 main Client.execute() Reply OK
16:26:23.441 main Client.execute() Sending 3997808307426013:9
16:26:23.635 main Client.execute() Reply OK
16:26:23.730 main Client.execute() Sending 3997808307426013:10
16:26:23.893 main Client.execute() Reply OK
16:26:23.983 main Client.execute() Sending 3997808307426013:11
16:26:24.095 main Client.execute() Reply OK
16:26:24.131 main Client.execute() Sending 3997808307426013:12
16:26:24.280 main Client.execute() Reply OK
16:26:24.318 main Client.execute() Sending 3997808307426013:13
16:26:24.477 main Client.execute() Reply OK
16:26:24.507 main Client.execute() Sending 3997808307426013:14
16:26:24.686 main Client.execute() Reply OK
16:26:24.705 main Client.execute() Sending 3997808307426013:15
16:26:24.809 main Client.execute() Reply OK
16:26:24.816 main Client.execute() Sending 3997808307426013:16
16:26:24.921 main Client.execute() Reply OK
16:26:24.998 main Client.execute() Sending 3997808307426013:17
16:26:25.188 main Client.execute() Reply OK
16:26:25.192 main Client.execute() Sending 3997808307426013:18
16:26:25.289 main Client.execute() Reply OK
16:26:25.318 main Client.execute() Sending 3997808307426013:19
16:26:25.416 main Client.execute() Reply OK
16:26:25.478 main Client.execute() Sending 3997808307426013:20
16:26:25.695 main Client.execute() Reply OK
16:26:25.708 main Client.execute() Sending 3997808307426013:21
16:26:25.914 main Client.execute() Reply OK
16:26:25.980 main Client.execute() Sending 3997808307426013:22
16:26:26.080 main Client.execute() Reply OK
16:26:26.171 main Client.execute() Sending 3997808307426013:23
16:26:26.231 main Client.execute() Reply OK
16:26:26.269 main Client.execute() Sending 3997808307426013:24
16:26:26.370 main Client.execute() Reply OK
16:26:26.450 main Client.execute() Sending 3997808307426013:25
16:26:26.573 main Client.execute() Reply OK
16:26:26.651 main Client.execute() Sending 3997808307426013:26
16:26:26.780 main Client.execute() Reply OK
16:26:26.838 main Client.execute() Sending 3997808307426013:27
16:26:26.895 main Client.execute() Reply OK
16:26:26.978 main Client.execute() Sending 3997808307426013:28
16:26:27.062 main Client.execute() Reply OK
16:26:27.147 main Client.execute() Sending 3997808307426013:29
16:26:27.210 main Client.execute() Reply OK
16:26:27.254 main Client.execute() Sending 3997808307426013:30
16:26:27.330 main Client.execute() Reply OK
16:26:27.391 main Client.execute() Sending 3997808307426013:31
16:26:27.463 main Client.execute() Reply OK
16:26:27.524 main Client.execute() Sending 3997808307426013:32
16:26:27.555 main Client.execute() Reply OK
16:26:27.645 main Client.execute() Sending 3997808307426013:33
16:26:27.804 main Client.execute() Reply OK
16:26:27.894 main Client.execute() Sending 3997808307426013:34
16:26:27.967 main Client.execute() Reply OK
16:26:28.037 main Client.execute() Sending 3997808307426013:35
16:26:28.097 main Client.execute() Reply OK
16:26:28.158 main Client.execute() Sending 3997808307426013:36
16:26:28.241 main Client.execute() Reply OK
16:26:28.301 main Client.execute() Sending 3997808307426013:37
16:26:28.403 main Client.execute() Reply OK
16:26:28.485 main Client.execute() Sending 3997808307426013:38
16:26:28.568 main Client.execute() Reply OK
16:26:28.577 main Client.execute() Sending 3997808307426013:39
16:26:28.624 main Client.execute() Reply OK
16:26:28.664 main Client.execute() Sending 3997808307426013:40
16:26:28.761 main Client.execute() Reply OK
16:26:28.833 main Client.execute() Sending 3997808307426013:41
16:26:28.925 main Client.execute() Reply OK
16:26:28.996 main Client.execute() Sending 3997808307426013:42
16:26:29.057 main Client.execute() Reply OK
16:26:29.140 main Client.execute() Sending 3997808307426013:43
16:26:29.242 main Client.execute() Reply OK
16:26:29.246 main Client.execute() Sending 3997808307426013:44
16:26:29.334 main Client.execute() Reply OK
16:26:29.393 main Client.execute() Sending 3997808307426013:45
16:26:29.445 main Client.execute() Reply OK
16:26:29.477 main Client.execute() Sending 3997808307426013:46
16:26:29.556 main Client.execute() Reply OK
16:26:29.636 main Client.execute() Sending 3997808307426013:47
16:26:29.703 main Client.execute() Reply OK
16:26:29.734 main Client.execute() Sending 3997808307426013:48
16:26:29.811 main Client.execute() Reply OK
16:26:29.825 main Client.execute() Sending 3997808307426013:49
16:26:29.882 main Client.execute() Reply OK
16:26:29.883 main Client.execute() Sending 3997808307426013:50
16:26:30.004 main Client.execute() Reply OK
16:26:30.075 main Client.execute() Sending 3997808307426013:51
16:26:30.622 main Client.execute() Reply OK
16:26:30.677 main Client.execute() Sending 3997808307426013:52
16:26:30.773 main Client.execute() Reply OK
16:26:30.848 main Client.execute() Sending 3997808307426013:53
16:26:30.968 main Client.execute() Reply OK
16:26:30.990 main Client.execute() Sending 3997808307426013:54
16:26:31.078 main Client.execute() Reply OK
16:26:31.098 main Client.execute() Sending 3997808307426013:55
16:26:31.187 main Client.execute() Reply OK
16:26:31.270 main Client.execute() Sending 3997808307426013:56
16:26:31.343 main Client.execute() Reply OK
16:26:31.420 main Client.execute() Sending 3997808307426013:57
16:26:31.480 main Client.execute() Reply OK
16:26:31.503 main Client.execute() Sending 3997808307426013:58
16:26:31.598 main Client.execute() Reply OK
16:26:31.682 main Client.execute() Sending 3997808307426013:59
16:26:31.784 main Client.execute() Reply OK
16:26:31.842 main Client.execute() Sending 3997808307426013:60
16:26:31.899 main Client.execute() Reply OK
16:26:31.993 main Client.execute() Sending 3997808307426013:61
16:26:32.061 main Client.execute() Reply OK
16:26:32.158 main Client.execute() Sending 3997808307426013:62
16:26:32.199 main Client.execute() Reply OK
16:26:32.298 main Client.execute() Sending 3997808307426013:63
16:26:32.380 main Client.execute() Reply OK
16:26:32.413 main Client.execute() Sending 3997808307426013:64
16:26:32.480 main Client.execute() Reply OK
16:26:32.508 main Client.execute() Sending 3997808307426013:65
16:26:32.619 main Client.execute() Reply OK
16:26:32.714 main Client.execute() Sending 3997808307426013:66
16:26:32.784 main Client.execute() Reply OK
16:26:32.785 main Client.execute() Sending 3997808307426013:67
16:26:32.857 main Client.execute() Reply OK
16:26:32.929 main Client.execute() Sending 3997808307426013:68
16:26:33.002 main Client.execute() Reply OK
16:26:33.026 main Client.execute() Sending 3997808307426013:69
16:26:33.132 main Client.execute() Reply OK
16:26:33.150 main Client.execute() Sending 3997808307426013:70
16:26:33.229 main Client.execute() Reply OK
16:26:33.253 main Client.execute() Sending 3997808307426013:71
16:26:33.346 main Client.execute() Reply OK
16:26:33.397 main Client.execute() Sending 3997808307426013:72
16:26:33.515 main Client.execute() Reply OK
16:26:33.528 main Client.execute() Sending 3997808307426013:73
16:26:33.637 main Client.execute() Reply OK
16:26:33.667 main Client.execute() Sending 3997808307426013:74
16:26:33.723 main Client.execute() Reply OK
16:26:33.763 main Client.execute() Sending 3997808307426013:75
16:26:33.793 main Client.execute() Reply OK
16:26:33.826 main Client.execute() Sending 3997808307426013:76
16:26:33.896 main Client.execute() Reply OK
16:26:33.995 main Client.execute() Sending 3997808307426013:77
16:26:34.025 main Client.execute() Reply OK
16:26:34.085 main Client.execute() Sending 3997808307426013:78
16:26:34.140 main Client.execute() Reply OK
16:26:34.154 main Client.execute() Sending 3997808307426013:79
16:26:34.215 main Client.execute() Reply OK
16:26:34.314 main Client.execute() Sending 3997808307426013:80
16:26:34.405 main Client.execute() Reply OK
16:26:34.441 main Client.execute() Sending 3997808307426013:81
16:26:34.540 main Client.execute() Reply OK
16:26:34.543 main Client.execute() Sending 3997808307426013:82
16:26:34.643 main Client.execute() Reply OK
16:26:34.721 main Client.execute() Sending 3997808307426013:83
16:26:34.769 main Client.execute() Reply OK
16:26:34.808 main Client.execute() Sending 3997808307426013:84
16:26:34.871 main Client.execute() Reply OK
16:26:34.891 main Client.execute() Sending 3997808307426013:85
16:26:35.006 main Client.execute() Reply OK
16:26:35.069 main Client.execute() Sending 3997808307426013:86
16:26:35.195 main Client.execute() Reply OK
16:26:35.252 main Client.execute() Sending 3997808307426013:87
16:26:35.353 main Client.execute() Reply OK
16:26:35.462 main Client.execute() Sending 3997808307426013:88
16:26:35.645 main Client.execute() Reply OK
16:26:35.701 main Client.execute() Sending 3997808307426013:89
16:26:35.797 main Client.execute() Reply OK
16:26:35.806 main Client.execute() Sending 3997808307426013:90
16:26:35.897 main Client.execute() Reply OK
16:26:35.988 main Client.execute() Sending 3997808307426013:91
16:26:36.113 main Client.execute() Reply OK
16:26:36.180 main Client.execute() Sending 3997808307426013:92
16:26:36.242 main Client.execute() Reply OK
16:26:36.316 main Client.execute() Sending 3997808307426013:93
16:26:36.421 main Client.execute() Reply OK
16:26:36.483 main Client.execute() Sending 3997808307426013:94
16:26:36.530 main Client.execute() Reply OK
16:26:36.590 main Client.execute() Sending 3997808307426013:95
16:26:36.683 main Client.execute() Reply OK
16:26:36.738 main Client.execute() Sending 3997808307426013:96
16:26:36.938 main Client.execute() Reply OK
16:26:37.007 main Client.execute() Sending 3997808307426013:97
16:26:37.081 main Client.execute() Reply OK
16:26:37.160 main Client.execute() Sending 3997808307426013:98
16:26:37.247 main Client.execute() Reply OK
16:26:37.328 main Client.execute() Sending 3997808307426013:99
16:26:37.386 main Client.execute() Reply OK
16:26:37.416 main Client.execute() Sending 3997808307426013:100
16:26:37.594 main Client.execute() Reply OK
