16:26:18.933 main Configuration.<init>() Configuration loaded from file: paxos.properties
16:26:20.527 main Configuration.loadProcessList() [p0] localhost, ports = (replica=2021, client=3001)
16:26:20.527 main Configuration.loadProcessList() [p1] localhost, ports = (replica=2022, client=3002)
16:26:20.527 main Configuration.loadProcessList() [p2] localhost, ports = (replica=2023, client=3003)
16:26:20.528 main Client.connectTo() Connecting to localhost:3002
16:26:21.192 main Client.initConnection() New client id: 3997808307426028
16:26:21.193 main Client.connectTo() Connected [p1]. Timeout: 3000
16:26:21.200 main Client.execute() Sending 3997808307426028:1
16:26:21.432 main Client.execute() Reply OK
16:26:21.532 main Client.execute() Sending 3997808307426028:2
16:26:21.750 main Client.execute() Reply OK
16:26:21.806 main Client.execute() Sending 3997808307426028:3
16:26:22.113 main Client.execute() Reply OK
16:26:22.173 main Client.execute() Sending 3997808307426028:4
16:26:22.441 main Client.execute() Reply OK
16:26:22.518 main Client.execute() Sending 3997808307426028:5
16:26:22.932 main Client.execute() Reply OK
16:26:22.934 main Client.execute() Sending 3997808307426028:6
16:26:23.021 main Client.execute() Reply OK
16:26:23.054 main Client.execute() Sending 3997808307426028:7
16:26:23.198 main Client.execute() Reply OK
16:26:23.267 main Client.execute() Sending 3997808307426028:8
16:26:23.384 main Client.execute() Reply OK
16:26:23.478 main Client.execute() Sending 3997808307426028:9
16:26:23.635 main Client.execute() Reply OK
16:26:23.708 main Client.execute() Sending 3997808307426028:10
16:26:23.824 main Client.execute() Reply OK
16:26:23.909 main Client.execute() Sending 3997808307426028:11
16:26:24.066 main Client.execute() Reply OK
16:26:24.133 main Client.execute() Sending 3997808307426028:12
16:26:24.280 main Client.execute() Reply OK
16:26:24.332 main Client.execute() Sending 3997808307426028:13
16:26:24.478 main Client.execute() Reply OK
16:26:24.505 main Client.execute() Sending 3997808307426028:14
16:26:24.687 main Client.execute() Reply OK
16:26:24.763 main Client.execute() Sending 3997808307426028:15
16:26:24.863 main Client.execute() Reply OK
16:26:24.877 main Client.execute() Sending 3997808307426028:16
16:26:25.107 main Client.execute() Reply OK
16:26:25.138 main Client.execute() Sending 3997808307426028:17
16:26:25.267 main Client.execute() Reply OK
16:26:25.270 main Client.execute() Sending 3997808307426028:18
16:26:25.385 main Client.execute() Reply OK
16:26:25.460 main Client.execute() Sending 3997808307426028:19
16:26:25.682 main Client.execute() Reply OK
16:26:25.737 main Client.execute() Sending 3997808307426028:20
16:26:25.915 main Client.execute() Reply OK
16:26:25.962 main Client.execute() Sending 3997808307426028:21
16:26:26.079 main Client.execute() Reply OK
16:26:26.102 main Client.execute() Sending 3997808307426028:22
16:26:26.209 main Client.execute() Reply OK
16:26:26.243 main Client.execute() Sending 3997808307426028:23
16:26:26.296 main Client.execute() Reply OK
16:26:26.368 main Client.execute() Sending 3997808307426028:24
16:26:26.453 main Client.execute() Reply OK
16:26:26.513 main Client.execute() Sending 3997808307426028:25
16:26:26.615 main Client.execute() Reply OK
16:26:26.634 main Client.execute() Sending 3997808307426028:26
16:26:26.700 main Client.execute() Reply OK
16:26:26.710 main Client.execute() Sending 3997808307426028:27
16:26:26.795 main Client.execute() Reply OK
16:26:26.882 main Client.execute() Sending 3997808307426028:28
16:26:26.957 main Client.execute() Reply OK
16:26:26.980 main Client.execute() Sending 3997808307426028:29
16:26:27.062 main Client.execute() Reply OK
16:26:27.161 main Client.execute() Sending 3997808307426028:30
16:26:27.233 main Client.execute() Reply OK
16:26:27.290 main Client.execute() Sending 3997808307426028:31
16:26:27.352 main Client.execute() Reply OK
16:26:27.374 main Client.execute() Sending 3997808307426028:32
16:26:27.463 main Client.execute() Reply OK
16:26:27.482 main Client.execute() Sending 3997808307426028:33
16:26:27.539 main Client.execute() Reply OK
16:26:27.602 main Client.execute() Sending 3997808307426028:34
16:26:27.669 main Client.execute() Reply OK
16:26:27.693 main Client.execute() Sending 3997808307426028:35
16:26:27.814 main Client.execute() Reply OK
16:26:27.891 main Client.execute() Sending 3997808307426028:36
16:26:27.962 main Client.execute() Reply OK
16:26:28.030 main Client.execute() Sending 3997808307426028:37
16:26:28.096 main Client.execute() Reply OK
16:26:28.151 main Client.execute() Sending 3997808307426028:38
16:26:28.240 main Client.execute() Reply OK
16:26:28.279 main Client.execute() Sending 3997808307426028:39
16:26:28.365 main Client.execute() Reply OK
16:26:28.422 main Client.execute() Sending 3997808307426028:40
16:26:28.518 main Client.execute() Reply OK
16:26:28.589 main Client.execute() Sending 3997808307426028:41
16:26:28.653 main Client.execute() Reply OK
16:26:28.695 main Client.execute() Sending 3997808307426028:42
16:26:28.793 main Client.execute() Reply OK
16:26:28.851 main Client.execute() Sending 3997808307426028:43
16:26:28.924 main Client.execute() Reply OK
16:26:28.966 main Client.execute() Sending 3997808307426028:44
16:26:29.056 main Client.execute() Reply OK
16:26:29.081 main Client.execute() Sending 3997808307426028:45
16:26:29.154 main Client.execute() Reply OK
16:26:29.224 main Client.execute() Sending 3997808307426028:46
16:26:29.317 main Client.execute() Reply OK
16:26:29.348 main Client.execute() Sending 3997808307426028:47
16:26:29.416 main Client.execute() Reply OK
16:26:29.431 main Client.execute() Sending 3997808307426028:48
16:26:29.508 main Client.execute() Reply OK
16:26:29.550 main Client.execute() Sending 3997808307426028:49
16:26:29.614 main Client.execute() Reply OK
16:26:29.676 main Client.execute() Sending 3997808307426028:50
16:26:29.732 main Client.execute() Reply OK
16:26:29.772 main Client.execute() Sending 3997808307426028:51
16:26:29.862 main Client.execute() Reply OK
16:26:29.880 main Client.execute() Sending 3997808307426028:52
16:26:30.003 main Client.execute() Reply OK
16:26:30.026 main Client.execute() Sending 3997808307426028:53
16:26:30.130 main Client.execute() Reply OK
16:26:30.215 main Client.execute() Sending 3997808307426028:54
16:26:30.643 main Client.execute() Reply OK
16:26:30.668 main Client.execute() Sending 3997808307426028:55
16:26:30.760 main Client.execute() Reply OK
16:26:30.789 main Client.execute() Sending 3997808307426028:56
16:26:30.883 main Client.execute() Reply OK
16:26:30.982 main Client.execute() Sending 3997808307426028:57
16:26:31.076 main Client.execute() Reply OK
16:26:31.133 main Client.execute() Sending 3997808307426028:58
16:26:31.214 main Client.execute() Reply OK
16:26:31.313 main Client.execute() Sending 3997808307426028:59
16:26:31.383 main Client.execute() Reply OK
16:26:31.399 main Client.execute() Sending 3997808307426028:60
16:26:31.468 main Client.execute() Reply OK
16:26:31.556 main Client.execute() Sending 3997808307426028:61
16:26:31.614 main Client.execute() Reply OK
16:26:31.644 main Client.execute() Sending 3997808307426028:62
16:26:31.774 main Client.execute() Reply OK
16:26:31.808 main Client.execute() Sending 3997808307426028:63
16:26:31.880 main Client.execute() Reply OK
16:26:31.884 main Client.execute() Sending 3997808307426028:64
16:26:31.971 main Client.execute() Reply OK
16:26:32.036 main Client.execute() Sending 3997808307426028:65
16:26:32.114 main Client.execute() Reply OK
16:26:32.197 main Client.execute() Sending 3997808307426028:66
16:26:32.264 main Client.execute() Reply OK
16:26:32.330 main Client.execute() Sending 3997808307426028:67
16:26:32.417 main Client.execute() Reply OK
16:26:32.450 main Client.execute() Sending 3997808307426028:68
16:26:32.519 main Client.execute() Reply OK
16:26:32.580 main Client.execute() Sending 3997808307426028:69
16:26:32.680 main Client.execute() Reply OK
16:26:32.724 main Client.execute() Sending 3997808307426028:70
16:26:32.785 main Client.execute() Reply OK
16:26:32.850 main Client.execute() Sending 3997808307426028:71
16:26:32.924 main Client.execute() Reply OK
16:26:32.985 main Client.execute() Sending 3997808307426028:72
16:26:33.130 main Client.execute() Reply OK
16:26:33.219 main Client.execute() Sending 3997808307426028:73
16:26:33.276 main Client.execute() Reply OK
16:26:33.288 main Client.execute() Sending 3997808307426028:74
16:26:33.417 main Client.execute() Reply OK
16:26:33.450 main Client.execute() Sending 3997808307426028:75
16:26:33.543 main Client.execute() Reply OK
16:26:33.601 main Client.execute() Sending 3997808307426028:76
16:26:33.669 main Client.execute() Reply OK
16:26:33.673 main Client.execute() Sending 3997808307426028:77
16:26:33.791 main Client.execute() Reply OK
16:26:33.820 main Client.execute() Sending 3997808307426028:78
16:26:33.871 main Client.execute() Reply OK
16:26:33.946 main Client.execute() Sending 3997808307426028:79
16:26:33.981 main Client.execute() Reply OK
16:26:34.000 main Client.execute() Sending 3997808307426028:80
16:26:34.047 main Client.execute() Reply OK
16:26:34.092 main Client.execute() Sending 3997808307426028:81
16:26:34.184 main Client.execute() Reply OK
16:26:34.283 main Client.execute() Sending 3997808307426028:82
16:26:34.360 main Client.execute() Reply OK
16:26:34.454 main Client.execute() Sending 3997808307426028:83
16:26:34.538 main Client.execute() Reply OK
16:26:34.548 main Client.execute() Sending 3997808307426028:84
16:26:34.655 main Client.execute() Reply OK
16:26:34.703 main Client.execute() Sending 3997808307426028:85
16:26:34.765 main Client.execute() Reply OK
16:26:34.818 main Client.execute() Sending 3997808307426028:86
16:26:34.916 main Client.execute() Reply OK
16:26:34.950 main Client.execute() Sending 3997808307426028:87
16:26:35.069 main Client.execute() Reply OK
16:26:35.137 main Client.execute() Sending 3997808307426028:88
16:26:35.220 main Client.execute() Reply OK
16:26:35.274 main Client.execute() Sending 3997808307426028:89
16:26:35.368 main Client.execute() Reply OK
16:26:35.466 main Client.execute() Sending 3997808307426028:90
16:26:35.618 main Client.execute() Reply OK
16:26:35.678 main Client.execute() Sending 3997808307426028:91
16:26:35.784 main Client.execute() Reply OK
16:26:35.852 main Client.execute() Sending 3997808307426028:92
16:26:35.945 main Client.execute() Reply OK
16:26:36.048 main Client.execute() Sending 3997808307426028:93
16:26:36.114 main Client.execute() Reply OK
16:26:36.163 main Client.execute() Sending 3997808307426028:94
16:26:36.238 main Client.execute() Reply OK
16:26:36.309 main Client.execute() Sending 3997808307426028:95
16:26:36.420 main Client.execute() Reply OK
16:26:36.485 main Client.execute() Sending 3997808307426028:96
16:26:36.530 main Client.execute() Reply OK
16:26:36.618 main Client.execute() Sending 3997808307426028:97
16:26:36.685 main Client.execute() Reply OK
16:26:36.690 main Client.execute() Sending 3997808307426028:98
16:26:36.742 main Client.execute() Reply OK
16:26:36.780 main Client.execute() Sending 3997808307426028:99
16:26:36.940 main Client.execute() Reply OK
16:26:37.032 main Client.execute() Sending 3997808307426028:100
16:26:37.081 main Client.execute() Reply OK
