16:26:20.325 main Configuration.<init>() Configuration loaded from file: paxos.properties
16:26:21.614 main Configuration.loadProcessList() [p0] localhost, ports = (replica=2021, client=3001)
16:26:21.614 main Configuration.loadProcessList() [p1] localhost, ports = (replica=2022, client=3002)
16:26:21.614 main Configuration.loadProcessList() [p2] localhost, ports = (replica=2023, client=3003)
16:26:21.615 main Client.connectTo() Connecting to localhost:3001
16:26:21.763 main Client.initConnection() New client id: 3997808304960048
16:26:21.763 main Client.connectTo() Connected [p0]. Timeout: 3000
16:26:21.766 main Client.execute() Sending 3997808304960048:1
16:26:22.043 main Client.execute() Reply OK
16:26:22.126 main Client.execute() Sending 3997808304960048:2
16:26:22.374 main Client.execute() Reply OK
16:26:22.406 main Client.execute() Sending 3997808304960048:3
16:26:22.867 main Client.execute() Reply OK
16:26:22.921 main Client.execute() Sending 3997808304960048:4
16:26:23.067 main Client.execute() Reply OK
16:26:23.102 main Client.execute() Sending 3997808304960048:5
16:26:23.185 main Client.execute() Reply OK
16:26:23.199 main Client.execute() Sending 3997808304960048:6
16:26:23.359 main Client.execute() Reply OK
16:26:23.364 main Client.execute() Sending 3997808304960048:7
16:26:23.535 main Client.execute() Reply OK
16:26:23.568 main Client.execute() Sending 3997808304960048:8
16:26:23.687 main Client.execute() Reply OK
16:26:23.709 main Client.execute() Sending 3997808304960048:9
16:26:23.859 main Client.execute() Reply OK
16:26:23.883 main Client.execute() Sending 3997808304960048:10
16:26:24.025 main Client.execute() Reply OK
16:26:24.081 main Client.execute() Sending 3997808304960048:11
16:26:24.264 main Client.execute() Reply OK
16:26:24.283 main Client.execute() Sending 3997808304960048:12
16:26:24.428 main Client.execute() Reply OK
16:26:24.497 main Client.execute() Sending 3997808304960048:13
16:26:24.653 main Client.execute() Reply OK
16:26:24.678 main Client.execute() Sending 3997808304960048:14
16:26:24.779 main Client.execute() Reply OK
16:26:24.835 main Client.execute() Sending 3997808304960048:15
16:26:25.063 main Client.execute() Reply OK
16:26:25.079 main Client.execute() Sending 3997808304960048:16
16:26:25.195 main Client.execute() Reply OK
16:26:25.224 main Client.execute() Sending 3997808304960048:17
16:26:25.310 main Client.execute() Reply OK
16:26:25.397 main Client.execute() Sending 3997808304960048:18
16:26:25.481 main Client.execute() Reply OK
16:26:25.517 main Client.execute() Sending 3997808304960048:19
16:26:25.639 main Client.execute() Reply OK
16:26:25.641 main Client.execute() Sending 3997808304960048:20
16:26:25.871 main Client.execute() Reply OK
16:26:25.880 main Client.execute() Sending 3997808304960048:21
16:26:25.964 main Client.execute() Reply OK
16:26:25.988 main Client.execute() Sending 3997808304960048:22
16:26:26.067 main Client.execute() Reply OK
16:26:26.081 main Client.execute() Sending 3997808304960048:23
16:26:26.173 main Client.execute() Reply OK
16:26:26.184 main Client.execute() Sending 3997808304960048:24
16:26:26.262 main Client.execute() Reply OK
16:26:26.315 main Client.execute() Sending 3997808304960048:25
16:26:26.398 main Client.execute() Reply OK
16:26:26.445 main Client.execute() Sending 3997808304960048:26
16:26:26.523 main Client.execute() Reply OK
16:26:26.541 main Client.execute() Sending 3997808304960048:27
16:26:26.666 main Client.execute() Reply OK
16:26:26.741 main Client.execute() Sending 3997808304960048:28
16:26:26.851 main Client.execute() Reply OK
16:26:26.900 main Client.execute() Sending 3997808304960048:29
16:26:27.015 main Client.execute() Reply OK
16:26:27.089 main Client.execute() Sending 3997808304960048:30
16:26:27.141 main Client.execute() Reply OK
16:26:27.198 main Client.execute() Sending 3997808304960048:31
16:26:27.318 main Client.execute() Reply OK
16:26:27.393 main Client.execute() Sending 3997808304960048:32
16:26:27.461 main Client.execute() Reply OK
16:26:27.507 main Client.execute() Sending 3997808304960048:33
16:26:27.568 main Client.execute() Reply OK
16:26:27.645 main Client.execute() Sending 3997808304960048:34
16:26:27.711 main Client.execute() Reply OK
16:26:27.766 main Client.execute() Sending 3997808304960048:35
16:26:27.851 main Client.execute() Reply OK
16:26:27.930 main Client.execute() Sending 3997808304960048:36
16:26:28.030 main Client.execute() Reply OK
16:26:28.108 main Client.execute() Sending 3997808304960048:37
16:26:28.193 main Client.execute() Reply OK
16:26:28.206 main Client.execute() Sending 3997808304960048:38
16:26:28.326 main Client.execute() Reply OK
16:26:28.377 main Client.execute() Sending 3997808304960048:39
16:26:28.476 main Client.execute() Reply OK
16:26:28.537 main Client.execute() Sending 3997808304960048:40
16:26:28.629 main Client.execute() Reply OK
16:26:28.712 main Client.execute() Sending 3997808304960048:41
16:26:28.832 main Client.execute() Reply OK
16:26:28.926 main Client.execute() Sending 3997808304960048:42
16:26:28.986 main Client.execute() Reply OK
16:26:29.001 main Client.execute() Sending 3997808304960048:43
16:26:29.078 main Client.execute() Reply OK
16:26:29.080 main Client.execute() Sending 3997808304960048:44
16:26:29.182 main Client.execute() Reply OK
16:26:29.220 main Client.execute() Sending 3997808304960048:45
16:26:29.368 main Client.execute() Reply OK
16:26:29.381 main Client.execute() Sending 3997808304960048:46
16:26:29.498 main Client.execute() Reply OK
16:26:29.504 main Client.execute() Sending 3997808304960048:47
16:26:29.619 main Client.execute() Reply OK
16:26:29.620 main Client.execute() Sending 3997808304960048:48
16:26:29.723 main Client.execute() Reply OK
16:26:29.778 main Client.execute() Sending 3997808304960048:49
16:26:29.865 main Client.execute() Reply OK
16:26:29.934 main Client.execute() Sending 3997808304960048:50
16:26:29.993 main Client.execute() Reply OK
16:26:30.016 main Client.execute() Sending 3997808304960048:51
16:26:30.090 main Client.execute() Reply OK
16:26:30.147 main Client.execute() Sending 3997808304960048:52
16:26:30.655 main Client.execute() Reply OK
16:26:30.703 main Client.execute() Sending 3997808304960048:53
16:26:30.805 main Client.execute() Reply OK
16:26:30.834 main Client.execute() Sending 3997808304960048:54
16:26:30.946 main Client.execute() Reply OK
16:26:30.948 main Client.execute() Sending 3997808304960048:55
16:26:31.096 main Client.execute() Reply OK
16:26:31.133 main Client.execute() Sending 3997808304960048:56
16:26:31.244 main Client.execute() Reply OK
16:26:31.260 main Client.execute() Sending 3997808304960048:57
16:26:31.332 main Client.execute() Reply OK
16:26:31.410 main Client.execute() Sending 3997808304960048:58
16:26:31.510 main Client.execute() Reply OK
16:26:31.594 main Client.execute() Sending 3997808304960048:59
16:26:31.672 main Client.execute() Reply OK
16:26:31.708 main Client.execute() Sending 3997808304960048:60
16:26:31.844 main Client.execute() Reply OK
16:26:31.906 main Client.execute() Sending 3997808304960048:61
16:26:31.955 main Client.execute() Reply OK
16:26:32.040 main Client.execute() Sending 3997808304960048:62
16:26:32.133 main Client.execute() Reply OK
16:26:32.152 main Client.execute() Sending 3997808304960048:63
16:26:32.269 main Client.execute() Reply OK
16:26:32.282 main Client.execute() Sending 3997808304960048:64
16:26:32.338 main Client.execute() Reply OK
16:26:32.407 main Client.execute() Sending 3997808304960048:65
16:26:32.528 main Client.execute() Reply OK
16:26:32.571 main Client.execute() Sending 3997808304960048:66
16:26:32.638 main Client.execute() Reply OK
16:26:32.648 main Client.execute() Sending 3997808304960048:67
16:26:32.748 main Client.execute() Reply OK
16:26:32.815 main Client.execute() Sending 3997808304960048:68
16:26:32.861 main Client.execute() Reply OK
16:26:32.875 main Client.execute() Sending 3997808304960048:69
16:26:32.932 main Client.execute() Reply OK
16:26:32.991 main Client.execute() Sending 3997808304960048:70
16:26:33.094 main Client.execute() Reply OK
16:26:33.149 main Client.execute() Sending 3997808304960048:71
16:26:33.226 main Client.execute() Reply OK
16:26:33.268 main Client.execute() Sending 3997808304960048:72
16:26:33.373 main Client.execute() Reply OK
16:26:33.403 main Client.execute() Sending 3997808304960048:73
16:26:33.490 main Client.execute() Reply OK
16:26:33.508 main Client.execute() Sending 3997808304960048:74
16:26:33.587 main Client.execute() Reply OK
16:26:33.598 main Client.execute() Sending 3997808304960048:75
16:26:33.684 main Client.execute() Reply OK
16:26:33.709 main Client.execute() Sending 3997808304960048:76
16:26:33.805 main Client.execute() Reply OK
16:26:33.824 main Client.execute() Sending 3997808304960048:77
16:26:33.878 main Client.execute() Reply OK
16:26:33.967 main Client.execute() Sending 3997808304960048:78
16:26:34.000 main Client.execute() Reply OK
16:26:34.051 main Client.execute() Sending 3997808304960048:79
16:26:34.118 main Client.execute() Reply OK
16:26:34.173 main Client.execute() Sending 3997808304960048:80
16:26:34.238 main Client.execute() Reply OK
16:26:34.263 main Client.execute() Sending 3997808304960048:81
16:26:34.335 main Client.execute() Reply OK
16:26:34.338 main Client.execute() Sending 3997808304960048:82
16:26:34.450 main Client.execute() Reply OK
16:26:34.475 main Client.execute() Sending 3997808304960048:83
16:26:34.587 main Client.execute() Reply OK
16:26:34.665 main Client.execute() Sending 3997808304960048:84
16:26:34.722 main Client.execute() Reply OK
16:26:34.779 main Client.execute() Sending 3997808304960048:85
16:26:34.861 main Client.execute() Reply OK
16:26:34.898 main Client.execute() Sending 3997808304960048:86
16:26:35.004 main Client.execute() Reply OK
16:26:35.089 main Client.execute() Sending 3997808304960048:87
16:26:35.191 main Client.execute() Reply OK
16:26:35.250 main Client.execute() Sending 3997808304960048:88
16:26:35.377 main Client.execute() Reply OK
16:26:35.470 main Client.execute() Sending 3997808304960048:89
16:26:35.623 main Client.execute() Reply OK
16:26:35.691 main Client.execute() Sending 3997808304960048:90
16:26:35.804 main Client.execute() Reply OK
16:26:35.862 main Client.execute() Sending 3997808304960048:91
16:26:35.981 main Client.execute() Reply OK
16:26:36.042 main Client.execute() Sending 3997808304960048:92
16:26:36.115 main Client.execute() Reply OK
16:26:36.158 main Client.execute() Sending 3997808304960048:93
16:26:36.250 main Client.execute() Reply OK
16:26:36.285 main Client.execute() Sending 3997808304960048:94
16:26:36.360 main Client.execute() Reply OK
16:26:36.447 main Client.execute() Sending 3997808304960048:95
16:26:36.536 main Client.execute() Reply OK
16:26:36.543 main Client.execute() Sending 3997808304960048:96
16:26:36.638 main Client.execute() Reply OK
16:26:36.706 main Client.execute() Sending 3997808304960048:97
16:26:36.758 main Client.execute() Reply OK
16:26:36.780 main Client.execute() Sending 3997808304960048:98
16:26:36.946 main Client.execute() Reply OK
16:26:36.950 main Client.execute() Sending 3997808304960048:99
16:26:37.000 main Client.execute() Reply OK
16:26:37.028 main Client.execute() Sending 3997808304960048:100
16:26:37.138 main Client.execute() Reply OK
