16:26:18.609 main Configuration.<init>() Configuration loaded from file: paxos.properties
16:26:20.316 main Configuration.loadProcessList() [p0] localhost, ports = (replica=2021, client=3001)
16:26:20.316 main Configuration.loadProcessList() [p1] localhost, ports = (replica=2022, client=3002)
16:26:20.317 main Configuration.loadProcessList() [p2] localhost, ports = (replica=2023, client=3003)
16:26:20.317 main Client.connectTo() Connecting to localhost:3001
16:26:21.129 main Client.initConnection() New client id: 3997808304960015
16:26:21.130 main Client.connectTo() Connected [p0]. Timeout: 3000
16:26:21.167 main Client.execute() Sending 3997808304960015:1
16:26:21.637 main Client.execute() Reply OK
16:26:21.671 main Client.execute() Sending 3997808304960015:2
16:26:22.040 main Client.execute() Reply OK
16:26:22.043 main Client.execute() Sending 3997808304960015:3
16:26:22.237 main Client.execute() Reply OK
16:26:22.363 main Client.execute() Sending 3997808304960015:4
16:26:22.591 main Client.execute() Reply OK
16:26:22.656 main Client.execute() Sending 3997808304960015:5
16:26:23.024 main Client.execute() Reply OK
16:26:23.029 main Client.execute() Sending 3997808304960015:6
16:26:23.144 main Client.execute() Reply OK
16:26:23.167 main Client.execute() Sending 3997808304960015:7
16:26:23.324 main Client.execute() Reply OK
16:26:23.408 main Client.execute() Sending 3997808304960015:8
16:26:23.549 main Client.execute() Reply OK
16:26:23.608 main Client.execute() Sending 3997808304960015:9
16:26:23.710 main Client.execute() Reply OK
16:26:23.767 main Client.execute() Sending 3997808304960015:10
16:26:23.888 main Client.execute() Reply OK
16:26:23.904 main Client.execute() Sending 3997808304960015:11
16:26:24.076 main Client.execute() Reply OK
16:26:24.100 main Client.execute() Sending 3997808304960015:12
16:26:24.264 main Client.execute() Reply OK
16:26:24.268 main Client.execute() Sending 3997808304960015:13
16:26:24.371 main Client.execute() Reply OK
16:26:24.425 main Client.execute() Sending 3997808304960015:14
16:26:24.582 main Client.execute() Reply OK
16:26:24.649 main Client.execute() Sending 3997808304960015:15
16:26:24.765 main Client.execute() Reply OK
16:26:24.860 main Client.execute() Sending 3997808304960015:16
16:26:25.085 main Client.execute() Reply OK
16:26:25.166 main Client.execute() Sending 3997808304960015:17
16:26:25.271 main Client.execute() Reply OK
16:26:25.343 main Client.execute() Sending 3997808304960015:18
16:26:25.461 main Client.execute() Reply OK
16:26:25.546 main Client.execute() Sending 3997808304960015:19
16:26:25.741 main Client.execute() Reply OK
16:26:25.803 main Client.execute() Sending 3997808304960015:20
16:26:25.909 main Client.execute() Reply OK
16:26:25.947 main Client.execute() Sending 3997808304960015:21
16:26:26.053 main Client.execute() Reply OK
16:26:26.107 main Client.execute() Sending 3997808304960015:22
16:26:26.189 main Client.execute() Reply OK
16:26:26.258 main Client.execute() Sending 3997808304960015:23
16:26:26.345 main Client.execute() Reply OK
16:26:26.405 main Client.execute() Sending 3997808304960015:24
16:26:26.484 main Client.execute() Reply OK
16:26:26.503 main Client.execute() Sending 3997808304960015:25
16:26:26.639 main Client.execute() Reply OK
16:26:26.707 main Client.execute() Sending 3997808304960015:26
16:26:26.784 main Client.execute() Reply OK
16:26:26.796 main Client.execute() Sending 3997808304960015:27
16:26:26.882 main Client.execute() Reply OK
16:26:26.978 main Client.execute() Sending 3997808304960015:28
16:26:27.069 main Client.execute() Reply OK
16:26:27.070 main Client.execute() Sending 3997808304960015:29
16:26:27.134 main Client.execute() Reply OK
16:26:27.151 main Client.execute() Sending 3997808304960015:30
16:26:27.220 main Client.execute() Reply OK
16:26:27.246 main Client.execute() Sending 3997808304960015:31
16:26:27.326 main Client.execute() Reply OK
16:26:27.374 main Client.execute() Sending 3997808304960015:32
16:26:27.460 main Client.execute() Reply OK
16:26:27.519 main Client.execute() Sending 3997808304960015:33
16:26:27.574 main Client.execute() Reply OK
16:26:27.594 main Client.execute() Sending 3997808304960015:34
16:26:27.699 main Client.execute() Reply OK
16:26:27.749 main Client.execute() Sending 3997808304960015:35
16:26:27.850 main Client.execute() Reply OK
16:26:27.911 main Client.execute() Sending 3997808304960015:36
16:26:28.014 main Client.execute() Reply OK
16:26:28.078 main Client.execute() Sending 3997808304960015:37
16:26:28.149 main Client.execute() Reply OK
16:26:28.180 main Client.execute() Sending 3997808304960015:38
16:26:28.284 main Client.execute() Reply OK
16:26:28.378 main Client.execute() Sending 3997808304960015:39
16:26:28.500 main Client.execute() Reply OK
16:26:28.503 main Client.execute() Sending 3997808304960015:40
16:26:28.580 main Client.execute() Reply OK
16:26:28.640 main Client.execute() Sending 3997808304960015:41
16:26:28.729 main Client.execute() Reply OK
16:26:28.768 main Client.execute() Sending 3997808304960015:42
16:26:28.850 main Client.execute() Reply OK
16:26:28.913 main Client.execute() Sending 3997808304960015:43
16:26:28.976 main Client.execute() Reply OK
16:26:29.054 main Client.execute() Sending 3997808304960015:44
16:26:29.178 main Client.execute() Reply OK
16:26:29.181 main Client.execute() Sending 3997808304960015:45
16:26:29.294 main Client.execute() Reply OK
16:26:29.370 main Client.execute() Sending 3997808304960015:46
16:26:29.497 main Client.execute() Reply OK
16:26:29.551 main Client.execute() Sending 3997808304960015:47
16:26:29.623 main Client.execute() Reply OK
16:26:29.722 main Client.execute() Sending 3997808304960015:48
16:26:29.795 main Client.execute() Reply OK
16:26:29.829 main Client.execute() Sending 3997808304960015:49
16:26:29.911 main Client.execute() Reply OK
16:26:29.951 main Client.execute() Sending 3997808304960015:50
16:26:30.057 main Client.execute() Reply OK
16:26:30.155 main Client.execute() Sending 3997808304960015:51
16:26:30.674 main Client.execute() Reply OK
16:26:30.741 main Client.execute() Sending 3997808304960015:52
16:26:30.841 main Client.execute() Reply OK
16:26:30.907 main Client.execute() Sending 3997808304960015:53
16:26:31.094 main Client.execute() Reply OK
16:26:31.139 main Client.execute() Sending 3997808304960015:54
16:26:31.244 main Client.execute() Reply OK
16:26:31.338 main Client.execute() Sending 3997808304960015:55
16:26:31.430 main Client.execute() Reply OK
16:26:31.436 main Client.execute() Sending 3997808304960015:56
16:26:31.556 main Client.execute() Reply OK
16:26:31.615 main Client.execute() Sending 3997808304960015:57
16:26:31.684 main Client.execute() Reply OK
16:26:31.698 main Client.execute() Sending 3997808304960015:58
16:26:31.758 main Client.execute() Reply OK
16:26:31.780 main Client.execute() Sending 3997808304960015:59
16:26:31.891 main Client.execute() Reply OK
16:26:31.964 main Client.execute() Sending 3997808304960015:60
16:26:32.039 main Client.execute() Reply OK
16:26:32.071 main Client.execute() Sending 3997808304960015:61
16:26:32.156 main Client.execute() Reply OK
16:26:32.189 main Client.execute() Sending 3997808304960015:62
16:26:32.271 main Client.execute() Reply OK
16:26:32.291 main Client.execute() Sending 3997808304960015:63
16:26:32.364 main Client.execute() Reply OK
16:26:32.422 main Client.execute() Sending 3997808304960015:64
16:26:32.541 main Client.execute() Reply OK
16:26:32.564 main Client.execute() Sending 3997808304960015:65
16:26:32.637 main Client.execute() Reply OK
16:26:32.661 main Client.execute() Sending 3997808304960015:66
16:26:32.765 main Client.execute() Reply OK
16:26:32.797 main Client.execute() Sending 3997808304960015:67
16:26:32.849 main Client.execute() Reply OK
16:26:32.922 main Client.execute() Sending 3997808304960015:68
16:26:33.039 main Client.execute() Reply OK
16:26:33.100 main Client.execute() Sending 3997808304960015:69
16:26:33.177 main Client.execute() Reply OK
16:26:33.179 main Client.execute() Sending 3997808304960015:70
16:26:33.239 main Client.execute() Reply OK
16:26:33.337 main Client.execute() Sending 3997808304960015:71
16:26:33.426 main Client.execute() Reply OK
16:26:33.482 main Client.execute() Sending 3997808304960015:72
16:26:33.585 main Client.execute() Reply OK
16:26:33.673 main Client.execute() Sending 3997808304960015:73
16:26:33.762 main Client.execute() Reply OK
16:26:33.784 main Client.execute() Sending 3997808304960015:74
16:26:33.874 main Client.execute() Reply OK
16:26:33.900 main Client.execute() Sending 3997808304960015:75
16:26:33.950 main Client.execute() Reply OK
16:26:34.007 main Client.execute() Sending 3997808304960015:76
16:26:34.055 main Client.execute() Reply OK
16:26:34.119 main Client.execute() Sending 3997808304960015:77
16:26:34.195 main Client.execute() Reply OK
16:26:34.242 main Client.execute() Sending 3997808304960015:78
16:26:34.305 main Client.execute() Reply OK
16:26:34.401 main Client.execute() Sending 3997808304960015:79
16:26:34.455 main Client.execute() Reply OK
16:26:34.460 main Client.execute() Sending 3997808304960015:80
16:26:34.557 main Client.execute() Reply OK
16:26:34.652 main Client.execute() Sending 3997808304960015:81
16:26:34.721 main Client.execute() Reply OK
16:26:34.736 main Client.execute() Sending 3997808304960015:82
16:26:34.829 main Client.execute() Reply OK
16:26:34.899 main Client.execute() Sending 3997808304960015:83
16:26:35.048 main Client.execute() Reply OK
16:26:35.069 main Client.execute() Sending 3997808304960015:84
16:26:35.190 main Client.execute() Reply OK
16:26:35.209 main Client.execute() Sending 3997808304960015:85
16:26:35.348 main Client.execute() Reply OK
16:26:35.363 main Client.execute() Sending 3997808304960015:86
16:26:35.521 main Client.execute() Reply OK
16:26:35.573 main Client.execute() Sending 3997808304960015:87
16:26:35.744 main Client.execute() Reply OK
16:26:35.766 main Client.execute() Sending 3997808304960015:88
16:26:35.871 main Client.execute() Reply OK
16:26:35.938 main Client.execute() Sending 3997808304960015:89
16:26:36.102 main Client.execute() Reply OK
16:26:36.105 main Client.execute() Sending 3997808304960015:90
16:26:36.247 main Client.execute() Reply OK
16:26:36.277 main Client.execute() Sending 3997808304960015:91
16:26:36.341 main Client.execute() Reply OK
16:26:36.381 main Client.execute() Sending 3997808304960015:92
16:26:36.499 main Client.execute() Reply OK
16:26:36.571 main Client.execute() Sending 3997808304960015:93
16:26:36.644 main Client.execute() Reply OK
16:26:36.661 main Client.execute() Sending 3997808304960015:94
16:26:36.752 main Client.execute() Reply OK
16:26:36.753 main Client.execute() Sending 3997808304960015:95
16:26:36.935 main Client.execute() Reply OK
16:26:36.943 main Client.execute() Sending 3997808304960015:96
16:26:36.998 main Client.execute() Reply OK
16:26:37.049 main Client.execute() Sending 3997808304960015:97
16:26:37.145 main Client.execute() Reply OK
16:26:37.224 main Client.execute() Sending 3997808304960015:98
16:26:37.274 main Client.execute() Reply OK
16:26:37.290 main Client.execute() Sending 3997808304960015:99
16:26:37.330 main Client.execute() Reply OK
16:26:37.419 main Client.execute() Sending 3997808304960015:100
16:26:37.541 main Client.execute() Reply OK
