16:26:19.425 main Configuration.<init>() Configuration loaded from file: paxos.properties
16:26:21.078 main Configuration.loadProcessList() [p0] localhost, ports = (replica=2021, client=3001)
16:26:21.078 main Configuration.loadProcessList() [p1] localhost, ports = (replica=2022, client=3002)
16:26:21.078 main Configuration.loadProcessList() [p2] localhost, ports = (replica=2023, client=3003)
16:26:21.079 main Client.connectTo() Connecting to localhost:3003
16:26:21.436 main Client.initConnection() New client id: 3997808310270035
16:26:21.442 main Client.connectTo() Connected [p2]. Timeout: 3000
16:26:21.458 main Client.execute() Sending 3997808310270035:1
16:26:21.993 main Client.execute() Reply OK
16:26:22.054 main Client.execute() Sending 3997808310270035:2
16:26:22.502 main Client.execute() Reply OK
16:26:22.504 main Client.execute() Sending 3997808310270035:3
16:26:22.960 main Client.execute() Reply OK
16:26:22.963 main Client.execute() Sending 3997808310270035:4
16:26:23.104 main Client.execute() Reply OK
16:26:23.122 main Client.execute() Sending 3997808310270035:5
16:26:23.415 main Client.execute() Reply OK
16:26:23.511 main Client.execute() Sending 3997808310270035:6
16:26:23.834 main Client.execute() Reply OK
16:26:23.930 main Client.execute() Sending 3997808310270035:7
16:26:24.232 main Client.execute() Reply OK
16:26:24.278 main Client.execute() Sending 3997808310270035:8
16:26:24.565 main Client.execute() Reply OK
16:26:24.577 main Client.execute() Sending 3997808310270035:9
16:26:24.776 main Client.execute() Reply OK
16:26:24.804 main Client.execute() Sending 3997808310270035:10
16:26:25.137 main Client.execute() Reply OK
16:26:25.151 main Client.execute() Sending 3997808310270035:11
16:26:25.357 main Client.execute() Reply OK
16:26:25.416 main Client.execute() Sending 3997808310270035:12
16:26:25.561 main Client.execute() Reply OK
16:26:25.581 main Client.execute() Sending 3997808310270035:13
16:26:25.868 main Client.execute() Reply OK
16:26:25.912 main Client.execute() Sending 3997808310270035:14
16:26:26.099 main Client.execute() Reply OK
16:26:26.126 main Client.execute() Sending 3997808310270035:15
16:26:26.275 main Client.execute() Reply OK
16:26:26.318 main Client.execute() Sending 3997808310270035:16
16:26:26.465 main Client.execute() Reply OK
16:26:26.479 main Client.execute() Sending 3997808310270035:17
16:26:26.550 main Client.execute() Reply OK
16:26:26.619 main Client.execute() Sending 3997808310270035:18
16:26:26.696 main Client.execute() Reply OK
16:26:26.715 main Client.execute() Sending 3997808310270035:19
16:26:26.840 main Client.execute() Reply OK
16:26:26.866 main Client.execute() Sending 3997808310270035:20
16:26:26.985 main Client.execute() Reply OK
16:26:27.052 main Client.execute() Sending 3997808310270035:21
16:26:27.169 main Client.execute() Reply OK
16:26:27.265 main Client.execute() Sending 3997808310270035:22
16:26:27.389 main Client.execute() Reply OK
16:26:27.419 main Client.execute() Sending 3997808310270035:23
16:26:27.541 main Client.execute() Reply OK
16:26:27.634 main Client.execute() Sending 3997808310270035:24
16:26:27.797 main Client.execute() Reply OK
16:26:27.805 main Client.execute() Sending 3997808310270035:25
16:26:27.875 main Client.execute() Reply OK
16:26:27.929 main Client.execute() Sending 3997808310270035:26
16:26:28.074 main Client.execute() Reply OK
16:26:28.166 main Client.execute() Sending 3997808310270035:27
16:26:28.359 main Client.execute() Reply OK
16:26:28.422 main Client.execute() Sending 3997808310270035:28
16:26:28.572 main Client.execute() Reply OK
16:26:28.595 main Client.execute() Sending 3997808310270035:29
16:26:28.742 main Client.execute() Reply OK
16:26:28.798 main Client.execute() Sending 3997808310270035:30
16:26:28.911 main Client.execute() Reply OK
16:26:28.967 main Client.execute() Sending 3997808310270035:31
16:26:29.094 main Client.execute() Reply OK
16:26:29.117 main Client.execute() Sending 3997808310270035:32
16:26:29.224 main Client.execute() Reply OK
16:26:29.228 main Client.execute() Sending 3997808310270035:33
16:26:29.323 main Client.execute() Reply OK
16:26:29.398 main Client.execute() Sending 3997808310270035:34
16:26:29.547 main Client.execute() Reply OK
16:26:29.634 main Client.execute() Sending 3997808310270035:35
16:26:29.753 main Client.execute() Reply OK
16:26:29.811 main Client.execute() Sending 3997808310270035:36
16:26:29.952 main Client.execute() Reply OK
16:26:29.973 main Client.execute() Sending 3997808310270035:37
16:26:30.110 main Client.execute() Reply OK
16:26:30.179 main Client.execute() Sending 3997808310270035:38
16:26:30.767 main Client.execute() Reply OK
16:26:30.808 main Client.execute() Sending 3997808310270035:39
16:26:31.026 main Client.execute() Reply OK
16:26:31.101 main Client.execute() Sending 3997808310270035:40
16:26:31.220 main Client.execute() Reply OK
16:26:31.318 main Client.execute() Sending 3997808310270035:41
16:26:31.453 main Client.execute() Reply OK
16:26:31.515 main Client.execute() Sending 3997808310270035:42
16:26:31.643 main Client.execute() Reply OK
16:26:31.676 main Client.execute() Sending 3997808310270035:43
16:26:31.829 main Client.execute() Reply OK
16:26:31.896 main Client.execute() Sending 3997808310270035:44
16:26:32.013 main Client.execute() Reply OK
16:26:32.073 main Client.execute() Sending 3997808310270035:45
16:26:32.208 main Client.execute() Reply OK
16:26:32.280 main Client.execute() Sending 3997808310270035:46
16:26:32.408 main Client.execute() Reply OK
16:26:32.418 main Client.execute() Sending 3997808310270035:47
16:26:32.545 main Client.execute() Reply OK
16:26:32.589 main Client.execute() Sending 3997808310270035:48
16:26:32.715 main Client.execute() Reply OK
16:26:32.790 main Client.execute() Sending 3997808310270035:49
16:26:32.877 main Client.execute() Reply OK
16:26:32.882 main Client.execute() Sending 3997808310270035:50
16:26:33.011 main Client.execute() Reply OK
16:26:33.042 main Client.execute() Sending 3997808310270035:51
16:26:33.202 main Client.execute() Reply OK
16:26:33.297 main Client.execute() Sending 3997808310270035:52
16:26:33.398 main Client.execute() Reply OK
16:26:33.421 main Client.execute() Sending 3997808310270035:53
16:26:33.499 main Client.execute() Reply OK
16:26:33.566 main Client.execute() Sending 3997808310270035:54
16:26:33.717 main Client.execute() Reply OK
16:26:33.808 main Client.execute() Sending 3997808310270035:55
16:26:33.876 main Client.execute() Reply OK
16:26:33.926 main Client.execute() Sending 3997808310270035:56
16:26:33.999 main Client.execute() Reply OK
16:26:34.022 main Client.execute() Sending 3997808310270035:57
16:26:34.129 main Client.execute() Reply OK
16:26:34.182 main Client.execute() Sending 3997808310270035:58
16:26:34.303 main Client.execute() Reply OK
16:26:34.357 main Client.execute() Sending 3997808310270035:59
16:26:34.479 main Client.execute() Reply OK
16:26:34.481 main Client.execute() Sending 3997808310270035:60
16:26:34.654 main Client.execute() Reply OK
16:26:34.685 main Client.execute() Sending 3997808310270035:61
16:26:34.753 main Client.execute() Reply OK
16:26:34.768 main Client.execute() Sending 3997808310270035:62
16:26:34.889 main Client.execute() Reply OK
16:26:34.896 main Client.execute() Sending 3997808310270035:63
16:26:35.075 main Client.execute() Reply OK
16:26:35.105 main Client.execute() Sending 3997808310270035:64
16:26:35.247 main Client.execute() Reply OK
16:26:35.264 main Client.execute() Sending 3997808310270035:65
16:26:35.413 main Client.execute() Reply OK
16:26:35.503 main Client.execute() Sending 3997808310270035:66
16:26:35.719 main Client.execute() Reply OK
16:26:35.722 main Client.execute() Sending 3997808310270035:67
16:26:35.896 main Client.execute() Reply OK
16:26:35.956 main Client.execute() Sending 3997808310270035:68
16:26:36.216 main Client.execute() Reply OK
16:26:36.298 main Client.execute() Sending 3997808310270035:69
16:26:36.447 main Client.execute() Reply OK
16:26:36.541 main Client.execute() Sending 3997808310270035:70
16:26:36.648 main Client.execute() Reply OK
16:26:36.703 main Client.execute() Sending 3997808310270035:71
16:26:36.763 main Client.execute() Reply OK
16:26:36.788 main Client.execute() Sending 3997808310270035:72
16:26:37.042 main Client.execute() Reply OK
16:26:37.101 main Client.execute() Sending 3997808310270035:73
16:26:37.235 main Client.execute() Reply OK
16:26:37.317 main Client.execute() Sending 3997808310270035:74
16:26:37.384 main Client.execute() Reply OK
16:26:37.411 main Client.execute() Sending 3997808310270035:75
16:26:37.632 main Client.execute() Reply OK
16:26:37.716 main Client.execute() Sending 3997808310270035:76
16:26:37.794 main Client.execute() Reply OK
16:26:37.865 main Client.execute() Sending 3997808310270035:77
16:26:37.902 main Client.execute() Reply OK
16:26:37.947 main Client.execute() Sending 3997808310270035:78
16:26:37.999 main Client.execute() Reply OK
16:26:38.014 main Client.execute() Sending 3997808310270035:79
16:26:38.120 main Client.execute() Reply OK
16:26:38.128 main Client.execute() Sending 3997808310270035:80
16:26:38.175 main Client.execute() Reply OK
16:26:38.212 main Client.execute() Sending 3997808310270035:81
16:26:38.268 main Client.execute() Reply OK
16:26:38.319 main Client.execute() Sending 3997808310270035:82
16:26:38.377 main Client.execute() Reply OK
16:26:38.457 main Client.execute() Sending 3997808310270035:83
16:26:38.497 main Client.execute() Reply OK
16:26:38.518 main Client.execute() Sending 3997808310270035:84
16:26:38.551 main Client.execute() Reply OK
16:26:38.586 main Client.execute() Sending 3997808310270035:85
16:26:38.628 main Client.execute() Reply OK
16:26:38.632 main Client.execute() Sending 3997808310270035:86
16:26:38.664 main Client.execute() Reply OK
16:26:38.759 main Client.execute() Sending 3997808310270035:87
16:26:38.852 main Client.execute() Reply OK
16:26:38.858 main Client.execute() Sending 3997808310270035:88
16:26:38.915 main Client.execute() Reply OK
16:26:38.969 main Client.execute() Sending 3997808310270035:89
16:26:39.002 main Client.execute() Reply OK
16:26:39.021 main Client.execute() Sending 3997808310270035:90
16:26:39.082 main Client.execute() Reply OK
16:26:39.110 main Client.execute() Sending 3997808310270035:91
16:26:39.167 main Client.execute() Reply OK
16:26:39.255 main Client.execute() Sending 3997808310270035:92
16:26:39.338 main Client.execute() Reply OK
16:26:39.367 main Client.execute() Sending 3997808310270035:93
16:26:39.451 main Client.execute() Reply OK
16:26:39.536 main Client.execute() Sending 3997808310270035:94
16:26:39.610 main Client.execute() Reply OK
16:26:39.654 main Client.execute() Sending 3997808310270035:95
16:26:39.692 main Client.execute() Reply OK
16:26:39.732 main Client.execute() Sending 3997808310270035:96
16:26:39.802 main Client.execute() Reply OK
16:26:39.859 main Client.execute() Sending 3997808310270035:97
16:26:39.897 main Client.execute() Reply OK
16:26:39.944 main Client.execute() Sending 3997808310270035:98
16:26:39.997 main Client.execute() Reply OK
16:26:40.032 main Client.execute() Sending 3997808310270035:99
16:26:40.098 main Client.execute() Reply OK
16:26:40.170 main Client.execute() Sending 3997808310270035:100
16:26:40.245 main Client.execute() Reply OK
