300 12622.542631
750 32185.237832
1800 35087.313326
1800 34545.158241
1650 35282.865016
1500 34586.484960
300 13207.736655
1350 35477.585657
1500 35976.730981
1500 34337.688798
1800 35112.949837
300 12429.720292
1350 35268.231017
1350 35568.369450
300 13185.975801
1200 35525.205468
2100 35177.328343
1950 35068.187104
450 21223.186062
900 34828.838545
300 13050.328129
1350 35244.356557
1500 35190.701544
750 32201.498254
1050 35684.784226
1650 35320.467910
450 20825.910578
1200 35540.580845
1650 34691.937884
900 34901.003274
750 31316.781053
1200 35815.301919
1650 34999.447040
450 22287.140845
600 29163.603137
750 32575.178801
1650 35370.707938
1350 35757.838792
2100 33626.882651
1650 35219.636164
1950 34674.389125
1950 34862.744889
1650 34831.216792
150 4822.048934
1950 34903.211131
900 35142.940096
600 28968.934832
300 13181.087939
900 34133.071876
900 34544.395318
1350 35634.523578
1650 35133.530001
750 32553.010434
150 4542.878953
600 29230.847259
450 22525.169301
150 4623.090400
1800 35049.770191
450 21672.378900
1350 35911.401029
1200 35331.910497
1650 35369.315338
1200 35682.547799
150 4552.601843
2100 34437.809165
1200 35788.016225
2100 35190.579895
150 5209.899419
750 32671.781312
450 22262.976824
1800 34484.876497
2100 33921.928099
600 28839.626940
150 4917.112096
900 35017.720602
750 33342.816822
900 35085.847196
1500 35620.277141
750 32522.555598
1050 35712.583165
2100 34623.723232
1350 35955.502676
1050 35064.587856
150 4409.512694
900 34760.045322
600 29178.493048
1500 35191.923627
2100 33657.178688
600 28612.439916
450 21570.554002
1050 35985.327908
1800 33823.113669
600 27871.422081
750 31755.847335
2100 34899.882480
1800 34224.559844
2100 34752.404156
1950 35006.037909
1050 35932.689443
150 4696.997859
600 29029.556543
600 28217.785972
1200 35634.218446
900 34706.479879
1050 34918.679741
300 12867.205240
150 4857.110385
900 35075.870320
150 4790.567189
750 33385.199971
1500 35489.139099
1050 35640.720218
1800 35018.328952
1500 35519.692224
300 12889.190759
1950 34928.730132
1950 34662.160669
1200 35333.538817
300 13225.838399
1050 35780.825148
450 21181.362625
1800 35219.806343
2100 33485.266884
1350 35333.706011
1050 35474.692046
1950 35070.614494
1950 34725.008408
1950 34398.575717
1500 35370.459200
1350 35267.456187
1200 34553.198915
450 21804.683928
1500 34852.357786
1800 35121.451178
1050 36210.954534
1200 34803.025307
600 27631.524011
450 22092.180879
300 13627.820353
1650 33829.743989
