900 33820.123028
750 30557.575794
300 12505.274095
1950 42792.495164
600 25977.040011
300 13325.920004
1800 42469.775151
1200 39632.489927
150 4966.137785
1650 42492.498710
1950 42924.376019
1950 42770.989122
1650 42315.838573
1050 36828.301976
150 4174.478974
1200 39003.586572
1050 36090.016914
1650 42418.668133
300 12857.226829
1500 42344.354793
1800 43090.332300
1800 42787.191993
750 31652.779246
1950 42565.376881
1350 40690.219049
450 19806.033182
1650 42160.691052
2100 41956.691434
1950 42467.834797
900 33551.868745
1500 41825.864660
1800 42265.025300
1200 40441.150798
600 26248.938510
1050 37591.272008
1200 39070.210884
1200 39104.312143
2100 42421.336048
2100 42654.636426
750 31188.299847
600 26747.089418
1500 42611.583785
450 19936.667671
1500 42034.683103
450 21659.678382
300 13012.132042
2100 42549.065996
1950 42272.508956
150 4867.182781
150 4824.807018
1500 42235.360953
1950 42631.411447
750 31104.752435
2100 42145.541226
1650 42240.340050
2100 42866.851068
1050 35974.238668
1650 42187.821150
1500 42319.931226
900 35849.780455
1350 41160.448029
1650 42481.573647
450 20138.081643
300 12257.381689
1800 42259.811709
1350 41055.759258
150 4688.735353
1950 43476.205978
1050 36260.248823
600 26448.541901
1050 37764.830221
750 32656.358822
750 31961.344219
450 21242.728485
1050 37703.436649
2100 42710.479179
300 13131.172686
150 4788.188131
600 26987.988516
450 20032.483829
1650 42467.108245
1350 40820.090215
2100 42635.462284
1500 42045.179628
1650 42685.121144
150 5806.928298
900 35052.864663
1800 42503.544836
900 35243.220703
300 12259.907391
1650 42400.594079
900 35939.195610
1350 40670.607660
450 20447.902825
900 33622.951506
1200 38747.271566
1200 39777.658868
1950 42900.061617
1500 42277.463059
1500 42484.964663
600 28024.391205
900 34743.717798
600 28691.287384
150 4653.375538
1500 42149.142800
1800 42603.359219
1200 39465.935731
1350 40978.377529
1050 36945.106579
1200 38848.119330
1800 42852.857379
300 12411.956346
1350 41306.421102
450 21237.613223
1350 41366.816840
1350 41104.338901
750 32002.717498
1800 42677.365404
2100 42651.184306
1800 42308.314039
750 31014.240277
750 30742.015590
450 20183.981077
450 20457.642397
750 33246.286355
1350 41465.655379
1050 37895.470437
300 12177.658644
900 35239.706759
150 4539.807019
300 12616.868097
2100 42551.873137
1200 39068.731355
1950 42814.190948
1050 37677.688531
900 33092.106013
150 4684.793372
600 28647.556260
600 28338.388289
600 25661.277692
