1650 40049.112517
450 21263.727745
2100 39704.201522
300 12682.138865
1050 39040.637209
1500 40822.626395
150 4178.283638
450 21764.074407
150 4816.445196
1950 40226.957223
750 32512.029081
1800 40438.270269
150 4712.251633
1050 39054.330441
1950 39475.815041
150 4584.832560
1950 39994.410120
2100 39351.965023
750 31212.361702
1050 39068.164400
750 33088.264324
1650 40389.923910
1950 39770.201437
1200 40137.128701
150 4799.155176
1050 39513.185036
450 21808.411554
150 4633.181701
450 21480.002897
1500 40636.320744
1500 40639.236187
1350 40843.613781
1050 39547.453302
300 11862.463419
2100 39555.022683
900 36893.422691
2100 39434.821353
1350 40727.235917
450 20323.225684
1800 39881.356341
1800 39983.476023
150 5218.771873
1350 40668.400430
1500 40312.127642
750 32184.379390
750 33033.814820
1650 40725.744397
1950 39845.285638
600 28123.022051
1350 40732.637192
1050 39574.800431
450 21468.530672
300 13077.142201
1500 40027.413327
1650 40207.014746
1350 40728.231895
2100 39412.820120
1800 39485.956514
2100 39975.170016
1500 40676.485128
1650 39941.600662
300 13620.301706
1650 39956.858355
1200 40285.878911
600 28633.339515
150 4737.468790
750 32963.842665
1350 40772.535776
1050 38803.000583
2100 40102.477545
900 36880.710932
600 28960.282483
1200 40157.724269
600 27734.167434
1950 39353.285732
300 13240.051202
1200 40548.503599
600 27407.828798
1500 40838.929509
1050 39583.931533
1350 40425.751675
900 36925.394869
300 12111.967982
1800 40360.015874
2100 39166.118452
1950 39425.498331
1050 39276.832339
300 12616.451154
300 12751.314858
1950 40107.541773
600 27942.661233
1950 39225.045295
1200 40397.242872
900 37067.155075
600 28742.231523
750 33298.334556
600 27662.811429
900 36677.402420
1200 40101.634117
900 35978.614163
1200 40485.217478
1650 40257.158066
300 13282.240242
900 37444.818868
900 37121.617090
600 28770.952908
1350 40623.999753
1350 40201.128438
2100 39144.186797
1800 40357.983343
300 12033.287303
1500 40812.538527
1050 39141.658348
1950 39379.140753
150 4767.236440
750 33754.744057
900 37530.515180
450 21337.145778
1800 40342.231651
600 27908.634508
150 4560.033386
450 20850.180499
1800 40873.373842
1500 40853.736371
900 35980.716532
1200 40534.450023
2100 39916.864638
450 21248.352662
1200 40119.165789
1500 40306.400251
1650 40042.181201
1350 40533.352037
750 33394.871179
450 20314.091306
1800 39715.351229
1800 39963.993929
1200 40305.891322
1650 40564.682568
1650 40111.731366
750 32255.341336
