2100 42322.460357
1650 42987.233627
450 20895.473054
300 11970.238785
300 13028.203951
750 32587.687065
1950 42975.101156
150 4879.553434
1800 42413.916827
1800 42601.575844
900 34324.792642
600 25724.798518
1350 42217.364113
600 27484.032141
1200 40492.872911
1800 42888.937354
1650 42627.375414
450 20764.369699
2100 42306.252548
1950 42543.185337
150 4594.351221
450 20271.953394
1800 42847.062213
600 26696.638175
600 25855.888646
1350 41891.837290
150 4611.122823
1050 38504.294636
1350 41963.912300
300 12922.021918
900 34294.489830
1500 42543.037856
1500 42412.679590
1800 42321.870134
150 4292.583911
1050 36730.869622
900 34235.608723
1500 42997.510148
150 4571.549337
1950 42690.848773
450 21502.492842
1200 40253.760136
750 32473.690880
1350 41597.468588
1500 42887.883853
1050 37795.978136
1350 41718.813429
1200 40721.766978
450 21464.351577
2100 42608.085374
450 21101.524743
1350 41364.632704
1500 42760.806357
600 26337.926019
1650 42716.171095
300 12420.000352
150 4775.663866
2100 42693.488207
300 12863.548563
1500 42278.026685
1200 40600.097454
1050 37469.384381
900 34915.600422
750 31505.004287
1350 41396.916696
450 21305.915074
600 26198.220019
1050 37217.546438
1050 38242.638605
750 31951.433084
1800 42591.002638
300 12635.790919
1650 42766.602609
900 34535.845192
1200 39699.019669
1800 42568.588166
1950 42025.648667
1950 42617.996707
150 4915.495267
2100 42520.289887
1350 41757.556459
300 13040.745173
1200 40542.014302
1800 42555.427968
900 35528.171128
1050 37393.505084
750 30129.097866
750 29980.151872
2100 42285.464388
300 13666.480364
900 35411.126766
900 34556.711809
1500 42323.482454
1650 42433.962515
1350 41658.052677
1050 37175.676763
1950 42482.975751
1800 42658.755665
1950 42719.338631
1350 41553.969757
1800 42485.750657
1500 42399.797694
1650 42569.268911
300 12616.066107
150 4717.020425
750 32469.493584
450 21633.146194
150 4561.273386
450 21277.358998
900 34709.467521
1950 42678.727446
750 32785.733785
450 20627.826670
1500 42537.552123
1500 42458.902921
2100 42265.683427
1050 37353.886546
2100 42670.708087
1200 40315.557444
1950 43036.159600
600 28447.427389
150 4676.381858
1200 40526.437464
1050 37527.364204
2100 42369.791734
1650 42012.720056
1650 42737.692874
600 26881.243806
2100 42637.582723
300 12418.977270
1950 42710.845849
900 34804.768929
1650 42982.424326
600 28493.644558
750 30900.222962
1200 40671.467640
750 31770.899919
1650 42597.310148
600 26354.282201
1200 39809.990948
