2100 41931.137371
1050 37229.033149
1350 40954.480280
750 30619.589398
2100 41219.429428
1350 41686.523593
1950 42180.910286
1200 39804.966964
900 35591.396711
900 34378.741579
900 34776.929032
750 30353.776589
300 12639.360944
300 13478.655996
1650 42136.430393
1050 36289.658416
150 4365.621146
450 20579.907769
1200 39424.811954
750 33160.299152
900 33842.661276
2100 42735.944967
450 20253.088763
300 12606.200477
1950 42477.625505
1950 42503.752993
1950 42665.617645
750 30809.905345
300 12307.532615
150 4359.565830
1800 42365.497633
2100 42712.861102
900 32939.962540
1500 42572.780558
450 21281.420958
1500 42908.153205
1500 42561.238983
1650 42743.983524
600 26920.670435
600 26691.360108
1350 41733.667950
600 26672.810293
900 34252.698587
900 33442.140110
1050 38329.796793
450 21793.052828
1800 42550.631469
1200 40312.642051
150 5144.655832
1050 37517.706777
1500 42415.437912
1200 39666.228009
1650 42347.211374
450 20466.246252
150 4683.266986
1800 42936.942566
2100 42643.262298
150 4648.857971
1800 42594.159500
1350 41951.592164
450 20845.074090
1650 43052.845304
1350 41211.404414
2100 42583.089375
1950 42642.752634
1350 41227.593025
1050 38114.704562
1050 37573.220290
2100 41982.531560
1950 42726.929570
2100 42780.064351
150 4672.725047
1950 42626.832424
1650 42420.792690
1050 37708.792830
750 32401.767217
1950 42461.114412
600 26957.661656
750 32109.050833
1200 39784.296124
300 12656.670107
1650 42445.767810
2100 42810.488698
150 4316.723159
1500 42336.263518
1650 42695.299525
1800 42643.657486
1800 43018.515748
1500 42486.646057
1350 41461.773513
1800 42684.530065
1500 42170.751031
750 30827.615424
300 12646.094095
150 4652.430560
1350 41514.009458
450 20234.853029
750 32616.554764
450 21886.496568
600 27884.302171
2100 42391.057210
300 12677.470037
300 12905.329487
150 4594.066182
1800 42638.292826
1050 37203.013928
600 27169.416757
600 25452.950395
1200 40645.333509
1350 40917.704989
1200 38825.015224
600 28367.235996
450 21637.258490
750 31222.744769
300 12399.275823
1500 42474.364734
750 30425.558163
1200 39589.384348
1050 37261.546702
1350 41080.586938
150 4614.745261
450 20848.950237
600 25731.696672
1950 42941.146866
900 34462.969353
1800 42707.109797
1650 42791.424380
300 13138.365197
1500 42016.726716
1950 42717.211295
900 34644.877218
1500 42233.061187
1200 39878.656328
900 34321.503831
600 26023.191410
1800 42809.119472
1200 39432.000732
1650 42551.168722
1650 42476.486875
1050 38570.888824
