450 21310.218505
150 4785.649516
750 32179.526412
1500 42227.243977
1500 42187.144751
750 31141.130602
1650 42762.321437
1050 36681.144649
1500 41629.027114
1800 42496.418324
1950 42794.513220
450 20784.969322
1800 43032.609261
1050 37127.829952
1800 42682.818405
2100 42304.215409
1950 42346.659150
1350 41379.430506
150 4726.973576
1950 42855.028814
1650 42889.975328
300 12302.085615
1950 42386.504368
1350 41515.540021
1950 42702.487422
450 20941.986652
1800 43011.536741
150 4770.525377
1050 38035.713745
750 29789.661798
2100 42308.676878
750 32101.797199
1500 42520.633326
2100 42476.195076
750 30640.393624
1800 41521.524812
450 20034.555072
300 12024.488976
1950 42698.411246
150 4559.465150
1950 42329.051601
900 35616.428332
300 13164.907440
1500 42420.265160
150 4917.055892
150 4432.787942
1200 39519.016763
450 20239.589424
600 25980.058863
1800 42478.695094
150 4568.002127
1200 40670.877103
150 5041.069863
1050 38367.145674
1050 37766.708952
1350 41406.117827
1800 42811.312875
600 25346.392798
300 12499.807004
1200 39126.802758
300 12145.735576
600 25676.780694
750 30753.228228
750 32797.456561
600 28144.879819
1350 42009.350731
1050 37827.750461
1050 37972.885474
2100 43003.033067
300 12378.122045
450 20305.839004
1950 42964.271751
1500 42043.447228
450 22142.776856
300 13192.385499
1650 42626.088106
1500 42002.317486
1200 39695.719093
1350 41466.189229
1650 42305.004664
2100 42757.182263
450 19937.044470
900 35307.523908
1800 42515.336996
1950 42867.742118
1050 37103.823480
450 20537.509491
900 34605.458635
1500 42128.501292
900 34140.009246
2100 42718.253861
600 27543.762709
1350 41812.113981
2100 42192.378095
1050 38465.085085
2100 42652.576427
1350 41461.337832
1050 37378.857061
1350 41298.690659
1350 41005.513175
1650 42362.260138
2100 42429.898524
900 33439.241334
750 30569.963243
300 13437.181008
1950 42911.190424
150 4788.949251
1650 42791.243313
1650 42709.500335
1650 42829.354509
1350 41412.763611
1650 42643.503589
1800 42446.319262
600 26723.536903
1200 38635.680400
1800 42622.858197
300 13230.120280
1500 42501.249380
1200 39769.534429
1200 39734.484789
1200 40044.209176
900 34121.698711
900 34338.284364
1500 42028.107982
300 11601.767477
2100 42137.803194
1200 40207.418362
1650 42389.789791
600 26658.522309
900 33527.799931
600 27009.526213
1200 39707.587653
600 26180.120180
750 32653.003467
150 4829.642656
750 31499.680723
450 20019.633408
900 35595.778755
900 34243.189388
600 26159.366743
