15:21:44.616 main Configuration.<init>() Configuration loaded from file: paxos.properties
15:21:44.677 main Configuration.loadProcessList() [p0] localhost, ports = (replica=2021, client=3001)
15:21:44.677 main Configuration.loadProcessList() [p1] localhost, ports = (replica=2022, client=3002)
15:21:44.678 main Configuration.loadProcessList() [p2] localhost, ports = (replica=2023, client=3003)
15:21:44.678 main Client.connectTo() Connecting to localhost:3002
15:21:44.727 main Client.initConnection() New client id: 3997796707908004
15:21:44.727 main Client.connectTo() Connected [p1]. Timeout: 3000
15:21:44.729 main Client.execute() Sending 3997796707908004:1
15:21:44.905 main Client.execute() Reply OK
15:21:44.963 main Client.execute() Sending 3997796707908004:2
15:21:45.037 main Client.execute() Reply OK
15:21:45.088 main Client.execute() Sending 3997796707908004:3
15:21:45.162 main Client.execute() Reply OK
15:21:45.196 main Client.execute() Sending 3997796707908004:4
15:21:45.269 main Client.execute() Reply OK
15:21:45.301 main Client.execute() Sending 3997796707908004:5
15:21:45.376 main Client.execute() Reply OK
15:21:45.405 main Client.execute() Sending 3997796707908004:6
15:21:45.477 main Client.execute() Reply OK
15:21:45.490 main Client.execute() Sending 3997796707908004:7
15:21:45.573 main Client.execute() Reply OK
15:21:45.596 main Client.execute() Sending 3997796707908004:8
15:21:45.671 main Client.execute() Reply OK
15:21:45.681 main Client.execute() Sending 3997796707908004:9
15:21:45.753 main Client.execute() Reply OK
15:21:45.849 main Client.execute() Sending 3997796707908004:10
15:21:45.926 main Client.execute() Reply OK
15:21:45.966 main Client.execute() Sending 3997796707908004:11
15:21:46.050 main Client.execute() Reply OK
15:21:46.107 main Client.execute() Sending 3997796707908004:12
15:21:46.180 main Client.execute() Reply OK
15:21:46.258 main Client.execute() Sending 3997796707908004:13
15:21:46.331 main Client.execute() Reply OK
15:21:46.424 main Client.execute() Sending 3997796707908004:14
15:21:46.505 main Client.execute() Reply OK
15:21:46.544 main Client.execute() Sending 3997796707908004:15
15:21:46.617 main Client.execute() Reply OK
15:21:46.704 main Client.execute() Sending 3997796707908004:16
15:21:46.787 main Client.execute() Reply OK
15:21:46.820 main Client.execute() Sending 3997796707908004:17
15:21:46.896 main Client.execute() Reply OK
15:21:46.978 main Client.execute() Sending 3997796707908004:18
15:21:47.061 main Client.execute() Reply OK
15:21:47.083 main Client.execute() Sending 3997796707908004:19
15:21:47.157 main Client.execute() Reply OK
15:21:47.190 main Client.execute() Sending 3997796707908004:20
15:21:47.256 main Client.execute() Reply OK
15:21:47.347 main Client.execute() Sending 3997796707908004:21
15:21:47.431 main Client.execute() Reply OK
15:21:47.528 main Client.execute() Sending 3997796707908004:22
15:21:47.601 main Client.execute() Reply OK
15:21:47.621 main Client.execute() Sending 3997796707908004:23
15:21:47.701 main Client.execute() Reply OK
15:21:47.723 main Client.execute() Sending 3997796707908004:24
15:21:47.797 main Client.execute() Reply OK
15:21:47.877 main Client.execute() Sending 3997796707908004:25
15:21:47.961 main Client.execute() Reply OK
15:21:47.993 main Client.execute() Sending 3997796707908004:26
15:21:48.066 main Client.execute() Reply OK
15:21:48.137 main Client.execute() Sending 3997796707908004:27
15:21:48.210 main Client.execute() Reply OK
15:21:48.233 main Client.execute() Sending 3997796707908004:28
15:21:48.306 main Client.execute() Reply OK
15:21:48.401 main Client.execute() Sending 3997796707908004:29
15:21:48.485 main Client.execute() Reply OK
15:21:48.537 main Client.execute() Sending 3997796707908004:30
15:21:48.610 main Client.execute() Reply OK
15:21:48.750 main Client.execute() Sending 3997796707908004:31
15:21:48.823 main Client.execute() Reply OK
15:21:48.846 main Client.execute() Sending 3997796707908004:32
15:21:48.920 main Client.execute() Reply OK
15:21:48.999 main Client.execute() Sending 3997796707908004:33
15:21:49.072 main Client.execute() Reply OK
15:21:49.080 main Client.execute() Sending 3997796707908004:34
15:21:49.153 main Client.execute() Reply OK
15:21:49.167 main Client.execute() Sending 3997796707908004:35
15:21:49.251 main Client.execute() Reply OK
15:21:49.305 main Client.execute() Sending 3997796707908004:36
15:21:49.388 main Client.execute() Reply OK
15:21:49.400 main Client.execute() Sending 3997796707908004:37
15:21:49.472 main Client.execute() Reply OK
15:21:49.510 main Client.execute() Sending 3997796707908004:38
15:21:49.595 main Client.execute() Reply OK
15:21:49.606 main Client.execute() Sending 3997796707908004:39
15:21:49.678 main Client.execute() Reply OK
15:21:49.754 main Client.execute() Sending 3997796707908004:40
15:21:49.830 main Client.execute() Reply OK
15:21:49.916 main Client.execute() Sending 3997796707908004:41
15:21:49.989 main Client.execute() Reply OK
15:21:50.088 main Client.execute() Sending 3997796707908004:42
15:21:50.160 main Client.execute() Reply OK
15:21:50.198 main Client.execute() Sending 3997796707908004:43
15:21:50.272 main Client.execute() Reply OK
15:21:50.350 main Client.execute() Sending 3997796707908004:44
15:21:50.422 main Client.execute() Reply OK
15:21:50.517 main Client.execute() Sending 3997796707908004:45
15:21:50.593 main Client.execute() Reply OK
15:21:50.597 main Client.execute() Sending 3997796707908004:46
15:21:50.671 main Client.execute() Reply OK
15:21:50.693 main Client.execute() Sending 3997796707908004:47
15:21:50.766 main Client.execute() Reply OK
15:21:50.860 main Client.execute() Sending 3997796707908004:48
15:21:50.983 main Client.execute() Reply OK
15:21:51.034 main Client.execute() Sending 3997796707908004:49
15:21:51.107 main Client.execute() Reply OK
15:21:51.206 main Client.execute() Sending 3997796707908004:50
15:21:51.279 main Client.execute() Reply OK
15:21:51.281 main Client.execute() Sending 3997796707908004:51
15:21:51.353 main Client.execute() Reply OK
15:21:51.433 main Client.execute() Sending 3997796707908004:52
15:21:51.509 main Client.execute() Reply OK
15:21:51.512 main Client.execute() Sending 3997796707908004:53
15:21:51.585 main Client.execute() Reply OK
15:21:51.679 main Client.execute() Sending 3997796707908004:54
15:21:51.752 main Client.execute() Reply OK
15:21:51.811 main Client.execute() Sending 3997796707908004:55
15:21:51.883 main Client.execute() Reply OK
15:21:51.956 main Client.execute() Sending 3997796707908004:56
15:21:52.029 main Client.execute() Reply OK
15:21:52.061 main Client.execute() Sending 3997796707908004:57
15:21:52.139 main Client.execute() Reply OK
15:21:52.155 main Client.execute() Sending 3997796707908004:58
15:21:52.227 main Client.execute() Reply OK
15:21:52.308 main Client.execute() Sending 3997796707908004:59
15:21:52.380 main Client.execute() Reply OK
15:21:52.448 main Client.execute() Sending 3997796707908004:60
15:21:52.520 main Client.execute() Reply OK
15:21:52.521 main Client.execute() Sending 3997796707908004:61
15:21:52.594 main Client.execute() Reply OK
15:21:52.644 main Client.execute() Sending 3997796707908004:62
15:21:52.716 main Client.execute() Reply OK
15:21:52.779 main Client.execute() Sending 3997796707908004:63
15:21:52.852 main Client.execute() Reply OK
15:21:52.939 main Client.execute() Sending 3997796707908004:64
15:21:53.012 main Client.execute() Reply OK
15:21:53.094 main Client.execute() Sending 3997796707908004:65
15:21:53.166 main Client.execute() Reply OK
15:21:53.181 main Client.execute() Sending 3997796707908004:66
15:21:53.253 main Client.execute() Reply OK
15:21:53.329 main Client.execute() Sending 3997796707908004:67
15:21:53.402 main Client.execute() Reply OK
15:21:53.482 main Client.execute() Sending 3997796707908004:68
15:21:53.554 main Client.execute() Reply OK
15:21:53.614 main Client.execute() Sending 3997796707908004:69
15:21:53.687 main Client.execute() Reply OK
15:21:53.743 main Client.execute() Sending 3997796707908004:70
15:21:53.818 main Client.execute() Reply OK
15:21:53.819 main Client.execute() Sending 3997796707908004:71
15:21:53.890 main Client.execute() Reply OK
15:21:53.979 main Client.execute() Sending 3997796707908004:72
15:21:54.051 main Client.execute() Reply OK
15:21:54.091 main Client.execute() Sending 3997796707908004:73
15:21:54.163 main Client.execute() Reply OK
15:21:54.194 main Client.execute() Sending 3997796707908004:74
15:21:54.266 main Client.execute() Reply OK
15:21:54.332 main Client.execute() Sending 3997796707908004:75
15:21:54.405 main Client.execute() Reply OK
15:21:54.489 main Client.execute() Sending 3997796707908004:76
15:21:54.563 main Client.execute() Reply OK
15:21:54.630 main Client.execute() Sending 3997796707908004:77
15:21:54.705 main Client.execute() Reply OK
15:21:54.801 main Client.execute() Sending 3997796707908004:78
15:21:54.875 main Client.execute() Reply OK
15:21:54.918 main Client.execute() Sending 3997796707908004:79
15:21:54.990 main Client.execute() Reply OK
15:21:55.088 main Client.execute() Sending 3997796707908004:80
15:21:55.160 main Client.execute() Reply OK
15:21:55.193 main Client.execute() Sending 3997796707908004:81
15:21:55.267 main Client.execute() Reply OK
15:21:55.343 main Client.execute() Sending 3997796707908004:82
15:21:55.416 main Client.execute() Reply OK
15:21:55.487 main Client.execute() Sending 3997796707908004:83
15:21:55.559 main Client.execute() Reply OK
15:21:55.657 main Client.execute() Sending 3997796707908004:84
15:21:55.729 main Client.execute() Reply OK
15:21:55.742 main Client.execute() Sending 3997796707908004:85
15:21:55.816 main Client.execute() Reply OK
15:21:55.867 main Client.execute() Sending 3997796707908004:86
15:21:55.941 main Client.execute() Reply OK
15:21:56.030 main Client.execute() Sending 3997796707908004:87
15:21:56.102 main Client.execute() Reply OK
15:21:56.126 main Client.execute() Sending 3997796707908004:88
15:21:56.198 main Client.execute() Reply OK
15:21:56.212 main Client.execute() Sending 3997796707908004:89
15:21:56.284 main Client.execute() Reply OK
15:21:56.356 main Client.execute() Sending 3997796707908004:90
15:21:56.428 main Client.execute() Reply OK
15:21:56.501 main Client.execute() Sending 3997796707908004:91
15:21:56.574 main Client.execute() Reply OK
15:21:56.661 main Client.execute() Sending 3997796707908004:92
15:21:56.735 main Client.execute() Reply OK
15:21:56.746 main Client.execute() Sending 3997796707908004:93
15:21:56.819 main Client.execute() Reply OK
15:21:56.821 main Client.execute() Sending 3997796707908004:94
15:21:56.894 main Client.execute() Reply OK
15:21:56.944 main Client.execute() Sending 3997796707908004:95
15:21:57.017 main Client.execute() Reply OK
15:21:57.084 main Client.execute() Sending 3997796707908004:96
15:21:57.160 main Client.execute() Reply OK
15:21:57.185 main Client.execute() Sending 3997796707908004:97
15:21:57.257 main Client.execute() Reply OK
15:21:57.321 main Client.execute() Sending 3997796707908004:98
15:21:57.394 main Client.execute() Reply OK
15:21:57.442 main Client.execute() Sending 3997796707908004:99
15:21:57.515 main Client.execute() Reply OK
15:21:57.610 main Client.execute() Sending 3997796707908004:100
15:21:57.683 main Client.execute() Reply OK
