15:21:44.580 main Configuration.<init>() Configuration loaded from file: paxos.properties
15:21:44.648 main Configuration.loadProcessList() [p0] localhost, ports = (replica=2021, client=3001)
15:21:44.649 main Configuration.loadProcessList() [p1] localhost, ports = (replica=2022, client=3002)
15:21:44.649 main Configuration.loadProcessList() [p2] localhost, ports = (replica=2023, client=3003)
15:21:44.650 main Client.connectTo() Connecting to localhost:3003
15:21:44.695 main Client.initConnection() New client id: 3997796705145005
15:21:44.696 main Client.connectTo() Connected [p2]. Timeout: 3000
15:21:44.699 main Client.execute() Sending 3997796705145005:1
15:21:44.900 main Client.execute() Reply OK
15:21:44.910 main Client.execute() Sending 3997796705145005:2
15:21:44.992 main Client.execute() Reply OK
15:21:45.043 main Client.execute() Sending 3997796705145005:3
15:21:45.146 main Client.execute() Reply OK
15:21:45.161 main Client.execute() Sending 3997796705145005:4
15:21:45.256 main Client.execute() Reply OK
15:21:45.279 main Client.execute() Sending 3997796705145005:5
15:21:45.382 main Client.execute() Reply OK
15:21:45.441 main Client.execute() Sending 3997796705145005:6
15:21:45.558 main Client.execute() Reply OK
15:21:45.579 main Client.execute() Sending 3997796705145005:7
15:21:45.682 main Client.execute() Reply OK
15:21:45.742 main Client.execute() Sending 3997796705145005:8
15:21:45.856 main Client.execute() Reply OK
15:21:45.926 main Client.execute() Sending 3997796705145005:9
15:21:46.010 main Client.execute() Reply OK
15:21:46.075 main Client.execute() Sending 3997796705145005:10
15:21:46.158 main Client.execute() Reply OK
15:21:46.168 main Client.execute() Sending 3997796705145005:11
15:21:46.262 main Client.execute() Reply OK
15:21:46.338 main Client.execute() Sending 3997796705145005:12
15:21:46.422 main Client.execute() Reply OK
15:21:46.502 main Client.execute() Sending 3997796705145005:13
15:21:46.615 main Client.execute() Reply OK
15:21:46.709 main Client.execute() Sending 3997796705145005:14
15:21:46.815 main Client.execute() Reply OK
15:21:46.817 main Client.execute() Sending 3997796705145005:15
15:21:46.901 main Client.execute() Reply OK
15:21:46.977 main Client.execute() Sending 3997796705145005:16
15:21:47.074 main Client.execute() Reply OK
15:21:47.152 main Client.execute() Sending 3997796705145005:17
15:21:47.256 main Client.execute() Reply OK
15:21:47.339 main Client.execute() Sending 3997796705145005:18
15:21:47.423 main Client.execute() Reply OK
15:21:47.479 main Client.execute() Sending 3997796705145005:19
15:21:47.563 main Client.execute() Reply OK
15:21:47.585 main Client.execute() Sending 3997796705145005:20
15:21:47.688 main Client.execute() Reply OK
15:21:47.701 main Client.execute() Sending 3997796705145005:21
15:21:47.783 main Client.execute() Reply OK
15:21:47.846 main Client.execute() Sending 3997796705145005:22
15:21:47.939 main Client.execute() Reply OK
15:21:48.000 main Client.execute() Sending 3997796705145005:23
15:21:48.093 main Client.execute() Reply OK
15:21:48.157 main Client.execute() Sending 3997796705145005:24
15:21:48.241 main Client.execute() Reply OK
15:21:48.307 main Client.execute() Sending 3997796705145005:25
15:21:48.389 main Client.execute() Reply OK
15:21:48.488 main Client.execute() Sending 3997796705145005:26
15:21:48.571 main Client.execute() Reply OK
15:21:48.576 main Client.execute() Sending 3997796705145005:27
15:21:48.751 main Client.execute() Reply OK
15:21:48.800 main Client.execute() Sending 3997796705145005:28
15:21:48.920 main Client.execute() Reply OK
15:21:48.991 main Client.execute() Sending 3997796705145005:29
15:21:49.073 main Client.execute() Reply OK
15:21:49.169 main Client.execute() Sending 3997796705145005:30
15:21:49.272 main Client.execute() Reply OK
15:21:49.305 main Client.execute() Sending 3997796705145005:31
15:21:49.430 main Client.execute() Reply OK
15:21:49.441 main Client.execute() Sending 3997796705145005:32
15:21:49.524 main Client.execute() Reply OK
15:21:49.574 main Client.execute() Sending 3997796705145005:33
15:21:49.677 main Client.execute() Reply OK
15:21:49.765 main Client.execute() Sending 3997796705145005:34
15:21:49.880 main Client.execute() Reply OK
15:21:49.938 main Client.execute() Sending 3997796705145005:35
15:21:50.031 main Client.execute() Reply OK
15:21:50.031 main Client.execute() Sending 3997796705145005:36
15:21:50.133 main Client.execute() Reply OK
15:21:50.196 main Client.execute() Sending 3997796705145005:37
15:21:50.272 main Client.execute() Reply OK
15:21:50.352 main Client.execute() Sending 3997796705145005:38
15:21:50.475 main Client.execute() Reply OK
15:21:50.479 main Client.execute() Sending 3997796705145005:39
15:21:50.572 main Client.execute() Reply OK
15:21:50.596 main Client.execute() Sending 3997796705145005:40
15:21:50.671 main Client.execute() Reply OK
15:21:50.754 main Client.execute() Sending 3997796705145005:41
15:21:50.963 main Client.execute() Reply OK
15:21:50.986 main Client.execute() Sending 3997796705145005:42
15:21:51.080 main Client.execute() Reply OK
15:21:51.134 main Client.execute() Sending 3997796705145005:43
15:21:51.237 main Client.execute() Reply OK
15:21:51.336 main Client.execute() Sending 3997796705145005:44
15:21:51.439 main Client.execute() Reply OK
15:21:51.443 main Client.execute() Sending 3997796705145005:45
15:21:51.541 main Client.execute() Reply OK
15:21:51.635 main Client.execute() Sending 3997796705145005:46
15:21:51.738 main Client.execute() Reply OK
15:21:51.759 main Client.execute() Sending 3997796705145005:47
15:21:51.833 main Client.execute() Reply OK
15:21:51.908 main Client.execute() Sending 3997796705145005:48
15:21:51.990 main Client.execute() Reply OK
15:21:52.090 main Client.execute() Sending 3997796705145005:49
15:21:52.189 main Client.execute() Reply OK
15:21:52.210 main Client.execute() Sending 3997796705145005:50
15:21:52.297 main Client.execute() Reply OK
15:21:52.329 main Client.execute() Sending 3997796705145005:51
15:21:52.433 main Client.execute() Reply OK
15:21:52.508 main Client.execute() Sending 3997796705145005:52
15:21:52.592 main Client.execute() Reply OK
15:21:52.640 main Client.execute() Sending 3997796705145005:53
15:21:52.725 main Client.execute() Reply OK
15:21:52.738 main Client.execute() Sending 3997796705145005:54
15:21:52.833 main Client.execute() Reply OK
15:21:52.876 main Client.execute() Sending 3997796705145005:55
15:21:52.989 main Client.execute() Reply OK
15:21:52.990 main Client.execute() Sending 3997796705145005:56
15:21:53.095 main Client.execute() Reply OK
15:21:53.177 main Client.execute() Sending 3997796705145005:57
15:21:53.261 main Client.execute() Reply OK
15:21:53.333 main Client.execute() Sending 3997796705145005:58
15:21:53.457 main Client.execute() Reply OK
15:21:53.511 main Client.execute() Sending 3997796705145005:59
15:21:53.604 main Client.execute() Reply OK
15:21:53.612 main Client.execute() Sending 3997796705145005:60
15:21:53.695 main Client.execute() Reply OK
15:21:53.763 main Client.execute() Sending 3997796705145005:61
15:21:53.859 main Client.execute() Reply OK
15:21:53.863 main Client.execute() Sending 3997796705145005:62
15:21:53.967 main Client.execute() Reply OK
15:21:54.040 main Client.execute() Sending 3997796705145005:63
15:21:54.124 main Client.execute() Reply OK
15:21:54.128 main Client.execute() Sending 3997796705145005:64
15:21:54.212 main Client.execute() Reply OK
15:21:54.273 main Client.execute() Sending 3997796705145005:65
15:21:54.366 main Client.execute() Reply OK
15:21:54.400 main Client.execute() Sending 3997796705145005:66
15:21:54.524 main Client.execute() Reply OK
15:21:54.569 main Client.execute() Sending 3997796705145005:67
15:21:54.674 main Client.execute() Reply OK
15:21:54.728 main Client.execute() Sending 3997796705145005:68
15:21:54.821 main Client.execute() Reply OK
15:21:54.845 main Client.execute() Sending 3997796705145005:69
15:21:54.917 main Client.execute() Reply OK
15:21:54.954 main Client.execute() Sending 3997796705145005:70
15:21:55.068 main Client.execute() Reply OK
15:21:55.116 main Client.execute() Sending 3997796705145005:71
15:21:55.218 main Client.execute() Reply OK
15:21:55.228 main Client.execute() Sending 3997796705145005:72
15:21:55.320 main Client.execute() Reply OK
15:21:55.331 main Client.execute() Sending 3997796705145005:73
15:21:55.425 main Client.execute() Reply OK
15:21:55.457 main Client.execute() Sending 3997796705145005:74
15:21:55.560 main Client.execute() Reply OK
15:21:55.659 main Client.execute() Sending 3997796705145005:75
15:21:55.773 main Client.execute() Reply OK
15:21:55.826 main Client.execute() Sending 3997796705145005:76
15:21:55.929 main Client.execute() Reply OK
15:21:56.021 main Client.execute() Sending 3997796705145005:77
15:21:56.103 main Client.execute() Reply OK
15:21:56.117 main Client.execute() Sending 3997796705145005:78
15:21:56.200 main Client.execute() Reply OK
15:21:56.246 main Client.execute() Sending 3997796705145005:79
15:21:56.341 main Client.execute() Reply OK
15:21:56.425 main Client.execute() Sending 3997796705145005:80
15:21:56.539 main Client.execute() Reply OK
15:21:56.624 main Client.execute() Sending 3997796705145005:81
15:21:56.737 main Client.execute() Reply OK
15:21:56.741 main Client.execute() Sending 3997796705145005:82
15:21:56.826 main Client.execute() Reply OK
15:21:56.902 main Client.execute() Sending 3997796705145005:83
15:21:56.997 main Client.execute() Reply OK
15:21:57.066 main Client.execute() Sending 3997796705145005:84
15:21:57.148 main Client.execute() Reply OK
15:21:57.200 main Client.execute() Sending 3997796705145005:85
15:21:57.295 main Client.execute() Reply OK
15:21:57.371 main Client.execute() Sending 3997796705145005:86
15:21:57.463 main Client.execute() Reply OK
15:21:57.562 main Client.execute() Sending 3997796705145005:87
15:21:57.655 main Client.execute() Reply OK
15:21:57.686 main Client.execute() Sending 3997796705145005:88
15:21:57.769 main Client.execute() Reply OK
15:21:57.852 main Client.execute() Sending 3997796705145005:89
15:21:57.945 main Client.execute() Reply OK
15:21:57.960 main Client.execute() Sending 3997796705145005:90
15:21:58.054 main Client.execute() Reply OK
15:21:58.067 main Client.execute() Sending 3997796705145005:91
15:21:58.150 main Client.execute() Reply OK
15:21:58.195 main Client.execute() Sending 3997796705145005:92
15:21:58.297 main Client.execute() Reply OK
15:21:58.380 main Client.execute() Sending 3997796705145005:93
15:21:58.474 main Client.execute() Reply OK
15:21:58.516 main Client.execute() Sending 3997796705145005:94
15:21:58.609 main Client.execute() Reply OK
15:21:58.694 main Client.execute() Sending 3997796705145005:95
15:21:58.778 main Client.execute() Reply OK
15:21:58.787 main Client.execute() Sending 3997796705145005:96
15:21:58.870 main Client.execute() Reply OK
15:21:58.890 main Client.execute() Sending 3997796705145005:97
15:21:58.972 main Client.execute() Reply OK
15:21:58.990 main Client.execute() Sending 3997796705145005:98
15:21:59.074 main Client.execute() Reply OK
15:21:59.128 main Client.execute() Sending 3997796705145005:99
15:21:59.212 main Client.execute() Reply OK
15:21:59.239 main Client.execute() Sending 3997796705145005:100
15:21:59.332 main Client.execute() Reply OK
